#
# There is insufficient memory for the Java Runtime Environment to continue.
# Native memory allocation (mmap) failed to map 49283072 bytes for Failed to commit area from 0x000000008e700000 to 0x0000000091600000 of length 49283072.
# Possible reasons:
#   The system is out of physical RAM or swap space
#   The process is running with CompressedOops enabled, and the Java Heap may be blocking the growth of the native heap
# Possible solutions:
#   Reduce memory load on the system
#   Increase physical memory or swap space
#   Check if swap backing store is full
#   Decrease Java heap size (-Xmx/-Xms)
#   Decrease number of Java threads
#   Decrease Java thread stack sizes (-Xss)
#   Set larger code cache with -XX:ReservedCodeCacheSize=
#   JVM is running with Unscaled Compressed Oops mode in which the Java heap is
#     placed in the first 4GB address space. The Java Heap base address is the
#     maximum limit for the native heap growth. Please use -XX:HeapBaseMinAddress
#     to set the Java Heap base and to place the Java Heap above 4GB virtual address.
# This output file may be truncated or incomplete.
#
#  Out of Memory Error (./src/hotspot/os/windows/os_windows.cpp:3521), pid=10108, tid=13928
#
# JRE version: OpenJDK Runtime Environment (11.0.12+7) (build 11.0.12+7-b1504.28-7817840)
# Java VM: OpenJDK 64-Bit Server VM (11.0.12+7-b1504.28-7817840, mixed mode, tiered, compressed oops, g1 gc, windows-amd64)
# No core dump will be written. Minidumps are not enabled by default on client versions of Windows
#

---------------  S U M M A R Y ------------

Command Line: --add-opens=java.base/java.util=ALL-UNNAMED --add-opens=java.base/java.lang=ALL-UNNAMED --add-opens=java.base/java.lang.invoke=ALL-UNNAMED --add-opens=java.base/java.util=ALL-UNNAMED --add-opens=java.prefs/java.util.prefs=ALL-UNNAMED --add-opens=java.prefs/java.util.prefs=ALL-UNNAMED --add-opens=java.base/java.nio.charset=ALL-UNNAMED --add-opens=java.base/java.net=ALL-UNNAMED --add-opens=java.base/java.util.concurrent.atomic=ALL-UNNAMED -Xmx2048m -Dfile.encoding=UTF-8 -Duser.country=RU -Duser.language=ru -Duser.variant org.gradle.launcher.daemon.bootstrap.GradleDaemon 7.3.3

Host: Intel(R) Core(TM) i5-2450M CPU @ 2.50GHz, 4 cores, 11G,  Windows 10 , 64 bit Build 19041 (10.0.19041.2251)
Time: Sun Nov 27 17:41:42 2022 RTZ 2 (зима) elapsed time: 8442.303931 seconds (0d 2h 20m 42s)

---------------  T H R E A D  ---------------

Current thread (0x0000018abd790800):  VMThread "VM Thread" [stack: 0x0000005041c00000,0x0000005041d00000] [id=13928]

Stack: [0x0000005041c00000,0x0000005041d00000]
[error occurred during error reporting (printing stack bounds), id 0xc0000005, EXCEPTION_ACCESS_VIOLATION (0xc0000005) at pc=0x0000018aa768112d]

Native frames: (J=compiled Java code, j=interpreted, Vv=VM code, C=native code)
V  [jvm.dll+0x5fbcea]
V  [jvm.dll+0x731905]
V  [jvm.dll+0x732f1d]
V  [jvm.dll+0x733535]
V  [jvm.dll+0x7334eb]
V  [jvm.dll+0x5fb080]
V  [jvm.dll+0x5fb818]
C  [ntdll.dll+0xa241f]
C  [ntdll.dll+0x514a4]
C  [ntdll.dll+0xa0f4e]
C  0x0000018aa768112d

VM_Operation (0x0000005042df4370): G1CollectForAllocation, mode: safepoint, requested by thread 0x0000018ac343e000


---------------  P R O C E S S  ---------------

Threads class SMR info:
_java_thread_list=0x0000018ac3b6b520, length=89, elements={
0x0000018aa3b6b000, 0x0000018abd7a4800, 0x0000018abd7a6000, 0x0000018abdfc0000,
0x0000018abdfc1000, 0x0000018abdfc2000, 0x0000018abdfc3000, 0x0000018abe00a800,
0x0000018abd7ae000, 0x0000018abe15e800, 0x0000018abf529800, 0x0000018abe30e800,
0x0000018abfc0c800, 0x0000018abfc5d800, 0x0000018abfc59000, 0x0000018abfc5c000,
0x0000018abfc5a800, 0x0000018abfc58000, 0x0000018abfc5d000, 0x0000018abfc5e800,
0x0000018ac3439800, 0x0000018ac3438800, 0x0000018ac343c000, 0x0000018ac3437000,
0x0000018ac0f1a000, 0x0000018ac343b000, 0x0000018ac3437800, 0x0000018ac343a000,
0x0000018ac343e000, 0x0000018ac3443000, 0x0000018ac3444000, 0x0000018ac3445800,
0x0000018ac3445000, 0x0000018ac3440800, 0x0000018ac3440000, 0x0000018ac3441800,
0x0000018acc79f800, 0x0000018acc79d000, 0x0000018acc79f000, 0x0000018acc7a3800,
0x0000018acc7a0800, 0x0000018acc79e000, 0x0000018acc7a4800, 0x0000018acc7a2000,
0x0000018acc7a1800, 0x0000018acc7a8800, 0x0000018acc7a8000, 0x0000018acc7a9800,
0x0000018acc7a7000, 0x0000018acc7aa800, 0x0000018acc7a6000, 0x0000018acc7a5800,
0x0000018acc7ab000, 0x0000018ac0f17800, 0x0000018ac0f13800, 0x0000018ac0f16800,
0x0000018ac0f15000, 0x0000018ac0f18800, 0x0000018ac0f19000, 0x0000018ac0f16000,
0x0000018ac0f14000, 0x0000018ac0f1d000, 0x0000018ac0f1f800, 0x0000018ac0f20800,
0x0000018ac0f1b800, 0x0000018ac0f1a800, 0x0000018ac0f21000, 0x0000018ac0f1c800,
0x0000018ac0f22000, 0x0000018ac0f1e000, 0x0000018ac0f1f000, 0x0000018ac047b000,
0x0000018ac047d800, 0x0000018ac047b800, 0x0000018ac0478800, 0x0000018ac047f000,
0x0000018ac0479000, 0x0000018ac047f800, 0x0000018ac047a000, 0x0000018ac0484000,
0x0000018ac0481800, 0x0000018ac0485800, 0x0000018ac0483000, 0x0000018ac0484800,
0x0000018ac0486800, 0x0000018ac0482000, 0x0000018abfc59800, 0x0000018acc7a3000,
0x0000018ace4ba000
}

Java Threads: ( => current thread )
  0x0000018aa3b6b000 JavaThread "main" [_thread_blocked, id=10968, stack(0x0000005041600000,0x0000005041700000)]
  0x0000018abd7a4800 JavaThread "Reference Handler" daemon [_thread_blocked, id=5900, stack(0x0000005041d00000,0x0000005041e00000)]
  0x0000018abd7a6000 JavaThread "Finalizer" daemon [_thread_blocked, id=2172, stack(0x0000005041e00000,0x0000005041f00000)]
  0x0000018abdfc0000 JavaThread "Signal Dispatcher" daemon [_thread_blocked, id=12320, stack(0x0000005041f00000,0x0000005042000000)]
  0x0000018abdfc1000 JavaThread "Attach Listener" daemon [_thread_blocked, id=2624, stack(0x0000005042000000,0x0000005042100000)]
  0x0000018abdfc2000 JavaThread "Service Thread" daemon [_thread_blocked, id=5716, stack(0x0000005042100000,0x0000005042200000)]
  0x0000018abdfc3000 JavaThread "C2 CompilerThread0" daemon [_thread_blocked, id=8544, stack(0x0000005042200000,0x0000005042300000)]
  0x0000018abe00a800 JavaThread "C1 CompilerThread0" daemon [_thread_blocked, id=3780, stack(0x0000005042300000,0x0000005042400000)]
  0x0000018abd7ae000 JavaThread "Sweeper thread" daemon [_thread_blocked, id=13264, stack(0x0000005042400000,0x0000005042500000)]
  0x0000018abe15e800 JavaThread "Common-Cleaner" daemon [_thread_blocked, id=7688, stack(0x0000005042500000,0x0000005042600000)]
  0x0000018abf529800 JavaThread "Daemon health stats" [_thread_blocked, id=12944, stack(0x0000005042a00000,0x0000005042b00000)]
  0x0000018abe30e800 JavaThread "Incoming local TCP Connector on port 11689" [_thread_in_native, id=13564, stack(0x0000005042b00000,0x0000005042c00000)]
  0x0000018abfc0c800 JavaThread "Daemon periodic checks" [_thread_blocked, id=7584, stack(0x0000005042c00000,0x0000005042d00000)]
  0x0000018abfc5d800 JavaThread "Cache worker for journal cache (C:\Users\user\.gradle\caches\journal-1)" [_thread_blocked, id=8684, stack(0x0000005043400000,0x0000005043500000)]
  0x0000018abfc59000 JavaThread "File lock request listener" [_thread_in_native, id=8580, stack(0x0000005043500000,0x0000005043600000)]
  0x0000018abfc5c000 JavaThread "Cache worker for file hash cache (C:\Users\user\.gradle\caches\7.3.3\fileHashes)" [_thread_blocked, id=11216, stack(0x0000005043600000,0x0000005043700000)]
  0x0000018abfc5a800 JavaThread "File watcher server" daemon [_thread_blocked, id=9028, stack(0x0000005043900000,0x0000005043a00000)]
  0x0000018abfc58000 JavaThread "File watcher consumer" daemon [_thread_blocked, id=3992, stack(0x0000005043a00000,0x0000005043b00000)]
  0x0000018abfc5d000 JavaThread "jar transforms" [_thread_blocked, id=5624, stack(0x0000005043b00000,0x0000005043c00000)]
  0x0000018abfc5e800 JavaThread "jar transforms Thread 2" [_thread_blocked, id=11500, stack(0x0000005043c00000,0x0000005043d00000)]
  0x0000018ac3439800 JavaThread "jar transforms Thread 3" [_thread_blocked, id=8184, stack(0x0000005043d00000,0x0000005043e00000)]
  0x0000018ac3438800 JavaThread "jar transforms Thread 4" [_thread_blocked, id=13980, stack(0x0000005043e00000,0x0000005043f00000)]
  0x0000018ac343c000 JavaThread "Cache worker for execution history cache (C:\Users\user\.gradle\caches\7.3.3\executionHistory)" [_thread_blocked, id=11960, stack(0x0000005044100000,0x0000005044200000)]
  0x0000018ac3437000 JavaThread "Cache worker for file content cache (C:\Users\user\.gradle\caches\7.3.3\fileContent)" [_thread_blocked, id=13440, stack(0x0000005044300000,0x0000005044400000)]
  0x0000018ac0f1a000 JavaThread "Memory manager" [_thread_blocked, id=8028, stack(0x0000005046e00000,0x0000005046f00000)]
  0x0000018ac343b000 JavaThread "Daemon Thread 5" [_thread_blocked, id=1144, stack(0x0000005041300000,0x0000005041400000)]
  0x0000018ac3437800 JavaThread "Handler for socket connection from /127.0.0.1:11689 to /127.0.0.1:16891" [_thread_in_native, id=9848, stack(0x0000005041400000,0x0000005041500000)]
  0x0000018ac343a000 JavaThread "Cancel handler" [_thread_blocked, id=3156, stack(0x0000005041500000,0x0000005041600000)]
  0x0000018ac343e000 JavaThread "Daemon worker Thread 5" [_thread_blocked, id=12152, stack(0x0000005042d00000,0x0000005042e00000)]
  0x0000018ac3443000 JavaThread "Asynchronous log dispatcher for DefaultDaemonConnection: socket connection from /127.0.0.1:11689 to /127.0.0.1:16891" [_thread_blocked, id=14056, stack(0x0000005042e00000,0x0000005042f00000)]
  0x0000018ac3444000 JavaThread "Stdin handler" [_thread_blocked, id=2780, stack(0x0000005042f00000,0x0000005043000000)]
  0x0000018ac3445800 JavaThread "Daemon client event forwarder" [_thread_blocked, id=6668, stack(0x0000005043000000,0x0000005043100000)]
  0x0000018ac3445000 JavaThread "Cache worker for file hash cache (C:\Users\user\AndroidStudioProjects\Kotlin_lv1_HW2\.gradle\7.3.3\fileHashes)" [_thread_blocked, id=10736, stack(0x0000005043100000,0x0000005043200000)]
  0x0000018ac3440800 JavaThread "Cache worker for checksums cache (C:\Users\user\AndroidStudioProjects\Kotlin_lv1_HW2\.gradle\7.3.3\checksums)" [_thread_blocked, id=9076, stack(0x0000005043200000,0x0000005043300000)]
  0x0000018ac3440000 JavaThread "Cache worker for cache directory md-supplier (C:\Users\user\.gradle\caches\7.3.3\md-supplier)" [_thread_blocked, id=13396, stack(0x0000005043300000,0x0000005043400000)]
  0x0000018ac3441800 JavaThread "Cache worker for cache directory md-rule (C:\Users\user\.gradle\caches\7.3.3\md-rule)" [_thread_blocked, id=3364, stack(0x0000005043700000,0x0000005043800000)]
  0x0000018acc79f800 JavaThread "Cache worker for dependencies-accessors (C:\Users\user\AndroidStudioProjects\Kotlin_lv1_HW2\.gradle\7.3.3\dependencies-accessors)" [_thread_blocked, id=7760, stack(0x0000005043800000,0x0000005043900000)]
  0x0000018acc79d000 JavaThread "Cache worker for Build Output Cleanup Cache (C:\Users\user\AndroidStudioProjects\Kotlin_lv1_HW2\.gradle\buildOutputCleanup)" [_thread_blocked, id=6464, stack(0x0000005044000000,0x0000005044100000)]
  0x0000018acc79f000 JavaThread "Unconstrained build operations" [_thread_blocked, id=8364, stack(0x0000005044200000,0x0000005044300000)]
  0x0000018acc7a3800 JavaThread "Unconstrained build operations Thread 2" [_thread_blocked, id=10124, stack(0x0000005044400000,0x0000005044500000)]
  0x0000018acc7a0800 JavaThread "Unconstrained build operations Thread 3" [_thread_blocked, id=10856, stack(0x0000005044500000,0x0000005044600000)]
  0x0000018acc79e000 JavaThread "Unconstrained build operations Thread 4" [_thread_blocked, id=12104, stack(0x0000005044600000,0x0000005044700000)]
  0x0000018acc7a4800 JavaThread "Unconstrained build operations Thread 5" [_thread_blocked, id=12100, stack(0x0000005044700000,0x0000005044800000)]
  0x0000018acc7a2000 JavaThread "Unconstrained build operations Thread 6" [_thread_blocked, id=5284, stack(0x0000005044800000,0x0000005044900000)]
  0x0000018acc7a1800 JavaThread "Unconstrained build operations Thread 7" [_thread_blocked, id=4340, stack(0x0000005044900000,0x0000005044a00000)]
  0x0000018acc7a8800 JavaThread "Unconstrained build operations Thread 8" [_thread_blocked, id=7172, stack(0x0000005044a00000,0x0000005044b00000)]
  0x0000018acc7a8000 JavaThread "Unconstrained build operations Thread 9" [_thread_blocked, id=7248, stack(0x0000005044b00000,0x0000005044c00000)]
  0x0000018acc7a9800 JavaThread "Unconstrained build operations Thread 10" [_thread_blocked, id=11020, stack(0x0000005044c00000,0x0000005044d00000)]
  0x0000018acc7a7000 JavaThread "Unconstrained build operations Thread 11" [_thread_blocked, id=3028, stack(0x0000005044d00000,0x0000005044e00000)]
  0x0000018acc7aa800 JavaThread "Unconstrained build operations Thread 12" [_thread_blocked, id=11760, stack(0x0000005044e00000,0x0000005044f00000)]
  0x0000018acc7a6000 JavaThread "Unconstrained build operations Thread 13" [_thread_blocked, id=2668, stack(0x0000005044f00000,0x0000005045000000)]
  0x0000018acc7a5800 JavaThread "Unconstrained build operations Thread 14" [_thread_blocked, id=9104, stack(0x0000005045000000,0x0000005045100000)]
  0x0000018acc7ab000 JavaThread "Unconstrained build operations Thread 15" [_thread_blocked, id=5548, stack(0x0000005045100000,0x0000005045200000)]
  0x0000018ac0f17800 JavaThread "Unconstrained build operations Thread 16" [_thread_blocked, id=12168, stack(0x0000005045200000,0x0000005045300000)]
  0x0000018ac0f13800 JavaThread "Unconstrained build operations Thread 17" [_thread_blocked, id=11736, stack(0x0000005045300000,0x0000005045400000)]
  0x0000018ac0f16800 JavaThread "Unconstrained build operations Thread 18" [_thread_blocked, id=1160, stack(0x0000005045400000,0x0000005045500000)]
  0x0000018ac0f15000 JavaThread "Unconstrained build operations Thread 19" [_thread_blocked, id=4576, stack(0x0000005045500000,0x0000005045600000)]
  0x0000018ac0f18800 JavaThread "Unconstrained build operations Thread 20" [_thread_blocked, id=8832, stack(0x0000005045600000,0x0000005045700000)]
  0x0000018ac0f19000 JavaThread "Unconstrained build operations Thread 21" [_thread_blocked, id=2232, stack(0x0000005045700000,0x0000005045800000)]
  0x0000018ac0f16000 JavaThread "Unconstrained build operations Thread 22" [_thread_blocked, id=7044, stack(0x0000005045800000,0x0000005045900000)]
  0x0000018ac0f14000 JavaThread "Unconstrained build operations Thread 23" [_thread_blocked, id=3748, stack(0x0000005045900000,0x0000005045a00000)]
  0x0000018ac0f1d000 JavaThread "Unconstrained build operations Thread 24" [_thread_blocked, id=6440, stack(0x0000005045a00000,0x0000005045b00000)]
  0x0000018ac0f1f800 JavaThread "Unconstrained build operations Thread 25" [_thread_blocked, id=11668, stack(0x0000005045b00000,0x0000005045c00000)]
  0x0000018ac0f20800 JavaThread "Unconstrained build operations Thread 26" [_thread_blocked, id=10652, stack(0x0000005045c00000,0x0000005045d00000)]
  0x0000018ac0f1b800 JavaThread "Unconstrained build operations Thread 27" [_thread_blocked, id=11320, stack(0x0000005045d00000,0x0000005045e00000)]
  0x0000018ac0f1a800 JavaThread "Unconstrained build operations Thread 28" [_thread_blocked, id=14032, stack(0x0000005045e00000,0x0000005045f00000)]
  0x0000018ac0f21000 JavaThread "Unconstrained build operations Thread 29" [_thread_blocked, id=8748, stack(0x0000005045f00000,0x0000005046000000)]
  0x0000018ac0f1c800 JavaThread "Unconstrained build operations Thread 30" [_thread_blocked, id=10904, stack(0x0000005046000000,0x0000005046100000)]
  0x0000018ac0f22000 JavaThread "Unconstrained build operations Thread 31" [_thread_blocked, id=1304, stack(0x0000005046100000,0x0000005046200000)]
  0x0000018ac0f1e000 JavaThread "Unconstrained build operations Thread 32" [_thread_blocked, id=13364, stack(0x0000005046200000,0x0000005046300000)]
  0x0000018ac0f1f000 JavaThread "Unconstrained build operations Thread 33" [_thread_blocked, id=12508, stack(0x0000005046300000,0x0000005046400000)]
  0x0000018ac047b000 JavaThread "Unconstrained build operations Thread 34" [_thread_blocked, id=9804, stack(0x0000005046400000,0x0000005046500000)]
  0x0000018ac047d800 JavaThread "Unconstrained build operations Thread 35" [_thread_blocked, id=2444, stack(0x0000005046500000,0x0000005046600000)]
  0x0000018ac047b800 JavaThread "Unconstrained build operations Thread 36" [_thread_blocked, id=10460, stack(0x0000005046600000,0x0000005046700000)]
  0x0000018ac0478800 JavaThread "Unconstrained build operations Thread 37" [_thread_blocked, id=5004, stack(0x0000005046700000,0x0000005046800000)]
  0x0000018ac047f000 JavaThread "Unconstrained build operations Thread 38" [_thread_blocked, id=6452, stack(0x0000005046800000,0x0000005046900000)]
  0x0000018ac0479000 JavaThread "Unconstrained build operations Thread 39" [_thread_blocked, id=7580, stack(0x0000005046900000,0x0000005046a00000)]
  0x0000018ac047f800 JavaThread "Unconstrained build operations Thread 40" [_thread_blocked, id=4612, stack(0x0000005046a00000,0x0000005046b00000)]
  0x0000018ac047a000 JavaThread "build event listener" [_thread_blocked, id=824, stack(0x0000005046b00000,0x0000005046c00000)]
  0x0000018ac0484000 JavaThread "build event listener" [_thread_blocked, id=11580, stack(0x0000005046c00000,0x0000005046d00000)]
  0x0000018ac0481800 JavaThread "Execution worker for ':'" [_thread_blocked, id=9844, stack(0x0000005046d00000,0x0000005046e00000)]
  0x0000018ac0485800 JavaThread "Execution worker for ':' Thread 2" [_thread_blocked, id=10692, stack(0x0000005046f00000,0x0000005047000000)]
  0x0000018ac0483000 JavaThread "Execution worker for ':' Thread 3" [_thread_blocked, id=6148, stack(0x0000005047000000,0x0000005047100000)]
  0x0000018ac0484800 JavaThread "Cache worker for execution history cache (C:\Users\user\AndroidStudioProjects\Kotlin_lv1_HW2\.gradle\7.3.3\executionHistory)" [_thread_blocked, id=13256, stack(0x0000005047100000,0x0000005047200000)]
  0x0000018ac0486800 JavaThread "WorkerExecutor Queue" [_thread_blocked, id=4572, stack(0x0000005047200000,0x0000005047300000)]
  0x0000018ac0482000 JavaThread "C2 CompilerThread1" daemon [_thread_in_native, id=13244, stack(0x0000005043f00000,0x0000005044000000)]
  0x0000018abfc59800 JavaThread "WorkerExecutor Queue Thread 2" [_thread_blocked, id=7252, stack(0x0000005047300000,0x0000005047400000)]
  0x0000018acc7a3000 JavaThread "WorkerExecutor Queue Thread 3" [_thread_blocked, id=8040, stack(0x0000005047400000,0x0000005047500000)]
  0x0000018ace4ba000 JavaThread "WorkerExecutor Queue Thread 4" [_thread_blocked, id=7556, stack(0x0000005047500000,0x0000005047600000)]

Other Threads:
=>0x0000018abd790800 VMThread "VM Thread" [stack: 0x0000005041c00000,0x0000005041d00000] [id=13928]
  0x0000018abe18c800 WatcherThread [stack: 0x0000005042600000,0x0000005042700000] [id=12448]
  0x0000018aa3b87800 GCTaskThread "GC Thread#0" [stack: 0x0000005041700000,0x0000005041800000] [id=13672]
  0x0000018abe512000 GCTaskThread "GC Thread#1" [stack: 0x0000005042700000,0x0000005042800000] [id=11684]
  0x0000018abe385800 GCTaskThread "GC Thread#2" [stack: 0x0000005042800000,0x0000005042900000] [id=11980]
  0x0000018abe276000 GCTaskThread "GC Thread#3" [stack: 0x0000005042900000,0x0000005042a00000] [id=2488]
  0x0000018aa3bb6800 ConcurrentGCThread "G1 Main Marker" [stack: 0x0000005041800000,0x0000005041900000] [id=732]
  0x0000018aa3bb8000 ConcurrentGCThread "G1 Conc#0" [stack: 0x0000005041900000,0x0000005041a00000] [id=12216]
  0x0000018abd5de800 ConcurrentGCThread "G1 Refine#0" [stack: 0x0000005041a00000,0x0000005041b00000] [id=5752]
  0x0000018abd5df800 ConcurrentGCThread "G1 Young RemSet Sampling" [stack: 0x0000005041b00000,0x0000005041c00000] [id=13260]

Threads with active compile tasks:
C2 CompilerThread08442350 22611       4       org.gradle.internal.snapshot.VfsRelativePath::compareToFirstSegment (203 bytes)
C2 CompilerThread18442350 22473   !   4       java.io.ObjectInputStream::readObject0 (671 bytes)

VM state:at safepoint (normal execution)

VM Mutex/Monitor currently owned by a thread:  ([mutex/lock_event])
[0x0000018aa3b69730] Threads_lock - owner thread: 0x0000018abd790800
[0x0000018aa3b696a0] Heap_lock - owner thread: 0x0000018ac343e000

Heap address: 0x0000000080000000, size: 2048 MB, Compressed Oops mode: 32-bit
Narrow klass base: 0x0000000000000000, Narrow klass shift: 3
Compressed class space size: 1073741824 Address: 0x0000000100000000

Heap:
 garbage-first heap   total 284672K, used 141736K [0x0000000080000000, 0x0000000100000000)
  region size 1024K, 4 young (4096K), 4 survivors (4096K)
 Metaspace       used 130851K, capacity 133849K, committed 134348K, reserved 1167360K
  class space    used 15899K, capacity 16953K, committed 17100K, reserved 1048576K
Heap Regions: E=young(eden), S=young(survivor), O=old, HS=humongous(starts), HC=humongous(continues), CS=collection set, F=free, A=archive, TAMS=top-at-mark-start (previous, next)
|   0|0x0000000080000000, 0x0000000080100000, 0x0000000080100000|100%| O|  |TAMS 0x0000000080100000, 0x0000000080000000| Untracked 
|   1|0x0000000080100000, 0x0000000080200000, 0x0000000080200000|100%| O|  |TAMS 0x0000000080200000, 0x0000000080100000| Untracked 
|   2|0x0000000080200000, 0x0000000080300000, 0x0000000080300000|100%| O|  |TAMS 0x0000000080300000, 0x0000000080200000| Untracked 
|   3|0x0000000080300000, 0x0000000080400000, 0x0000000080400000|100%|HS|  |TAMS 0x0000000080400000, 0x0000000080300000| Complete 
|   4|0x0000000080400000, 0x0000000080500000, 0x0000000080500000|100%|HC|  |TAMS 0x0000000080500000, 0x0000000080400000| Complete 
|   5|0x0000000080500000, 0x0000000080600000, 0x0000000080600000|100%|HC|  |TAMS 0x0000000080600000, 0x0000000080500000| Complete 
|   6|0x0000000080600000, 0x0000000080700000, 0x0000000080700000|100%| O|  |TAMS 0x0000000080700000, 0x0000000080600000| Untracked 
|   7|0x0000000080700000, 0x0000000080800000, 0x0000000080800000|100%| O|  |TAMS 0x0000000080800000, 0x0000000080700000| Untracked 
|   8|0x0000000080800000, 0x0000000080900000, 0x0000000080900000|100%| O|  |TAMS 0x0000000080900000, 0x0000000080800000| Untracked 
|   9|0x0000000080900000, 0x0000000080a00000, 0x0000000080a00000|100%| O|  |TAMS 0x0000000080a00000, 0x0000000080900000| Untracked 
|  10|0x0000000080a00000, 0x0000000080b00000, 0x0000000080b00000|100%| O|  |TAMS 0x0000000080b00000, 0x0000000080a00000| Untracked 
|  11|0x0000000080b00000, 0x0000000080c00000, 0x0000000080c00000|100%| O|  |TAMS 0x0000000080c00000, 0x0000000080b00000| Untracked 
|  12|0x0000000080c00000, 0x0000000080d00000, 0x0000000080d00000|100%| O|  |TAMS 0x0000000080d00000, 0x0000000080c00000| Untracked 
|  13|0x0000000080d00000, 0x0000000080e00000, 0x0000000080e00000|100%| O|  |TAMS 0x0000000080e00000, 0x0000000080d00000| Untracked 
|  14|0x0000000080e00000, 0x0000000080f00000, 0x0000000080f00000|100%| O|  |TAMS 0x0000000080f00000, 0x0000000080e00000| Untracked 
|  15|0x0000000080f00000, 0x0000000081000000, 0x0000000081000000|100%| O|  |TAMS 0x0000000081000000, 0x0000000080f00000| Untracked 
|  16|0x0000000081000000, 0x0000000081100000, 0x0000000081100000|100%|HS|  |TAMS 0x0000000081100000, 0x0000000081000000| Complete 
|  17|0x0000000081100000, 0x0000000081200000, 0x0000000081200000|100%|HC|  |TAMS 0x0000000081200000, 0x0000000081100000| Complete 
|  18|0x0000000081200000, 0x0000000081300000, 0x0000000081300000|100%|HS|  |TAMS 0x0000000081300000, 0x0000000081200000| Complete 
|  19|0x0000000081300000, 0x0000000081400000, 0x0000000081400000|100%|HC|  |TAMS 0x0000000081400000, 0x0000000081300000| Complete 
|  20|0x0000000081400000, 0x0000000081500000, 0x0000000081500000|100%|HC|  |TAMS 0x0000000081500000, 0x0000000081400000| Complete 
|  21|0x0000000081500000, 0x0000000081600000, 0x0000000081600000|100%|HS|  |TAMS 0x0000000081600000, 0x0000000081500000| Complete 
|  22|0x0000000081600000, 0x0000000081700000, 0x0000000081700000|100%|HS|  |TAMS 0x0000000081700000, 0x0000000081600000| Complete 
|  23|0x0000000081700000, 0x0000000081800000, 0x0000000081800000|100%|HC|  |TAMS 0x0000000081800000, 0x0000000081700000| Complete 
|  24|0x0000000081800000, 0x0000000081900000, 0x0000000081900000|100%|HC|  |TAMS 0x0000000081900000, 0x0000000081800000| Complete 
|  25|0x0000000081900000, 0x0000000081a00000, 0x0000000081a00000|100%|HC|  |TAMS 0x0000000081a00000, 0x0000000081900000| Complete 
|  26|0x0000000081a00000, 0x0000000081b00000, 0x0000000081b00000|100%|HS|  |TAMS 0x0000000081b00000, 0x0000000081a00000| Complete 
|  27|0x0000000081b00000, 0x0000000081c00000, 0x0000000081c00000|100%|HS|  |TAMS 0x0000000081c00000, 0x0000000081b00000| Complete 
|  28|0x0000000081c00000, 0x0000000081d00000, 0x0000000081d00000|100%| O|  |TAMS 0x0000000081d00000, 0x0000000081c00000| Untracked 
|  29|0x0000000081d00000, 0x0000000081e00000, 0x0000000081e00000|100%| O|  |TAMS 0x0000000081e00000, 0x0000000081d00000| Untracked 
|  30|0x0000000081e00000, 0x0000000081f00000, 0x0000000081f00000|100%| O|  |TAMS 0x0000000081f00000, 0x0000000081e00000| Untracked 
|  31|0x0000000081f00000, 0x0000000082000000, 0x0000000082000000|100%| O|  |TAMS 0x0000000082000000, 0x0000000081f00000| Untracked 
|  32|0x0000000082000000, 0x0000000082100000, 0x0000000082100000|100%|HS|  |TAMS 0x0000000082100000, 0x0000000082000000| Complete 
|  33|0x0000000082100000, 0x0000000082200000, 0x0000000082200000|100%|HC|  |TAMS 0x0000000082200000, 0x0000000082100000| Complete 
|  34|0x0000000082200000, 0x0000000082300000, 0x0000000082300000|100%|HC|  |TAMS 0x0000000082300000, 0x0000000082200000| Complete 
|  35|0x0000000082300000, 0x0000000082400000, 0x0000000082400000|100%| O|  |TAMS 0x0000000082400000, 0x0000000082300000| Untracked 
|  36|0x0000000082400000, 0x0000000082500000, 0x0000000082500000|100%| O|  |TAMS 0x0000000082500000, 0x0000000082400000| Untracked 
|  37|0x0000000082500000, 0x0000000082600000, 0x0000000082600000|100%| O|  |TAMS 0x0000000082600000, 0x0000000082500000| Untracked 
|  38|0x0000000082600000, 0x0000000082700000, 0x0000000082700000|100%| O|  |TAMS 0x0000000082700000, 0x0000000082600000| Untracked 
|  39|0x0000000082700000, 0x0000000082800000, 0x0000000082800000|100%| O|  |TAMS 0x0000000082800000, 0x0000000082700000| Untracked 
|  40|0x0000000082800000, 0x0000000082900000, 0x0000000082900000|100%|HS|  |TAMS 0x0000000082900000, 0x0000000082800000| Complete 
|  41|0x0000000082900000, 0x0000000082a00000, 0x0000000082a00000|100%|HC|  |TAMS 0x0000000082a00000, 0x0000000082900000| Complete 
|  42|0x0000000082a00000, 0x0000000082b00000, 0x0000000082b00000|100%|HC|  |TAMS 0x0000000082b00000, 0x0000000082a00000| Complete 
|  43|0x0000000082b00000, 0x0000000082c00000, 0x0000000082c00000|100%|HC|  |TAMS 0x0000000082c00000, 0x0000000082b00000| Complete 
|  44|0x0000000082c00000, 0x0000000082d00000, 0x0000000082d00000|100%|HS|  |TAMS 0x0000000082d00000, 0x0000000082c00000| Complete 
|  45|0x0000000082d00000, 0x0000000082e00000, 0x0000000082e00000|100%| O|  |TAMS 0x0000000082e00000, 0x0000000082d00000| Untracked 
|  46|0x0000000082e00000, 0x0000000082f00000, 0x0000000082f00000|100%| O|  |TAMS 0x0000000082f00000, 0x0000000082e00000| Untracked 
|  47|0x0000000082f00000, 0x0000000082f00000, 0x0000000083000000|  0%| F|  |TAMS 0x0000000082f00000, 0x0000000082f00000| Untracked 
|  48|0x0000000083000000, 0x0000000083100000, 0x0000000083100000|100%| O|  |TAMS 0x0000000083100000, 0x0000000083000000| Untracked 
|  49|0x0000000083100000, 0x0000000083200000, 0x0000000083200000|100%| O|  |TAMS 0x0000000083200000, 0x0000000083100000| Untracked 
|  50|0x0000000083200000, 0x0000000083300000, 0x0000000083300000|100%| O|  |TAMS 0x0000000083300000, 0x0000000083200000| Untracked 
|  51|0x0000000083300000, 0x0000000083300000, 0x0000000083400000|  0%| F|  |TAMS 0x0000000083300000, 0x0000000083300000| Untracked 
|  52|0x0000000083400000, 0x0000000083500000, 0x0000000083500000|100%| O|  |TAMS 0x0000000083500000, 0x0000000083400000| Untracked 
|  53|0x0000000083500000, 0x0000000083600000, 0x0000000083600000|100%| O|  |TAMS 0x0000000083600000, 0x0000000083500000| Untracked 
|  54|0x0000000083600000, 0x0000000083700000, 0x0000000083700000|100%| O|  |TAMS 0x0000000083700000, 0x0000000083600000| Untracked 
|  55|0x0000000083700000, 0x0000000083700000, 0x0000000083800000|  0%| F|  |TAMS 0x0000000083700000, 0x0000000083700000| Untracked 
|  56|0x0000000083800000, 0x0000000083900000, 0x0000000083900000|100%| O|  |TAMS 0x0000000083900000, 0x0000000083800000| Untracked 
|  57|0x0000000083900000, 0x0000000083a00000, 0x0000000083a00000|100%| O|  |TAMS 0x0000000083a00000, 0x0000000083900000| Untracked 
|  58|0x0000000083a00000, 0x0000000083b00000, 0x0000000083b00000|100%|HS|  |TAMS 0x0000000083b00000, 0x0000000083a00000| Complete 
|  59|0x0000000083b00000, 0x0000000083c00000, 0x0000000083c00000|100%|HS|  |TAMS 0x0000000083c00000, 0x0000000083b00000| Complete 
|  60|0x0000000083c00000, 0x0000000083d00000, 0x0000000083d00000|100%|HC|  |TAMS 0x0000000083d00000, 0x0000000083c00000| Complete 
|  61|0x0000000083d00000, 0x0000000083e00000, 0x0000000083e00000|100%|HC|  |TAMS 0x0000000083e00000, 0x0000000083d00000| Complete 
|  62|0x0000000083e00000, 0x0000000083f00000, 0x0000000083f00000|100%|HS|  |TAMS 0x0000000083f00000, 0x0000000083e00000| Complete 
|  63|0x0000000083f00000, 0x0000000084000000, 0x0000000084000000|100%|HC|  |TAMS 0x0000000084000000, 0x0000000083f00000| Complete 
|  64|0x0000000084000000, 0x0000000084100000, 0x0000000084100000|100%| O|  |TAMS 0x0000000084100000, 0x0000000084000000| Untracked 
|  65|0x0000000084100000, 0x0000000084200000, 0x0000000084200000|100%| O|  |TAMS 0x0000000084200000, 0x0000000084100000| Untracked 
|  66|0x0000000084200000, 0x0000000084300000, 0x0000000084300000|100%| O|  |TAMS 0x0000000084300000, 0x0000000084200000| Untracked 
|  67|0x0000000084300000, 0x0000000084400000, 0x0000000084400000|100%| O|  |TAMS 0x0000000084400000, 0x0000000084300000| Untracked 
|  68|0x0000000084400000, 0x0000000084500000, 0x0000000084500000|100%| O|  |TAMS 0x0000000084500000, 0x0000000084400000| Untracked 
|  69|0x0000000084500000, 0x0000000084500000, 0x0000000084600000|  0%| F|  |TAMS 0x0000000084500000, 0x0000000084500000| Untracked 
|  70|0x0000000084600000, 0x0000000084700000, 0x0000000084700000|100%| O|  |TAMS 0x0000000084700000, 0x0000000084600000| Untracked 
|  71|0x0000000084700000, 0x0000000084800000, 0x0000000084800000|100%| O|  |TAMS 0x0000000084800000, 0x0000000084700000| Untracked 
|  72|0x0000000084800000, 0x0000000084900000, 0x0000000084900000|100%| O|  |TAMS 0x0000000084900000, 0x0000000084800000| Untracked 
|  73|0x0000000084900000, 0x0000000084a00000, 0x0000000084a00000|100%| O|  |TAMS 0x0000000084a00000, 0x0000000084900000| Untracked 
|  74|0x0000000084a00000, 0x0000000084b00000, 0x0000000084b00000|100%| O|  |TAMS 0x0000000084b00000, 0x0000000084a00000| Untracked 
|  75|0x0000000084b00000, 0x0000000084c00000, 0x0000000084c00000|100%| O|  |TAMS 0x0000000084c00000, 0x0000000084b00000| Untracked 
|  76|0x0000000084c00000, 0x0000000084d00000, 0x0000000084d00000|100%| O|  |TAMS 0x0000000084d00000, 0x0000000084c00000| Untracked 
|  77|0x0000000084d00000, 0x0000000084e00000, 0x0000000084e00000|100%| O|  |TAMS 0x0000000084e00000, 0x0000000084d00000| Untracked 
|  78|0x0000000084e00000, 0x0000000084f00000, 0x0000000084f00000|100%| O|  |TAMS 0x0000000084f00000, 0x0000000084e00000| Untracked 
|  79|0x0000000084f00000, 0x0000000085000000, 0x0000000085000000|100%| O|  |TAMS 0x0000000085000000, 0x0000000084f00000| Untracked 
|  80|0x0000000085000000, 0x0000000085100000, 0x0000000085100000|100%|HS|  |TAMS 0x0000000085100000, 0x0000000085000000| Complete 
|  81|0x0000000085100000, 0x0000000085200000, 0x0000000085200000|100%|HC|  |TAMS 0x0000000085200000, 0x0000000085100000| Complete 
|  82|0x0000000085200000, 0x0000000085300000, 0x0000000085300000|100%|HS|  |TAMS 0x0000000085300000, 0x0000000085200000| Complete 
|  83|0x0000000085300000, 0x0000000085400000, 0x0000000085400000|100%|HC|  |TAMS 0x0000000085400000, 0x0000000085300000| Complete 
|  84|0x0000000085400000, 0x0000000085500000, 0x0000000085500000|100%|HC|  |TAMS 0x0000000085500000, 0x0000000085400000| Complete 
|  85|0x0000000085500000, 0x0000000085600000, 0x0000000085600000|100%|HS|  |TAMS 0x0000000085600000, 0x0000000085500000| Complete 
|  86|0x0000000085600000, 0x0000000085700000, 0x0000000085700000|100%| O|  |TAMS 0x0000000085700000, 0x0000000085600000| Untracked 
|  87|0x0000000085700000, 0x0000000085800000, 0x0000000085800000|100%| O|  |TAMS 0x0000000085800000, 0x0000000085700000| Untracked 
|  88|0x0000000085800000, 0x0000000085800000, 0x0000000085900000|  0%| F|  |TAMS 0x0000000085800000, 0x0000000085800000| Untracked 
|  89|0x0000000085900000, 0x0000000085a00000, 0x0000000085a00000|100%| O|  |TAMS 0x0000000085a00000, 0x0000000085900000| Untracked 
|  90|0x0000000085a00000, 0x0000000085b00000, 0x0000000085b00000|100%|HS|  |TAMS 0x0000000085b00000, 0x0000000085a00000| Complete 
|  91|0x0000000085b00000, 0x0000000085c00000, 0x0000000085c00000|100%|HC|  |TAMS 0x0000000085c00000, 0x0000000085b00000| Complete 
|  92|0x0000000085c00000, 0x0000000085d00000, 0x0000000085d00000|100%|HC|  |TAMS 0x0000000085d00000, 0x0000000085c00000| Complete 
|  93|0x0000000085d00000, 0x0000000085e00000, 0x0000000085e00000|100%|HC|  |TAMS 0x0000000085e00000, 0x0000000085d00000| Complete 
|  94|0x0000000085e00000, 0x0000000085f00000, 0x0000000085f00000|100%| O|  |TAMS 0x0000000085f00000, 0x0000000085e00000| Untracked 
|  95|0x0000000085f00000, 0x0000000086000000, 0x0000000086000000|100%| O|  |TAMS 0x0000000086000000, 0x0000000085f00000| Untracked 
|  96|0x0000000086000000, 0x0000000086100000, 0x0000000086100000|100%| O|  |TAMS 0x0000000086100000, 0x0000000086000000| Untracked 
|  97|0x0000000086100000, 0x0000000086200000, 0x0000000086200000|100%| O|  |TAMS 0x0000000086200000, 0x0000000086100000| Untracked 
|  98|0x0000000086200000, 0x0000000086300000, 0x0000000086300000|100%| O|  |TAMS 0x0000000086300000, 0x0000000086200000| Untracked 
|  99|0x0000000086300000, 0x0000000086400000, 0x0000000086400000|100%| O|  |TAMS 0x0000000086400000, 0x0000000086300000| Untracked 
| 100|0x0000000086400000, 0x0000000086500000, 0x0000000086500000|100%| O|  |TAMS 0x0000000086500000, 0x0000000086400000| Untracked 
| 101|0x0000000086500000, 0x0000000086600000, 0x0000000086600000|100%| O|  |TAMS 0x0000000086600000, 0x0000000086500000| Untracked 
| 102|0x0000000086600000, 0x0000000086700000, 0x0000000086700000|100%| O|  |TAMS 0x0000000086700000, 0x0000000086600000| Untracked 
| 103|0x0000000086700000, 0x0000000086800000, 0x0000000086800000|100%| O|  |TAMS 0x0000000086800000, 0x0000000086700000| Untracked 
| 104|0x0000000086800000, 0x0000000086900000, 0x0000000086900000|100%| O|  |TAMS 0x0000000086900000, 0x0000000086800000| Untracked 
| 105|0x0000000086900000, 0x0000000086a00000, 0x0000000086a00000|100%| O|  |TAMS 0x0000000086a00000, 0x0000000086900000| Untracked 
| 106|0x0000000086a00000, 0x0000000086b00000, 0x0000000086b00000|100%| O|  |TAMS 0x0000000086b00000, 0x0000000086a00000| Untracked 
| 107|0x0000000086b00000, 0x0000000086c00000, 0x0000000086c00000|100%| O|  |TAMS 0x0000000086c00000, 0x0000000086b00000| Untracked 
| 108|0x0000000086c00000, 0x0000000086d00000, 0x0000000086d00000|100%| O|  |TAMS 0x0000000086d00000, 0x0000000086c00000| Untracked 
| 109|0x0000000086d00000, 0x0000000086e00000, 0x0000000086e00000|100%| O|  |TAMS 0x0000000086e00000, 0x0000000086d00000| Untracked 
| 110|0x0000000086e00000, 0x0000000086f00000, 0x0000000086f00000|100%| O|  |TAMS 0x0000000086f00000, 0x0000000086e00000| Untracked 
| 111|0x0000000086f00000, 0x0000000087000000, 0x0000000087000000|100%| O|  |TAMS 0x0000000087000000, 0x0000000086f00000| Untracked 
| 112|0x0000000087000000, 0x0000000087100000, 0x0000000087100000|100%| O|  |TAMS 0x0000000087100000, 0x0000000087000000| Untracked 
| 113|0x0000000087100000, 0x0000000087200000, 0x0000000087200000|100%| O|  |TAMS 0x0000000087200000, 0x0000000087100000| Untracked 
| 114|0x0000000087200000, 0x0000000087300000, 0x0000000087300000|100%| O|  |TAMS 0x0000000087300000, 0x0000000087200000| Untracked 
| 115|0x0000000087300000, 0x0000000087300000, 0x0000000087400000|  0%| F|  |TAMS 0x0000000087300000, 0x0000000087300000| Untracked 
| 116|0x0000000087400000, 0x0000000087500000, 0x0000000087500000|100%| O|  |TAMS 0x0000000087500000, 0x0000000087400000| Untracked 
| 117|0x0000000087500000, 0x0000000087600000, 0x0000000087600000|100%| O|  |TAMS 0x0000000087600000, 0x0000000087500000| Untracked 
| 118|0x0000000087600000, 0x0000000087700000, 0x0000000087700000|100%| O|  |TAMS 0x0000000087700000, 0x0000000087600000| Untracked 
| 119|0x0000000087700000, 0x0000000087800000, 0x0000000087800000|100%| O|  |TAMS 0x0000000087800000, 0x0000000087700000| Untracked 
| 120|0x0000000087800000, 0x0000000087800000, 0x0000000087900000|  0%| F|  |TAMS 0x0000000087800000, 0x0000000087800000| Untracked 
| 121|0x0000000087900000, 0x0000000087a00000, 0x0000000087a00000|100%| O|  |TAMS 0x0000000087a00000, 0x0000000087900000| Untracked 
| 122|0x0000000087a00000, 0x0000000087b00000, 0x0000000087b00000|100%| O|  |TAMS 0x0000000087b00000, 0x0000000087a00000| Untracked 
| 123|0x0000000087b00000, 0x0000000087c00000, 0x0000000087c00000|100%| O|  |TAMS 0x0000000087c00000, 0x0000000087b00000| Untracked 
| 124|0x0000000087c00000, 0x0000000087d00000, 0x0000000087d00000|100%| O|  |TAMS 0x0000000087d00000, 0x0000000087c00000| Untracked 
| 125|0x0000000087d00000, 0x0000000087d00000, 0x0000000087e00000|  0%| F|  |TAMS 0x0000000087d00000, 0x0000000087d00000| Untracked 
| 126|0x0000000087e00000, 0x0000000087f00000, 0x0000000087f00000|100%| O|  |TAMS 0x0000000087f00000, 0x0000000087e00000| Untracked 
| 127|0x0000000087f00000, 0x0000000088000000, 0x0000000088000000|100%| O|  |TAMS 0x0000000088000000, 0x0000000087f00000| Untracked 
| 128|0x0000000088000000, 0x0000000088050200, 0x0000000088100000| 31%| O|  |TAMS 0x0000000088050200, 0x0000000088000000| Untracked 
| 129|0x0000000088100000, 0x0000000088100000, 0x0000000088200000|  0%| F|  |TAMS 0x0000000088100000, 0x0000000088100000| Untracked 
| 130|0x0000000088200000, 0x0000000088200000, 0x0000000088300000|  0%| F|  |TAMS 0x0000000088200000, 0x0000000088200000| Untracked 
| 131|0x0000000088300000, 0x0000000088300000, 0x0000000088400000|  0%| F|  |TAMS 0x0000000088300000, 0x0000000088300000| Untracked 
| 132|0x0000000088400000, 0x0000000088400000, 0x0000000088500000|  0%| F|  |TAMS 0x0000000088400000, 0x0000000088400000| Untracked 
| 133|0x0000000088500000, 0x0000000088600000, 0x0000000088600000|100%| O|  |TAMS 0x0000000088600000, 0x0000000088500000| Untracked 
| 134|0x0000000088600000, 0x0000000088700000, 0x0000000088700000|100%| O|  |TAMS 0x0000000088700000, 0x0000000088600000| Untracked 
| 135|0x0000000088700000, 0x0000000088700000, 0x0000000088800000|  0%| F|  |TAMS 0x0000000088700000, 0x0000000088700000| Untracked 
| 136|0x0000000088800000, 0x0000000088800000, 0x0000000088900000|  0%| F|  |TAMS 0x0000000088800000, 0x0000000088800000| Untracked 
| 137|0x0000000088900000, 0x0000000088900000, 0x0000000088a00000|  0%| F|  |TAMS 0x0000000088900000, 0x0000000088900000| Untracked 
| 138|0x0000000088a00000, 0x0000000088a00000, 0x0000000088b00000|  0%| F|  |TAMS 0x0000000088a00000, 0x0000000088a00000| Untracked 
| 139|0x0000000088b00000, 0x0000000088c00000, 0x0000000088c00000|100%| O|  |TAMS 0x0000000088c00000, 0x0000000088b00000| Untracked 
| 140|0x0000000088c00000, 0x0000000088d00000, 0x0000000088d00000|100%| O|  |TAMS 0x0000000088d00000, 0x0000000088c00000| Untracked 
| 141|0x0000000088d00000, 0x0000000088e00000, 0x0000000088e00000|100%| O|  |TAMS 0x0000000088e00000, 0x0000000088d00000| Untracked 
| 142|0x0000000088e00000, 0x0000000088f00000, 0x0000000088f00000|100%| O|  |TAMS 0x0000000088f00000, 0x0000000088e00000| Untracked 
| 143|0x0000000088f00000, 0x0000000088f00000, 0x0000000089000000|  0%| F|  |TAMS 0x0000000088f00000, 0x0000000088f00000| Untracked 
| 144|0x0000000089000000, 0x0000000089100000, 0x0000000089100000|100%| O|  |TAMS 0x0000000089100000, 0x0000000089000000| Untracked 
| 145|0x0000000089100000, 0x0000000089200000, 0x0000000089200000|100%| O|  |TAMS 0x0000000089200000, 0x0000000089100000| Untracked 
| 146|0x0000000089200000, 0x0000000089300000, 0x0000000089300000|100%| O|  |TAMS 0x0000000089300000, 0x0000000089200000| Untracked 
| 147|0x0000000089300000, 0x0000000089400000, 0x0000000089400000|100%| O|  |TAMS 0x0000000089400000, 0x0000000089300000| Untracked 
| 148|0x0000000089400000, 0x0000000089400000, 0x0000000089500000|  0%| F|  |TAMS 0x0000000089400000, 0x0000000089400000| Untracked 
| 149|0x0000000089500000, 0x0000000089600000, 0x0000000089600000|100%| O|  |TAMS 0x0000000089600000, 0x0000000089500000| Untracked 
| 150|0x0000000089600000, 0x0000000089700000, 0x0000000089700000|100%| O|  |TAMS 0x0000000089700000, 0x0000000089600000| Untracked 
| 151|0x0000000089700000, 0x0000000089800000, 0x0000000089800000|100%| O|  |TAMS 0x0000000089800000, 0x0000000089700000| Untracked 
| 152|0x0000000089800000, 0x0000000089900000, 0x0000000089900000|100%| O|  |TAMS 0x0000000089900000, 0x0000000089800000| Untracked 
| 153|0x0000000089900000, 0x0000000089a00000, 0x0000000089a00000|100%| O|  |TAMS 0x0000000089a00000, 0x0000000089900000| Untracked 
| 154|0x0000000089a00000, 0x0000000089a00000, 0x0000000089b00000|  0%| F|  |TAMS 0x0000000089a00000, 0x0000000089a00000| Untracked 
| 155|0x0000000089b00000, 0x0000000089b00000, 0x0000000089c00000|  0%| F|  |TAMS 0x0000000089b00000, 0x0000000089b00000| Untracked 
| 156|0x0000000089c00000, 0x0000000089c00000, 0x0000000089d00000|  0%| F|  |TAMS 0x0000000089c00000, 0x0000000089c00000| Untracked 
| 157|0x0000000089d00000, 0x0000000089d00000, 0x0000000089e00000|  0%| F|  |TAMS 0x0000000089d00000, 0x0000000089d00000| Untracked 
| 158|0x0000000089e00000, 0x0000000089e00000, 0x0000000089f00000|  0%| F|  |TAMS 0x0000000089e00000, 0x0000000089e00000| Untracked 
| 159|0x0000000089f00000, 0x0000000089f00000, 0x000000008a000000|  0%| F|  |TAMS 0x0000000089f00000, 0x0000000089f00000| Untracked 
| 160|0x000000008a000000, 0x000000008a000000, 0x000000008a100000|  0%| F|  |TAMS 0x000000008a000000, 0x000000008a000000| Untracked 
| 161|0x000000008a100000, 0x000000008a100000, 0x000000008a200000|  0%| F|  |TAMS 0x000000008a100000, 0x000000008a100000| Untracked 
| 162|0x000000008a200000, 0x000000008a200000, 0x000000008a300000|  0%| F|  |TAMS 0x000000008a200000, 0x000000008a200000| Untracked 
| 163|0x000000008a300000, 0x000000008a300000, 0x000000008a400000|  0%| F|  |TAMS 0x000000008a300000, 0x000000008a300000| Untracked 
| 164|0x000000008a400000, 0x000000008a400000, 0x000000008a500000|  0%| F|  |TAMS 0x000000008a400000, 0x000000008a400000| Untracked 
| 165|0x000000008a500000, 0x000000008a500000, 0x000000008a600000|  0%| F|  |TAMS 0x000000008a500000, 0x000000008a500000| Untracked 
| 166|0x000000008a600000, 0x000000008a600000, 0x000000008a700000|  0%| F|  |TAMS 0x000000008a600000, 0x000000008a600000| Untracked 
| 167|0x000000008a700000, 0x000000008a700000, 0x000000008a800000|  0%| F|  |TAMS 0x000000008a700000, 0x000000008a700000| Untracked 
| 168|0x000000008a800000, 0x000000008a800000, 0x000000008a900000|  0%| F|  |TAMS 0x000000008a800000, 0x000000008a800000| Untracked 
| 169|0x000000008a900000, 0x000000008a900000, 0x000000008aa00000|  0%| F|  |TAMS 0x000000008a900000, 0x000000008a900000| Untracked 
| 170|0x000000008aa00000, 0x000000008aa00000, 0x000000008ab00000|  0%| F|  |TAMS 0x000000008aa00000, 0x000000008aa00000| Untracked 
| 171|0x000000008ab00000, 0x000000008ab00000, 0x000000008ac00000|  0%| F|  |TAMS 0x000000008ab00000, 0x000000008ab00000| Untracked 
| 172|0x000000008ac00000, 0x000000008ac00000, 0x000000008ad00000|  0%| F|  |TAMS 0x000000008ac00000, 0x000000008ac00000| Untracked 
| 173|0x000000008ad00000, 0x000000008ad00000, 0x000000008ae00000|  0%| F|  |TAMS 0x000000008ad00000, 0x000000008ad00000| Untracked 
| 174|0x000000008ae00000, 0x000000008ae00000, 0x000000008af00000|  0%| F|  |TAMS 0x000000008ae00000, 0x000000008ae00000| Untracked 
| 175|0x000000008af00000, 0x000000008af00000, 0x000000008b000000|  0%| F|  |TAMS 0x000000008af00000, 0x000000008af00000| Untracked 
| 176|0x000000008b000000, 0x000000008b000000, 0x000000008b100000|  0%| F|  |TAMS 0x000000008b000000, 0x000000008b000000| Untracked 
| 177|0x000000008b100000, 0x000000008b100000, 0x000000008b200000|  0%| F|  |TAMS 0x000000008b100000, 0x000000008b100000| Untracked 
| 178|0x000000008b200000, 0x000000008b200000, 0x000000008b300000|  0%| F|  |TAMS 0x000000008b200000, 0x000000008b200000| Untracked 
| 179|0x000000008b300000, 0x000000008b300000, 0x000000008b400000|  0%| F|  |TAMS 0x000000008b300000, 0x000000008b300000| Untracked 
| 180|0x000000008b400000, 0x000000008b400000, 0x000000008b500000|  0%| F|  |TAMS 0x000000008b400000, 0x000000008b400000| Untracked 
| 181|0x000000008b500000, 0x000000008b500000, 0x000000008b600000|  0%| F|  |TAMS 0x000000008b500000, 0x000000008b500000| Untracked 
| 182|0x000000008b600000, 0x000000008b600000, 0x000000008b700000|  0%| F|  |TAMS 0x000000008b600000, 0x000000008b600000| Untracked 
| 183|0x000000008b700000, 0x000000008b700000, 0x000000008b800000|  0%| F|  |TAMS 0x000000008b700000, 0x000000008b700000| Untracked 
| 184|0x000000008b800000, 0x000000008b800000, 0x000000008b900000|  0%| F|  |TAMS 0x000000008b800000, 0x000000008b800000| Untracked 
| 185|0x000000008b900000, 0x000000008b900000, 0x000000008ba00000|  0%| F|  |TAMS 0x000000008b900000, 0x000000008b900000| Untracked 
| 186|0x000000008ba00000, 0x000000008ba00000, 0x000000008bb00000|  0%| F|  |TAMS 0x000000008ba00000, 0x000000008ba00000| Untracked 
| 187|0x000000008bb00000, 0x000000008bb00000, 0x000000008bc00000|  0%| F|  |TAMS 0x000000008bb00000, 0x000000008bb00000| Untracked 
| 188|0x000000008bc00000, 0x000000008bc00000, 0x000000008bd00000|  0%| F|  |TAMS 0x000000008bc00000, 0x000000008bc00000| Untracked 
| 189|0x000000008bd00000, 0x000000008bd1a118, 0x000000008be00000| 10%| S|CS|TAMS 0x000000008bd00000, 0x000000008bd00000| Complete 
| 190|0x000000008be00000, 0x000000008bf00000, 0x000000008bf00000|100%| S|CS|TAMS 0x000000008be00000, 0x000000008be00000| Complete 
| 191|0x000000008bf00000, 0x000000008c000000, 0x000000008c000000|100%| S|CS|TAMS 0x000000008bf00000, 0x000000008bf00000| Complete 
| 192|0x000000008c000000, 0x000000008c100000, 0x000000008c100000|100%| S|CS|TAMS 0x000000008c000000, 0x000000008c000000| Complete 
| 193|0x000000008c100000, 0x000000008c100000, 0x000000008c200000|  0%| F|  |TAMS 0x000000008c100000, 0x000000008c100000| Untracked 
| 194|0x000000008c200000, 0x000000008c200000, 0x000000008c300000|  0%| F|  |TAMS 0x000000008c200000, 0x000000008c200000| Untracked 
| 195|0x000000008c300000, 0x000000008c300000, 0x000000008c400000|  0%| F|  |TAMS 0x000000008c300000, 0x000000008c300000| Untracked 
| 196|0x000000008c400000, 0x000000008c400000, 0x000000008c500000|  0%| F|  |TAMS 0x000000008c400000, 0x000000008c400000| Untracked 
| 197|0x000000008c500000, 0x000000008c500000, 0x000000008c600000|  0%| F|  |TAMS 0x000000008c500000, 0x000000008c500000| Untracked 
| 198|0x000000008c600000, 0x000000008c600000, 0x000000008c700000|  0%| F|  |TAMS 0x000000008c600000, 0x000000008c600000| Untracked 
| 199|0x000000008c700000, 0x000000008c700000, 0x000000008c800000|  0%| F|  |TAMS 0x000000008c700000, 0x000000008c700000| Untracked 
| 200|0x000000008c800000, 0x000000008c800000, 0x000000008c900000|  0%| F|  |TAMS 0x000000008c800000, 0x000000008c800000| Untracked 
| 201|0x000000008c900000, 0x000000008c900000, 0x000000008ca00000|  0%| F|  |TAMS 0x000000008c900000, 0x000000008c900000| Untracked 
| 202|0x000000008ca00000, 0x000000008ca00000, 0x000000008cb00000|  0%| F|  |TAMS 0x000000008ca00000, 0x000000008ca00000| Untracked 
| 203|0x000000008cb00000, 0x000000008cb00000, 0x000000008cc00000|  0%| F|  |TAMS 0x000000008cb00000, 0x000000008cb00000| Untracked 
| 204|0x000000008cc00000, 0x000000008cc00000, 0x000000008cd00000|  0%| F|  |TAMS 0x000000008cc00000, 0x000000008cc00000| Untracked 
| 205|0x000000008cd00000, 0x000000008cd00000, 0x000000008ce00000|  0%| F|  |TAMS 0x000000008cd00000, 0x000000008cd00000| Untracked 
| 206|0x000000008ce00000, 0x000000008ce00000, 0x000000008cf00000|  0%| F|  |TAMS 0x000000008ce00000, 0x000000008ce00000| Untracked 
| 207|0x000000008cf00000, 0x000000008cf00000, 0x000000008d000000|  0%| F|  |TAMS 0x000000008cf00000, 0x000000008cf00000| Untracked 
| 208|0x000000008d000000, 0x000000008d000000, 0x000000008d100000|  0%| F|  |TAMS 0x000000008d000000, 0x000000008d000000| Untracked 
| 209|0x000000008d100000, 0x000000008d100000, 0x000000008d200000|  0%| F|  |TAMS 0x000000008d100000, 0x000000008d100000| Untracked 
| 210|0x000000008d200000, 0x000000008d200000, 0x000000008d300000|  0%| F|  |TAMS 0x000000008d200000, 0x000000008d200000| Untracked 
| 211|0x000000008d300000, 0x000000008d300000, 0x000000008d400000|  0%| F|  |TAMS 0x000000008d300000, 0x000000008d300000| Untracked 
| 212|0x000000008d400000, 0x000000008d400000, 0x000000008d500000|  0%| F|  |TAMS 0x000000008d400000, 0x000000008d400000| Untracked 
| 213|0x000000008d500000, 0x000000008d500000, 0x000000008d600000|  0%| F|  |TAMS 0x000000008d500000, 0x000000008d500000| Untracked 
| 214|0x000000008d600000, 0x000000008d600000, 0x000000008d700000|  0%| F|  |TAMS 0x000000008d600000, 0x000000008d600000| Untracked 
| 215|0x000000008d700000, 0x000000008d700000, 0x000000008d800000|  0%| F|  |TAMS 0x000000008d700000, 0x000000008d700000| Untracked 
| 216|0x000000008d800000, 0x000000008d800000, 0x000000008d900000|  0%| F|  |TAMS 0x000000008d800000, 0x000000008d800000| Untracked 
| 217|0x000000008d900000, 0x000000008d900000, 0x000000008da00000|  0%| F|  |TAMS 0x000000008d900000, 0x000000008d900000| Untracked 
| 218|0x000000008da00000, 0x000000008da00000, 0x000000008db00000|  0%| F|  |TAMS 0x000000008da00000, 0x000000008da00000| Untracked 
| 219|0x000000008db00000, 0x000000008db00000, 0x000000008dc00000|  0%| F|  |TAMS 0x000000008db00000, 0x000000008db00000| Untracked 
| 220|0x000000008dc00000, 0x000000008dc00000, 0x000000008dd00000|  0%| F|  |TAMS 0x000000008dc00000, 0x000000008dc00000| Untracked 
| 221|0x000000008dd00000, 0x000000008dd00000, 0x000000008de00000|  0%| F|  |TAMS 0x000000008dd00000, 0x000000008dd00000| Untracked 
| 222|0x000000008de00000, 0x000000008de00000, 0x000000008df00000|  0%| F|  |TAMS 0x000000008de00000, 0x000000008de00000| Untracked 
| 223|0x000000008df00000, 0x000000008df00000, 0x000000008e000000|  0%| F|  |TAMS 0x000000008df00000, 0x000000008df00000| Untracked 
| 224|0x000000008e000000, 0x000000008e000000, 0x000000008e100000|  0%| F|  |TAMS 0x000000008e000000, 0x000000008e000000| Untracked 
| 225|0x000000008e100000, 0x000000008e100000, 0x000000008e200000|  0%| F|  |TAMS 0x000000008e100000, 0x000000008e100000| Untracked 
| 226|0x000000008e200000, 0x000000008e200000, 0x000000008e300000|  0%| F|  |TAMS 0x000000008e200000, 0x000000008e200000| Untracked 
| 227|0x000000008e300000, 0x000000008e300000, 0x000000008e400000|  0%| F|  |TAMS 0x000000008e300000, 0x000000008e300000| Untracked 
| 228|0x000000008e400000, 0x000000008e400000, 0x000000008e500000|  0%| F|  |TAMS 0x000000008e400000, 0x000000008e400000| Untracked 
| 229|0x000000008e500000, 0x000000008e500000, 0x000000008e600000|  0%| F|  |TAMS 0x000000008e500000, 0x000000008e500000| Untracked 
| 230|0x000000008e600000, 0x000000008e600000, 0x000000008e700000|  0%| F|  |TAMS 0x000000008e600000, 0x000000008e600000| Untracked 

Card table byte_map: [0x0000018ab6a80000,0x0000018ab6e80000] _byte_map_base: 0x0000018ab6680000

Marking Bits (Prev, Next): (CMBitMap*) 0x0000018aa3badc48, (CMBitMap*) 0x0000018aa3badc80
 Prev Bits: [0x0000018ab7280000, 0x0000018ab9280000)
 Next Bits: [0x0000018ab9280000, 0x0000018abb280000)

Polling page: 0x0000018aa1af0000

Metaspace:

Usage:
  Non-class:    114.16 MB capacity,   112.26 MB ( 98%) used,     1.56 MB (  1%) free+waste,   350.00 KB ( <1%) overhead. 
      Class:     16.56 MB capacity,    15.53 MB ( 94%) used,   905.74 KB (  5%) free+waste,   147.56 KB ( <1%) overhead. 
       Both:    130.71 MB capacity,   127.78 MB ( 98%) used,     2.44 MB (  2%) free+waste,   497.56 KB ( <1%) overhead. 

Virtual space:
  Non-class space:      116.00 MB reserved,     114.50 MB ( 99%) committed 
      Class space:        1.00 GB reserved,      16.70 MB (  2%) committed 
             Both:        1.11 GB reserved,     131.20 MB ( 12%) committed 

Chunk freelists:
   Non-Class:  288.00 KB
       Class:  103.00 KB
        Both:  391.00 KB

MaxMetaspaceSize: 17179869184.00 GB
CompressedClassSpaceSize: 1.00 GB
Initial GC threshold: 20.80 MB
Current GC threshold: 216.38 MB
CDS: off

CodeHeap 'non-profiled nmethods': size=120064Kb used=14962Kb max_used=15074Kb free=105101Kb
 bounds [0x0000018aaf140000, 0x0000018ab0020000, 0x0000018ab6680000]
CodeHeap 'profiled nmethods': size=120000Kb used=46858Kb max_used=46858Kb free=73141Kb
 bounds [0x0000018aa7c10000, 0x0000018aaa9e0000, 0x0000018aaf140000]
CodeHeap 'non-nmethods': size=5696Kb used=2481Kb max_used=2562Kb free=3214Kb
 bounds [0x0000018aa7680000, 0x0000018aa7910000, 0x0000018aa7c10000]
 total_blobs=21850 nmethods=20831 adapters=930
 compilation: enabled
              stopped_count=0, restarted_count=0
 full_count=0

Compilation events (20 events):
Event: 8442.217 Thread 0x0000018abe00a800 22625       2       com.android.utils.Pair::of (10 bytes)
Event: 8442.217 Thread 0x0000018abe00a800 nmethod 22625 0x0000018aaa9c9110 code [0x0000018aaa9c92c0, 0x0000018aaa9c94b8]
Event: 8442.217 Thread 0x0000018abe00a800 22626       2       com.android.utils.Pair::<init> (15 bytes)
Event: 8442.217 Thread 0x0000018abe00a800 nmethod 22626 0x0000018aaa9c9590 code [0x0000018aaa9c9740, 0x0000018aaa9c98d8]
Event: 8442.235 Thread 0x0000018abe00a800 22628       2       java.util.regex.Pattern::atom (422 bytes)
Event: 8442.238 Thread 0x0000018abe00a800 nmethod 22628 0x0000018aaa9c9990 code [0x0000018aaa9c9c60, 0x0000018aaa9cac78]
Event: 8442.239 Thread 0x0000018abe00a800 22629       2       com.google.protobuf.CodedOutputStream$ArrayEncoder::writeUInt32 (12 bytes)
Event: 8442.239 Thread 0x0000018abe00a800 nmethod 22629 0x0000018aaa9cb290 code [0x0000018aaa9cb460, 0x0000018aaa9cb598]
Event: 8442.240 Thread 0x0000018abe00a800 22630   !   2       com.google.protobuf.CodedOutputStream$ArrayEncoder::write (76 bytes)
Event: 8442.241 Thread 0x0000018abe00a800 nmethod 22630 0x0000018aaa9cb690 code [0x0000018aaa9cb900, 0x0000018aaa9cc398]
Event: 8442.251 Thread 0x0000018abe00a800 22631       2       org.apache.xerces.impl.XMLEntityScanner::skipString (207 bytes)
Event: 8442.252 Thread 0x0000018abe00a800 nmethod 22631 0x0000018aaa9cc910 code [0x0000018aaa9ccb20, 0x0000018aaa9cd128]
Event: 8442.252 Thread 0x0000018abe00a800 22632       2       com.android.aaptcompiler.proto.ProtoSerializeKt::serializeTableToPb (666 bytes)
Event: 8442.256 Thread 0x0000018abdfc3000 nmethod 22609% 0x0000018aaf5b6810 code [0x0000018aaf5b6aa0, 0x0000018aaf5b85f8]
Event: 8442.256 Thread 0x0000018abdfc3000 22611       4       org.gradle.internal.snapshot.VfsRelativePath::compareToFirstSegment (203 bytes)
Event: 8442.266 Thread 0x0000018abe00a800 nmethod 22632 0x0000018aaa9cd590 code [0x0000018aaa9cde80, 0x0000018aaa9d0f28]
Event: 8442.266 Thread 0x0000018abe00a800 22633       2       com.android.utils.PositionXmlParser$DomBuilder::getCurrentPosition (262 bytes)
Event: 8442.268 Thread 0x0000018abe00a800 nmethod 22633 0x0000018aaa9d2e10 code [0x0000018aaa9d3060, 0x0000018aaa9d3918]
Event: 8442.280 Thread 0x0000018abe00a800 22635       2       com.android.aaptcompiler.ResourceTable::sort (245 bytes)
Event: 8442.284 Thread 0x0000018abe00a800 nmethod 22635 0x0000018aaa9d3f10 code [0x0000018aaa9d4420, 0x0000018aaa9d5ba8]

GC Heap History (20 events):
Event: 8436.384 GC heap after
{Heap after GC invocations=90 (full 0):
 garbage-first heap   total 196608K, used 152514K [0x0000000080000000, 0x0000000100000000)
  region size 1024K, 1 young (1024K), 1 survivors (1024K)
 Metaspace       used 124695K, capacity 127660K, committed 128204K, reserved 1161216K
  class space    used 15409K, capacity 16449K, committed 16588K, reserved 1048576K
}
Event: 8437.225 GC heap before
{Heap before GC invocations=91 (full 0):
 garbage-first heap   total 196608K, used 175042K [0x0000000080000000, 0x0000000100000000)
  region size 1024K, 15 young (15360K), 1 survivors (1024K)
 Metaspace       used 124941K, capacity 127884K, committed 128588K, reserved 1161216K
  class space    used 15430K, capacity 16481K, committed 16716K, reserved 1048576K
}
Event: 8437.240 GC heap after
{Heap after GC invocations=92 (full 0):
 garbage-first heap   total 196608K, used 154437K [0x0000000080000000, 0x0000000100000000)
  region size 1024K, 2 young (2048K), 2 survivors (2048K)
 Metaspace       used 124941K, capacity 127884K, committed 128588K, reserved 1161216K
  class space    used 15430K, capacity 16481K, committed 16716K, reserved 1048576K
}
Event: 8437.492 GC heap before
{Heap before GC invocations=92 (full 0):
 garbage-first heap   total 196608K, used 160581K [0x0000000080000000, 0x0000000100000000)
  region size 1024K, 9 young (9216K), 2 survivors (2048K)
 Metaspace       used 124967K, capacity 127884K, committed 128588K, reserved 1161216K
  class space    used 15430K, capacity 16481K, committed 16716K, reserved 1048576K
}
Event: 8437.512 GC heap after
{Heap after GC invocations=93 (full 0):
 garbage-first heap   total 196608K, used 153703K [0x0000000080000000, 0x0000000100000000)
  region size 1024K, 2 young (2048K), 2 survivors (2048K)
 Metaspace       used 124967K, capacity 127884K, committed 128588K, reserved 1161216K
  class space    used 15430K, capacity 16481K, committed 16716K, reserved 1048576K
}
Event: 8438.083 GC heap before
{Heap before GC invocations=93 (full 0):
 garbage-first heap   total 196608K, used 167015K [0x0000000080000000, 0x0000000100000000)
  region size 1024K, 15 young (15360K), 2 survivors (2048K)
 Metaspace       used 125063K, capacity 128017K, committed 128588K, reserved 1161216K
  class space    used 15436K, capacity 16482K, committed 16716K, reserved 1048576K
}
Event: 8438.095 GC heap after
{Heap after GC invocations=94 (full 0):
 garbage-first heap   total 196608K, used 154884K [0x0000000080000000, 0x0000000100000000)
  region size 1024K, 1 young (1024K), 1 survivors (1024K)
 Metaspace       used 125063K, capacity 128017K, committed 128588K, reserved 1161216K
  class space    used 15436K, capacity 16482K, committed 16716K, reserved 1048576K
}
Event: 8438.808 GC heap before
{Heap before GC invocations=95 (full 0):
 garbage-first heap   total 196608K, used 184580K [0x0000000080000000, 0x0000000100000000)
  region size 1024K, 14 young (14336K), 1 survivors (1024K)
 Metaspace       used 125295K, capacity 128257K, committed 128844K, reserved 1161216K
  class space    used 15453K, capacity 16491K, committed 16716K, reserved 1048576K
}
Event: 8438.818 GC heap after
{Heap after GC invocations=96 (full 0):
 garbage-first heap   total 196608K, used 155393K [0x0000000080000000, 0x0000000100000000)
  region size 1024K, 2 young (2048K), 2 survivors (2048K)
 Metaspace       used 125295K, capacity 128257K, committed 128844K, reserved 1161216K
  class space    used 15453K, capacity 16491K, committed 16716K, reserved 1048576K
}
Event: 8438.864 GC heap before
{Heap before GC invocations=96 (full 0):
 garbage-first heap   total 196608K, used 162561K [0x0000000080000000, 0x0000000100000000)
  region size 1024K, 9 young (9216K), 2 survivors (2048K)
 Metaspace       used 125341K, capacity 128310K, committed 128844K, reserved 1161216K
  class space    used 15458K, capacity 16527K, committed 16716K, reserved 1048576K
}
Event: 8438.873 GC heap after
{Heap after GC invocations=97 (full 0):
 garbage-first heap   total 196608K, used 155642K [0x0000000080000000, 0x0000000100000000)
  region size 1024K, 2 young (2048K), 2 survivors (2048K)
 Metaspace       used 125341K, capacity 128310K, committed 128844K, reserved 1161216K
  class space    used 15458K, capacity 16527K, committed 16716K, reserved 1048576K
}
Event: 8438.994 GC heap before
{Heap before GC invocations=97 (full 0):
 garbage-first heap   total 196608K, used 167930K [0x0000000080000000, 0x0000000100000000)
  region size 1024K, 15 young (15360K), 2 survivors (2048K)
 Metaspace       used 125384K, capacity 128321K, committed 128844K, reserved 1161216K
  class space    used 15461K, capacity 16529K, committed 16716K, reserved 1048576K
}
Event: 8439.007 GC heap after
{Heap after GC invocations=98 (full 0):
 garbage-first heap   total 236544K, used 158551K [0x0000000080000000, 0x0000000100000000)
  region size 1024K, 2 young (2048K), 2 survivors (2048K)
 Metaspace       used 125384K, capacity 128321K, committed 128844K, reserved 1161216K
  class space    used 15461K, capacity 16529K, committed 16716K, reserved 1048576K
}
Event: 8440.216 GC heap before
{Heap before GC invocations=99 (full 0):
 garbage-first heap   total 236544K, used 172887K [0x0000000080000000, 0x0000000100000000)
  region size 1024K, 28 young (28672K), 2 survivors (2048K)
 Metaspace       used 128805K, capacity 131739K, committed 132428K, reserved 1165312K
  class space    used 15726K, capacity 16785K, committed 16972K, reserved 1048576K
}
Event: 8440.229 GC heap after
{Heap after GC invocations=100 (full 0):
 garbage-first heap   total 236544K, used 150593K [0x0000000080000000, 0x0000000100000000)
  region size 1024K, 4 young (4096K), 4 survivors (4096K)
 Metaspace       used 128805K, capacity 131739K, committed 132428K, reserved 1165312K
  class space    used 15726K, capacity 16785K, committed 16972K, reserved 1048576K
}
Event: 8440.434 GC heap before
{Heap before GC invocations=100 (full 0):
 garbage-first heap   total 236544K, used 157761K [0x0000000080000000, 0x0000000100000000)
  region size 1024K, 11 young (11264K), 4 survivors (4096K)
 Metaspace       used 128933K, capacity 131867K, committed 132428K, reserved 1165312K
  class space    used 15729K, capacity 16785K, committed 16972K, reserved 1048576K
}
Event: 8440.452 GC heap after
{Heap after GC invocations=101 (full 0):
 garbage-first heap   total 236544K, used 140194K [0x0000000080000000, 0x0000000100000000)
  region size 1024K, 2 young (2048K), 2 survivors (2048K)
 Metaspace       used 128933K, capacity 131867K, committed 132428K, reserved 1165312K
  class space    used 15729K, capacity 16785K, committed 16972K, reserved 1048576K
}
Event: 8440.999 GC heap before
{Heap before GC invocations=101 (full 0):
 garbage-first heap   total 236544K, used 173986K [0x0000000080000000, 0x0000000100000000)
  region size 1024K, 35 young (35840K), 2 survivors (2048K)
 Metaspace       used 129515K, capacity 132411K, committed 132940K, reserved 1165312K
  class space    used 15767K, capacity 16817K, committed 16972K, reserved 1048576K
}
Event: 8441.014 GC heap after
{Heap after GC invocations=102 (full 0):
 garbage-first heap   total 236544K, used 141052K [0x0000000080000000, 0x0000000100000000)
  region size 1024K, 3 young (3072K), 3 survivors (3072K)
 Metaspace       used 129515K, capacity 132411K, committed 132940K, reserved 1165312K
  class space    used 15767K, capacity 16817K, committed 16972K, reserved 1048576K
}
Event: 8442.290 GC heap before
{Heap before GC invocations=103 (full 0):
 garbage-first heap   total 236544K, used 175868K [0x0000000080000000, 0x0000000100000000)
  region size 1024K, 38 young (38912K), 3 survivors (3072K)
 Metaspace       used 130851K, capacity 133849K, committed 134348K, reserved 1167360K
  class space    used 15899K, capacity 16953K, committed 17100K, reserved 1048576K
}

Deoptimization events (20 events):
Event: 8442.258 Thread 0x0000018ac343e000 Uncommon trap: trap_request=0xffffff4d fr.pc=0x0000018aafee1e54 relative=0x0000000000000774
Event: 8442.258 Thread 0x0000018ac343e000 Uncommon trap: reason=unstable_if action=reinterpret pc=0x0000018aafee1e54 method=com.android.utils.PositionXmlParser$DomBuilder.getCurrentPosition()Lcom/android/utils/PositionXmlParser$Position; @ 65 c2
Event: 8442.258 Thread 0x0000018ac343e000 DEOPT PACKING pc=0x0000018aafee1e54 sp=0x0000005042df6e10
Event: 8442.258 Thread 0x0000018ac343e000 DEOPT UNPACKING pc=0x0000018aa76ca1af sp=0x0000005042df6d98 mode 2
Event: 8442.258 Thread 0x0000018ac343e000 Uncommon trap: trap_request=0xffffff4d fr.pc=0x0000018aaff5dbe8 relative=0x0000000000002608
Event: 8442.258 Thread 0x0000018ac343e000 Uncommon trap: reason=unstable_if action=reinterpret pc=0x0000018aaff5dbe8 method=org.apache.xerces.util.XMLAttributesImpl.addAttributeNS(Lorg/apache/xerces/xni/QName;Ljava/lang/String;Ljava/lang/String;)V @ 22 c2
Event: 8442.258 Thread 0x0000018ac343e000 DEOPT PACKING pc=0x0000018aaff5dbe8 sp=0x0000005042df6ef0
Event: 8442.258 Thread 0x0000018ac343e000 DEOPT UNPACKING pc=0x0000018aa76ca1af sp=0x0000005042df6e28 mode 2
Event: 8442.258 Thread 0x0000018ac343e000 Uncommon trap: trap_request=0xffffff4d fr.pc=0x0000018aaff0989c relative=0x00000000000006dc
Event: 8442.258 Thread 0x0000018ac343e000 Uncommon trap: reason=unstable_if action=reinterpret pc=0x0000018aaff0989c method=org.apache.xerces.util.XMLAttributesImpl.addAttributeNS(Lorg/apache/xerces/xni/QName;Ljava/lang/String;Ljava/lang/String;)V @ 22 c2
Event: 8442.258 Thread 0x0000018ac343e000 DEOPT PACKING pc=0x0000018aaff0989c sp=0x0000005042df6e60
Event: 8442.258 Thread 0x0000018ac343e000 DEOPT UNPACKING pc=0x0000018aa76ca1af sp=0x0000005042df6e20 mode 2
Event: 8442.258 Thread 0x0000018ac343e000 Uncommon trap: trap_request=0xffffffc6 fr.pc=0x0000018aaff0f454 relative=0x0000000000000474
Event: 8442.258 Thread 0x0000018ac343e000 Uncommon trap: reason=bimorphic_or_optimized_type_check action=maybe_recompile pc=0x0000018aaff0f454 method=org.apache.xerces.dom.NamedNodeMapImpl.findNamePoint(Ljava/lang/String;I)I @ 50 c2
Event: 8442.258 Thread 0x0000018ac343e000 DEOPT PACKING pc=0x0000018aaff0f454 sp=0x0000005042df6d00
Event: 8442.258 Thread 0x0000018ac343e000 DEOPT UNPACKING pc=0x0000018aa76ca1af sp=0x0000005042df6c80 mode 2
Event: 8442.258 Thread 0x0000018ac343e000 Uncommon trap: trap_request=0xffffffc6 fr.pc=0x0000018aaff0f454 relative=0x0000000000000474
Event: 8442.258 Thread 0x0000018ac343e000 Uncommon trap: reason=bimorphic_or_optimized_type_check action=maybe_recompile pc=0x0000018aaff0f454 method=org.apache.xerces.dom.NamedNodeMapImpl.findNamePoint(Ljava/lang/String;I)I @ 50 c2
Event: 8442.258 Thread 0x0000018ac343e000 DEOPT PACKING pc=0x0000018aaff0f454 sp=0x0000005042df6d00
Event: 8442.258 Thread 0x0000018ac343e000 DEOPT UNPACKING pc=0x0000018aa76ca1af sp=0x0000005042df6c80 mode 2

Classes redefined (0 events):
No events

Internal exceptions (20 events):
Event: 8440.979 Thread 0x0000018ac0485800 Exception <a 'sun/nio/fs/WindowsException'{0x000000008d56ed28}> (0x000000008d56ed28) thrown at [./src/hotspot/share/prims/jni.cpp, line 615]
Event: 8440.991 Thread 0x0000018ac0485800 Exception <a 'sun/nio/fs/WindowsException'{0x000000008c4c87f8}> (0x000000008c4c87f8) thrown at [./src/hotspot/share/prims/jni.cpp, line 615]
Event: 8441.040 Thread 0x0000018ac0485800 Exception <a 'sun/nio/fs/WindowsException'{0x000000008e6f8c28}> (0x000000008e6f8c28) thrown at [./src/hotspot/share/prims/jni.cpp, line 615]
Event: 8441.107 Thread 0x0000018ac0485800 Exception <a 'sun/nio/fs/WindowsException'{0x000000008e6f9fa8}> (0x000000008e6f9fa8) thrown at [./src/hotspot/share/prims/jni.cpp, line 615]
Event: 8441.186 Thread 0x0000018ac0485800 Exception <a 'sun/nio/fs/WindowsException'{0x000000008e6fb2d0}> (0x000000008e6fb2d0) thrown at [./src/hotspot/share/prims/jni.cpp, line 615]
Event: 8441.307 Thread 0x0000018ac0485800 Exception <a 'sun/nio/fs/WindowsException'{0x000000008e29e758}> (0x000000008e29e758) thrown at [./src/hotspot/share/prims/jni.cpp, line 615]
Event: 8441.323 Thread 0x0000018ac0485800 Exception <a 'sun/nio/fs/WindowsException'{0x000000008e29fb50}> (0x000000008e29fb50) thrown at [./src/hotspot/share/prims/jni.cpp, line 615]
Event: 8441.782 Thread 0x0000018ac0485800 Exception <a 'sun/nio/fs/WindowsException'{0x000000008d6ae650}> (0x000000008d6ae650) thrown at [./src/hotspot/share/prims/jni.cpp, line 615]
Event: 8441.782 Thread 0x0000018ac0485800 Exception <a 'sun/nio/fs/WindowsException'{0x000000008d6af4f0}> (0x000000008d6af4f0) thrown at [./src/hotspot/share/prims/jni.cpp, line 615]
Event: 8441.967 Thread 0x0000018ace4ba000 Implicit null exception at 0x0000018aaf5367da to 0x0000018aaf536830
Event: 8441.985 Thread 0x0000018ace4ba000 Implicit null exception at 0x0000018aaff3594c to 0x0000018aaff35ec0
Event: 8441.986 Thread 0x0000018ace4ba000 Implicit null exception at 0x0000018aaff3594c to 0x0000018aaff35ec0
Event: 8441.986 Thread 0x0000018ace4ba000 Implicit null exception at 0x0000018aaff3594c to 0x0000018aaff35ec0
Event: 8441.987 Thread 0x0000018ace4ba000 Implicit null exception at 0x0000018aaff3594c to 0x0000018aaff35ec0
Event: 8442.179 Thread 0x0000018ac343e000 Exception <a 'sun/nio/fs/WindowsException'{0x000000008c9b0350}> (0x000000008c9b0350) thrown at [./src/hotspot/share/prims/jni.cpp, line 615]
Event: 8442.179 Thread 0x0000018ac343e000 Exception <a 'sun/nio/fs/WindowsException'{0x000000008c89c7e0}> (0x000000008c89c7e0) thrown at [./src/hotspot/share/prims/jni.cpp, line 615]
Event: 8442.179 Thread 0x0000018ac343e000 Exception <a 'sun/nio/fs/WindowsException'{0x000000008c89caf0}> (0x000000008c89caf0) thrown at [./src/hotspot/share/prims/jni.cpp, line 615]
Event: 8442.180 Thread 0x0000018ac343e000 Exception <a 'sun/nio/fs/WindowsException'{0x000000008c89e188}> (0x000000008c89e188) thrown at [./src/hotspot/share/prims/jni.cpp, line 615]
Event: 8442.180 Thread 0x0000018ac343e000 Exception <a 'sun/nio/fs/WindowsException'{0x000000008c89e478}> (0x000000008c89e478) thrown at [./src/hotspot/share/prims/jni.cpp, line 615]
Event: 8442.180 Thread 0x0000018ac343e000 Exception <a 'sun/nio/fs/WindowsException'{0x000000008c89fb00}> (0x000000008c89fb00) thrown at [./src/hotspot/share/prims/jni.cpp, line 615]

Events (20 events):
Event: 8442.273 loading class com/android/manifmerger/XmlNode$NodeKey done
Event: 8442.274 loading class com/android/manifmerger/XmlNode$NodeKey
Event: 8442.274 loading class com/android/manifmerger/XmlNode$NodeKey done
Event: 8442.274 loading class com/android/manifmerger/XmlNode
Event: 8442.274 loading class com/android/manifmerger/XmlNode done
Event: 8442.274 loading class com/google/common/base/Suppliers$NonSerializableMemoizingSupplier
Event: 8442.274 loading class com/google/common/base/Suppliers$NonSerializableMemoizingSupplier done
Event: 8442.281 loading class com/google/common/base/Suppliers$MemoizingSupplier
Event: 8442.281 loading class com/google/common/base/Suppliers$MemoizingSupplier done
Event: 8442.283 loading class com/android/manifmerger/ManifestModel$NodeTypes
Event: 8442.283 loading class com/android/manifmerger/ManifestModel$NodeTypes done
Event: 8442.286 loading class com/android/manifmerger/AttributeModel$MergingPolicy
Event: 8442.286 loading class com/android/manifmerger/AttributeModel$MergingPolicy done
Event: 8442.287 loading class com/android/manifmerger/MergeType
Event: 8442.287 loading class com/android/manifmerger/MergeType done
Event: 8442.288 loading class com/android/manifmerger/AttributeModel$Builder
Event: 8442.288 loading class com/android/manifmerger/AttributeModel$Builder done
Event: 8442.289 loading class com/android/manifmerger/AttributeModel
Event: 8442.289 loading class com/android/manifmerger/AttributeModel done
Event: 8442.290 Executing VM operation: G1CollectForAllocation


Dynamic libraries:
0x00007ff68c300000 - 0x00007ff68c30a000 	C:\Program Files\Android\Android Studio\jre\bin\java.exe
0x00007ff9d5c90000 - 0x00007ff9d5e88000 	C:\Windows\SYSTEM32\ntdll.dll
0x00007ff9d55f0000 - 0x00007ff9d56af000 	C:\Windows\System32\KERNEL32.DLL
0x00007ff9d3a00000 - 0x00007ff9d3cd2000 	C:\Windows\System32\KERNELBASE.dll
0x00007ff9d37a0000 - 0x00007ff9d38a0000 	C:\Windows\System32\ucrtbase.dll
0x00007ff9c3430000 - 0x00007ff9c3449000 	C:\Program Files\Android\Android Studio\jre\bin\jli.dll
0x00007ff9d4ed0000 - 0x00007ff9d506d000 	C:\Windows\System32\USER32.dll
0x00007ff9d3470000 - 0x00007ff9d3492000 	C:\Windows\System32\win32u.dll
0x00007ff9d4ea0000 - 0x00007ff9d4ecb000 	C:\Windows\System32\GDI32.dll
0x00007ff9d34f0000 - 0x00007ff9d35ff000 	C:\Windows\System32\gdi32full.dll
0x00007ff9d3600000 - 0x00007ff9d369d000 	C:\Windows\System32\msvcp_win.dll
0x00007ff9c3790000 - 0x00007ff9c3a2a000 	C:\Windows\WinSxS\amd64_microsoft.windows.common-controls_6595b64144ccf1df_6.0.19041.1110_none_60b5254171f9507e\COMCTL32.dll
0x00007ff9d3ce0000 - 0x00007ff9d3d7e000 	C:\Windows\System32\msvcrt.dll
0x00007ff9b5900000 - 0x00007ff9b5917000 	C:\Program Files\Android\Android Studio\jre\bin\VCRUNTIME140.dll
0x00007ff9d58b0000 - 0x00007ff9d58e2000 	C:\Windows\System32\IMM32.DLL
0x00007ff9b5860000 - 0x00007ff9b58fd000 	C:\Program Files\Android\Android Studio\jre\bin\msvcp140.dll
0x00007ff96b200000 - 0x00007ff96bce5000 	C:\Program Files\Android\Android Studio\jre\bin\server\jvm.dll
0x00007ff9d5800000 - 0x00007ff9d58ae000 	C:\Windows\System32\ADVAPI32.dll
0x00007ff9d3e60000 - 0x00007ff9d3efc000 	C:\Windows\System32\sechost.dll
0x00007ff9d52e0000 - 0x00007ff9d5405000 	C:\Windows\System32\RPCRT4.dll
0x00007ff9d4e20000 - 0x00007ff9d4e28000 	C:\Windows\System32\PSAPI.DLL
0x00007ff9be390000 - 0x00007ff9be399000 	C:\Windows\SYSTEM32\WSOCK32.dll
0x00007ff9d4e30000 - 0x00007ff9d4e9b000 	C:\Windows\System32\WS2_32.dll
0x00007ff9c1b50000 - 0x00007ff9c1b77000 	C:\Windows\SYSTEM32\WINMM.dll
0x00007ff9c9df0000 - 0x00007ff9c9dfa000 	C:\Windows\SYSTEM32\VERSION.dll
0x00007ff9d1280000 - 0x00007ff9d1292000 	C:\Windows\SYSTEM32\kernel.appcore.dll
0x00007ff9b5ba0000 - 0x00007ff9b5bb1000 	C:\Program Files\Android\Android Studio\jre\bin\verify.dll
0x00007ff9b3c50000 - 0x00007ff9b3e34000 	C:\Windows\SYSTEM32\DBGHELP.DLL
0x00007ff9c24b0000 - 0x00007ff9c24dc000 	C:\Windows\SYSTEM32\dbgcore.DLL
0x00007ff9d3710000 - 0x00007ff9d3792000 	C:\Windows\System32\bcryptPrimitives.dll
0x00007ff9b59a0000 - 0x00007ff9b59c9000 	C:\Program Files\Android\Android Studio\jre\bin\java.dll
0x00007ff9c3000000 - 0x00007ff9c300b000 	C:\Program Files\Android\Android Studio\jre\bin\jimage.dll
0x00007ff9b4fb0000 - 0x00007ff9b4fc8000 	C:\Program Files\Android\Android Studio\jre\bin\zip.dll
0x00007ff9d46d0000 - 0x00007ff9d4e13000 	C:\Windows\System32\SHELL32.dll
0x00007ff9d1410000 - 0x00007ff9d1ba2000 	C:\Windows\SYSTEM32\windows.storage.dll
0x00007ff9d58f0000 - 0x00007ff9d5c44000 	C:\Windows\System32\combase.dll
0x00007ff9d2c30000 - 0x00007ff9d2c60000 	C:\Windows\SYSTEM32\Wldp.dll
0x00007ff9d5410000 - 0x00007ff9d54bd000 	C:\Windows\System32\SHCORE.dll
0x00007ff9d5220000 - 0x00007ff9d5275000 	C:\Windows\System32\shlwapi.dll
0x00007ff9d32d0000 - 0x00007ff9d32ef000 	C:\Windows\SYSTEM32\profapi.dll
0x00007ff9b3640000 - 0x00007ff9b365a000 	C:\Program Files\Android\Android Studio\jre\bin\net.dll
0x00007ff9c9c30000 - 0x00007ff9c9d3c000 	C:\Windows\SYSTEM32\WINHTTP.dll
0x00007ff9d2a10000 - 0x00007ff9d2a7a000 	C:\Windows\system32\mswsock.dll
0x00007ff9b21d0000 - 0x00007ff9b21e4000 	C:\Program Files\Android\Android Studio\jre\bin\nio.dll
0x00007ff9b5920000 - 0x00007ff9b5947000 	C:\Users\user\.gradle\native\e1d6ef7f7dcc3fd88c89a11ec53ec762bb8ba0a96d01ffa2cd45eb1d1d8dd5c5\windows-amd64\native-platform.dll
0x00007ff9b2a50000 - 0x00007ff9b2b94000 	C:\Users\user\.gradle\native\5664cfc778a61ccfe75a443a1ab52a65af34e5dc3c78e0209fed803814484fcb\windows-amd64\native-platform-file-events.dll
0x00007ff9b5ea0000 - 0x00007ff9b5eaa000 	C:\Program Files\Android\Android Studio\jre\bin\management.dll
0x00007ff9b5c60000 - 0x00007ff9b5c6d000 	C:\Program Files\Android\Android Studio\jre\bin\management_ext.dll
0x00007ff9d2dd0000 - 0x00007ff9d2de8000 	C:\Windows\SYSTEM32\CRYPTSP.dll
0x00007ff9d2350000 - 0x00007ff9d2384000 	C:\Windows\system32\rsaenh.dll
0x00007ff9d3440000 - 0x00007ff9d3467000 	C:\Windows\System32\bcrypt.dll
0x00007ff9d3250000 - 0x00007ff9d327e000 	C:\Windows\SYSTEM32\USERENV.dll
0x00007ff9d2ba0000 - 0x00007ff9d2bac000 	C:\Windows\SYSTEM32\CRYPTBASE.dll
0x00007ff9d2720000 - 0x00007ff9d275b000 	C:\Windows\SYSTEM32\IPHLPAPI.DLL
0x00007ff9d56b0000 - 0x00007ff9d56b8000 	C:\Windows\System32\NSI.dll
0x00007ff9ca4b0000 - 0x00007ff9ca4c7000 	C:\Windows\SYSTEM32\dhcpcsvc6.DLL
0x00007ff9ca310000 - 0x00007ff9ca32d000 	C:\Windows\SYSTEM32\dhcpcsvc.DLL
0x00007ff9d2760000 - 0x00007ff9d282a000 	C:\Windows\SYSTEM32\DNSAPI.dll
0x00007ff9b1fa0000 - 0x00007ff9b1fc7000 	C:\Program Files\Android\Android Studio\jre\bin\sunec.dll
0x0000000063560000 - 0x0000000063569000 	C:\Program Files\National Instruments\Shared\mDNS Responder\nimdnsNSP.dll
0x000000006bb50000 - 0x000000006bbf3000 	C:\Windows\WinSxS\amd64_microsoft.vc90.crt_1fc8b3b9a1e18e3b_9.0.30729.9625_none_08e1c10da83fbc83\MSVCR90.dll
0x0000000063550000 - 0x000000006355e000 	C:\Windows\SYSTEM32\nimdnsResponder.dll
0x00007ff9c8d70000 - 0x00007ff9c8d7a000 	C:\Windows\System32\rasadhlp.dll
0x00007ff9c99f0000 - 0x00007ff9c9a70000 	C:\Windows\System32\fwpuclnt.dll
0x00007ff9d23e0000 - 0x00007ff9d2413000 	C:\Windows\SYSTEM32\ntmarta.dll

dbghelp: loaded successfully - version: 4.0.5 - missing functions: none
symbol engine: initialized successfully - sym options: 0x614 - pdb path: .;C:\Program Files\Android\Android Studio\jre\bin;C:\Windows\SYSTEM32;C:\Windows\WinSxS\amd64_microsoft.windows.common-controls_6595b64144ccf1df_6.0.19041.1110_none_60b5254171f9507e;C:\Program Files\Android\Android Studio\jre\bin\server;C:\Users\user\.gradle\native\e1d6ef7f7dcc3fd88c89a11ec53ec762bb8ba0a96d01ffa2cd45eb1d1d8dd5c5\windows-amd64;C:\Users\user\.gradle\native\5664cfc778a61ccfe75a443a1ab52a65af34e5dc3c78e0209fed803814484fcb\windows-amd64;C:\Program Files\National Instruments\Shared\mDNS Responder;C:\Windows\WinSxS\amd64_microsoft.vc90.crt_1fc8b3b9a1e18e3b_9.0.30729.9625_none_08e1c10da83fbc83

VM Arguments:
jvm_args: --add-opens=java.base/java.util=ALL-UNNAMED --add-opens=java.base/java.lang=ALL-UNNAMED --add-opens=java.base/java.lang.invoke=ALL-UNNAMED --add-opens=java.base/java.util=ALL-UNNAMED --add-opens=java.prefs/java.util.prefs=ALL-UNNAMED --add-opens=java.prefs/java.util.prefs=ALL-UNNAMED --add-opens=java.base/java.nio.charset=ALL-UNNAMED --add-opens=java.base/java.net=ALL-UNNAMED --add-opens=java.base/java.util.concurrent.atomic=ALL-UNNAMED -Xmx2048m -Dfile.encoding=UTF-8 -Duser.country=RU -Duser.language=ru -Duser.variant 
java_command: org.gradle.launcher.daemon.bootstrap.GradleDaemon 7.3.3
java_class_path (initial): C:\Users\user\.gradle\wrapper\dists\gradle-7.3.3-bin\6a41zxkdtcxs8rphpq6y0069z\gradle-7.3.3\lib\gradle-launcher-7.3.3.jar
Launcher Type: SUN_STANDARD

[Global flags]
     intx CICompilerCount                          = 3                                         {product} {ergonomic}
     uint ConcGCThreads                            = 1                                         {product} {ergonomic}
     uint G1ConcRefinementThreads                  = 4                                         {product} {ergonomic}
   size_t G1HeapRegionSize                         = 1048576                                   {product} {ergonomic}
    uintx GCDrainStackTargetSize                   = 64                                        {product} {ergonomic}
   size_t InitialHeapSize                          = 201326592                                 {product} {ergonomic}
   size_t MarkStackSize                            = 4194304                                   {product} {ergonomic}
   size_t MaxHeapSize                              = 2147483648                                {product} {command line}
   size_t MaxNewSize                               = 1287651328                                {product} {ergonomic}
   size_t MinHeapDeltaBytes                        = 1048576                                   {product} {ergonomic}
    uintx NonNMethodCodeHeapSize                   = 5830732                                {pd product} {ergonomic}
    uintx NonProfiledCodeHeapSize                  = 122913754                              {pd product} {ergonomic}
    uintx ProfiledCodeHeapSize                     = 122913754                              {pd product} {ergonomic}
    uintx ReservedCodeCacheSize                    = 251658240                              {pd product} {ergonomic}
     bool SegmentedCodeCache                       = true                                      {product} {ergonomic}
     bool UseCompressedClassPointers               = true                                 {lp64_product} {ergonomic}
     bool UseCompressedOops                        = true                                 {lp64_product} {ergonomic}
     bool UseG1GC                                  = true                                      {product} {ergonomic}
     bool UseLargePagesIndividualAllocation        = false                                  {pd product} {ergonomic}

Logging:
Log output configuration:
 #0: stdout all=warning uptime,level,tags
 #1: stderr all=off uptime,level,tags

Environment Variables:
PATH=C:\Program Files\Common Files\Oracle\Java\javapath;C:\Program Files\Eclipse Foundation\jdk-8.0.302.8-hotspot\bin;C:\Windows\system32;C:\Windows;C:\Windows\System32\Wbem;C:\Windows\System32\WindowsPowerShell\v1.0\;C:\Windows\System32\OpenSSH\;C:\Program Files\Microsoft\Web Platform Installer\;C:\Program Files (x86)\Microsoft ASP.NET\ASP.NET Web Pages\v1.0\;C:\Program Files\Microsoft SQL Server\110\Tools\Binn\;C:\Program Files\Docker\Docker\resources\bin;C:\ProgramData\DockerDesktop\version-bin;C:\Program Files\GitHub CLI\;C:\Program Files\Git\cmd;C:\Program Files\MariaDB\MariaDB Connector C 64-bit\lib\;C:\Program Files\MariaDB\MariaDB Connector C 64-bit\lib\plugin\;C:\Users\user\AppData\Local\Microsoft\WindowsApps;;C:\Users\user\AppData\Local\Programs\Microsoft VS Code\bin
USERNAME=user
OS=Windows_NT
PROCESSOR_IDENTIFIER=Intel64 Family 6 Model 42 Stepping 7, GenuineIntel



---------------  S Y S T E M  ---------------

OS: Windows 10 , 64 bit Build 19041 (10.0.19041.2251)
OS uptime: 0 days 2:45 hours
Hyper-V role detected

CPU:total 4 (initial active 4) (2 cores per cpu, 2 threads per core) family 6 model 42 stepping 7 microcode 0x2f, cmov, cx8, fxsr, mmx, sse, sse2, sse3, ssse3, sse4.1, sse4.2, popcnt, avx, aes, clmul, ht, tsc, tscinvbit

Memory: 4k page, system-wide physical 12202M (597M free)
TotalPageFile size 12202M (AvailPageFile size 30M)
current process WorkingSet (physical memory assigned to process): 544M, peak: 544M
current process commit charge ("private bytes"): 642M, peak: 688M

vm_info: OpenJDK 64-Bit Server VM (11.0.12+7-b1504.28-7817840) for windows-amd64 JRE (11.0.12+7-b1504.28-7817840), built on Oct 13 2021 22:12:33 by "builder" with MS VC++ 14.0 (VS2015)

END.
