#
# There is insufficient memory for the Java Runtime Environment to continue.
# Native memory allocation (malloc) failed to allocate 1659616 bytes for Chunk::new
# Possible reasons:
#   The system is out of physical RAM or swap space
#   The process is running with CompressedOops enabled, and the Java Heap may be blocking the growth of the native heap
# Possible solutions:
#   Reduce memory load on the system
#   Increase physical memory or swap space
#   Check if swap backing store is full
#   Decrease Java heap size (-Xmx/-Xms)
#   Decrease number of Java threads
#   Decrease Java thread stack sizes (-Xss)
#   Set larger code cache with -XX:ReservedCodeCacheSize=
#   JVM is running with Unscaled Compressed Oops mode in which the Java heap is
#     placed in the first 4GB address space. The Java Heap base address is the
#     maximum limit for the native heap growth. Please use -XX:HeapBaseMinAddress
#     to set the Java Heap base and to place the Java Heap above 4GB virtual address.
# This output file may be truncated or incomplete.
#
#  Out of Memory Error (./src/hotspot/share/memory/arena.cpp:197), pid=6444, tid=6548
#
# JRE version: OpenJDK Runtime Environment (11.0.12+7) (build 11.0.12+7-b1504.28-7817840)
# Java VM: OpenJDK 64-Bit Server VM (11.0.12+7-b1504.28-7817840, mixed mode, tiered, compressed oops, g1 gc, windows-amd64)
# No core dump will be written. Minidumps are not enabled by default on client versions of Windows
#

---------------  S U M M A R Y ------------

Command Line: --add-opens=java.base/java.util=ALL-UNNAMED --add-opens=java.base/java.lang=ALL-UNNAMED --add-opens=java.base/java.lang.invoke=ALL-UNNAMED --add-opens=java.base/java.util=ALL-UNNAMED --add-opens=java.prefs/java.util.prefs=ALL-UNNAMED --add-opens=java.prefs/java.util.prefs=ALL-UNNAMED --add-opens=java.base/java.nio.charset=ALL-UNNAMED --add-opens=java.base/java.net=ALL-UNNAMED --add-opens=java.base/java.util.concurrent.atomic=ALL-UNNAMED -Xmx2048m -Dfile.encoding=UTF-8 -Duser.country=RU -Duser.language=ru -Duser.variant org.gradle.launcher.daemon.bootstrap.GradleDaemon 7.3.3

Host: Intel(R) Core(TM) i5-2450M CPU @ 2.50GHz, 4 cores, 11G,  Windows 10 , 64 bit Build 19041 (10.0.19041.2251)
Time: Sun Nov 27 17:50:03 2022 RTZ 2 (зима) elapsed time: 53.902932 seconds (0d 0h 0m 53s)

---------------  T H R E A D  ---------------

Current thread (0x000001ff5f73f800):  JavaThread "C2 CompilerThread1" daemon [_thread_in_native, id=6548, stack(0x000000b399500000,0x000000b399600000)]


Current CompileTask:
C2:  53903 14949       4       com.android.tools.r8.ir.regalloc.b::c (3963 bytes)

Stack: [0x000000b399500000,0x000000b399600000]
Native frames: (J=compiled Java code, j=interpreted, Vv=VM code, C=native code)
V  [jvm.dll+0x5fbcea]
V  [jvm.dll+0x731905]
V  [jvm.dll+0x732f1d]
V  [jvm.dll+0x7335d3]
V  [jvm.dll+0x247bf8]
V  [jvm.dll+0xc018c]
V  [jvm.dll+0xc06cc]
V  [jvm.dll+0x2bcc04]
V  [jvm.dll+0x5113a8]
V  [jvm.dll+0x201c5a]
V  [jvm.dll+0x1ff71f]
V  [jvm.dll+0x18868c]
V  [jvm.dll+0x20e0d7]
V  [jvm.dll+0x20c901]
V  [jvm.dll+0x6f9b7f]
V  [jvm.dll+0x6f26a5]
V  [jvm.dll+0x5fabf6]
C  [ucrtbase.dll+0x21bb2]
C  [KERNEL32.DLL+0x174b4]
C  [ntdll.dll+0x526a1]


---------------  P R O C E S S  ---------------

Threads class SMR info:
_java_thread_list=0x000001ff62da13a0, length=89, elements={
0x000001ff3d79b000, 0x000001ff573d3800, 0x000001ff573db800, 0x000001ff57be8800,
0x000001ff57be9800, 0x000001ff57bea800, 0x000001ff57bec800, 0x000001ff57c9a800,
0x000001ff57ca5800, 0x000001ff57d94000, 0x000001ff5a08b800, 0x000001ff58dfd000,
0x000001ff59f18000, 0x000001ff5ab9c800, 0x000001ff59862000, 0x000001ff5a194000,
0x000001ff5946c800, 0x000001ff5a5b4000, 0x000001ff596c6000, 0x000001ff58dc6800,
0x000001ff58dc5000, 0x000001ff58dc4000, 0x000001ff58dc5800, 0x000001ff58dc7800,
0x000001ff58dc8000, 0x000001ff58dc9000, 0x000001ff58dc3000, 0x000001ff58dca000,
0x000001ff5b288000, 0x000001ff5b289000, 0x000001ff5b28e000, 0x000001ff5b289800,
0x000001ff5b28b800, 0x000001ff5b290000, 0x000001ff5b28d000, 0x000001ff5b28e800,
0x000001ff5b28f800, 0x000001ff5b28a800, 0x000001ff5b295000, 0x000001ff5b292000,
0x000001ff5b294800, 0x000001ff5b291000, 0x000001ff5b296000, 0x000001ff5b292800,
0x000001ff5b293800, 0x000001ff5b8fc000, 0x000001ff5b8fd000, 0x000001ff5b8f9800,
0x000001ff5b8fd800, 0x000001ff5b8fa800, 0x000001ff5b8f8000, 0x000001ff5b8fe800,
0x000001ff5b8fb000, 0x000001ff5b8f9000, 0x000001ff5b905000, 0x000001ff5b902800,
0x000001ff5b903800, 0x000001ff5b901800, 0x000001ff5b904000, 0x000001ff5b900000,
0x000001ff5b8ff800, 0x000001ff5b906000, 0x000001ff5b906800, 0x000001ff5b901000,
0x000001ff5b754000, 0x000001ff5b758000, 0x000001ff5b752800, 0x000001ff5b755000,
0x000001ff5b756800, 0x000001ff5b755800, 0x000001ff5b753000, 0x000001ff5b75d000,
0x000001ff5b759800, 0x000001ff5b75a800, 0x000001ff5b759000, 0x000001ff5b75b800,
0x000001ff5b757800, 0x000001ff5b760000, 0x000001ff5b75e800, 0x000001ff5b761000,
0x000001ff5b75e000, 0x000001ff5b75f800, 0x000001ff5f740000, 0x000001ff5f742000,
0x000001ff5f73f800, 0x000001ff5f745000, 0x000001ff5f746000, 0x000001ff5f743800,
0x000001ff5f742800
}

Java Threads: ( => current thread )
  0x000001ff3d79b000 JavaThread "main" [_thread_blocked, id=11312, stack(0x000000b396600000,0x000000b396700000)]
  0x000001ff573d3800 JavaThread "Reference Handler" daemon [_thread_blocked, id=9796, stack(0x000000b396d00000,0x000000b396e00000)]
  0x000001ff573db800 JavaThread "Finalizer" daemon [_thread_blocked, id=9584, stack(0x000000b396e00000,0x000000b396f00000)]
  0x000001ff57be8800 JavaThread "Signal Dispatcher" daemon [_thread_blocked, id=5624, stack(0x000000b397000000,0x000000b397100000)]
  0x000001ff57be9800 JavaThread "Attach Listener" daemon [_thread_blocked, id=3516, stack(0x000000b397100000,0x000000b397200000)]
  0x000001ff57bea800 JavaThread "Service Thread" daemon [_thread_blocked, id=2492, stack(0x000000b397200000,0x000000b397300000)]
  0x000001ff57bec800 JavaThread "C2 CompilerThread0" daemon [_thread_in_native, id=1620, stack(0x000000b397300000,0x000000b397400000)]
  0x000001ff57c9a800 JavaThread "C1 CompilerThread0" daemon [_thread_blocked, id=12476, stack(0x000000b397400000,0x000000b397500000)]
  0x000001ff57ca5800 JavaThread "Sweeper thread" daemon [_thread_blocked, id=112, stack(0x000000b397500000,0x000000b397600000)]
  0x000001ff57d94000 JavaThread "Common-Cleaner" daemon [_thread_blocked, id=6632, stack(0x000000b397600000,0x000000b397700000)]
  0x000001ff5a08b800 JavaThread "Daemon health stats" [_thread_blocked, id=7244, stack(0x000000b397c00000,0x000000b397d00000)]
  0x000001ff58dfd000 JavaThread "Incoming local TCP Connector on port 17204" [_thread_in_native, id=1120, stack(0x000000b397800000,0x000000b397900000)]
  0x000001ff59f18000 JavaThread "Daemon periodic checks" [_thread_blocked, id=4812, stack(0x000000b397d00000,0x000000b397e00000)]
  0x000001ff5ab9c800 JavaThread "Daemon" [_thread_blocked, id=3200, stack(0x000000b397e00000,0x000000b397f00000)]
  0x000001ff59862000 JavaThread "Handler for socket connection from /127.0.0.1:17204 to /127.0.0.1:17205" [_thread_in_native, id=11960, stack(0x000000b397f00000,0x000000b398000000)]
  0x000001ff5a194000 JavaThread "Cancel handler" [_thread_blocked, id=9296, stack(0x000000b398000000,0x000000b398100000)]
  0x000001ff5946c800 JavaThread "Daemon worker" [_thread_blocked, id=13880, stack(0x000000b398100000,0x000000b398200000)]
  0x000001ff5a5b4000 JavaThread "Asynchronous log dispatcher for DefaultDaemonConnection: socket connection from /127.0.0.1:17204 to /127.0.0.1:17205" [_thread_blocked, id=13796, stack(0x000000b398200000,0x000000b398300000)]
  0x000001ff596c6000 JavaThread "Stdin handler" [_thread_blocked, id=8732, stack(0x000000b398300000,0x000000b398400000)]
  0x000001ff58dc6800 JavaThread "Daemon client event forwarder" [_thread_blocked, id=11940, stack(0x000000b398400000,0x000000b398500000)]
  0x000001ff58dc5000 JavaThread "Cache worker for journal cache (C:\Users\user\.gradle\caches\journal-1)" [_thread_blocked, id=6640, stack(0x000000b398500000,0x000000b398600000)]
  0x000001ff58dc4000 JavaThread "File lock request listener" [_thread_in_native, id=7180, stack(0x000000b398600000,0x000000b398700000)]
  0x000001ff58dc5800 JavaThread "Cache worker for file hash cache (C:\Users\user\.gradle\caches\7.3.3\fileHashes)" [_thread_blocked, id=11788, stack(0x000000b398700000,0x000000b398800000)]
  0x000001ff58dc7800 JavaThread "Cache worker for file hash cache (C:\Users\user\AndroidStudioProjects\Kotlin_lv1_HW2\.gradle\7.3.3\fileHashes)" [_thread_blocked, id=14068, stack(0x000000b398900000,0x000000b398a00000)]
  0x000001ff58dc8000 JavaThread "File watcher server" daemon [_thread_in_native, id=3100, stack(0x000000b398a00000,0x000000b398b00000)]
  0x000001ff58dc9000 JavaThread "File watcher consumer" daemon [_thread_blocked, id=7780, stack(0x000000b398b00000,0x000000b398c00000)]
  0x000001ff58dc3000 JavaThread "Cache worker for checksums cache (C:\Users\user\AndroidStudioProjects\Kotlin_lv1_HW2\.gradle\7.3.3\checksums)" [_thread_blocked, id=804, stack(0x000000b398800000,0x000000b398900000)]
  0x000001ff58dca000 JavaThread "Cache worker for cache directory md-supplier (C:\Users\user\.gradle\caches\7.3.3\md-supplier)" [_thread_blocked, id=13416, stack(0x000000b398c00000,0x000000b398d00000)]
  0x000001ff5b288000 JavaThread "Cache worker for cache directory md-rule (C:\Users\user\.gradle\caches\7.3.3\md-rule)" [_thread_blocked, id=13000, stack(0x000000b398d00000,0x000000b398e00000)]
  0x000001ff5b289000 JavaThread "Cache worker for execution history cache (C:\Users\user\.gradle\caches\7.3.3\executionHistory)" [_thread_blocked, id=13756, stack(0x000000b398e00000,0x000000b398f00000)]
  0x000001ff5b28e000 JavaThread "jar transforms" [_thread_blocked, id=4280, stack(0x000000b399000000,0x000000b399100000)]
  0x000001ff5b289800 JavaThread "Cache worker for file content cache (C:\Users\user\.gradle\caches\7.3.3\fileContent)" [_thread_blocked, id=7740, stack(0x000000b399100000,0x000000b399200000)]
  0x000001ff5b28b800 JavaThread "jar transforms Thread 2" [_thread_blocked, id=5916, stack(0x000000b399200000,0x000000b399300000)]
  0x000001ff5b290000 JavaThread "Cache worker for dependencies-accessors (C:\Users\user\AndroidStudioProjects\Kotlin_lv1_HW2\.gradle\7.3.3\dependencies-accessors)" [_thread_blocked, id=7156, stack(0x000000b399300000,0x000000b399400000)]
  0x000001ff5b28d000 JavaThread "jar transforms Thread 3" [_thread_blocked, id=3112, stack(0x000000b398f00000,0x000000b399000000)]
  0x000001ff5b28e800 JavaThread "Cache worker for Build Output Cleanup Cache (C:\Users\user\AndroidStudioProjects\Kotlin_lv1_HW2\.gradle\buildOutputCleanup)" [_thread_blocked, id=9868, stack(0x000000b399400000,0x000000b399500000)]
  0x000001ff5b28f800 JavaThread "Unconstrained build operations" [_thread_blocked, id=13532, stack(0x000000b399600000,0x000000b399700000)]
  0x000001ff5b28a800 JavaThread "Unconstrained build operations Thread 2" [_thread_in_Java, id=2208, stack(0x000000b399700000,0x000000b399800000)]
  0x000001ff5b295000 JavaThread "Unconstrained build operations Thread 3" [_thread_blocked, id=11256, stack(0x000000b399800000,0x000000b399900000)]
  0x000001ff5b292000 JavaThread "Unconstrained build operations Thread 4" [_thread_blocked, id=8428, stack(0x000000b399900000,0x000000b399a00000)]
  0x000001ff5b294800 JavaThread "Unconstrained build operations Thread 5" [_thread_blocked, id=4980, stack(0x000000b399a00000,0x000000b399b00000)]
  0x000001ff5b291000 JavaThread "Unconstrained build operations Thread 6" [_thread_blocked, id=5008, stack(0x000000b399b00000,0x000000b399c00000)]
  0x000001ff5b296000 JavaThread "Unconstrained build operations Thread 7" [_thread_blocked, id=1844, stack(0x000000b399c00000,0x000000b399d00000)]
  0x000001ff5b292800 JavaThread "Unconstrained build operations Thread 8" [_thread_blocked, id=1984, stack(0x000000b399d00000,0x000000b399e00000)]
  0x000001ff5b293800 JavaThread "Unconstrained build operations Thread 9" [_thread_blocked, id=8468, stack(0x000000b399e00000,0x000000b399f00000)]
  0x000001ff5b8fc000 JavaThread "Unconstrained build operations Thread 10" [_thread_blocked, id=9688, stack(0x000000b399f00000,0x000000b39a000000)]
  0x000001ff5b8fd000 JavaThread "Unconstrained build operations Thread 11" [_thread_blocked, id=9304, stack(0x000000b39a000000,0x000000b39a100000)]
  0x000001ff5b8f9800 JavaThread "Unconstrained build operations Thread 12" [_thread_blocked, id=1228, stack(0x000000b39a100000,0x000000b39a200000)]
  0x000001ff5b8fd800 JavaThread "Unconstrained build operations Thread 13" [_thread_blocked, id=7956, stack(0x000000b39a200000,0x000000b39a300000)]
  0x000001ff5b8fa800 JavaThread "Unconstrained build operations Thread 14" [_thread_blocked, id=13572, stack(0x000000b39a300000,0x000000b39a400000)]
  0x000001ff5b8f8000 JavaThread "Unconstrained build operations Thread 15" [_thread_blocked, id=10832, stack(0x000000b39a400000,0x000000b39a500000)]
  0x000001ff5b8fe800 JavaThread "Unconstrained build operations Thread 16" [_thread_in_Java, id=1368, stack(0x000000b39a500000,0x000000b39a600000)]
  0x000001ff5b8fb000 JavaThread "Unconstrained build operations Thread 17" [_thread_blocked, id=8684, stack(0x000000b39a600000,0x000000b39a700000)]
  0x000001ff5b8f9000 JavaThread "Unconstrained build operations Thread 18" [_thread_blocked, id=2444, stack(0x000000b39a700000,0x000000b39a800000)]
  0x000001ff5b905000 JavaThread "Unconstrained build operations Thread 19" [_thread_blocked, id=3528, stack(0x000000b39a800000,0x000000b39a900000)]
  0x000001ff5b902800 JavaThread "Unconstrained build operations Thread 20" [_thread_blocked, id=8136, stack(0x000000b39a900000,0x000000b39aa00000)]
  0x000001ff5b903800 JavaThread "Unconstrained build operations Thread 21" [_thread_blocked, id=3420, stack(0x000000b39aa00000,0x000000b39ab00000)]
  0x000001ff5b901800 JavaThread "Unconstrained build operations Thread 22" [_thread_blocked, id=14080, stack(0x000000b39ab00000,0x000000b39ac00000)]
  0x000001ff5b904000 JavaThread "Unconstrained build operations Thread 23" [_thread_blocked, id=11532, stack(0x000000b39ac00000,0x000000b39ad00000)]
  0x000001ff5b900000 JavaThread "Unconstrained build operations Thread 24" [_thread_blocked, id=10684, stack(0x000000b39ad00000,0x000000b39ae00000)]
  0x000001ff5b8ff800 JavaThread "Unconstrained build operations Thread 25" [_thread_blocked, id=5096, stack(0x000000b39ae00000,0x000000b39af00000)]
  0x000001ff5b906000 JavaThread "Unconstrained build operations Thread 26" [_thread_blocked, id=13428, stack(0x000000b39af00000,0x000000b39b000000)]
  0x000001ff5b906800 JavaThread "Unconstrained build operations Thread 27" [_thread_blocked, id=14124, stack(0x000000b39b000000,0x000000b39b100000)]
  0x000001ff5b901000 JavaThread "Unconstrained build operations Thread 28" [_thread_blocked, id=6604, stack(0x000000b39b100000,0x000000b39b200000)]
  0x000001ff5b754000 JavaThread "Unconstrained build operations Thread 29" [_thread_blocked, id=13320, stack(0x000000b39b200000,0x000000b39b300000)]
  0x000001ff5b758000 JavaThread "Unconstrained build operations Thread 30" [_thread_blocked, id=4236, stack(0x000000b39b300000,0x000000b39b400000)]
  0x000001ff5b752800 JavaThread "Unconstrained build operations Thread 31" [_thread_blocked, id=6976, stack(0x000000b39b400000,0x000000b39b500000)]
  0x000001ff5b755000 JavaThread "Unconstrained build operations Thread 32" [_thread_blocked, id=9564, stack(0x000000b39b500000,0x000000b39b600000)]
  0x000001ff5b756800 JavaThread "Unconstrained build operations Thread 33" [_thread_blocked, id=11408, stack(0x000000b39b600000,0x000000b39b700000)]
  0x000001ff5b755800 JavaThread "Unconstrained build operations Thread 34" [_thread_blocked, id=10504, stack(0x000000b39b700000,0x000000b39b800000)]
  0x000001ff5b753000 JavaThread "Unconstrained build operations Thread 35" [_thread_in_Java, id=12920, stack(0x000000b39b800000,0x000000b39b900000)]
  0x000001ff5b75d000 JavaThread "Unconstrained build operations Thread 36" [_thread_blocked, id=12444, stack(0x000000b39b900000,0x000000b39ba00000)]
  0x000001ff5b759800 JavaThread "Unconstrained build operations Thread 37" [_thread_blocked, id=10000, stack(0x000000b39ba00000,0x000000b39bb00000)]
  0x000001ff5b75a800 JavaThread "Unconstrained build operations Thread 38" [_thread_blocked, id=3056, stack(0x000000b39bb00000,0x000000b39bc00000)]
  0x000001ff5b759000 JavaThread "Unconstrained build operations Thread 39" [_thread_blocked, id=8796, stack(0x000000b39bc00000,0x000000b39bd00000)]
  0x000001ff5b75b800 JavaThread "Unconstrained build operations Thread 40" [_thread_blocked, id=9136, stack(0x000000b39bd00000,0x000000b39be00000)]
  0x000001ff5b757800 JavaThread "jar transforms Thread 4" [_thread_blocked, id=11760, stack(0x000000b39be00000,0x000000b39bf00000)]
  0x000001ff5b760000 JavaThread "Memory manager" [_thread_blocked, id=10472, stack(0x000000b39bf00000,0x000000b39c000000)]
  0x000001ff5b75e800 JavaThread "build event listener" [_thread_blocked, id=7428, stack(0x000000b39c000000,0x000000b39c100000)]
  0x000001ff5b761000 JavaThread "build event listener" [_thread_blocked, id=10208, stack(0x000000b39c100000,0x000000b39c200000)]
  0x000001ff5b75e000 JavaThread "Execution worker for ':'" [_thread_blocked, id=568, stack(0x000000b39c200000,0x000000b39c300000)]
  0x000001ff5b75f800 JavaThread "Execution worker for ':' Thread 2" [_thread_blocked, id=2872, stack(0x000000b39c300000,0x000000b39c400000)]
  0x000001ff5f740000 JavaThread "Execution worker for ':' Thread 3" [_thread_blocked, id=14028, stack(0x000000b39c400000,0x000000b39c500000)]
  0x000001ff5f742000 JavaThread "Cache worker for execution history cache (C:\Users\user\AndroidStudioProjects\Kotlin_lv1_HW2\.gradle\7.3.3\executionHistory)" [_thread_blocked, id=10992, stack(0x000000b39c500000,0x000000b39c600000)]
=>0x000001ff5f73f800 JavaThread "C2 CompilerThread1" daemon [_thread_in_native, id=6548, stack(0x000000b399500000,0x000000b399600000)]
  0x000001ff5f745000 JavaThread "WorkerExecutor Queue" [_thread_blocked, id=13516, stack(0x000000b39c800000,0x000000b39c900000)]
  0x000001ff5f746000 JavaThread "pool-3-thread-1" [_thread_blocked, id=4224, stack(0x000000b39c900000,0x000000b39ca00000)]
  0x000001ff5f743800 JavaThread "stderr" [_thread_in_native, id=14192, stack(0x000000b39ca00000,0x000000b39cb00000)]
  0x000001ff5f742800 JavaThread "stdout" [_thread_in_native, id=5336, stack(0x000000b39cb00000,0x000000b39cc00000)]

Other Threads:
  0x000001ff573bd800 VMThread "VM Thread" [stack: 0x000000b396c00000,0x000000b396d00000] [id=3256]
  0x000001ff57e04800 WatcherThread [stack: 0x000000b397700000,0x000000b397800000] [id=13108]
  0x000001ff3d7b4000 GCTaskThread "GC Thread#0" [stack: 0x000000b396700000,0x000000b396800000] [id=480]
  0x000001ff58411800 GCTaskThread "GC Thread#1" [stack: 0x000000b397900000,0x000000b397a00000] [id=7964]
  0x000001ff5828b000 GCTaskThread "GC Thread#2" [stack: 0x000000b397a00000,0x000000b397b00000] [id=3172]
  0x000001ff58714000 GCTaskThread "GC Thread#3" [stack: 0x000000b397b00000,0x000000b397c00000] [id=10636]
  0x000001ff3d7e5000 ConcurrentGCThread "G1 Main Marker" [stack: 0x000000b396800000,0x000000b396900000] [id=9108]
  0x000001ff3d7e6000 ConcurrentGCThread "G1 Conc#0" [stack: 0x000000b396900000,0x000000b396a00000] [id=9036]
  0x000001ff5720c800 ConcurrentGCThread "G1 Refine#0" [stack: 0x000000b396a00000,0x000000b396b00000] [id=1744]
  0x000001ff5720d800 ConcurrentGCThread "G1 Young RemSet Sampling" [stack: 0x000000b396b00000,0x000000b396c00000] [id=11892]

Threads with active compile tasks:
C2 CompilerThread0  53941 14934       4       com.android.tools.r8.graph.c0::a (1050 bytes)
C2 CompilerThread1  53941 14949       4       com.android.tools.r8.ir.regalloc.b::c (3963 bytes)

VM state:not at safepoint (normal execution)

VM Mutex/Monitor currently owned by a thread: None

Heap address: 0x0000000080000000, size: 2048 MB, Compressed Oops mode: 32-bit
Narrow klass base: 0x0000000000000000, Narrow klass shift: 3
Compressed class space size: 1073741824 Address: 0x0000000100000000

Heap:
 garbage-first heap   total 236544K, used 169078K [0x0000000080000000, 0x0000000100000000)
  region size 1024K, 45 young (46080K), 2 survivors (2048K)
 Metaspace       used 104053K, capacity 106499K, committed 106572K, reserved 1140736K
  class space    used 13398K, capacity 14350K, committed 14412K, reserved 1048576K
Heap Regions: E=young(eden), S=young(survivor), O=old, HS=humongous(starts), HC=humongous(continues), CS=collection set, F=free, A=archive, TAMS=top-at-mark-start (previous, next)
|   0|0x0000000080000000, 0x0000000080100000, 0x0000000080100000|100%| O|  |TAMS 0x0000000080100000, 0x0000000080000000| Untracked 
|   1|0x0000000080100000, 0x0000000080200000, 0x0000000080200000|100%| O|  |TAMS 0x0000000080200000, 0x0000000080100000| Untracked 
|   2|0x0000000080200000, 0x0000000080300000, 0x0000000080300000|100%| O|  |TAMS 0x0000000080300000, 0x0000000080200000| Untracked 
|   3|0x0000000080300000, 0x0000000080400000, 0x0000000080400000|100%|HS|  |TAMS 0x0000000080400000, 0x0000000080300000| Complete 
|   4|0x0000000080400000, 0x0000000080500000, 0x0000000080500000|100%|HC|  |TAMS 0x0000000080500000, 0x0000000080400000| Complete 
|   5|0x0000000080500000, 0x0000000080600000, 0x0000000080600000|100%|HC|  |TAMS 0x0000000080600000, 0x0000000080500000| Complete 
|   6|0x0000000080600000, 0x0000000080700000, 0x0000000080700000|100%| O|  |TAMS 0x0000000080700000, 0x0000000080600000| Untracked 
|   7|0x0000000080700000, 0x0000000080800000, 0x0000000080800000|100%| O|  |TAMS 0x0000000080800000, 0x0000000080700000| Untracked 
|   8|0x0000000080800000, 0x0000000080900000, 0x0000000080900000|100%| O|  |TAMS 0x0000000080900000, 0x0000000080800000| Untracked 
|   9|0x0000000080900000, 0x0000000080a00000, 0x0000000080a00000|100%| O|  |TAMS 0x0000000080a00000, 0x0000000080900000| Untracked 
|  10|0x0000000080a00000, 0x0000000080b00000, 0x0000000080b00000|100%| O|  |TAMS 0x0000000080b00000, 0x0000000080a00000| Untracked 
|  11|0x0000000080b00000, 0x0000000080c00000, 0x0000000080c00000|100%| O|  |TAMS 0x0000000080c00000, 0x0000000080b00000| Untracked 
|  12|0x0000000080c00000, 0x0000000080d00000, 0x0000000080d00000|100%| O|  |TAMS 0x0000000080d00000, 0x0000000080c00000| Untracked 
|  13|0x0000000080d00000, 0x0000000080e00000, 0x0000000080e00000|100%| O|  |TAMS 0x0000000080e00000, 0x0000000080d00000| Untracked 
|  14|0x0000000080e00000, 0x0000000080f00000, 0x0000000080f00000|100%| O|  |TAMS 0x0000000080f00000, 0x0000000080e00000| Untracked 
|  15|0x0000000080f00000, 0x0000000081000000, 0x0000000081000000|100%| O|  |TAMS 0x0000000081000000, 0x0000000080f00000| Untracked 
|  16|0x0000000081000000, 0x0000000081100000, 0x0000000081100000|100%| O|  |TAMS 0x0000000081100000, 0x0000000081000000| Untracked 
|  17|0x0000000081100000, 0x0000000081200000, 0x0000000081200000|100%| O|  |TAMS 0x0000000081200000, 0x0000000081100000| Untracked 
|  18|0x0000000081200000, 0x0000000081300000, 0x0000000081300000|100%|HS|  |TAMS 0x0000000081300000, 0x0000000081200000| Complete 
|  19|0x0000000081300000, 0x0000000081400000, 0x0000000081400000|100%|HS|  |TAMS 0x0000000081400000, 0x0000000081300000| Complete 
|  20|0x0000000081400000, 0x0000000081500000, 0x0000000081500000|100%| O|  |TAMS 0x0000000081500000, 0x0000000081400000| Untracked 
|  21|0x0000000081500000, 0x0000000081600000, 0x0000000081600000|100%|HS|  |TAMS 0x0000000081600000, 0x0000000081500000| Complete 
|  22|0x0000000081600000, 0x0000000081700000, 0x0000000081700000|100%| O|  |TAMS 0x0000000081700000, 0x0000000081600000| Untracked 
|  23|0x0000000081700000, 0x0000000081800000, 0x0000000081800000|100%| O|  |TAMS 0x0000000081800000, 0x0000000081700000| Untracked 
|  24|0x0000000081800000, 0x0000000081900000, 0x0000000081900000|100%| O|  |TAMS 0x0000000081900000, 0x0000000081800000| Untracked 
|  25|0x0000000081900000, 0x0000000081a00000, 0x0000000081a00000|100%| O|  |TAMS 0x0000000081a00000, 0x0000000081900000| Untracked 
|  26|0x0000000081a00000, 0x0000000081b00000, 0x0000000081b00000|100%| O|  |TAMS 0x0000000081b00000, 0x0000000081a00000| Untracked 
|  27|0x0000000081b00000, 0x0000000081c00000, 0x0000000081c00000|100%|HS|  |TAMS 0x0000000081c00000, 0x0000000081b00000| Complete 
|  28|0x0000000081c00000, 0x0000000081d00000, 0x0000000081d00000|100%|HC|  |TAMS 0x0000000081d00000, 0x0000000081c00000| Complete 
|  29|0x0000000081d00000, 0x0000000081e00000, 0x0000000081e00000|100%|HC|  |TAMS 0x0000000081e00000, 0x0000000081d00000| Complete 
|  30|0x0000000081e00000, 0x0000000081f00000, 0x0000000081f00000|100%|HS|  |TAMS 0x0000000081f00000, 0x0000000081e00000| Complete 
|  31|0x0000000081f00000, 0x0000000082000000, 0x0000000082000000|100%|HC|  |TAMS 0x0000000082000000, 0x0000000081f00000| Complete 
|  32|0x0000000082000000, 0x0000000082100000, 0x0000000082100000|100%| O|  |TAMS 0x0000000082100000, 0x0000000082000000| Untracked 
|  33|0x0000000082100000, 0x0000000082200000, 0x0000000082200000|100%| O|  |TAMS 0x0000000082200000, 0x0000000082100000| Untracked 
|  34|0x0000000082200000, 0x0000000082300000, 0x0000000082300000|100%| O|  |TAMS 0x0000000082300000, 0x0000000082200000| Untracked 
|  35|0x0000000082300000, 0x0000000082400000, 0x0000000082400000|100%| O|  |TAMS 0x0000000082400000, 0x0000000082300000| Untracked 
|  36|0x0000000082400000, 0x0000000082500000, 0x0000000082500000|100%| O|  |TAMS 0x0000000082500000, 0x0000000082400000| Untracked 
|  37|0x0000000082500000, 0x0000000082600000, 0x0000000082600000|100%| O|  |TAMS 0x0000000082600000, 0x0000000082500000| Untracked 
|  38|0x0000000082600000, 0x0000000082700000, 0x0000000082700000|100%| O|  |TAMS 0x0000000082700000, 0x0000000082600000| Untracked 
|  39|0x0000000082700000, 0x0000000082800000, 0x0000000082800000|100%| O|  |TAMS 0x0000000082800000, 0x0000000082700000| Untracked 
|  40|0x0000000082800000, 0x0000000082900000, 0x0000000082900000|100%| O|  |TAMS 0x0000000082900000, 0x0000000082800000| Untracked 
|  41|0x0000000082900000, 0x0000000082a00000, 0x0000000082a00000|100%| O|  |TAMS 0x0000000082a00000, 0x0000000082900000| Untracked 
|  42|0x0000000082a00000, 0x0000000082b00000, 0x0000000082b00000|100%| O|  |TAMS 0x0000000082b00000, 0x0000000082a00000| Untracked 
|  43|0x0000000082b00000, 0x0000000082c00000, 0x0000000082c00000|100%| O|  |TAMS 0x0000000082c00000, 0x0000000082b00000| Untracked 
|  44|0x0000000082c00000, 0x0000000082d00000, 0x0000000082d00000|100%| O|  |TAMS 0x0000000082d00000, 0x0000000082c00000| Untracked 
|  45|0x0000000082d00000, 0x0000000082e00000, 0x0000000082e00000|100%| O|  |TAMS 0x0000000082e00000, 0x0000000082d00000| Untracked 
|  46|0x0000000082e00000, 0x0000000082f00000, 0x0000000082f00000|100%| O|  |TAMS 0x0000000082f00000, 0x0000000082e00000| Untracked 
|  47|0x0000000082f00000, 0x0000000083000000, 0x0000000083000000|100%| O|  |TAMS 0x0000000083000000, 0x0000000082f00000| Untracked 
|  48|0x0000000083000000, 0x0000000083100000, 0x0000000083100000|100%| O|  |TAMS 0x0000000083100000, 0x0000000083000000| Untracked 
|  49|0x0000000083100000, 0x0000000083200000, 0x0000000083200000|100%| O|  |TAMS 0x0000000083200000, 0x0000000083100000| Untracked 
|  50|0x0000000083200000, 0x0000000083300000, 0x0000000083300000|100%| O|  |TAMS 0x0000000083300000, 0x0000000083200000| Untracked 
|  51|0x0000000083300000, 0x0000000083400000, 0x0000000083400000|100%| O|  |TAMS 0x0000000083400000, 0x0000000083300000| Untracked 
|  52|0x0000000083400000, 0x0000000083500000, 0x0000000083500000|100%| O|  |TAMS 0x0000000083500000, 0x0000000083400000| Untracked 
|  53|0x0000000083500000, 0x0000000083600000, 0x0000000083600000|100%| O|  |TAMS 0x0000000083600000, 0x0000000083500000| Untracked 
|  54|0x0000000083600000, 0x0000000083700000, 0x0000000083700000|100%| O|  |TAMS 0x0000000083700000, 0x0000000083600000| Untracked 
|  55|0x0000000083700000, 0x0000000083800000, 0x0000000083800000|100%| O|  |TAMS 0x0000000083800000, 0x0000000083700000| Untracked 
|  56|0x0000000083800000, 0x0000000083900000, 0x0000000083900000|100%| O|  |TAMS 0x0000000083900000, 0x0000000083800000| Untracked 
|  57|0x0000000083900000, 0x0000000083a00000, 0x0000000083a00000|100%| O|  |TAMS 0x0000000083a00000, 0x0000000083900000| Untracked 
|  58|0x0000000083a00000, 0x0000000083b00000, 0x0000000083b00000|100%| O|  |TAMS 0x0000000083b00000, 0x0000000083a00000| Untracked 
|  59|0x0000000083b00000, 0x0000000083c00000, 0x0000000083c00000|100%| O|  |TAMS 0x0000000083c00000, 0x0000000083b00000| Untracked 
|  60|0x0000000083c00000, 0x0000000083d00000, 0x0000000083d00000|100%| O|  |TAMS 0x0000000083d00000, 0x0000000083c00000| Untracked 
|  61|0x0000000083d00000, 0x0000000083e00000, 0x0000000083e00000|100%| O|  |TAMS 0x0000000083e00000, 0x0000000083d00000| Untracked 
|  62|0x0000000083e00000, 0x0000000083f00000, 0x0000000083f00000|100%| O|  |TAMS 0x0000000083f00000, 0x0000000083e00000| Untracked 
|  63|0x0000000083f00000, 0x0000000084000000, 0x0000000084000000|100%| O|  |TAMS 0x0000000084000000, 0x0000000083f00000| Untracked 
|  64|0x0000000084000000, 0x0000000084100000, 0x0000000084100000|100%| O|  |TAMS 0x0000000084100000, 0x0000000084000000| Untracked 
|  65|0x0000000084100000, 0x0000000084200000, 0x0000000084200000|100%| O|  |TAMS 0x0000000084200000, 0x0000000084100000| Untracked 
|  66|0x0000000084200000, 0x0000000084300000, 0x0000000084300000|100%| O|  |TAMS 0x0000000084300000, 0x0000000084200000| Untracked 
|  67|0x0000000084300000, 0x0000000084400000, 0x0000000084400000|100%| O|  |TAMS 0x0000000084400000, 0x0000000084300000| Untracked 
|  68|0x0000000084400000, 0x0000000084500000, 0x0000000084500000|100%| O|  |TAMS 0x0000000084500000, 0x0000000084400000| Untracked 
|  69|0x0000000084500000, 0x0000000084600000, 0x0000000084600000|100%| O|  |TAMS 0x0000000084600000, 0x0000000084500000| Untracked 
|  70|0x0000000084600000, 0x0000000084700000, 0x0000000084700000|100%| O|  |TAMS 0x0000000084700000, 0x0000000084600000| Untracked 
|  71|0x0000000084700000, 0x0000000084800000, 0x0000000084800000|100%| O|  |TAMS 0x0000000084800000, 0x0000000084700000| Untracked 
|  72|0x0000000084800000, 0x0000000084900000, 0x0000000084900000|100%| O|  |TAMS 0x0000000084900000, 0x0000000084800000| Untracked 
|  73|0x0000000084900000, 0x0000000084a00000, 0x0000000084a00000|100%| O|  |TAMS 0x0000000084a00000, 0x0000000084900000| Untracked 
|  74|0x0000000084a00000, 0x0000000084b00000, 0x0000000084b00000|100%| O|  |TAMS 0x0000000084b00000, 0x0000000084a00000| Untracked 
|  75|0x0000000084b00000, 0x0000000084c00000, 0x0000000084c00000|100%| O|  |TAMS 0x0000000084c00000, 0x0000000084b00000| Untracked 
|  76|0x0000000084c00000, 0x0000000084d00000, 0x0000000084d00000|100%| O|  |TAMS 0x0000000084d00000, 0x0000000084c00000| Untracked 
|  77|0x0000000084d00000, 0x0000000084e00000, 0x0000000084e00000|100%| O|  |TAMS 0x0000000084e00000, 0x0000000084d00000| Untracked 
|  78|0x0000000084e00000, 0x0000000084f00000, 0x0000000084f00000|100%| O|  |TAMS 0x0000000084f00000, 0x0000000084e00000| Untracked 
|  79|0x0000000084f00000, 0x0000000085000000, 0x0000000085000000|100%| O|  |TAMS 0x0000000085000000, 0x0000000084f00000| Untracked 
|  80|0x0000000085000000, 0x0000000085100000, 0x0000000085100000|100%| O|  |TAMS 0x0000000085100000, 0x0000000085000000| Untracked 
|  81|0x0000000085100000, 0x0000000085200000, 0x0000000085200000|100%| O|  |TAMS 0x0000000085200000, 0x0000000085100000| Untracked 
|  82|0x0000000085200000, 0x0000000085300000, 0x0000000085300000|100%| O|  |TAMS 0x0000000085300000, 0x0000000085200000| Untracked 
|  83|0x0000000085300000, 0x0000000085400000, 0x0000000085400000|100%| O|  |TAMS 0x0000000085400000, 0x0000000085300000| Untracked 
|  84|0x0000000085400000, 0x0000000085500000, 0x0000000085500000|100%| O|  |TAMS 0x0000000085500000, 0x0000000085400000| Untracked 
|  85|0x0000000085500000, 0x0000000085600000, 0x0000000085600000|100%| O|  |TAMS 0x0000000085600000, 0x0000000085500000| Untracked 
|  86|0x0000000085600000, 0x0000000085700000, 0x0000000085700000|100%| O|  |TAMS 0x0000000085700000, 0x0000000085600000| Untracked 
|  87|0x0000000085700000, 0x0000000085800000, 0x0000000085800000|100%| O|  |TAMS 0x0000000085800000, 0x0000000085700000| Untracked 
|  88|0x0000000085800000, 0x0000000085900000, 0x0000000085900000|100%| O|  |TAMS 0x0000000085900000, 0x0000000085800000| Untracked 
|  89|0x0000000085900000, 0x0000000085a00000, 0x0000000085a00000|100%| O|  |TAMS 0x0000000085a00000, 0x0000000085900000| Untracked 
|  90|0x0000000085a00000, 0x0000000085b00000, 0x0000000085b00000|100%| O|  |TAMS 0x0000000085b00000, 0x0000000085a00000| Untracked 
|  91|0x0000000085b00000, 0x0000000085c00000, 0x0000000085c00000|100%| O|  |TAMS 0x0000000085c00000, 0x0000000085b00000| Untracked 
|  92|0x0000000085c00000, 0x0000000085d00000, 0x0000000085d00000|100%| O|  |TAMS 0x0000000085d00000, 0x0000000085c00000| Untracked 
|  93|0x0000000085d00000, 0x0000000085e00000, 0x0000000085e00000|100%| O|  |TAMS 0x0000000085e00000, 0x0000000085d00000| Untracked 
|  94|0x0000000085e00000, 0x0000000085f00000, 0x0000000085f00000|100%| O|  |TAMS 0x0000000085f00000, 0x0000000085e00000| Untracked 
|  95|0x0000000085f00000, 0x0000000086000000, 0x0000000086000000|100%| O|  |TAMS 0x0000000086000000, 0x0000000085f00000| Untracked 
|  96|0x0000000086000000, 0x0000000086100000, 0x0000000086100000|100%| O|  |TAMS 0x0000000086100000, 0x0000000086000000| Untracked 
|  97|0x0000000086100000, 0x0000000086200000, 0x0000000086200000|100%| O|  |TAMS 0x0000000086200000, 0x0000000086100000| Untracked 
|  98|0x0000000086200000, 0x0000000086300000, 0x0000000086300000|100%| O|  |TAMS 0x0000000086300000, 0x0000000086200000| Untracked 
|  99|0x0000000086300000, 0x0000000086400000, 0x0000000086400000|100%| O|  |TAMS 0x0000000086400000, 0x0000000086300000| Untracked 
| 100|0x0000000086400000, 0x0000000086500000, 0x0000000086500000|100%| O|  |TAMS 0x0000000086500000, 0x0000000086400000| Untracked 
| 101|0x0000000086500000, 0x0000000086600000, 0x0000000086600000|100%| O|  |TAMS 0x0000000086600000, 0x0000000086500000| Untracked 
| 102|0x0000000086600000, 0x0000000086700000, 0x0000000086700000|100%| O|  |TAMS 0x0000000086700000, 0x0000000086600000| Untracked 
| 103|0x0000000086700000, 0x0000000086800000, 0x0000000086800000|100%| O|  |TAMS 0x0000000086800000, 0x0000000086700000| Untracked 
| 104|0x0000000086800000, 0x0000000086900000, 0x0000000086900000|100%| O|  |TAMS 0x0000000086900000, 0x0000000086800000| Untracked 
| 105|0x0000000086900000, 0x0000000086a00000, 0x0000000086a00000|100%| O|  |TAMS 0x0000000086a00000, 0x0000000086900000| Untracked 
| 106|0x0000000086a00000, 0x0000000086b00000, 0x0000000086b00000|100%| O|  |TAMS 0x0000000086b00000, 0x0000000086a00000| Untracked 
| 107|0x0000000086b00000, 0x0000000086c00000, 0x0000000086c00000|100%| O|  |TAMS 0x0000000086c00000, 0x0000000086b00000| Untracked 
| 108|0x0000000086c00000, 0x0000000086d00000, 0x0000000086d00000|100%| O|  |TAMS 0x0000000086d00000, 0x0000000086c00000| Untracked 
| 109|0x0000000086d00000, 0x0000000086e00000, 0x0000000086e00000|100%| O|  |TAMS 0x0000000086e00000, 0x0000000086d00000| Untracked 
| 110|0x0000000086e00000, 0x0000000086f00000, 0x0000000086f00000|100%| O|  |TAMS 0x0000000086f00000, 0x0000000086e00000| Untracked 
| 111|0x0000000086f00000, 0x0000000087000000, 0x0000000087000000|100%| O|  |TAMS 0x0000000087000000, 0x0000000086f00000| Untracked 
| 112|0x0000000087000000, 0x0000000087100000, 0x0000000087100000|100%| O|  |TAMS 0x0000000087100000, 0x0000000087000000| Untracked 
| 113|0x0000000087100000, 0x0000000087200000, 0x0000000087200000|100%| O|  |TAMS 0x0000000087200000, 0x0000000087100000| Untracked 
| 114|0x0000000087200000, 0x0000000087300000, 0x0000000087300000|100%| O|  |TAMS 0x0000000087300000, 0x0000000087200000| Untracked 
| 115|0x0000000087300000, 0x0000000087400000, 0x0000000087400000|100%| O|  |TAMS 0x0000000087400000, 0x0000000087300000| Untracked 
| 116|0x0000000087400000, 0x0000000087500000, 0x0000000087500000|100%| O|  |TAMS 0x0000000087500000, 0x0000000087400000| Untracked 
| 117|0x0000000087500000, 0x0000000087600000, 0x0000000087600000|100%| O|  |TAMS 0x0000000087600000, 0x0000000087500000| Untracked 
| 118|0x0000000087600000, 0x0000000087700000, 0x0000000087700000|100%| O|  |TAMS 0x0000000087700000, 0x0000000087600000| Untracked 
| 119|0x0000000087700000, 0x0000000087800000, 0x0000000087800000|100%| O|  |TAMS 0x0000000087800000, 0x0000000087700000| Untracked 
| 120|0x0000000087800000, 0x0000000087900000, 0x0000000087900000|100%| O|  |TAMS 0x0000000087900000, 0x0000000087800000| Untracked 
| 121|0x0000000087900000, 0x000000008796b000, 0x0000000087a00000| 41%| O|  |TAMS 0x000000008796b000, 0x0000000087900000| Untracked 
| 122|0x0000000087a00000, 0x0000000087a00000, 0x0000000087b00000|  0%| F|  |TAMS 0x0000000087a00000, 0x0000000087a00000| Untracked 
| 123|0x0000000087b00000, 0x0000000087b00000, 0x0000000087c00000|  0%| F|  |TAMS 0x0000000087b00000, 0x0000000087b00000| Untracked 
| 124|0x0000000087c00000, 0x0000000087c00000, 0x0000000087d00000|  0%| F|  |TAMS 0x0000000087c00000, 0x0000000087c00000| Untracked 
| 125|0x0000000087d00000, 0x0000000087d00000, 0x0000000087e00000|  0%| F|  |TAMS 0x0000000087d00000, 0x0000000087d00000| Untracked 
| 126|0x0000000087e00000, 0x0000000087e00000, 0x0000000087f00000|  0%| F|  |TAMS 0x0000000087e00000, 0x0000000087e00000| Untracked 
| 127|0x0000000087f00000, 0x0000000087f00000, 0x0000000088000000|  0%| F|  |TAMS 0x0000000087f00000, 0x0000000087f00000| Untracked 
| 128|0x0000000088000000, 0x0000000088000000, 0x0000000088100000|  0%| F|  |TAMS 0x0000000088000000, 0x0000000088000000| Untracked 
| 129|0x0000000088100000, 0x0000000088100000, 0x0000000088200000|  0%| F|  |TAMS 0x0000000088100000, 0x0000000088100000| Untracked 
| 130|0x0000000088200000, 0x0000000088200000, 0x0000000088300000|  0%| F|  |TAMS 0x0000000088200000, 0x0000000088200000| Untracked 
| 131|0x0000000088300000, 0x0000000088300000, 0x0000000088400000|  0%| F|  |TAMS 0x0000000088300000, 0x0000000088300000| Untracked 
| 132|0x0000000088400000, 0x0000000088400000, 0x0000000088500000|  0%| F|  |TAMS 0x0000000088400000, 0x0000000088400000| Untracked 
| 133|0x0000000088500000, 0x0000000088500000, 0x0000000088600000|  0%| F|  |TAMS 0x0000000088500000, 0x0000000088500000| Untracked 
| 134|0x0000000088600000, 0x0000000088600000, 0x0000000088700000|  0%| F|  |TAMS 0x0000000088600000, 0x0000000088600000| Untracked 
| 135|0x0000000088700000, 0x0000000088700000, 0x0000000088800000|  0%| F|  |TAMS 0x0000000088700000, 0x0000000088700000| Untracked 
| 136|0x0000000088800000, 0x0000000088800000, 0x0000000088900000|  0%| F|  |TAMS 0x0000000088800000, 0x0000000088800000| Untracked 
| 137|0x0000000088900000, 0x0000000088900000, 0x0000000088a00000|  0%| F|  |TAMS 0x0000000088900000, 0x0000000088900000| Untracked 
| 138|0x0000000088a00000, 0x0000000088a00000, 0x0000000088b00000|  0%| F|  |TAMS 0x0000000088a00000, 0x0000000088a00000| Untracked 
| 139|0x0000000088b00000, 0x0000000088b00000, 0x0000000088c00000|  0%| F|  |TAMS 0x0000000088b00000, 0x0000000088b00000| Untracked 
| 140|0x0000000088c00000, 0x0000000088c00000, 0x0000000088d00000|  0%| F|  |TAMS 0x0000000088c00000, 0x0000000088c00000| Untracked 
| 141|0x0000000088d00000, 0x0000000088d00000, 0x0000000088e00000|  0%| F|  |TAMS 0x0000000088d00000, 0x0000000088d00000| Untracked 
| 142|0x0000000088e00000, 0x0000000088e00000, 0x0000000088f00000|  0%| F|  |TAMS 0x0000000088e00000, 0x0000000088e00000| Untracked 
| 143|0x0000000088f00000, 0x0000000088f00000, 0x0000000089000000|  0%| F|  |TAMS 0x0000000088f00000, 0x0000000088f00000| Untracked 
| 144|0x0000000089000000, 0x0000000089000000, 0x0000000089100000|  0%| F|  |TAMS 0x0000000089000000, 0x0000000089000000| Untracked 
| 145|0x0000000089100000, 0x0000000089100000, 0x0000000089200000|  0%| F|  |TAMS 0x0000000089100000, 0x0000000089100000| Untracked 
| 146|0x0000000089200000, 0x0000000089200000, 0x0000000089300000|  0%| F|  |TAMS 0x0000000089200000, 0x0000000089200000| Untracked 
| 147|0x0000000089300000, 0x0000000089300000, 0x0000000089400000|  0%| F|  |TAMS 0x0000000089300000, 0x0000000089300000| Untracked 
| 148|0x0000000089400000, 0x0000000089400000, 0x0000000089500000|  0%| F|  |TAMS 0x0000000089400000, 0x0000000089400000| Untracked 
| 149|0x0000000089500000, 0x0000000089500000, 0x0000000089600000|  0%| F|  |TAMS 0x0000000089500000, 0x0000000089500000| Untracked 
| 150|0x0000000089600000, 0x0000000089600000, 0x0000000089700000|  0%| F|  |TAMS 0x0000000089600000, 0x0000000089600000| Untracked 
| 151|0x0000000089700000, 0x0000000089700000, 0x0000000089800000|  0%| F|  |TAMS 0x0000000089700000, 0x0000000089700000| Untracked 
| 152|0x0000000089800000, 0x0000000089800000, 0x0000000089900000|  0%| F|  |TAMS 0x0000000089800000, 0x0000000089800000| Untracked 
| 153|0x0000000089900000, 0x0000000089900000, 0x0000000089a00000|  0%| F|  |TAMS 0x0000000089900000, 0x0000000089900000| Untracked 
| 154|0x0000000089a00000, 0x0000000089a00000, 0x0000000089b00000|  0%| F|  |TAMS 0x0000000089a00000, 0x0000000089a00000| Untracked 
| 155|0x0000000089b00000, 0x0000000089b00000, 0x0000000089c00000|  0%| F|  |TAMS 0x0000000089b00000, 0x0000000089b00000| Untracked 
| 156|0x0000000089c00000, 0x0000000089c00000, 0x0000000089d00000|  0%| F|  |TAMS 0x0000000089c00000, 0x0000000089c00000| Untracked 
| 157|0x0000000089d00000, 0x0000000089d00000, 0x0000000089e00000|  0%| F|  |TAMS 0x0000000089d00000, 0x0000000089d00000| Untracked 
| 158|0x0000000089e00000, 0x0000000089e00000, 0x0000000089f00000|  0%| F|  |TAMS 0x0000000089e00000, 0x0000000089e00000| Untracked 
| 159|0x0000000089f00000, 0x0000000089f00000, 0x000000008a000000|  0%| F|  |TAMS 0x0000000089f00000, 0x0000000089f00000| Untracked 
| 160|0x000000008a000000, 0x000000008a000000, 0x000000008a100000|  0%| F|  |TAMS 0x000000008a000000, 0x000000008a000000| Untracked 
| 161|0x000000008a100000, 0x000000008a100000, 0x000000008a200000|  0%| F|  |TAMS 0x000000008a100000, 0x000000008a100000| Untracked 
| 162|0x000000008a200000, 0x000000008a200000, 0x000000008a300000|  0%| F|  |TAMS 0x000000008a200000, 0x000000008a200000| Untracked 
| 163|0x000000008a300000, 0x000000008a300000, 0x000000008a400000|  0%| F|  |TAMS 0x000000008a300000, 0x000000008a300000| Untracked 
| 164|0x000000008a400000, 0x000000008a400000, 0x000000008a500000|  0%| F|  |TAMS 0x000000008a400000, 0x000000008a400000| Untracked 
| 165|0x000000008a500000, 0x000000008a500000, 0x000000008a600000|  0%| F|  |TAMS 0x000000008a500000, 0x000000008a500000| Untracked 
| 166|0x000000008a600000, 0x000000008a600000, 0x000000008a700000|  0%| F|  |TAMS 0x000000008a600000, 0x000000008a600000| Untracked 
| 167|0x000000008a700000, 0x000000008a7b28c0, 0x000000008a800000| 69%| S|CS|TAMS 0x000000008a700000, 0x000000008a700000| Complete 
| 168|0x000000008a800000, 0x000000008a800000, 0x000000008a900000|  0%| F|  |TAMS 0x000000008a800000, 0x000000008a800000| Untracked 
| 169|0x000000008a900000, 0x000000008a900000, 0x000000008aa00000|  0%| F|  |TAMS 0x000000008a900000, 0x000000008a900000| Untracked 
| 170|0x000000008aa00000, 0x000000008ab00000, 0x000000008ab00000|100%| S|CS|TAMS 0x000000008aa00000, 0x000000008aa00000| Complete 
| 171|0x000000008ab00000, 0x000000008ab00000, 0x000000008ac00000|  0%| F|  |TAMS 0x000000008ab00000, 0x000000008ab00000| Untracked 
| 172|0x000000008ac00000, 0x000000008ac00000, 0x000000008ad00000|  0%| F|  |TAMS 0x000000008ac00000, 0x000000008ac00000| Untracked 
| 173|0x000000008ad00000, 0x000000008ad00000, 0x000000008ae00000|  0%| F|  |TAMS 0x000000008ad00000, 0x000000008ad00000| Untracked 
| 174|0x000000008ae00000, 0x000000008ae00000, 0x000000008af00000|  0%| F|  |TAMS 0x000000008ae00000, 0x000000008ae00000| Untracked 
| 175|0x000000008af00000, 0x000000008af00000, 0x000000008b000000|  0%| F|  |TAMS 0x000000008af00000, 0x000000008af00000| Untracked 
| 176|0x000000008b000000, 0x000000008b000000, 0x000000008b100000|  0%| F|  |TAMS 0x000000008b000000, 0x000000008b000000| Untracked 
| 177|0x000000008b100000, 0x000000008b100000, 0x000000008b200000|  0%| F|  |TAMS 0x000000008b100000, 0x000000008b100000| Untracked 
| 178|0x000000008b200000, 0x000000008b200000, 0x000000008b300000|  0%| F|  |TAMS 0x000000008b200000, 0x000000008b200000| Untracked 
| 179|0x000000008b300000, 0x000000008b300000, 0x000000008b400000|  0%| F|  |TAMS 0x000000008b300000, 0x000000008b300000| Untracked 
| 180|0x000000008b400000, 0x000000008b400000, 0x000000008b500000|  0%| F|  |TAMS 0x000000008b400000, 0x000000008b400000| Untracked 
| 181|0x000000008b500000, 0x000000008b500000, 0x000000008b600000|  0%| F|  |TAMS 0x000000008b500000, 0x000000008b500000| Untracked 
| 182|0x000000008b600000, 0x000000008b600000, 0x000000008b700000|  0%| F|  |TAMS 0x000000008b600000, 0x000000008b600000| Untracked 
| 183|0x000000008b700000, 0x000000008b700000, 0x000000008b800000|  0%| F|  |TAMS 0x000000008b700000, 0x000000008b700000| Untracked 
| 184|0x000000008b800000, 0x000000008b800000, 0x000000008b900000|  0%| F|  |TAMS 0x000000008b800000, 0x000000008b800000| Untracked 
| 185|0x000000008b900000, 0x000000008b900000, 0x000000008ba00000|  0%| F|  |TAMS 0x000000008b900000, 0x000000008b900000| Untracked 
| 186|0x000000008ba00000, 0x000000008ba00000, 0x000000008bb00000|  0%| F|  |TAMS 0x000000008ba00000, 0x000000008ba00000| Untracked 
| 187|0x000000008bb00000, 0x000000008bb00000, 0x000000008bc00000|  0%| F|  |TAMS 0x000000008bb00000, 0x000000008bb00000| Untracked 
| 188|0x000000008bc00000, 0x000000008bce4fb8, 0x000000008bd00000| 89%| E|  |TAMS 0x000000008bc00000, 0x000000008bc00000| Complete 
| 189|0x000000008bd00000, 0x000000008be00000, 0x000000008be00000|100%| E|CS|TAMS 0x000000008bd00000, 0x000000008bd00000| Complete 
| 190|0x000000008be00000, 0x000000008bf00000, 0x000000008bf00000|100%| E|CS|TAMS 0x000000008be00000, 0x000000008be00000| Complete 
| 191|0x000000008bf00000, 0x000000008c000000, 0x000000008c000000|100%| E|CS|TAMS 0x000000008bf00000, 0x000000008bf00000| Complete 
| 192|0x000000008c000000, 0x000000008c100000, 0x000000008c100000|100%| E|CS|TAMS 0x000000008c000000, 0x000000008c000000| Complete 
| 193|0x000000008c100000, 0x000000008c200000, 0x000000008c200000|100%| E|CS|TAMS 0x000000008c100000, 0x000000008c100000| Complete 
| 194|0x000000008c200000, 0x000000008c300000, 0x000000008c300000|100%| E|CS|TAMS 0x000000008c200000, 0x000000008c200000| Complete 
| 195|0x000000008c300000, 0x000000008c400000, 0x000000008c400000|100%| E|CS|TAMS 0x000000008c300000, 0x000000008c300000| Complete 
| 196|0x000000008c400000, 0x000000008c500000, 0x000000008c500000|100%| E|CS|TAMS 0x000000008c400000, 0x000000008c400000| Complete 
| 197|0x000000008c500000, 0x000000008c600000, 0x000000008c600000|100%| E|CS|TAMS 0x000000008c500000, 0x000000008c500000| Complete 
| 198|0x000000008c600000, 0x000000008c700000, 0x000000008c700000|100%| E|CS|TAMS 0x000000008c600000, 0x000000008c600000| Complete 
| 199|0x000000008c700000, 0x000000008c800000, 0x000000008c800000|100%| E|CS|TAMS 0x000000008c700000, 0x000000008c700000| Complete 
| 200|0x000000008c800000, 0x000000008c900000, 0x000000008c900000|100%| E|CS|TAMS 0x000000008c800000, 0x000000008c800000| Complete 
| 201|0x000000008c900000, 0x000000008ca00000, 0x000000008ca00000|100%| E|CS|TAMS 0x000000008c900000, 0x000000008c900000| Complete 
| 202|0x000000008ca00000, 0x000000008cb00000, 0x000000008cb00000|100%| E|CS|TAMS 0x000000008ca00000, 0x000000008ca00000| Complete 
| 203|0x000000008cb00000, 0x000000008cc00000, 0x000000008cc00000|100%| E|CS|TAMS 0x000000008cb00000, 0x000000008cb00000| Complete 
| 204|0x000000008cc00000, 0x000000008cd00000, 0x000000008cd00000|100%| E|CS|TAMS 0x000000008cc00000, 0x000000008cc00000| Complete 
| 205|0x000000008cd00000, 0x000000008ce00000, 0x000000008ce00000|100%| E|CS|TAMS 0x000000008cd00000, 0x000000008cd00000| Complete 
| 206|0x000000008ce00000, 0x000000008cf00000, 0x000000008cf00000|100%| E|CS|TAMS 0x000000008ce00000, 0x000000008ce00000| Complete 
| 207|0x000000008cf00000, 0x000000008d000000, 0x000000008d000000|100%| E|CS|TAMS 0x000000008cf00000, 0x000000008cf00000| Complete 
| 208|0x000000008d000000, 0x000000008d100000, 0x000000008d100000|100%| E|CS|TAMS 0x000000008d000000, 0x000000008d000000| Complete 
| 209|0x000000008d100000, 0x000000008d200000, 0x000000008d200000|100%| E|CS|TAMS 0x000000008d100000, 0x000000008d100000| Complete 
| 210|0x000000008d200000, 0x000000008d300000, 0x000000008d300000|100%| E|CS|TAMS 0x000000008d200000, 0x000000008d200000| Complete 
| 211|0x000000008d300000, 0x000000008d400000, 0x000000008d400000|100%| E|CS|TAMS 0x000000008d300000, 0x000000008d300000| Complete 
| 212|0x000000008d400000, 0x000000008d500000, 0x000000008d500000|100%| E|CS|TAMS 0x000000008d400000, 0x000000008d400000| Complete 
| 213|0x000000008d500000, 0x000000008d600000, 0x000000008d600000|100%| E|CS|TAMS 0x000000008d500000, 0x000000008d500000| Complete 
| 214|0x000000008d600000, 0x000000008d700000, 0x000000008d700000|100%| E|CS|TAMS 0x000000008d600000, 0x000000008d600000| Complete 
| 215|0x000000008d700000, 0x000000008d800000, 0x000000008d800000|100%| E|CS|TAMS 0x000000008d700000, 0x000000008d700000| Complete 
| 216|0x000000008d800000, 0x000000008d900000, 0x000000008d900000|100%| E|CS|TAMS 0x000000008d800000, 0x000000008d800000| Complete 
| 217|0x000000008d900000, 0x000000008da00000, 0x000000008da00000|100%| E|CS|TAMS 0x000000008d900000, 0x000000008d900000| Complete 
| 218|0x000000008da00000, 0x000000008db00000, 0x000000008db00000|100%| E|CS|TAMS 0x000000008da00000, 0x000000008da00000| Complete 
| 219|0x000000008db00000, 0x000000008dc00000, 0x000000008dc00000|100%| E|CS|TAMS 0x000000008db00000, 0x000000008db00000| Complete 
| 220|0x000000008dc00000, 0x000000008dd00000, 0x000000008dd00000|100%| E|CS|TAMS 0x000000008dc00000, 0x000000008dc00000| Complete 
| 221|0x000000008dd00000, 0x000000008de00000, 0x000000008de00000|100%| E|CS|TAMS 0x000000008dd00000, 0x000000008dd00000| Complete 
| 222|0x000000008de00000, 0x000000008df00000, 0x000000008df00000|100%| E|CS|TAMS 0x000000008de00000, 0x000000008de00000| Complete 
| 223|0x000000008df00000, 0x000000008e000000, 0x000000008e000000|100%| E|CS|TAMS 0x000000008df00000, 0x000000008df00000| Complete 
| 224|0x000000008e000000, 0x000000008e100000, 0x000000008e100000|100%| E|CS|TAMS 0x000000008e000000, 0x000000008e000000| Complete 
| 225|0x000000008e100000, 0x000000008e200000, 0x000000008e200000|100%| E|CS|TAMS 0x000000008e100000, 0x000000008e100000| Complete 
| 226|0x000000008e200000, 0x000000008e300000, 0x000000008e300000|100%| E|CS|TAMS 0x000000008e200000, 0x000000008e200000| Complete 
| 227|0x000000008e300000, 0x000000008e400000, 0x000000008e400000|100%| E|CS|TAMS 0x000000008e300000, 0x000000008e300000| Complete 
| 228|0x000000008e400000, 0x000000008e500000, 0x000000008e500000|100%| E|CS|TAMS 0x000000008e400000, 0x000000008e400000| Complete 
| 229|0x000000008e500000, 0x000000008e600000, 0x000000008e600000|100%| E|CS|TAMS 0x000000008e500000, 0x000000008e500000| Complete 
| 230|0x000000008e600000, 0x000000008e700000, 0x000000008e700000|100%| E|CS|TAMS 0x000000008e600000, 0x000000008e600000| Complete 

Card table byte_map: [0x000001ff506b0000,0x000001ff50ab0000] _byte_map_base: 0x000001ff502b0000

Marking Bits (Prev, Next): (CMBitMap*) 0x000001ff3d7dbfe0, (CMBitMap*) 0x000001ff3d7dbfa8
 Prev Bits: [0x000001ff52eb0000, 0x000001ff54eb0000)
 Next Bits: [0x000001ff50eb0000, 0x000001ff52eb0000)

Polling page: 0x000001ff3b5c0000

Metaspace:

Usage:
  Non-class:     89.99 MB capacity,    88.53 MB ( 98%) used,     1.15 MB (  1%) free+waste,   314.31 KB ( <1%) overhead. 
      Class:     14.01 MB capacity,    13.08 MB ( 93%) used,   812.27 KB (  6%) free+waste,   139.44 KB ( <1%) overhead. 
       Both:    104.00 MB capacity,   101.61 MB ( 98%) used,     1.95 MB (  2%) free+waste,   453.75 KB ( <1%) overhead. 

Virtual space:
  Non-class space:       90.00 MB reserved,      90.00 MB (100%) committed 
      Class space:        1.00 GB reserved,      14.07 MB (  1%) committed 
             Both:        1.09 GB reserved,     104.07 MB (  9%) committed 

Chunk freelists:
   Non-Class:  11.00 KB
       Class:  0 bytes
        Both:  11.00 KB

MaxMetaspaceSize: 17179869184.00 GB
CompressedClassSpaceSize: 1.00 GB
Initial GC threshold: 20.80 MB
Current GC threshold: 173.46 MB
CDS: off

CodeHeap 'non-profiled nmethods': size=120064Kb used=9223Kb max_used=9223Kb free=110840Kb
 bounds [0x000001ff48d70000, 0x000001ff49680000, 0x000001ff502b0000]
CodeHeap 'profiled nmethods': size=120000Kb used=35086Kb max_used=35086Kb free=84914Kb
 bounds [0x000001ff41840000, 0x000001ff43a90000, 0x000001ff48d70000]
CodeHeap 'non-nmethods': size=5696Kb used=2408Kb max_used=2483Kb free=3287Kb
 bounds [0x000001ff412b0000, 0x000001ff41530000, 0x000001ff41840000]
 total_blobs=15762 nmethods=14835 adapters=838
 compilation: enabled
              stopped_count=0, restarted_count=0
 full_count=0

Compilation events (20 events):
Event: 53.685 Thread 0x000001ff57c9a800 14962       2       com.android.tools.r8.internal.Pl::a (98 bytes)
Event: 53.686 Thread 0x000001ff57c9a800 nmethod 14962 0x000001ff43a7c590 code [0x000001ff43a7c7c0, 0x000001ff43a7cc28]
Event: 53.686 Thread 0x000001ff57c9a800 14963       2       com.android.tools.r8.internal.b9::<init> (18 bytes)
Event: 53.686 Thread 0x000001ff57c9a800 nmethod 14963 0x000001ff43a7cf10 code [0x000001ff43a7d0c0, 0x000001ff43a7d248]
Event: 53.686 Thread 0x000001ff57c9a800 14960       2       com.android.tools.r8.internal.Jo::Y0 (13 bytes)
Event: 53.686 Thread 0x000001ff57c9a800 nmethod 14960 0x000001ff43a7d310 code [0x000001ff43a7d4c0, 0x000001ff43a7d5d8]
Event: 53.708 Thread 0x000001ff57c9a800 14965       2       com.android.tools.r8.internal.dO::equals (42 bytes)
Event: 53.708 Thread 0x000001ff57c9a800 nmethod 14965 0x000001ff43a7d690 code [0x000001ff43a7d840, 0x000001ff43a7d9f8]
Event: 53.774 Thread 0x000001ff57c9a800 14967       2       com.android.tools.r8.internal.BA::<init> (10 bytes)
Event: 53.775 Thread 0x000001ff57c9a800 nmethod 14967 0x000001ff43a7db10 code [0x000001ff43a7dcc0, 0x000001ff43a7ddc8]
Event: 53.838 Thread 0x000001ff57c9a800 14969       1       com.android.tools.r8.internal.lU::h2 (4 bytes)
Event: 53.838 Thread 0x000001ff57c9a800 nmethod 14969 0x000001ff49671810 code [0x000001ff496719c0, 0x000001ff49671a78]
Event: 53.842 Thread 0x000001ff57c9a800 14970       3       java.util.ArrayDeque::grow (165 bytes)
Event: 53.843 Thread 0x000001ff57c9a800 nmethod 14970 0x000001ff43a7de90 code [0x000001ff43a7e0c0, 0x000001ff43a7e828]
Event: 53.876 Thread 0x000001ff57c9a800 14971       2       com.android.tools.r8.internal.O2::c1 (108 bytes)
Event: 53.878 Thread 0x000001ff57c9a800 nmethod 14971 0x000001ff43a7eb10 code [0x000001ff43a7ee00, 0x000001ff43a7f598]
Event: 53.887 Thread 0x000001ff57c9a800 14973       1       com.android.tools.r8.internal.lU::b2 (2 bytes)
Event: 53.887 Thread 0x000001ff57c9a800 nmethod 14973 0x000001ff49671b10 code [0x000001ff49671cc0, 0x000001ff49671d78]
Event: 53.896 Thread 0x000001ff57c9a800 14974       3       com.android.tools.r8.internal.Jo::<init> (83 bytes)
Event: 53.897 Thread 0x000001ff57c9a800 nmethod 14974 0x000001ff43a7fd10 code [0x000001ff43a7ff60, 0x000001ff43a80b98]

GC Heap History (20 events):
Event: 44.269 GC heap before
{Heap before GC invocations=25 (full 0):
 garbage-first heap   total 196608K, used 153023K [0x0000000080000000, 0x0000000100000000)
  region size 1024K, 38 young (38912K), 5 survivors (5120K)
 Metaspace       used 101284K, capacity 103657K, committed 103884K, reserved 1138688K
  class space    used 13213K, capacity 14133K, committed 14284K, reserved 1048576K
}
Event: 44.293 GC heap after
{Heap after GC invocations=26 (full 0):
 garbage-first heap   total 196608K, used 124106K [0x0000000080000000, 0x0000000100000000)
  region size 1024K, 5 young (5120K), 5 survivors (5120K)
 Metaspace       used 101284K, capacity 103657K, committed 103884K, reserved 1138688K
  class space    used 13213K, capacity 14133K, committed 14284K, reserved 1048576K
}
Event: 45.841 GC heap before
{Heap before GC invocations=26 (full 0):
 garbage-first heap   total 196608K, used 155850K [0x0000000080000000, 0x0000000100000000)
  region size 1024K, 36 young (36864K), 5 survivors (5120K)
 Metaspace       used 102549K, capacity 104908K, committed 105164K, reserved 1140736K
  class space    used 13295K, capacity 14217K, committed 14284K, reserved 1048576K
}
Event: 45.853 GC heap after
{Heap after GC invocations=27 (full 0):
 garbage-first heap   total 196608K, used 124794K [0x0000000080000000, 0x0000000100000000)
  region size 1024K, 1 young (1024K), 1 survivors (1024K)
 Metaspace       used 102549K, capacity 104908K, committed 105164K, reserved 1140736K
  class space    used 13295K, capacity 14217K, committed 14284K, reserved 1048576K
}
Event: 47.441 GC heap before
{Heap before GC invocations=28 (full 0):
 garbage-first heap   total 196608K, used 158586K [0x0000000080000000, 0x0000000100000000)
  region size 1024K, 34 young (34816K), 1 survivors (1024K)
 Metaspace       used 103216K, capacity 105544K, committed 105676K, reserved 1140736K
  class space    used 13324K, capacity 14251K, committed 14284K, reserved 1048576K
}
Event: 47.447 GC heap after
{Heap after GC invocations=29 (full 0):
 garbage-first heap   total 196608K, used 124517K [0x0000000080000000, 0x0000000100000000)
  region size 1024K, 1 young (1024K), 1 survivors (1024K)
 Metaspace       used 103216K, capacity 105544K, committed 105676K, reserved 1140736K
  class space    used 13324K, capacity 14251K, committed 14284K, reserved 1048576K
}
Event: 48.258 GC heap before
{Heap before GC invocations=29 (full 0):
 garbage-first heap   total 196608K, used 160357K [0x0000000080000000, 0x0000000100000000)
  region size 1024K, 36 young (36864K), 1 survivors (1024K)
 Metaspace       used 103682K, capacity 106028K, committed 106316K, reserved 1140736K
  class space    used 13370K, capacity 14302K, committed 14412K, reserved 1048576K
}
Event: 48.264 GC heap after
{Heap after GC invocations=30 (full 0):
 garbage-first heap   total 196608K, used 124844K [0x0000000080000000, 0x0000000100000000)
  region size 1024K, 1 young (1024K), 1 survivors (1024K)
 Metaspace       used 103682K, capacity 106028K, committed 106316K, reserved 1140736K
  class space    used 13370K, capacity 14302K, committed 14412K, reserved 1048576K
}
Event: 49.481 GC heap before
{Heap before GC invocations=31 (full 0):
 garbage-first heap   total 196608K, used 161708K [0x0000000080000000, 0x0000000100000000)
  region size 1024K, 37 young (37888K), 1 survivors (1024K)
 Metaspace       used 103847K, capacity 106250K, committed 106572K, reserved 1140736K
  class space    used 13387K, capacity 14333K, committed 14412K, reserved 1048576K
}
Event: 49.490 GC heap after
{Heap after GC invocations=32 (full 0):
 garbage-first heap   total 236544K, used 125304K [0x0000000080000000, 0x0000000100000000)
  region size 1024K, 2 young (2048K), 2 survivors (2048K)
 Metaspace       used 103847K, capacity 106250K, committed 106572K, reserved 1140736K
  class space    used 13387K, capacity 14333K, committed 14412K, reserved 1048576K
}
Event: 49.694 GC heap before
{Heap before GC invocations=32 (full 0):
 garbage-first heap   total 236544K, used 134520K [0x0000000080000000, 0x0000000100000000)
  region size 1024K, 11 young (11264K), 2 survivors (2048K)
 Metaspace       used 103876K, capacity 106329K, committed 106572K, reserved 1140736K
  class space    used 13389K, capacity 14337K, committed 14412K, reserved 1048576K
}
Event: 49.701 GC heap after
{Heap after GC invocations=33 (full 0):
 garbage-first heap   total 236544K, used 125189K [0x0000000080000000, 0x0000000100000000)
  region size 1024K, 1 young (1024K), 1 survivors (1024K)
 Metaspace       used 103876K, capacity 106329K, committed 106572K, reserved 1140736K
  class space    used 13389K, capacity 14337K, committed 14412K, reserved 1048576K
}
Event: 50.409 GC heap before
{Heap before GC invocations=33 (full 0):
 garbage-first heap   total 236544K, used 179461K [0x0000000080000000, 0x0000000100000000)
  region size 1024K, 54 young (55296K), 1 survivors (1024K)
 Metaspace       used 103924K, capacity 106335K, committed 106572K, reserved 1140736K
  class space    used 13390K, capacity 14338K, committed 14412K, reserved 1048576K
}
Event: 50.417 GC heap after
{Heap after GC invocations=34 (full 0):
 garbage-first heap   total 236544K, used 126542K [0x0000000080000000, 0x0000000100000000)
  region size 1024K, 3 young (3072K), 3 survivors (3072K)
 Metaspace       used 103924K, capacity 106335K, committed 106572K, reserved 1140736K
  class space    used 13390K, capacity 14338K, committed 14412K, reserved 1048576K
}
Event: 51.449 GC heap before
{Heap before GC invocations=35 (full 0):
 garbage-first heap   total 236544K, used 181838K [0x0000000080000000, 0x0000000100000000)
  region size 1024K, 57 young (58368K), 3 survivors (3072K)
 Metaspace       used 103947K, capacity 106338K, committed 106572K, reserved 1140736K
  class space    used 13391K, capacity 14339K, committed 14412K, reserved 1048576K
}
Event: 51.462 GC heap after
{Heap after GC invocations=36 (full 0):
 garbage-first heap   total 236544K, used 127673K [0x0000000080000000, 0x0000000100000000)
  region size 1024K, 4 young (4096K), 4 survivors (4096K)
 Metaspace       used 103947K, capacity 106338K, committed 106572K, reserved 1140736K
  class space    used 13391K, capacity 14339K, committed 14412K, reserved 1048576K
}
Event: 52.511 GC heap before
{Heap before GC invocations=36 (full 0):
 garbage-first heap   total 236544K, used 185017K [0x0000000080000000, 0x0000000100000000)
  region size 1024K, 60 young (61440K), 4 survivors (4096K)
 Metaspace       used 103995K, capacity 106416K, committed 106572K, reserved 1140736K
  class space    used 13394K, capacity 14344K, committed 14412K, reserved 1048576K
}
Event: 52.520 GC heap after
{Heap after GC invocations=37 (full 0):
 garbage-first heap   total 236544K, used 126941K [0x0000000080000000, 0x0000000100000000)
  region size 1024K, 3 young (3072K), 3 survivors (3072K)
 Metaspace       used 103995K, capacity 106416K, committed 106572K, reserved 1140736K
  class space    used 13394K, capacity 14344K, committed 14412K, reserved 1048576K
}
Event: 53.556 GC heap before
{Heap before GC invocations=38 (full 0):
 garbage-first heap   total 236544K, used 187357K [0x0000000080000000, 0x0000000100000000)
  region size 1024K, 62 young (63488K), 3 survivors (3072K)
 Metaspace       used 104031K, capacity 106429K, committed 106572K, reserved 1140736K
  class space    used 13397K, capacity 14348K, committed 14412K, reserved 1048576K
}
Event: 53.564 GC heap after
{Heap after GC invocations=39 (full 0):
 garbage-first heap   total 236544K, used 126070K [0x0000000080000000, 0x0000000100000000)
  region size 1024K, 2 young (2048K), 2 survivors (2048K)
 Metaspace       used 104031K, capacity 106429K, committed 106572K, reserved 1140736K
  class space    used 13397K, capacity 14348K, committed 14412K, reserved 1048576K
}

Deoptimization events (20 events):
Event: 53.346 Thread 0x000001ff5b8fe800 DEOPT PACKING pc=0x000001ff48f1a3ec sp=0x000000b39a5f92d0
Event: 53.346 Thread 0x000001ff5b8fe800 DEOPT UNPACKING pc=0x000001ff412fa1af sp=0x000000b39a5f91d8 mode 2
Event: 53.381 Thread 0x000001ff5b8fe800 DEOPT PACKING pc=0x000001ff43494870 sp=0x000000b39a5f8fe0
Event: 53.381 Thread 0x000001ff5b8fe800 DEOPT UNPACKING pc=0x000001ff412fa95e sp=0x000000b39a5f8868 mode 0
Event: 53.440 Thread 0x000001ff5b753000 DEOPT PACKING pc=0x000001ff432ea283 sp=0x000000b39b8f9850
Event: 53.440 Thread 0x000001ff5b753000 DEOPT UNPACKING pc=0x000001ff412fa95e sp=0x000000b39b8f8cf0 mode 0
Event: 53.448 Thread 0x000001ff5b753000 Uncommon trap: trap_request=0xffffff4d fr.pc=0x000001ff4960eb3c relative=0x0000000000007b9c
Event: 53.448 Thread 0x000001ff5b753000 Uncommon trap: reason=unstable_if action=reinterpret pc=0x000001ff4960eb3c method=com.android.tools.r8.internal.lX.y()Z @ 46 c2
Event: 53.448 Thread 0x000001ff5b753000 DEOPT PACKING pc=0x000001ff4960eb3c sp=0x000000b39b8f9280
Event: 53.448 Thread 0x000001ff5b753000 DEOPT UNPACKING pc=0x000001ff412fa1af sp=0x000000b39b8f92b0 mode 2
Event: 53.600 Thread 0x000001ff5b8fe800 DEOPT PACKING pc=0x000001ff43494870 sp=0x000000b39a5f8fe0
Event: 53.600 Thread 0x000001ff5b8fe800 DEOPT UNPACKING pc=0x000001ff412fa95e sp=0x000000b39a5f8868 mode 0
Event: 53.650 Thread 0x000001ff5b753000 DEOPT PACKING pc=0x000001ff43494db0 sp=0x000000b39b8f8df0
Event: 53.650 Thread 0x000001ff5b753000 DEOPT UNPACKING pc=0x000001ff412fa95e sp=0x000000b39b8f8670 mode 0
Event: 53.652 Thread 0x000001ff5b753000 Uncommon trap: trap_request=0xffffff4d fr.pc=0x000001ff495f264c relative=0x000000000000044c
Event: 53.652 Thread 0x000001ff5b753000 Uncommon trap: reason=unstable_if action=reinterpret pc=0x000001ff495f264c method=com.android.tools.r8.ir.regalloc.c.d(I)Lcom/android/tools/r8/ir/regalloc/c; @ 126 c2
Event: 53.652 Thread 0x000001ff5b753000 DEOPT PACKING pc=0x000001ff495f264c sp=0x000000b39b8f8ee0
Event: 53.652 Thread 0x000001ff5b753000 DEOPT UNPACKING pc=0x000001ff412fa1af sp=0x000000b39b8f8e70 mode 2
Event: 53.750 Thread 0x000001ff5b8fe800 DEOPT PACKING pc=0x000001ff43494db0 sp=0x000000b39a5f8fe0
Event: 53.750 Thread 0x000001ff5b8fe800 DEOPT UNPACKING pc=0x000001ff412fa95e sp=0x000000b39a5f8860 mode 0

Classes redefined (0 events):
No events

Internal exceptions (20 events):
Event: 40.659 Thread 0x000001ff5b8fe800 Exception <a 'java/lang/IncompatibleClassChangeError'{0x0000000088625ec0}: Found class java.lang.Object, but interface was expected> (0x0000000088625ec0) thrown at [./src/hotspot/share/interpreter/linkResolver.cpp, line 839]
Event: 41.070 Thread 0x000001ff5f745000 Exception <a 'java/lang/NoSuchMethodError'{0x000000008ba70c28}: 'void java.lang.invoke.DirectMethodHandle$Holder.invokeStatic(java.lang.Object, long)'> (0x000000008ba70c28) thrown at [./src/hotspot/share/interpreter/linkResolver.cpp, line 773]
Event: 41.074 Thread 0x000001ff5f745000 Exception <a 'java/lang/NoSuchMethodError'{0x000000008ba7b8d8}: 'java.lang.Object java.lang.invoke.DirectMethodHandle$Holder.invokeStaticInit(java.lang.Object, java.lang.Object, long, java.lang.Object)'> (0x000000008ba7b8d8) thrown at [./src/hotspot/share/interpreter/linkResolver.cpp, line 773]
Event: 41.075 Thread 0x000001ff5f745000 Exception <a 'java/lang/NoSuchMethodError'{0x000000008ba81b18}: 'java.lang.Object java.lang.invoke.DirectMethodHandle$Holder.invokeStatic(java.lang.Object, java.lang.Object, long)'> (0x000000008ba81b18) thrown at [./src/hotspot/share/interpreter/linkResolver.cpp, line 773]
Event: 41.135 Thread 0x000001ff5f745000 Exception <a 'java/lang/NoSuchMethodError'{0x000000008ba88090}: 'java.lang.Object java.lang.invoke.Invokers$Holder.linkToTargetMethod(java.lang.Object, long, java.lang.Object)'> (0x000000008ba88090) thrown at [./src/hotspot/share/interpreter/linkResolver.cpp, line 773]
Event: 41.739 Thread 0x000001ff5b753000 Exception <a 'java/lang/NoSuchMethodError'{0x000000008990afc8}: 'java.lang.Object java.lang.invoke.DirectMethodHandle$Holder.invokeStatic(java.lang.Object, int, java.lang.Object, java.lang.Object)'> (0x000000008990afc8) thrown at [./src/hotspot/share/interpreter/linkResolver.cpp, line 773]
Event: 41.739 Thread 0x000001ff5b8fe800 Exception <a 'java/lang/NoSuchMethodError'{0x000000008995c670}: 'java.lang.Object java.lang.invoke.DirectMethodHandle$Holder.invokeStatic(java.lang.Object, int, java.lang.Object, java.lang.Object)'> (0x000000008995c670) thrown at [./src/hotspot/share/interpreter/linkResolver.cpp, line 773]
Event: 42.272 Thread 0x000001ff5b753000 Exception <a 'java/lang/NoSuchMethodError'{0x000000008ac9a348}: 'int java.lang.invoke.DirectMethodHandle$Holder.invokeSpecial(java.lang.Object, java.lang.Object, java.lang.Object, java.lang.Object, java.lang.Object)'> (0x000000008ac9a348) thrown at [./src/hotspot/share/interpreter/linkResolver.cpp, line 773]
Event: 42.503 Thread 0x000001ff5b8fe800 Exception <a 'java/lang/IncompatibleClassChangeError'{0x000000008b77c7d0}: Found class java.lang.Object, but interface was expected> (0x000000008b77c7d0) thrown at [./src/hotspot/share/interpreter/linkResolver.cpp, line 839]
Event: 42.505 Thread 0x000001ff5b8fe800 Exception <a 'java/lang/IncompatibleClassChangeError'{0x000000008b785a00}: Found class java.lang.Object, but interface was expected> (0x000000008b785a00) thrown at [./src/hotspot/share/interpreter/linkResolver.cpp, line 839]
Event: 42.608 Thread 0x000001ff5f745000 Exception <a 'java/lang/NoSuchMethodError'{0x000000008b5e0788}: 'int java.lang.invoke.DirectMethodHandle$Holder.invokeSpecialIFC(java.lang.Object, java.lang.Object, java.lang.Object)'> (0x000000008b5e0788) thrown at [./src/hotspot/share/interpreter/linkResolver.cpp, line 773]
Event: 42.957 Thread 0x000001ff5b753000 Exception <a 'java/lang/NoSuchMethodError'{0x000000008ac9e708}: 'void java.lang.invoke.DirectMethodHandle$Holder.invokeSpecial(java.lang.Object, java.lang.Object, int, java.lang.Object)'> (0x000000008ac9e708) thrown at [./src/hotspot/share/interpreter/linkResolver.cpp, line 773]
Event: 43.619 Thread 0x000001ff5b8fe800 Exception <a 'java/lang/NoSuchMethodError'{0x000000008b24ea40}: 'java.lang.Object java.lang.invoke.DirectMethodHandle$Holder.newInvokeSpecial(java.lang.Object, int)'> (0x000000008b24ea40) thrown at [./src/hotspot/share/interpreter/linkResolver.cpp, line 773]
Event: 43.624 Thread 0x000001ff5b753000 Exception <a 'java/lang/NoSuchMethodError'{0x000000008b68c610}: 'java.lang.Object java.lang.invoke.DirectMethodHandle$Holder.newInvokeSpecial(java.lang.Object, int)'> (0x000000008b68c610) thrown at [./src/hotspot/share/interpreter/linkResolver.cpp, line 773]
Event: 46.492 Thread 0x000001ff5b753000 Implicit null exception at 0x000001ff4956b028 to 0x000001ff4956f8ec
Event: 46.814 Thread 0x000001ff5b8fe800 Implicit null exception at 0x000001ff48f195eb to 0x000001ff48f1960c
Event: 47.488 Thread 0x000001ff5b28a800 Exception <a 'java/lang/NoSuchMethodError'{0x000000008be5abf8}: 'java.lang.Object java.lang.invoke.DirectMethodHandle$Holder.invokeSpecial(java.lang.Object, java.lang.Object, java.lang.Object, java.lang.Object, java.lang.Object, java.lang.Object, java.lang.Object, java.lang.Object, java.lang.Object, java.lang.Object, java.lang.Object)'> (0x000000008be5abf8) thrown at [./src/hotspot/share/interpreter/linkResolver.cpp, line 773]
Event: 47.499 Thread 0x000001ff5b28a800 Exception <a 'java/lang/NoSuchMethodError'{0x000000008be66598}: 'java.lang.Object java.lang.invoke.Invokers$Holder.linkToTargetMethod(java.lang.Object, java.lang.Object, java.lang.Object, java.lang.Object, java.lang.Object, java.lang.Object, java.lang.Object, java.lang.Object, java.lang.Object, java.lang.Object)'> (0x000000008be66598) thrown at [./src/hotspot/share/interpreter/linkResolver.cpp, line 773]
Event: 47.562 Thread 0x000001ff5b28a800 Exception <a 'java/lang/IncompatibleClassChangeError'{0x000000008bc892c8}: Found class java.lang.Object, but interface was expected> (0x000000008bc892c8) thrown at [./src/hotspot/share/interpreter/linkResolver.cpp, line 839]
Event: 53.645 Thread 0x000001ff5b753000 Exception <a 'java/lang/NoSuchMethodError'{0x000000008db85750}: 'int java.lang.invoke.DirectMethodHandle$Holder.invokeInterface(java.lang.Object, java.lang.Object, int)'> (0x000000008db85750) thrown at [./src/hotspot/share/interpreter/linkResolver.cpp, line 773]

Events (20 events):
Event: 53.344 loading class com/android/tools/r8/internal/kV
Event: 53.344 loading class com/android/tools/r8/internal/kV done
Event: 53.345 loading class com/android/tools/r8/code/M0
Event: 53.345 loading class com/android/tools/r8/code/M0 done
Event: 53.345 loading class com/android/tools/r8/code/M0
Event: 53.345 loading class com/android/tools/r8/code/M0 done
Event: 53.345 loading class com/android/tools/r8/code/M0
Event: 53.345 loading class com/android/tools/r8/code/M0 done
Event: 53.346 loading class com/android/tools/r8/code/M0
Event: 53.346 loading class com/android/tools/r8/code/M0 done
Event: 53.346 loading class com/android/tools/r8/code/M0
Event: 53.346 loading class com/android/tools/r8/code/M0 done
Event: 53.354 loading class com/android/tools/r8/graph/a
Event: 53.354 loading class com/android/tools/r8/graph/a done
Event: 53.550 Executing VM operation: G1CollectForAllocation
Event: 53.564 Executing VM operation: G1CollectForAllocation done
Event: 53.645 Executing VM operation: RevokeBias
Event: 53.647 Executing VM operation: RevokeBias done
Event: 53.647 loading class com/android/tools/r8/internal/yr
Event: 53.647 loading class com/android/tools/r8/internal/yr done


Dynamic libraries:
0x00007ff68c300000 - 0x00007ff68c30a000 	C:\Program Files\Android\Android Studio\jre\bin\java.exe
0x00007ff9d5c90000 - 0x00007ff9d5e88000 	C:\Windows\SYSTEM32\ntdll.dll
0x00007ff9d55f0000 - 0x00007ff9d56af000 	C:\Windows\System32\KERNEL32.DLL
0x00007ff9d3a00000 - 0x00007ff9d3cd2000 	C:\Windows\System32\KERNELBASE.dll
0x00007ff9d37a0000 - 0x00007ff9d38a0000 	C:\Windows\System32\ucrtbase.dll
0x00007ff9c9090000 - 0x00007ff9c90a9000 	C:\Program Files\Android\Android Studio\jre\bin\jli.dll
0x00007ff9d4ed0000 - 0x00007ff9d506d000 	C:\Windows\System32\USER32.dll
0x00007ff9d3470000 - 0x00007ff9d3492000 	C:\Windows\System32\win32u.dll
0x00007ff9d4ea0000 - 0x00007ff9d4ecb000 	C:\Windows\System32\GDI32.dll
0x00007ff9d34f0000 - 0x00007ff9d35ff000 	C:\Windows\System32\gdi32full.dll
0x00007ff9d3600000 - 0x00007ff9d369d000 	C:\Windows\System32\msvcp_win.dll
0x00007ff9c4d10000 - 0x00007ff9c4d27000 	C:\Program Files\Android\Android Studio\jre\bin\VCRUNTIME140.dll
0x00007ff9c3790000 - 0x00007ff9c3a2a000 	C:\Windows\WinSxS\amd64_microsoft.windows.common-controls_6595b64144ccf1df_6.0.19041.1110_none_60b5254171f9507e\COMCTL32.dll
0x00007ff9d3ce0000 - 0x00007ff9d3d7e000 	C:\Windows\System32\msvcrt.dll
0x00007ff9d58b0000 - 0x00007ff9d58e2000 	C:\Windows\System32\IMM32.DLL
0x00007ff9b5db0000 - 0x00007ff9b5e4d000 	C:\Program Files\Android\Android Studio\jre\bin\msvcp140.dll
0x00007ff96b200000 - 0x00007ff96bce5000 	C:\Program Files\Android\Android Studio\jre\bin\server\jvm.dll
0x00007ff9d5800000 - 0x00007ff9d58ae000 	C:\Windows\System32\ADVAPI32.dll
0x00007ff9d3e60000 - 0x00007ff9d3efc000 	C:\Windows\System32\sechost.dll
0x00007ff9d52e0000 - 0x00007ff9d5405000 	C:\Windows\System32\RPCRT4.dll
0x00007ff9d4e20000 - 0x00007ff9d4e28000 	C:\Windows\System32\PSAPI.DLL
0x00007ff9be390000 - 0x00007ff9be399000 	C:\Windows\SYSTEM32\WSOCK32.dll
0x00007ff9d4e30000 - 0x00007ff9d4e9b000 	C:\Windows\System32\WS2_32.dll
0x00007ff9c1b50000 - 0x00007ff9c1b77000 	C:\Windows\SYSTEM32\WINMM.dll
0x00007ff9c9df0000 - 0x00007ff9c9dfa000 	C:\Windows\SYSTEM32\VERSION.dll
0x00007ff9d1280000 - 0x00007ff9d1292000 	C:\Windows\SYSTEM32\kernel.appcore.dll
0x00007ff9b5ba0000 - 0x00007ff9b5bb1000 	C:\Program Files\Android\Android Studio\jre\bin\verify.dll
0x00007ff9b3c50000 - 0x00007ff9b3e34000 	C:\Windows\SYSTEM32\DBGHELP.DLL
0x00007ff9c24b0000 - 0x00007ff9c24dc000 	C:\Windows\SYSTEM32\dbgcore.DLL
0x00007ff9d3710000 - 0x00007ff9d3792000 	C:\Windows\System32\bcryptPrimitives.dll
0x00007ff9b59a0000 - 0x00007ff9b59c9000 	C:\Program Files\Android\Android Studio\jre\bin\java.dll
0x00007ff9c3000000 - 0x00007ff9c300b000 	C:\Program Files\Android\Android Studio\jre\bin\jimage.dll
0x00007ff9b4fb0000 - 0x00007ff9b4fc8000 	C:\Program Files\Android\Android Studio\jre\bin\zip.dll
0x00007ff9d46d0000 - 0x00007ff9d4e13000 	C:\Windows\System32\SHELL32.dll
0x00007ff9d1410000 - 0x00007ff9d1ba2000 	C:\Windows\SYSTEM32\windows.storage.dll
0x00007ff9d58f0000 - 0x00007ff9d5c44000 	C:\Windows\System32\combase.dll
0x00007ff9d2c30000 - 0x00007ff9d2c60000 	C:\Windows\SYSTEM32\Wldp.dll
0x00007ff9d5410000 - 0x00007ff9d54bd000 	C:\Windows\System32\SHCORE.dll
0x00007ff9d5220000 - 0x00007ff9d5275000 	C:\Windows\System32\shlwapi.dll
0x00007ff9d32d0000 - 0x00007ff9d32ef000 	C:\Windows\SYSTEM32\profapi.dll
0x00007ff9b3640000 - 0x00007ff9b365a000 	C:\Program Files\Android\Android Studio\jre\bin\net.dll
0x00007ff9c9c30000 - 0x00007ff9c9d3c000 	C:\Windows\SYSTEM32\WINHTTP.dll
0x00007ff9d2a10000 - 0x00007ff9d2a7a000 	C:\Windows\system32\mswsock.dll
0x00007ff9b21d0000 - 0x00007ff9b21e4000 	C:\Program Files\Android\Android Studio\jre\bin\nio.dll
0x00007ff9b5920000 - 0x00007ff9b5947000 	C:\Users\user\.gradle\native\e1d6ef7f7dcc3fd88c89a11ec53ec762bb8ba0a96d01ffa2cd45eb1d1d8dd5c5\windows-amd64\native-platform.dll
0x00007ff99c850000 - 0x00007ff99c994000 	C:\Users\user\.gradle\native\5664cfc778a61ccfe75a443a1ab52a65af34e5dc3c78e0209fed803814484fcb\windows-amd64\native-platform-file-events.dll
0x00007ff9b5ea0000 - 0x00007ff9b5eaa000 	C:\Program Files\Android\Android Studio\jre\bin\management.dll
0x00007ff9b5c60000 - 0x00007ff9b5c6d000 	C:\Program Files\Android\Android Studio\jre\bin\management_ext.dll
0x00007ff9d2dd0000 - 0x00007ff9d2de8000 	C:\Windows\SYSTEM32\CRYPTSP.dll
0x00007ff9d2350000 - 0x00007ff9d2384000 	C:\Windows\system32\rsaenh.dll
0x00007ff9d3440000 - 0x00007ff9d3467000 	C:\Windows\System32\bcrypt.dll
0x00007ff9d3250000 - 0x00007ff9d327e000 	C:\Windows\SYSTEM32\USERENV.dll
0x00007ff9d2ba0000 - 0x00007ff9d2bac000 	C:\Windows\SYSTEM32\CRYPTBASE.dll
0x00007ff9d2720000 - 0x00007ff9d275b000 	C:\Windows\SYSTEM32\IPHLPAPI.DLL
0x00007ff9d56b0000 - 0x00007ff9d56b8000 	C:\Windows\System32\NSI.dll
0x00007ff9ca4b0000 - 0x00007ff9ca4c7000 	C:\Windows\SYSTEM32\dhcpcsvc6.DLL
0x00007ff9ca310000 - 0x00007ff9ca32d000 	C:\Windows\SYSTEM32\dhcpcsvc.DLL
0x00007ff9d2760000 - 0x00007ff9d282a000 	C:\Windows\SYSTEM32\DNSAPI.dll

dbghelp: loaded successfully - version: 4.0.5 - missing functions: none
symbol engine: initialized successfully - sym options: 0x614 - pdb path: .;C:\Program Files\Android\Android Studio\jre\bin;C:\Windows\SYSTEM32;C:\Windows\WinSxS\amd64_microsoft.windows.common-controls_6595b64144ccf1df_6.0.19041.1110_none_60b5254171f9507e;C:\Program Files\Android\Android Studio\jre\bin\server;C:\Users\user\.gradle\native\e1d6ef7f7dcc3fd88c89a11ec53ec762bb8ba0a96d01ffa2cd45eb1d1d8dd5c5\windows-amd64;C:\Users\user\.gradle\native\5664cfc778a61ccfe75a443a1ab52a65af34e5dc3c78e0209fed803814484fcb\windows-amd64

VM Arguments:
jvm_args: --add-opens=java.base/java.util=ALL-UNNAMED --add-opens=java.base/java.lang=ALL-UNNAMED --add-opens=java.base/java.lang.invoke=ALL-UNNAMED --add-opens=java.base/java.util=ALL-UNNAMED --add-opens=java.prefs/java.util.prefs=ALL-UNNAMED --add-opens=java.prefs/java.util.prefs=ALL-UNNAMED --add-opens=java.base/java.nio.charset=ALL-UNNAMED --add-opens=java.base/java.net=ALL-UNNAMED --add-opens=java.base/java.util.concurrent.atomic=ALL-UNNAMED -Xmx2048m -Dfile.encoding=UTF-8 -Duser.country=RU -Duser.language=ru -Duser.variant 
java_command: org.gradle.launcher.daemon.bootstrap.GradleDaemon 7.3.3
java_class_path (initial): C:\Users\user\.gradle\wrapper\dists\gradle-7.3.3-bin\6a41zxkdtcxs8rphpq6y0069z\gradle-7.3.3\lib\gradle-launcher-7.3.3.jar
Launcher Type: SUN_STANDARD

[Global flags]
     intx CICompilerCount                          = 3                                         {product} {ergonomic}
     uint ConcGCThreads                            = 1                                         {product} {ergonomic}
     uint G1ConcRefinementThreads                  = 4                                         {product} {ergonomic}
   size_t G1HeapRegionSize                         = 1048576                                   {product} {ergonomic}
    uintx GCDrainStackTargetSize                   = 64                                        {product} {ergonomic}
   size_t InitialHeapSize                          = 201326592                                 {product} {ergonomic}
   size_t MarkStackSize                            = 4194304                                   {product} {ergonomic}
   size_t MaxHeapSize                              = 2147483648                                {product} {command line}
   size_t MaxNewSize                               = 1287651328                                {product} {ergonomic}
   size_t MinHeapDeltaBytes                        = 1048576                                   {product} {ergonomic}
    uintx NonNMethodCodeHeapSize                   = 5830732                                {pd product} {ergonomic}
    uintx NonProfiledCodeHeapSize                  = 122913754                              {pd product} {ergonomic}
    uintx ProfiledCodeHeapSize                     = 122913754                              {pd product} {ergonomic}
    uintx ReservedCodeCacheSize                    = 251658240                              {pd product} {ergonomic}
     bool SegmentedCodeCache                       = true                                      {product} {ergonomic}
     bool UseCompressedClassPointers               = true                                 {lp64_product} {ergonomic}
     bool UseCompressedOops                        = true                                 {lp64_product} {ergonomic}
     bool UseG1GC                                  = true                                      {product} {ergonomic}
     bool UseLargePagesIndividualAllocation        = false                                  {pd product} {ergonomic}

Logging:
Log output configuration:
 #0: stdout all=warning uptime,level,tags
 #1: stderr all=off uptime,level,tags

Environment Variables:
PATH=C:\Program Files\Common Files\Oracle\Java\javapath;C:\Program Files\Eclipse Foundation\jdk-8.0.302.8-hotspot\bin;C:\Windows\system32;C:\Windows;C:\Windows\System32\Wbem;C:\Windows\System32\WindowsPowerShell\v1.0\;C:\Windows\System32\OpenSSH\;C:\Program Files\Microsoft\Web Platform Installer\;C:\Program Files (x86)\Microsoft ASP.NET\ASP.NET Web Pages\v1.0\;C:\Program Files\Microsoft SQL Server\110\Tools\Binn\;C:\Program Files\Docker\Docker\resources\bin;C:\ProgramData\DockerDesktop\version-bin;C:\Program Files\GitHub CLI\;C:\Program Files\Git\cmd;C:\Program Files\MariaDB\MariaDB Connector C 64-bit\lib\;C:\Program Files\MariaDB\MariaDB Connector C 64-bit\lib\plugin\;C:\Users\user\AppData\Local\Microsoft\WindowsApps;;C:\Users\user\AppData\Local\Programs\Microsoft VS Code\bin
USERNAME=user
OS=Windows_NT
PROCESSOR_IDENTIFIER=Intel64 Family 6 Model 42 Stepping 7, GenuineIntel



---------------  S Y S T E M  ---------------

OS: Windows 10 , 64 bit Build 19041 (10.0.19041.2251)
OS uptime: 0 days 2:53 hours
Hyper-V role detected

CPU:total 4 (initial active 4) (2 cores per cpu, 2 threads per core) family 6 model 42 stepping 7 microcode 0x2f, cmov, cx8, fxsr, mmx, sse, sse2, sse3, ssse3, sse4.1, sse4.2, popcnt, avx, aes, clmul, ht, tsc, tscinvbit

Memory: 4k page, system-wide physical 12202M (578M free)
TotalPageFile size 12202M (AvailPageFile size 6M)
current process WorkingSet (physical memory assigned to process): 578M, peak: 584M
current process commit charge ("private bytes"): 617M, peak: 623M

vm_info: OpenJDK 64-Bit Server VM (11.0.12+7-b1504.28-7817840) for windows-amd64 JRE (11.0.12+7-b1504.28-7817840), built on Oct 13 2021 22:12:33 by "builder" with MS VC++ 14.0 (VS2015)

END.
