#
# There is insufficient memory for the Java Runtime Environment to continue.
# Native memory allocation (malloc) failed to allocate 1406736 bytes for Chunk::new
# Possible reasons:
#   The system is out of physical RAM or swap space
#   The process is running with CompressedOops enabled, and the Java Heap may be blocking the growth of the native heap
# Possible solutions:
#   Reduce memory load on the system
#   Increase physical memory or swap space
#   Check if swap backing store is full
#   Decrease Java heap size (-Xmx/-Xms)
#   Decrease number of Java threads
#   Decrease Java thread stack sizes (-Xss)
#   Set larger code cache with -XX:ReservedCodeCacheSize=
#   JVM is running with Unscaled Compressed Oops mode in which the Java heap is
#     placed in the first 4GB address space. The Java Heap base address is the
#     maximum limit for the native heap growth. Please use -XX:HeapBaseMinAddress
#     to set the Java Heap base and to place the Java Heap above 4GB virtual address.
# This output file may be truncated or incomplete.
#
#  Out of Memory Error (./src/hotspot/share/memory/arena.cpp:197), pid=11736, tid=7544
#
# JRE version: OpenJDK Runtime Environment (11.0.12+7) (build 11.0.12+7-b1504.28-7817840)
# Java VM: OpenJDK 64-Bit Server VM (11.0.12+7-b1504.28-7817840, mixed mode, tiered, compressed oops, g1 gc, windows-amd64)
# No core dump will be written. Minidumps are not enabled by default on client versions of Windows
#

---------------  S U M M A R Y ------------

Command Line: --add-opens=java.base/java.util=ALL-UNNAMED --add-opens=java.base/java.lang=ALL-UNNAMED --add-opens=java.base/java.lang.invoke=ALL-UNNAMED --add-opens=java.base/java.util=ALL-UNNAMED --add-opens=java.prefs/java.util.prefs=ALL-UNNAMED --add-opens=java.prefs/java.util.prefs=ALL-UNNAMED --add-opens=java.base/java.nio.charset=ALL-UNNAMED --add-opens=java.base/java.net=ALL-UNNAMED --add-opens=java.base/java.util.concurrent.atomic=ALL-UNNAMED -Xmx2048m -Dfile.encoding=UTF-8 -Duser.country=RU -Duser.language=ru -Duser.variant org.gradle.launcher.daemon.bootstrap.GradleDaemon 7.3.3

Host: Intel(R) Core(TM) i5-2450M CPU @ 2.50GHz, 4 cores, 11G,  Windows 10 , 64 bit Build 19041 (10.0.19041.2251)
Time: Sun Nov 27 17:43:06 2022 RTZ 2 (зима) elapsed time: 42.874680 seconds (0d 0h 0m 42s)

---------------  T H R E A D  ---------------

Current thread (0x0000013148749000):  JavaThread "C2 CompilerThread1" daemon [_thread_in_native, id=7544, stack(0x0000003096200000,0x0000003096300000)]


Current CompileTask:
C2:  42874 16663       4       com.android.tools.r8.internal.HD::a (278 bytes)

Stack: [0x0000003096200000,0x0000003096300000]
Native frames: (J=compiled Java code, j=interpreted, Vv=VM code, C=native code)
V  [jvm.dll+0x5fbcea]
V  [jvm.dll+0x731905]
V  [jvm.dll+0x732f1d]
V  [jvm.dll+0x7335d3]
V  [jvm.dll+0x247bf8]
V  [jvm.dll+0xc018c]
V  [jvm.dll+0xc06cc]
V  [jvm.dll+0x35b2db]
V  [jvm.dll+0x328803]
V  [jvm.dll+0x327cfa]
V  [jvm.dll+0x200602]
V  [jvm.dll+0x1ff794]
V  [jvm.dll+0x18868c]
V  [jvm.dll+0x20e0d7]
V  [jvm.dll+0x20c901]
V  [jvm.dll+0x6f9b7f]
V  [jvm.dll+0x6f26a5]
V  [jvm.dll+0x5fabf6]
C  [ucrtbase.dll+0x21bb2]
C  [KERNEL32.DLL+0x174b4]
C  [ntdll.dll+0x526a1]


---------------  P R O C E S S  ---------------

Threads class SMR info:
_java_thread_list=0x000001314ab38be0, length=92, elements={
0x000001312a5bc800, 0x0000013144923800, 0x0000013144925000, 0x000001314513f000,
0x0000013145140000, 0x0000013145141000, 0x0000013145187800, 0x000001314518e000,
0x00000131451ef000, 0x00000131452e2800, 0x000001314800e800, 0x0000013147b77800,
0x0000013146796800, 0x00000131476bd800, 0x00000131486b8000, 0x0000013147d4f800,
0x00000131485ef800, 0x0000013146b7b000, 0x00000131488fc000, 0x0000013147633000,
0x0000013147635000, 0x0000013147634000, 0x0000013147632800, 0x0000013147635800,
0x0000013147630800, 0x0000013147630000, 0x0000013147636800, 0x0000013147631800,
0x0000013147c3d800, 0x0000013147c40000, 0x0000013147c40800, 0x0000013147c42800,
0x0000013147c3c800, 0x0000013147c46800, 0x0000013147c43000, 0x0000013147c49800,
0x0000013147c47000, 0x0000013147c48000, 0x0000013147c44800, 0x0000013147c49000,
0x0000013147c44000, 0x0000013147c4a800, 0x0000013147c45800, 0x0000013147c4b000,
0x000001314a684000, 0x000001314a67f800, 0x000001314a680000, 0x000001314a681800,
0x000001314a681000, 0x000001314a682800, 0x000001314a683800, 0x000001314a67e800,
0x000001314a68a000, 0x000001314a687800, 0x000001314a686000, 0x000001314a68a800,
0x000001314a689000, 0x000001314a688800, 0x000001314a685000, 0x000001314a68b800,
0x000001314a68c800, 0x000001314a686800, 0x000001314a68d000, 0x000001314a724800,
0x000001314a728800, 0x000001314a725000, 0x000001314a726000, 0x000001314a727800,
0x000001314a726800, 0x000001314a722800, 0x000001314a729000, 0x000001314a723800,
0x000001314a72a000, 0x000001314a72d000, 0x000001314a72e000, 0x000001314a72f000,
0x000001314a72f800, 0x000001314a730800, 0x000001314a72c800, 0x000001314a731800,
0x000001314a72b800, 0x00000131474a3800, 0x00000131474a0000, 0x00000131474a4000,
0x00000131474a2800, 0x00000131474a5000, 0x000001314749f800, 0x00000131474a6000,
0x0000013148749000, 0x00000131474a1800, 0x00000131474a7800, 0x00000131474ab800
}

Java Threads: ( => current thread )
  0x000001312a5bc800 JavaThread "main" [_thread_blocked, id=8028, stack(0x0000003093400000,0x0000003093500000)]
  0x0000013144923800 JavaThread "Reference Handler" daemon [_thread_blocked, id=14056, stack(0x0000003093b00000,0x0000003093c00000)]
  0x0000013144925000 JavaThread "Finalizer" daemon [_thread_blocked, id=9104, stack(0x0000003093c00000,0x0000003093d00000)]
  0x000001314513f000 JavaThread "Signal Dispatcher" daemon [_thread_blocked, id=8832, stack(0x0000003093d00000,0x0000003093e00000)]
  0x0000013145140000 JavaThread "Attach Listener" daemon [_thread_blocked, id=2232, stack(0x0000003093e00000,0x0000003093f00000)]
  0x0000013145141000 JavaThread "Service Thread" daemon [_thread_blocked, id=7044, stack(0x0000003093f00000,0x0000003094000000)]
  0x0000013145187800 JavaThread "C2 CompilerThread0" daemon [_thread_in_native, id=3748, stack(0x0000003094000000,0x0000003094100000)]
  0x000001314518e000 JavaThread "C1 CompilerThread0" daemon [_thread_blocked, id=6440, stack(0x0000003094100000,0x0000003094200000)]
  0x00000131451ef000 JavaThread "Sweeper thread" daemon [_thread_blocked, id=11668, stack(0x0000003094200000,0x0000003094300000)]
  0x00000131452e2800 JavaThread "Common-Cleaner" daemon [_thread_blocked, id=10652, stack(0x0000003094300000,0x0000003094400000)]
  0x000001314800e800 JavaThread "Daemon health stats" [_thread_blocked, id=4664, stack(0x0000003094900000,0x0000003094a00000)]
  0x0000013147b77800 JavaThread "Incoming local TCP Connector on port 16938" [_thread_in_native, id=9952, stack(0x0000003094500000,0x0000003094600000)]
  0x0000013146796800 JavaThread "Daemon periodic checks" [_thread_blocked, id=9396, stack(0x0000003094a00000,0x0000003094b00000)]
  0x00000131476bd800 JavaThread "Daemon" [_thread_blocked, id=10880, stack(0x0000003094b00000,0x0000003094c00000)]
  0x00000131486b8000 JavaThread "Handler for socket connection from /127.0.0.1:16938 to /127.0.0.1:16939" [_thread_in_native, id=1236, stack(0x0000003094c00000,0x0000003094d00000)]
  0x0000013147d4f800 JavaThread "Cancel handler" [_thread_blocked, id=13536, stack(0x0000003094d00000,0x0000003094e00000)]
  0x00000131485ef800 JavaThread "Daemon worker" [_thread_blocked, id=1628, stack(0x0000003094e00000,0x0000003094f00000)]
  0x0000013146b7b000 JavaThread "Asynchronous log dispatcher for DefaultDaemonConnection: socket connection from /127.0.0.1:16938 to /127.0.0.1:16939" [_thread_blocked, id=14152, stack(0x0000003094f00000,0x0000003095000000)]
  0x00000131488fc000 JavaThread "Stdin handler" [_thread_blocked, id=3384, stack(0x0000003095000000,0x0000003095100000)]
  0x0000013147633000 JavaThread "Daemon client event forwarder" [_thread_blocked, id=13304, stack(0x0000003095100000,0x0000003095200000)]
  0x0000013147635000 JavaThread "Cache worker for journal cache (C:\Users\user\.gradle\caches\journal-1)" [_thread_blocked, id=10720, stack(0x0000003095300000,0x0000003095400000)]
  0x0000013147634000 JavaThread "File lock request listener" [_thread_in_native, id=2980, stack(0x0000003095400000,0x0000003095500000)]
  0x0000013147632800 JavaThread "Cache worker for file hash cache (C:\Users\user\.gradle\caches\7.3.3\fileHashes)" [_thread_blocked, id=11256, stack(0x0000003095500000,0x0000003095600000)]
  0x0000013147635800 JavaThread "Cache worker for file hash cache (C:\Users\user\AndroidStudioProjects\Kotlin_lv1_HW2\.gradle\7.3.3\fileHashes)" [_thread_blocked, id=13172, stack(0x0000003095600000,0x0000003095700000)]
  0x0000013147630800 JavaThread "File watcher server" daemon [_thread_in_native, id=13140, stack(0x0000003095700000,0x0000003095800000)]
  0x0000013147630000 JavaThread "File watcher consumer" daemon [_thread_blocked, id=1496, stack(0x0000003095800000,0x0000003095900000)]
  0x0000013147636800 JavaThread "Cache worker for checksums cache (C:\Users\user\AndroidStudioProjects\Kotlin_lv1_HW2\.gradle\7.3.3\checksums)" [_thread_blocked, id=2408, stack(0x0000003095900000,0x0000003095a00000)]
  0x0000013147631800 JavaThread "Cache worker for cache directory md-supplier (C:\Users\user\.gradle\caches\7.3.3\md-supplier)" [_thread_blocked, id=6904, stack(0x0000003095a00000,0x0000003095b00000)]
  0x0000013147c3d800 JavaThread "Cache worker for cache directory md-rule (C:\Users\user\.gradle\caches\7.3.3\md-rule)" [_thread_blocked, id=2764, stack(0x0000003095b00000,0x0000003095c00000)]
  0x0000013147c40000 JavaThread "Cache worker for execution history cache (C:\Users\user\.gradle\caches\7.3.3\executionHistory)" [_thread_blocked, id=7660, stack(0x0000003095c00000,0x0000003095d00000)]
  0x0000013147c40800 JavaThread "jar transforms" [_thread_blocked, id=5476, stack(0x0000003095d00000,0x0000003095e00000)]
  0x0000013147c42800 JavaThread "Cache worker for file content cache (C:\Users\user\.gradle\caches\7.3.3\fileContent)" [_thread_blocked, id=6500, stack(0x0000003095e00000,0x0000003095f00000)]
  0x0000013147c3c800 JavaThread "jar transforms Thread 2" [_thread_blocked, id=9356, stack(0x0000003095f00000,0x0000003096000000)]
  0x0000013147c46800 JavaThread "Cache worker for dependencies-accessors (C:\Users\user\AndroidStudioProjects\Kotlin_lv1_HW2\.gradle\7.3.3\dependencies-accessors)" [_thread_blocked, id=13492, stack(0x0000003096000000,0x0000003096100000)]
  0x0000013147c43000 JavaThread "jar transforms Thread 3" [_thread_blocked, id=6392, stack(0x0000003096100000,0x0000003096200000)]
  0x0000013147c49800 JavaThread "Cache worker for Build Output Cleanup Cache (C:\Users\user\AndroidStudioProjects\Kotlin_lv1_HW2\.gradle\buildOutputCleanup)" [_thread_blocked, id=3420, stack(0x0000003095200000,0x0000003095300000)]
  0x0000013147c47000 JavaThread "Unconstrained build operations" [_thread_blocked, id=13100, stack(0x0000003096300000,0x0000003096400000)]
  0x0000013147c48000 JavaThread "Unconstrained build operations Thread 2" [_thread_blocked, id=4828, stack(0x0000003096400000,0x0000003096500000)]
  0x0000013147c44800 JavaThread "Unconstrained build operations Thread 3" [_thread_blocked, id=684, stack(0x0000003096500000,0x0000003096600000)]
  0x0000013147c49000 JavaThread "Unconstrained build operations Thread 4" [_thread_blocked, id=7256, stack(0x0000003096600000,0x0000003096700000)]
  0x0000013147c44000 JavaThread "Unconstrained build operations Thread 5" [_thread_blocked, id=3716, stack(0x0000003096700000,0x0000003096800000)]
  0x0000013147c4a800 JavaThread "Unconstrained build operations Thread 6" [_thread_blocked, id=8136, stack(0x0000003096800000,0x0000003096900000)]
  0x0000013147c45800 JavaThread "Unconstrained build operations Thread 7" [_thread_blocked, id=8056, stack(0x0000003096900000,0x0000003096a00000)]
  0x0000013147c4b000 JavaThread "Unconstrained build operations Thread 8" [_thread_blocked, id=11992, stack(0x0000003096a00000,0x0000003096b00000)]
  0x000001314a684000 JavaThread "Unconstrained build operations Thread 9" [_thread_blocked, id=10224, stack(0x0000003096b00000,0x0000003096c00000)]
  0x000001314a67f800 JavaThread "Unconstrained build operations Thread 10" [_thread_blocked, id=8576, stack(0x0000003096c00000,0x0000003096d00000)]
  0x000001314a680000 JavaThread "Unconstrained build operations Thread 11" [_thread_blocked, id=9996, stack(0x0000003096d00000,0x0000003096e00000)]
  0x000001314a681800 JavaThread "Unconstrained build operations Thread 12" [_thread_in_vm, id=9776, stack(0x0000003096e00000,0x0000003096f00000)]
  0x000001314a681000 JavaThread "Unconstrained build operations Thread 13" [_thread_blocked, id=12160, stack(0x0000003096f00000,0x0000003097000000)]
  0x000001314a682800 JavaThread "Unconstrained build operations Thread 14" [_thread_blocked, id=5276, stack(0x0000003097000000,0x0000003097100000)]
  0x000001314a683800 JavaThread "Unconstrained build operations Thread 15" [_thread_blocked, id=852, stack(0x0000003097100000,0x0000003097200000)]
  0x000001314a67e800 JavaThread "Unconstrained build operations Thread 16" [_thread_blocked, id=8160, stack(0x0000003097200000,0x0000003097300000)]
  0x000001314a68a000 JavaThread "Unconstrained build operations Thread 17" [_thread_blocked, id=14080, stack(0x0000003097300000,0x0000003097400000)]
  0x000001314a687800 JavaThread "Unconstrained build operations Thread 18" [_thread_blocked, id=6836, stack(0x0000003097400000,0x0000003097500000)]
  0x000001314a686000 JavaThread "Unconstrained build operations Thread 19" [_thread_blocked, id=2576, stack(0x0000003097500000,0x0000003097600000)]
  0x000001314a68a800 JavaThread "Unconstrained build operations Thread 20" [_thread_blocked, id=11284, stack(0x0000003097600000,0x0000003097700000)]
  0x000001314a689000 JavaThread "Unconstrained build operations Thread 21" [_thread_blocked, id=7068, stack(0x0000003097700000,0x0000003097800000)]
  0x000001314a688800 JavaThread "Unconstrained build operations Thread 22" [_thread_blocked, id=6692, stack(0x0000003097800000,0x0000003097900000)]
  0x000001314a685000 JavaThread "Unconstrained build operations Thread 23" [_thread_in_vm, id=7376, stack(0x0000003097900000,0x0000003097a00000)]
  0x000001314a68b800 JavaThread "Unconstrained build operations Thread 24" [_thread_blocked, id=11532, stack(0x0000003097a00000,0x0000003097b00000)]
  0x000001314a68c800 JavaThread "Unconstrained build operations Thread 25" [_thread_blocked, id=10872, stack(0x0000003097b00000,0x0000003097c00000)]
  0x000001314a686800 JavaThread "Unconstrained build operations Thread 26" [_thread_blocked, id=14292, stack(0x0000003097c00000,0x0000003097d00000)]
  0x000001314a68d000 JavaThread "Unconstrained build operations Thread 27" [_thread_blocked, id=11968, stack(0x0000003097d00000,0x0000003097e00000)]
  0x000001314a724800 JavaThread "Unconstrained build operations Thread 28" [_thread_blocked, id=8848, stack(0x0000003097e00000,0x0000003097f00000)]
  0x000001314a728800 JavaThread "Unconstrained build operations Thread 29" [_thread_blocked, id=12460, stack(0x0000003097f00000,0x0000003098000000)]
  0x000001314a725000 JavaThread "Unconstrained build operations Thread 30" [_thread_blocked, id=3692, stack(0x0000003098000000,0x0000003098100000)]
  0x000001314a726000 JavaThread "Unconstrained build operations Thread 31" [_thread_blocked, id=8728, stack(0x0000003098100000,0x0000003098200000)]
  0x000001314a727800 JavaThread "Unconstrained build operations Thread 32" [_thread_blocked, id=9780, stack(0x0000003098200000,0x0000003098300000)]
  0x000001314a726800 JavaThread "Unconstrained build operations Thread 33" [_thread_blocked, id=12360, stack(0x0000003098300000,0x0000003098400000)]
  0x000001314a722800 JavaThread "Unconstrained build operations Thread 34" [_thread_in_vm, id=4988, stack(0x0000003098400000,0x0000003098500000)]
  0x000001314a729000 JavaThread "Unconstrained build operations Thread 35" [_thread_blocked, id=10228, stack(0x0000003098500000,0x0000003098600000)]
  0x000001314a723800 JavaThread "Unconstrained build operations Thread 36" [_thread_blocked, id=1200, stack(0x0000003098600000,0x0000003098700000)]
  0x000001314a72a000 JavaThread "Unconstrained build operations Thread 37" [_thread_blocked, id=7788, stack(0x0000003098700000,0x0000003098800000)]
  0x000001314a72d000 JavaThread "Unconstrained build operations Thread 38" [_thread_blocked, id=1716, stack(0x0000003098800000,0x0000003098900000)]
  0x000001314a72e000 JavaThread "Unconstrained build operations Thread 39" [_thread_blocked, id=5248, stack(0x0000003098900000,0x0000003098a00000)]
  0x000001314a72f000 JavaThread "Unconstrained build operations Thread 40" [_thread_blocked, id=1836, stack(0x0000003098a00000,0x0000003098b00000)]
  0x000001314a72f800 JavaThread "jar transforms Thread 4" [_thread_blocked, id=11412, stack(0x0000003098b00000,0x0000003098c00000)]
  0x000001314a730800 JavaThread "Memory manager" [_thread_blocked, id=6660, stack(0x0000003098c00000,0x0000003098d00000)]
  0x000001314a72c800 JavaThread "build event listener" [_thread_blocked, id=4980, stack(0x0000003098d00000,0x0000003098e00000)]
  0x000001314a731800 JavaThread "build event listener" [_thread_blocked, id=14028, stack(0x0000003098e00000,0x0000003098f00000)]
  0x000001314a72b800 JavaThread "Execution worker for ':'" [_thread_blocked, id=1360, stack(0x0000003098f00000,0x0000003099000000)]
  0x00000131474a3800 JavaThread "Execution worker for ':' Thread 2" [_thread_blocked, id=10000, stack(0x0000003099000000,0x0000003099100000)]
  0x00000131474a0000 JavaThread "Execution worker for ':' Thread 3" [_thread_blocked, id=5968, stack(0x0000003099100000,0x0000003099200000)]
  0x00000131474a4000 JavaThread "Cache worker for execution history cache (C:\Users\user\AndroidStudioProjects\Kotlin_lv1_HW2\.gradle\7.3.3\executionHistory)" [_thread_blocked, id=8796, stack(0x0000003099200000,0x0000003099300000)]
  0x00000131474a2800 JavaThread "WorkerExecutor Queue" [_thread_blocked, id=8620, stack(0x0000003099500000,0x0000003099600000)]
  0x00000131474a5000 JavaThread "WorkerExecutor Queue Thread 2" [_thread_blocked, id=12188, stack(0x0000003099600000,0x0000003099700000)]
  0x000001314749f800 JavaThread "WorkerExecutor Queue Thread 3" [_thread_blocked, id=1844, stack(0x0000003099700000,0x0000003099800000)]
  0x00000131474a6000 JavaThread "WorkerExecutor Queue Thread 4" [_thread_blocked, id=1180, stack(0x0000003099800000,0x0000003099900000)]
=>0x0000013148749000 JavaThread "C2 CompilerThread1" daemon [_thread_in_native, id=7544, stack(0x0000003096200000,0x0000003096300000)]
  0x00000131474a1800 JavaThread "pool-3-thread-1" [_thread_blocked, id=8768, stack(0x0000003099b00000,0x0000003099c00000)]
  0x00000131474a7800 JavaThread "stderr" [_thread_in_native, id=5008, stack(0x0000003099c00000,0x0000003099d00000)]
  0x00000131474ab800 JavaThread "stdout" [_thread_in_native, id=9060, stack(0x0000003099d00000,0x0000003099e00000)]

Other Threads:
  0x000001314490c000 VMThread "VM Thread" [stack: 0x0000003093a00000,0x0000003093b00000] [id=2172]
  0x000001314530d800 WatcherThread [stack: 0x0000003094400000,0x0000003094500000] [id=5004]
  0x000001312a5d7000 GCTaskThread "GC Thread#0" [stack: 0x0000003093500000,0x0000003093600000] [id=6668]
  0x00000131454e7800 GCTaskThread "GC Thread#1" [stack: 0x0000003094600000,0x0000003094700000] [id=13252]
  0x00000131458b3800 GCTaskThread "GC Thread#2" [stack: 0x0000003094700000,0x0000003094800000] [id=13856]
  0x000001314570e000 GCTaskThread "GC Thread#3" [stack: 0x0000003094800000,0x0000003094900000] [id=11952]
  0x000001312a606000 ConcurrentGCThread "G1 Main Marker" [stack: 0x0000003093600000,0x0000003093700000] [id=7556]
  0x000001312a607800 ConcurrentGCThread "G1 Conc#0" [stack: 0x0000003093700000,0x0000003093800000] [id=11760]
  0x0000013144760800 ConcurrentGCThread "G1 Refine#0" [stack: 0x0000003093800000,0x0000003093900000] [id=4340]
  0x00000131479eb800 ConcurrentGCThread "G1 Refine#1" [stack: 0x0000003099300000,0x0000003099400000] [id=6564]
  0x00000131479e8800 ConcurrentGCThread "G1 Refine#2" [stack: 0x0000003099400000,0x0000003099500000] [id=8104]
  0x000001312a69d800 ConcurrentGCThread "G1 Young RemSet Sampling" [stack: 0x0000003093900000,0x0000003093a00000] [id=10736]

Threads with active compile tasks:
C2 CompilerThread0  42923 16805       4       sun.invoke.util.VerifyAccess::isClassAccessible (182 bytes)
C1 CompilerThread0  42923 16907       3       com.android.tools.r8.internal.Gj::iterator (23 bytes)
C2 CompilerThread1  42923 16663       4       com.android.tools.r8.internal.HD::a (278 bytes)

VM state:not at safepoint (normal execution)

VM Mutex/Monitor currently owned by a thread: None

Heap address: 0x0000000080000000, size: 2048 MB, Compressed Oops mode: 32-bit
Narrow klass base: 0x0000000000000000, Narrow klass shift: 3
Compressed class space size: 1073741824 Address: 0x0000000100000000

Heap:
 garbage-first heap   total 284672K, used 104826K [0x0000000080000000, 0x0000000100000000)
  region size 1024K, 11 young (11264K), 7 survivors (7168K)
 Metaspace       used 113739K, capacity 116590K, committed 116868K, reserved 1150976K
  class space    used 14333K, capacity 15459K, committed 15564K, reserved 1048576K
Heap Regions: E=young(eden), S=young(survivor), O=old, HS=humongous(starts), HC=humongous(continues), CS=collection set, F=free, A=archive, TAMS=top-at-mark-start (previous, next)
|   0|0x0000000080000000, 0x0000000080100000, 0x0000000080100000|100%| O|  |TAMS 0x0000000080100000, 0x0000000080000000| Untracked 
|   1|0x0000000080100000, 0x0000000080200000, 0x0000000080200000|100%| O|  |TAMS 0x0000000080200000, 0x0000000080100000| Untracked 
|   2|0x0000000080200000, 0x0000000080300000, 0x0000000080300000|100%| O|  |TAMS 0x0000000080300000, 0x0000000080200000| Untracked 
|   3|0x0000000080300000, 0x0000000080400000, 0x0000000080400000|100%|HS|  |TAMS 0x0000000080400000, 0x0000000080300000| Complete 
|   4|0x0000000080400000, 0x0000000080500000, 0x0000000080500000|100%|HC|  |TAMS 0x0000000080500000, 0x0000000080400000| Complete 
|   5|0x0000000080500000, 0x0000000080600000, 0x0000000080600000|100%|HC|  |TAMS 0x0000000080600000, 0x0000000080500000| Complete 
|   6|0x0000000080600000, 0x0000000080700000, 0x0000000080700000|100%| O|  |TAMS 0x0000000080700000, 0x0000000080600000| Untracked 
|   7|0x0000000080700000, 0x0000000080800000, 0x0000000080800000|100%| O|  |TAMS 0x0000000080800000, 0x0000000080700000| Untracked 
|   8|0x0000000080800000, 0x0000000080900000, 0x0000000080900000|100%| O|  |TAMS 0x0000000080900000, 0x0000000080800000| Untracked 
|   9|0x0000000080900000, 0x0000000080a00000, 0x0000000080a00000|100%| O|  |TAMS 0x0000000080a00000, 0x0000000080900000| Untracked 
|  10|0x0000000080a00000, 0x0000000080b00000, 0x0000000080b00000|100%| O|  |TAMS 0x0000000080b00000, 0x0000000080a00000| Untracked 
|  11|0x0000000080b00000, 0x0000000080c00000, 0x0000000080c00000|100%| O|  |TAMS 0x0000000080c00000, 0x0000000080b00000| Untracked 
|  12|0x0000000080c00000, 0x0000000080d00000, 0x0000000080d00000|100%| O|  |TAMS 0x0000000080d00000, 0x0000000080c00000| Untracked 
|  13|0x0000000080d00000, 0x0000000080e00000, 0x0000000080e00000|100%| O|  |TAMS 0x0000000080e00000, 0x0000000080d00000| Untracked 
|  14|0x0000000080e00000, 0x0000000080f00000, 0x0000000080f00000|100%| O|  |TAMS 0x0000000080f00000, 0x0000000080e00000| Untracked 
|  15|0x0000000080f00000, 0x0000000081000000, 0x0000000081000000|100%| O|  |TAMS 0x0000000081000000, 0x0000000080f00000| Untracked 
|  16|0x0000000081000000, 0x0000000081100000, 0x0000000081100000|100%|HS|  |TAMS 0x0000000081100000, 0x0000000081000000| Complete 
|  17|0x0000000081100000, 0x0000000081200000, 0x0000000081200000|100%| O|  |TAMS 0x0000000081200000, 0x0000000081100000| Untracked 
|  18|0x0000000081200000, 0x0000000081300000, 0x0000000081300000|100%| O|  |TAMS 0x0000000081300000, 0x0000000081200000| Untracked 
|  19|0x0000000081300000, 0x0000000081400000, 0x0000000081400000|100%| O|  |TAMS 0x0000000081400000, 0x0000000081300000| Untracked 
|  20|0x0000000081400000, 0x0000000081500000, 0x0000000081500000|100%| O|  |TAMS 0x0000000081500000, 0x0000000081400000| Untracked 
|  21|0x0000000081500000, 0x0000000081600000, 0x0000000081600000|100%| O|  |TAMS 0x0000000081600000, 0x0000000081500000| Untracked 
|  22|0x0000000081600000, 0x0000000081700000, 0x0000000081700000|100%| O|  |TAMS 0x0000000081700000, 0x0000000081600000| Untracked 
|  23|0x0000000081700000, 0x0000000081800000, 0x0000000081800000|100%| O|  |TAMS 0x0000000081800000, 0x0000000081700000| Untracked 
|  24|0x0000000081800000, 0x0000000081900000, 0x0000000081900000|100%|HS|  |TAMS 0x0000000081900000, 0x0000000081800000| Complete 
|  25|0x0000000081900000, 0x0000000081a00000, 0x0000000081a00000|100%|HS|  |TAMS 0x0000000081a00000, 0x0000000081900000| Complete 
|  26|0x0000000081a00000, 0x0000000081b00000, 0x0000000081b00000|100%|HS|  |TAMS 0x0000000081b00000, 0x0000000081a00000| Complete 
|  27|0x0000000081b00000, 0x0000000081c00000, 0x0000000081c00000|100%|HC|  |TAMS 0x0000000081c00000, 0x0000000081b00000| Complete 
|  28|0x0000000081c00000, 0x0000000081d00000, 0x0000000081d00000|100%|HC|  |TAMS 0x0000000081d00000, 0x0000000081c00000| Complete 
|  29|0x0000000081d00000, 0x0000000081e00000, 0x0000000081e00000|100%|HS|  |TAMS 0x0000000081e00000, 0x0000000081d00000| Complete 
|  30|0x0000000081e00000, 0x0000000081f00000, 0x0000000081f00000|100%|HC|  |TAMS 0x0000000081f00000, 0x0000000081e00000| Complete 
|  31|0x0000000081f00000, 0x0000000082000000, 0x0000000082000000|100%| O|  |TAMS 0x0000000082000000, 0x0000000081f00000| Untracked 
|  32|0x0000000082000000, 0x0000000082100000, 0x0000000082100000|100%| O|  |TAMS 0x0000000082100000, 0x0000000082000000| Untracked 
|  33|0x0000000082100000, 0x0000000082200000, 0x0000000082200000|100%| O|  |TAMS 0x0000000082200000, 0x0000000082100000| Untracked 
|  34|0x0000000082200000, 0x0000000082300000, 0x0000000082300000|100%| O|  |TAMS 0x0000000082300000, 0x0000000082200000| Untracked 
|  35|0x0000000082300000, 0x0000000082400000, 0x0000000082400000|100%| O|  |TAMS 0x0000000082400000, 0x0000000082300000| Untracked 
|  36|0x0000000082400000, 0x0000000082500000, 0x0000000082500000|100%| O|  |TAMS 0x0000000082500000, 0x0000000082400000| Untracked 
|  37|0x0000000082500000, 0x0000000082600000, 0x0000000082600000|100%| O|  |TAMS 0x0000000082600000, 0x0000000082500000| Untracked 
|  38|0x0000000082600000, 0x0000000082700000, 0x0000000082700000|100%| O|  |TAMS 0x0000000082700000, 0x0000000082600000| Untracked 
|  39|0x0000000082700000, 0x0000000082800000, 0x0000000082800000|100%| O|  |TAMS 0x0000000082800000, 0x0000000082700000| Untracked 
|  40|0x0000000082800000, 0x0000000082900000, 0x0000000082900000|100%| O|  |TAMS 0x0000000082900000, 0x0000000082800000| Untracked 
|  41|0x0000000082900000, 0x0000000082a00000, 0x0000000082a00000|100%| O|  |TAMS 0x0000000082a00000, 0x0000000082900000| Untracked 
|  42|0x0000000082a00000, 0x0000000082b00000, 0x0000000082b00000|100%| O|  |TAMS 0x0000000082b00000, 0x0000000082a00000| Untracked 
|  43|0x0000000082b00000, 0x0000000082c00000, 0x0000000082c00000|100%| O|  |TAMS 0x0000000082c00000, 0x0000000082b00000| Untracked 
|  44|0x0000000082c00000, 0x0000000082d00000, 0x0000000082d00000|100%| O|  |TAMS 0x0000000082d00000, 0x0000000082c00000| Untracked 
|  45|0x0000000082d00000, 0x0000000082e00000, 0x0000000082e00000|100%| O|  |TAMS 0x0000000082e00000, 0x0000000082d00000| Untracked 
|  46|0x0000000082e00000, 0x0000000082f00000, 0x0000000082f00000|100%| O|  |TAMS 0x0000000082f00000, 0x0000000082e00000| Untracked 
|  47|0x0000000082f00000, 0x0000000083000000, 0x0000000083000000|100%| O|  |TAMS 0x0000000083000000, 0x0000000082f00000| Untracked 
|  48|0x0000000083000000, 0x0000000083100000, 0x0000000083100000|100%| O|  |TAMS 0x0000000083100000, 0x0000000083000000| Untracked 
|  49|0x0000000083100000, 0x0000000083200000, 0x0000000083200000|100%| O|  |TAMS 0x0000000083200000, 0x0000000083100000| Untracked 
|  50|0x0000000083200000, 0x0000000083300000, 0x0000000083300000|100%| O|  |TAMS 0x0000000083300000, 0x0000000083200000| Untracked 
|  51|0x0000000083300000, 0x0000000083400000, 0x0000000083400000|100%| O|  |TAMS 0x0000000083400000, 0x0000000083300000| Untracked 
|  52|0x0000000083400000, 0x0000000083500000, 0x0000000083500000|100%| O|  |TAMS 0x0000000083500000, 0x0000000083400000| Untracked 
|  53|0x0000000083500000, 0x0000000083600000, 0x0000000083600000|100%| O|  |TAMS 0x0000000083600000, 0x0000000083500000| Untracked 
|  54|0x0000000083600000, 0x0000000083700000, 0x0000000083700000|100%| O|  |TAMS 0x0000000083700000, 0x0000000083600000| Untracked 
|  55|0x0000000083700000, 0x0000000083800000, 0x0000000083800000|100%| O|  |TAMS 0x0000000083800000, 0x0000000083700000| Untracked 
|  56|0x0000000083800000, 0x0000000083900000, 0x0000000083900000|100%| O|  |TAMS 0x0000000083900000, 0x0000000083800000| Untracked 
|  57|0x0000000083900000, 0x0000000083a00000, 0x0000000083a00000|100%| O|  |TAMS 0x0000000083a00000, 0x0000000083900000| Untracked 
|  58|0x0000000083a00000, 0x0000000083a00000, 0x0000000083b00000|  0%| F|  |TAMS 0x0000000083a00000, 0x0000000083a00000| Untracked 
|  59|0x0000000083b00000, 0x0000000083c00000, 0x0000000083c00000|100%| O|  |TAMS 0x0000000083b00000, 0x0000000083b00000| Untracked 
|  60|0x0000000083c00000, 0x0000000083d00000, 0x0000000083d00000|100%| O|  |TAMS 0x0000000083d00000, 0x0000000083c00000| Untracked 
|  61|0x0000000083d00000, 0x0000000083e00000, 0x0000000083e00000|100%| O|  |TAMS 0x0000000083e00000, 0x0000000083d00000| Untracked 
|  62|0x0000000083e00000, 0x0000000083f00000, 0x0000000083f00000|100%| O|  |TAMS 0x0000000083f00000, 0x0000000083e00000| Untracked 
|  63|0x0000000083f00000, 0x0000000084000000, 0x0000000084000000|100%| O|  |TAMS 0x0000000084000000, 0x0000000083f00000| Untracked 
|  64|0x0000000084000000, 0x0000000084100000, 0x0000000084100000|100%| O|  |TAMS 0x0000000084100000, 0x0000000084000000| Untracked 
|  65|0x0000000084100000, 0x0000000084200000, 0x0000000084200000|100%| O|  |TAMS 0x0000000084200000, 0x0000000084100000| Untracked 
|  66|0x0000000084200000, 0x0000000084300000, 0x0000000084300000|100%| O|  |TAMS 0x0000000084300000, 0x0000000084200000| Untracked 
|  67|0x0000000084300000, 0x0000000084400000, 0x0000000084400000|100%| O|  |TAMS 0x0000000084400000, 0x0000000084300000| Untracked 
|  68|0x0000000084400000, 0x0000000084500000, 0x0000000084500000|100%| O|  |TAMS 0x0000000084400000, 0x0000000084400000| Untracked 
|  69|0x0000000084500000, 0x0000000084500000, 0x0000000084600000|  0%| F|  |TAMS 0x0000000084500000, 0x0000000084500000| Untracked 
|  70|0x0000000084600000, 0x0000000084600000, 0x0000000084700000|  0%| F|  |TAMS 0x0000000084600000, 0x0000000084600000| Untracked 
|  71|0x0000000084700000, 0x0000000084800000, 0x0000000084800000|100%| O|  |TAMS 0x0000000084700000, 0x0000000084700000| Untracked 
|  72|0x0000000084800000, 0x0000000084900000, 0x0000000084900000|100%| O|  |TAMS 0x0000000084800000, 0x0000000084800000| Untracked 
|  73|0x0000000084900000, 0x0000000084a00000, 0x0000000084a00000|100%| O|  |TAMS 0x0000000084900000, 0x0000000084900000| Untracked 
|  74|0x0000000084a00000, 0x0000000084b00000, 0x0000000084b00000|100%| O|  |TAMS 0x0000000084a00000, 0x0000000084a00000| Untracked 
|  75|0x0000000084b00000, 0x0000000084c00000, 0x0000000084c00000|100%| O|  |TAMS 0x0000000084b00000, 0x0000000084b00000| Untracked 
|  76|0x0000000084c00000, 0x0000000084d00000, 0x0000000084d00000|100%| O|  |TAMS 0x0000000084d00000, 0x0000000084c00000| Untracked 
|  77|0x0000000084d00000, 0x0000000084e00000, 0x0000000084e00000|100%| O|  |TAMS 0x0000000084d00000, 0x0000000084d00000| Untracked 
|  78|0x0000000084e00000, 0x0000000084f00000, 0x0000000084f00000|100%| O|  |TAMS 0x0000000084f00000, 0x0000000084e00000| Untracked 
|  79|0x0000000084f00000, 0x0000000085000000, 0x0000000085000000|100%| O|  |TAMS 0x0000000085000000, 0x0000000084f00000| Untracked 
|  80|0x0000000085000000, 0x000000008500a800, 0x0000000085100000|  4%| O|  |TAMS 0x0000000085000000, 0x0000000085000000| Untracked 
|  81|0x0000000085100000, 0x0000000085100000, 0x0000000085200000|  0%| F|  |TAMS 0x0000000085100000, 0x0000000085100000| Untracked 
|  82|0x0000000085200000, 0x0000000085300000, 0x0000000085300000|100%| O|  |TAMS 0x0000000085300000, 0x0000000085200000| Untracked 
|  83|0x0000000085300000, 0x0000000085300000, 0x0000000085400000|  0%| F|  |TAMS 0x0000000085300000, 0x0000000085300000| Untracked 
|  84|0x0000000085400000, 0x0000000085400000, 0x0000000085500000|  0%| F|  |TAMS 0x0000000085400000, 0x0000000085400000| Untracked 
|  85|0x0000000085500000, 0x0000000085600000, 0x0000000085600000|100%| O|  |TAMS 0x0000000085580000, 0x0000000085500000| Untracked 
|  86|0x0000000085600000, 0x0000000085600000, 0x0000000085700000|  0%| F|  |TAMS 0x0000000085600000, 0x0000000085600000| Untracked 
|  87|0x0000000085700000, 0x0000000085700000, 0x0000000085800000|  0%| F|  |TAMS 0x0000000085700000, 0x0000000085700000| Untracked 
|  88|0x0000000085800000, 0x0000000085800000, 0x0000000085900000|  0%| F|  |TAMS 0x0000000085800000, 0x0000000085800000| Untracked 
|  89|0x0000000085900000, 0x0000000085900000, 0x0000000085a00000|  0%| F|  |TAMS 0x0000000085900000, 0x0000000085900000| Untracked 
|  90|0x0000000085a00000, 0x0000000085a00000, 0x0000000085b00000|  0%| F|  |TAMS 0x0000000085a00000, 0x0000000085a00000| Untracked 
|  91|0x0000000085b00000, 0x0000000085b00000, 0x0000000085c00000|  0%| F|  |TAMS 0x0000000085b00000, 0x0000000085b00000| Untracked 
|  92|0x0000000085c00000, 0x0000000085c00000, 0x0000000085d00000|  0%| F|  |TAMS 0x0000000085c00000, 0x0000000085c00000| Untracked 
|  93|0x0000000085d00000, 0x0000000085d00000, 0x0000000085e00000|  0%| F|  |TAMS 0x0000000085d00000, 0x0000000085d00000| Untracked 
|  94|0x0000000085e00000, 0x0000000085e00000, 0x0000000085f00000|  0%| F|  |TAMS 0x0000000085e00000, 0x0000000085e00000| Untracked 
|  95|0x0000000085f00000, 0x0000000085f00000, 0x0000000086000000|  0%| F|  |TAMS 0x0000000085f00000, 0x0000000085f00000| Untracked 
|  96|0x0000000086000000, 0x0000000086000000, 0x0000000086100000|  0%| F|  |TAMS 0x0000000086000000, 0x0000000086000000| Untracked 
|  97|0x0000000086100000, 0x0000000086100000, 0x0000000086200000|  0%| F|  |TAMS 0x0000000086100000, 0x0000000086100000| Untracked 
|  98|0x0000000086200000, 0x0000000086200000, 0x0000000086300000|  0%| F|  |TAMS 0x0000000086200000, 0x0000000086200000| Untracked 
|  99|0x0000000086300000, 0x0000000086300000, 0x0000000086400000|  0%| F|  |TAMS 0x0000000086300000, 0x0000000086300000| Untracked 
| 100|0x0000000086400000, 0x0000000086500000, 0x0000000086500000|100%| O|  |TAMS 0x0000000086500000, 0x0000000086400000| Untracked 
| 101|0x0000000086500000, 0x0000000086600000, 0x0000000086600000|100%| O|  |TAMS 0x0000000086600000, 0x0000000086500000| Untracked 
| 102|0x0000000086600000, 0x0000000086600000, 0x0000000086700000|  0%| F|  |TAMS 0x0000000086600000, 0x0000000086600000| Untracked 
| 103|0x0000000086700000, 0x0000000086800000, 0x0000000086800000|100%| O|  |TAMS 0x0000000086800000, 0x0000000086700000| Untracked 
| 104|0x0000000086800000, 0x0000000086900000, 0x0000000086900000|100%| O|  |TAMS 0x0000000086900000, 0x0000000086800000| Untracked 
| 105|0x0000000086900000, 0x0000000086900000, 0x0000000086a00000|  0%| F|  |TAMS 0x0000000086900000, 0x0000000086900000| Untracked 
| 106|0x0000000086a00000, 0x0000000086b00000, 0x0000000086b00000|100%| O|  |TAMS 0x0000000086b00000, 0x0000000086a00000| Untracked 
| 107|0x0000000086b00000, 0x0000000086c00000, 0x0000000086c00000|100%| O|  |TAMS 0x0000000086c00000, 0x0000000086b00000| Untracked 
| 108|0x0000000086c00000, 0x0000000086d00000, 0x0000000086d00000|100%| O|  |TAMS 0x0000000086d00000, 0x0000000086c00000| Untracked 
| 109|0x0000000086d00000, 0x0000000086d00000, 0x0000000086e00000|  0%| F|  |TAMS 0x0000000086d00000, 0x0000000086d00000| Untracked 
| 110|0x0000000086e00000, 0x0000000086e00000, 0x0000000086f00000|  0%| F|  |TAMS 0x0000000086e00000, 0x0000000086e00000| Untracked 
| 111|0x0000000086f00000, 0x0000000086f00000, 0x0000000087000000|  0%| F|  |TAMS 0x0000000086f00000, 0x0000000086f00000| Untracked 
| 112|0x0000000087000000, 0x0000000087000000, 0x0000000087100000|  0%| F|  |TAMS 0x0000000087000000, 0x0000000087000000| Untracked 
| 113|0x0000000087100000, 0x0000000087100000, 0x0000000087200000|  0%| F|  |TAMS 0x0000000087100000, 0x0000000087100000| Untracked 
| 114|0x0000000087200000, 0x0000000087200000, 0x0000000087300000|  0%| F|  |TAMS 0x0000000087200000, 0x0000000087200000| Untracked 
| 115|0x0000000087300000, 0x0000000087300000, 0x0000000087400000|  0%| F|  |TAMS 0x0000000087300000, 0x0000000087300000| Untracked 
| 116|0x0000000087400000, 0x0000000087400000, 0x0000000087500000|  0%| F|  |TAMS 0x0000000087400000, 0x0000000087400000| Untracked 
| 117|0x0000000087500000, 0x0000000087500000, 0x0000000087600000|  0%| F|  |TAMS 0x0000000087500000, 0x0000000087500000| Untracked 
| 118|0x0000000087600000, 0x0000000087600000, 0x0000000087700000|  0%| F|  |TAMS 0x0000000087600000, 0x0000000087600000| Untracked 
| 119|0x0000000087700000, 0x0000000087700000, 0x0000000087800000|  0%| F|  |TAMS 0x0000000087700000, 0x0000000087700000| Untracked 
| 120|0x0000000087800000, 0x0000000087800000, 0x0000000087900000|  0%| F|  |TAMS 0x0000000087800000, 0x0000000087800000| Untracked 
| 121|0x0000000087900000, 0x0000000087900000, 0x0000000087a00000|  0%| F|  |TAMS 0x0000000087900000, 0x0000000087900000| Untracked 
| 122|0x0000000087a00000, 0x0000000087a00000, 0x0000000087b00000|  0%| F|  |TAMS 0x0000000087a00000, 0x0000000087a00000| Untracked 
| 123|0x0000000087b00000, 0x0000000087b00000, 0x0000000087c00000|  0%| F|  |TAMS 0x0000000087b00000, 0x0000000087b00000| Untracked 
| 124|0x0000000087c00000, 0x0000000087c00000, 0x0000000087d00000|  0%| F|  |TAMS 0x0000000087c00000, 0x0000000087c00000| Untracked 
| 125|0x0000000087d00000, 0x0000000087e00000, 0x0000000087e00000|100%| O|  |TAMS 0x0000000087e00000, 0x0000000087d00000| Untracked 
| 126|0x0000000087e00000, 0x0000000087f00000, 0x0000000087f00000|100%| O|  |TAMS 0x0000000087f00000, 0x0000000087e00000| Untracked 
| 127|0x0000000087f00000, 0x0000000088000000, 0x0000000088000000|100%| O|  |TAMS 0x0000000088000000, 0x0000000087f00000| Untracked 
| 128|0x0000000088000000, 0x0000000088100000, 0x0000000088100000|100%| O|  |TAMS 0x0000000088100000, 0x0000000088000000| Untracked 
| 129|0x0000000088100000, 0x0000000088200000, 0x0000000088200000|100%| O|  |TAMS 0x0000000088200000, 0x0000000088100000| Untracked 
| 130|0x0000000088200000, 0x0000000088300000, 0x0000000088300000|100%| O|  |TAMS 0x0000000088300000, 0x0000000088200000| Untracked 
| 131|0x0000000088300000, 0x0000000088400000, 0x0000000088400000|100%| O|  |TAMS 0x0000000088400000, 0x0000000088300000| Untracked 
| 132|0x0000000088400000, 0x0000000088400000, 0x0000000088500000|  0%| F|  |TAMS 0x0000000088400000, 0x0000000088400000| Untracked 
| 133|0x0000000088500000, 0x0000000088500000, 0x0000000088600000|  0%| F|  |TAMS 0x0000000088500000, 0x0000000088500000| Untracked 
| 134|0x0000000088600000, 0x0000000088600000, 0x0000000088700000|  0%| F|  |TAMS 0x0000000088600000, 0x0000000088600000| Untracked 
| 135|0x0000000088700000, 0x0000000088700000, 0x0000000088800000|  0%| F|  |TAMS 0x0000000088700000, 0x0000000088700000| Untracked 
| 136|0x0000000088800000, 0x0000000088800000, 0x0000000088900000|  0%| F|  |TAMS 0x0000000088800000, 0x0000000088800000| Untracked 
| 137|0x0000000088900000, 0x0000000088900000, 0x0000000088a00000|  0%| F|  |TAMS 0x0000000088900000, 0x0000000088900000| Untracked 
| 138|0x0000000088a00000, 0x0000000088a00000, 0x0000000088b00000|  0%| F|  |TAMS 0x0000000088a00000, 0x0000000088a00000| Untracked 
| 139|0x0000000088b00000, 0x0000000088b00000, 0x0000000088c00000|  0%| F|  |TAMS 0x0000000088b00000, 0x0000000088b00000| Untracked 
| 140|0x0000000088c00000, 0x0000000088c00000, 0x0000000088d00000|  0%| F|  |TAMS 0x0000000088c00000, 0x0000000088c00000| Untracked 
| 141|0x0000000088d00000, 0x0000000088d00000, 0x0000000088e00000|  0%| F|  |TAMS 0x0000000088d00000, 0x0000000088d00000| Untracked 
| 142|0x0000000088e00000, 0x0000000088e00000, 0x0000000088f00000|  0%| F|  |TAMS 0x0000000088e00000, 0x0000000088e00000| Untracked 
| 143|0x0000000088f00000, 0x0000000088f00000, 0x0000000089000000|  0%| F|  |TAMS 0x0000000088f00000, 0x0000000088f00000| Untracked 
| 144|0x0000000089000000, 0x0000000089000000, 0x0000000089100000|  0%| F|  |TAMS 0x0000000089000000, 0x0000000089000000| Untracked 
| 145|0x0000000089100000, 0x0000000089100000, 0x0000000089200000|  0%| F|  |TAMS 0x0000000089100000, 0x0000000089100000| Untracked 
| 146|0x0000000089200000, 0x0000000089200000, 0x0000000089300000|  0%| F|  |TAMS 0x0000000089200000, 0x0000000089200000| Untracked 
| 147|0x0000000089300000, 0x0000000089300000, 0x0000000089400000|  0%| F|  |TAMS 0x0000000089300000, 0x0000000089300000| Untracked 
| 148|0x0000000089400000, 0x0000000089400000, 0x0000000089500000|  0%| F|  |TAMS 0x0000000089400000, 0x0000000089400000| Untracked 
| 149|0x0000000089500000, 0x0000000089500000, 0x0000000089600000|  0%| F|  |TAMS 0x0000000089500000, 0x0000000089500000| Untracked 
| 150|0x0000000089600000, 0x0000000089600000, 0x0000000089700000|  0%| F|  |TAMS 0x0000000089600000, 0x0000000089600000| Untracked 
| 151|0x0000000089700000, 0x0000000089700000, 0x0000000089800000|  0%| F|  |TAMS 0x0000000089700000, 0x0000000089700000| Untracked 
| 152|0x0000000089800000, 0x0000000089800000, 0x0000000089900000|  0%| F|  |TAMS 0x0000000089800000, 0x0000000089800000| Untracked 
| 153|0x0000000089900000, 0x0000000089954100, 0x0000000089a00000| 32%| S|CS|TAMS 0x0000000089900000, 0x0000000089900000| Complete 
| 154|0x0000000089a00000, 0x0000000089b00000, 0x0000000089b00000|100%| S|CS|TAMS 0x0000000089a00000, 0x0000000089a00000| Complete 
| 155|0x0000000089b00000, 0x0000000089c00000, 0x0000000089c00000|100%| S|CS|TAMS 0x0000000089b00000, 0x0000000089b00000| Complete 
| 156|0x0000000089c00000, 0x0000000089d00000, 0x0000000089d00000|100%| S|CS|TAMS 0x0000000089c00000, 0x0000000089c00000| Complete 
| 157|0x0000000089d00000, 0x0000000089e00000, 0x0000000089e00000|100%| S|CS|TAMS 0x0000000089d00000, 0x0000000089d00000| Complete 
| 158|0x0000000089e00000, 0x0000000089f00000, 0x0000000089f00000|100%| S|CS|TAMS 0x0000000089e00000, 0x0000000089e00000| Complete 
| 159|0x0000000089f00000, 0x000000008a000000, 0x000000008a000000|100%| S|CS|TAMS 0x0000000089f00000, 0x0000000089f00000| Complete 
| 160|0x000000008a000000, 0x000000008a000000, 0x000000008a100000|  0%| F|  |TAMS 0x000000008a000000, 0x000000008a000000| Untracked 
| 161|0x000000008a100000, 0x000000008a100000, 0x000000008a200000|  0%| F|  |TAMS 0x000000008a100000, 0x000000008a100000| Untracked 
| 162|0x000000008a200000, 0x000000008a200000, 0x000000008a300000|  0%| F|  |TAMS 0x000000008a200000, 0x000000008a200000| Untracked 
| 163|0x000000008a300000, 0x000000008a300000, 0x000000008a400000|  0%| F|  |TAMS 0x000000008a300000, 0x000000008a300000| Untracked 
| 164|0x000000008a400000, 0x000000008a400000, 0x000000008a500000|  0%| F|  |TAMS 0x000000008a400000, 0x000000008a400000| Untracked 
| 165|0x000000008a500000, 0x000000008a500000, 0x000000008a600000|  0%| F|  |TAMS 0x000000008a500000, 0x000000008a500000| Untracked 
| 166|0x000000008a600000, 0x000000008a600000, 0x000000008a700000|  0%| F|  |TAMS 0x000000008a600000, 0x000000008a600000| Untracked 
| 167|0x000000008a700000, 0x000000008a700000, 0x000000008a800000|  0%| F|  |TAMS 0x000000008a700000, 0x000000008a700000| Untracked 
| 168|0x000000008a800000, 0x000000008a800000, 0x000000008a900000|  0%| F|  |TAMS 0x000000008a800000, 0x000000008a800000| Untracked 
| 169|0x000000008a900000, 0x000000008a900000, 0x000000008aa00000|  0%| F|  |TAMS 0x000000008a900000, 0x000000008a900000| Untracked 
| 170|0x000000008aa00000, 0x000000008aa00000, 0x000000008ab00000|  0%| F|  |TAMS 0x000000008aa00000, 0x000000008aa00000| Untracked 
| 171|0x000000008ab00000, 0x000000008ab00000, 0x000000008ac00000|  0%| F|  |TAMS 0x000000008ab00000, 0x000000008ab00000| Untracked 
| 172|0x000000008ac00000, 0x000000008ac00000, 0x000000008ad00000|  0%| F|  |TAMS 0x000000008ac00000, 0x000000008ac00000| Untracked 
| 173|0x000000008ad00000, 0x000000008ad00000, 0x000000008ae00000|  0%| F|  |TAMS 0x000000008ad00000, 0x000000008ad00000| Untracked 
| 174|0x000000008ae00000, 0x000000008ae00000, 0x000000008af00000|  0%| F|  |TAMS 0x000000008ae00000, 0x000000008ae00000| Untracked 
| 175|0x000000008af00000, 0x000000008af00000, 0x000000008b000000|  0%| F|  |TAMS 0x000000008af00000, 0x000000008af00000| Untracked 
| 176|0x000000008b000000, 0x000000008b000000, 0x000000008b100000|  0%| F|  |TAMS 0x000000008b000000, 0x000000008b000000| Untracked 
| 177|0x000000008b100000, 0x000000008b100000, 0x000000008b200000|  0%| F|  |TAMS 0x000000008b100000, 0x000000008b100000| Untracked 
| 178|0x000000008b200000, 0x000000008b200000, 0x000000008b300000|  0%| F|  |TAMS 0x000000008b200000, 0x000000008b200000| Untracked 
| 179|0x000000008b300000, 0x000000008b300000, 0x000000008b400000|  0%| F|  |TAMS 0x000000008b300000, 0x000000008b300000| Untracked 
| 180|0x000000008b400000, 0x000000008b400000, 0x000000008b500000|  0%| F|  |TAMS 0x000000008b400000, 0x000000008b400000| Untracked 
| 181|0x000000008b500000, 0x000000008b500000, 0x000000008b600000|  0%| F|  |TAMS 0x000000008b500000, 0x000000008b500000| Untracked 
| 182|0x000000008b600000, 0x000000008b600000, 0x000000008b700000|  0%| F|  |TAMS 0x000000008b600000, 0x000000008b600000| Untracked 
| 183|0x000000008b700000, 0x000000008b700000, 0x000000008b800000|  0%| F|  |TAMS 0x000000008b700000, 0x000000008b700000| Untracked 
| 184|0x000000008b800000, 0x000000008b800000, 0x000000008b900000|  0%| F|  |TAMS 0x000000008b800000, 0x000000008b800000| Untracked 
| 185|0x000000008b900000, 0x000000008b900000, 0x000000008ba00000|  0%| F|  |TAMS 0x000000008b900000, 0x000000008b900000| Untracked 
| 186|0x000000008ba00000, 0x000000008ba00000, 0x000000008bb00000|  0%| F|  |TAMS 0x000000008ba00000, 0x000000008ba00000| Untracked 
| 187|0x000000008bb00000, 0x000000008bb00000, 0x000000008bc00000|  0%| F|  |TAMS 0x000000008bb00000, 0x000000008bb00000| Untracked 
| 188|0x000000008bc00000, 0x000000008bc00000, 0x000000008bd00000|  0%| F|  |TAMS 0x000000008bc00000, 0x000000008bc00000| Untracked 
| 189|0x000000008bd00000, 0x000000008bd00000, 0x000000008be00000|  0%| F|  |TAMS 0x000000008bd00000, 0x000000008bd00000| Untracked 
| 190|0x000000008be00000, 0x000000008be00000, 0x000000008bf00000|  0%| F|  |TAMS 0x000000008be00000, 0x000000008be00000| Untracked 
| 191|0x000000008bf00000, 0x000000008bf00000, 0x000000008c000000|  0%| F|  |TAMS 0x000000008bf00000, 0x000000008bf00000| Untracked 
| 192|0x000000008c000000, 0x000000008c000000, 0x000000008c100000|  0%| F|  |TAMS 0x000000008c000000, 0x000000008c000000| Untracked 
| 193|0x000000008c100000, 0x000000008c100000, 0x000000008c200000|  0%| F|  |TAMS 0x000000008c100000, 0x000000008c100000| Untracked 
| 194|0x000000008c200000, 0x000000008c200000, 0x000000008c300000|  0%| F|  |TAMS 0x000000008c200000, 0x000000008c200000| Untracked 
| 195|0x000000008c300000, 0x000000008c300000, 0x000000008c400000|  0%| F|  |TAMS 0x000000008c300000, 0x000000008c300000| Untracked 
| 196|0x000000008c400000, 0x000000008c400000, 0x000000008c500000|  0%| F|  |TAMS 0x000000008c400000, 0x000000008c400000| Untracked 
| 197|0x000000008c500000, 0x000000008c500000, 0x000000008c600000|  0%| F|  |TAMS 0x000000008c500000, 0x000000008c500000| Untracked 
| 198|0x000000008c600000, 0x000000008c600000, 0x000000008c700000|  0%| F|  |TAMS 0x000000008c600000, 0x000000008c600000| Untracked 
| 199|0x000000008c700000, 0x000000008c700000, 0x000000008c800000|  0%| F|  |TAMS 0x000000008c700000, 0x000000008c700000| Untracked 
| 200|0x000000008c800000, 0x000000008c800000, 0x000000008c900000|  0%| F|  |TAMS 0x000000008c800000, 0x000000008c800000| Untracked 
| 201|0x000000008c900000, 0x000000008c900000, 0x000000008ca00000|  0%| F|  |TAMS 0x000000008c900000, 0x000000008c900000| Untracked 
| 202|0x000000008ca00000, 0x000000008ca00000, 0x000000008cb00000|  0%| F|  |TAMS 0x000000008ca00000, 0x000000008ca00000| Untracked 
| 203|0x000000008cb00000, 0x000000008cb00000, 0x000000008cc00000|  0%| F|  |TAMS 0x000000008cb00000, 0x000000008cb00000| Untracked 
| 204|0x000000008cc00000, 0x000000008cc00000, 0x000000008cd00000|  0%| F|  |TAMS 0x000000008cc00000, 0x000000008cc00000| Untracked 
| 205|0x000000008cd00000, 0x000000008cd00000, 0x000000008ce00000|  0%| F|  |TAMS 0x000000008cd00000, 0x000000008cd00000| Untracked 
| 206|0x000000008ce00000, 0x000000008ce00000, 0x000000008cf00000|  0%| F|  |TAMS 0x000000008ce00000, 0x000000008ce00000| Untracked 
| 207|0x000000008cf00000, 0x000000008cf00000, 0x000000008d000000|  0%| F|  |TAMS 0x000000008cf00000, 0x000000008cf00000| Untracked 
| 208|0x000000008d000000, 0x000000008d000000, 0x000000008d100000|  0%| F|  |TAMS 0x000000008d000000, 0x000000008d000000| Untracked 
| 209|0x000000008d100000, 0x000000008d100000, 0x000000008d200000|  0%| F|  |TAMS 0x000000008d100000, 0x000000008d100000| Untracked 
| 210|0x000000008d200000, 0x000000008d200000, 0x000000008d300000|  0%| F|  |TAMS 0x000000008d200000, 0x000000008d200000| Untracked 
| 211|0x000000008d300000, 0x000000008d300000, 0x000000008d400000|  0%| F|  |TAMS 0x000000008d300000, 0x000000008d300000| Untracked 
| 212|0x000000008d400000, 0x000000008d400000, 0x000000008d500000|  0%| F|  |TAMS 0x000000008d400000, 0x000000008d400000| Untracked 
| 213|0x000000008d500000, 0x000000008d500000, 0x000000008d600000|  0%| F|  |TAMS 0x000000008d500000, 0x000000008d500000| Untracked 
| 214|0x000000008d600000, 0x000000008d600000, 0x000000008d700000|  0%| F|  |TAMS 0x000000008d600000, 0x000000008d600000| Untracked 
| 215|0x000000008d700000, 0x000000008d700000, 0x000000008d800000|  0%| F|  |TAMS 0x000000008d700000, 0x000000008d700000| Untracked 
| 216|0x000000008d800000, 0x000000008d800000, 0x000000008d900000|  0%| F|  |TAMS 0x000000008d800000, 0x000000008d800000| Untracked 
| 217|0x000000008d900000, 0x000000008d900000, 0x000000008da00000|  0%| F|  |TAMS 0x000000008d900000, 0x000000008d900000| Untracked 
| 218|0x000000008da00000, 0x000000008da00000, 0x000000008db00000|  0%| F|  |TAMS 0x000000008da00000, 0x000000008da00000| Untracked 
| 219|0x000000008db00000, 0x000000008db00000, 0x000000008dc00000|  0%| F|  |TAMS 0x000000008db00000, 0x000000008db00000| Untracked 
| 220|0x000000008dc00000, 0x000000008dc00000, 0x000000008dd00000|  0%| F|  |TAMS 0x000000008dc00000, 0x000000008dc00000| Untracked 
| 221|0x000000008dd00000, 0x000000008dd00000, 0x000000008de00000|  0%| F|  |TAMS 0x000000008dd00000, 0x000000008dd00000| Untracked 
| 222|0x000000008de00000, 0x000000008de00000, 0x000000008df00000|  0%| F|  |TAMS 0x000000008de00000, 0x000000008de00000| Untracked 
| 223|0x000000008df00000, 0x000000008df00000, 0x000000008e000000|  0%| F|  |TAMS 0x000000008df00000, 0x000000008df00000| Untracked 
| 224|0x000000008e000000, 0x000000008e000000, 0x000000008e100000|  0%| F|  |TAMS 0x000000008e000000, 0x000000008e000000| Untracked 
| 225|0x000000008e100000, 0x000000008e100000, 0x000000008e200000|  0%| F|  |TAMS 0x000000008e100000, 0x000000008e100000| Untracked 
| 226|0x000000008e200000, 0x000000008e200000, 0x000000008e300000|  0%| F|  |TAMS 0x000000008e200000, 0x000000008e200000| Untracked 
| 227|0x000000008e300000, 0x000000008e300000, 0x000000008e400000|  0%| F|  |TAMS 0x000000008e300000, 0x000000008e300000| Untracked 
| 228|0x000000008e400000, 0x000000008e400000, 0x000000008e500000|  0%| F|  |TAMS 0x000000008e400000, 0x000000008e400000| Untracked 
| 229|0x000000008e500000, 0x000000008e500000, 0x000000008e600000|  0%| F|  |TAMS 0x000000008e500000, 0x000000008e500000| Untracked 
| 230|0x000000008e600000, 0x000000008e600000, 0x000000008e700000|  0%| F|  |TAMS 0x000000008e600000, 0x000000008e600000| Untracked 
| 231|0x000000008e700000, 0x000000008e700000, 0x000000008e800000|  0%| F|  |TAMS 0x000000008e700000, 0x000000008e700000| Untracked 
| 232|0x000000008e800000, 0x000000008e800000, 0x000000008e900000|  0%| F|  |TAMS 0x000000008e800000, 0x000000008e800000| Untracked 
| 233|0x000000008e900000, 0x000000008e900000, 0x000000008ea00000|  0%| F|  |TAMS 0x000000008e900000, 0x000000008e900000| Untracked 
| 234|0x000000008ea00000, 0x000000008ea00000, 0x000000008eb00000|  0%| F|  |TAMS 0x000000008ea00000, 0x000000008ea00000| Untracked 
| 235|0x000000008eb00000, 0x000000008eb00000, 0x000000008ec00000|  0%| F|  |TAMS 0x000000008eb00000, 0x000000008eb00000| Untracked 
| 236|0x000000008ec00000, 0x000000008ec00000, 0x000000008ed00000|  0%| F|  |TAMS 0x000000008ec00000, 0x000000008ec00000| Untracked 
| 237|0x000000008ed00000, 0x000000008ed00000, 0x000000008ee00000|  0%| F|  |TAMS 0x000000008ed00000, 0x000000008ed00000| Untracked 
| 238|0x000000008ee00000, 0x000000008ee00000, 0x000000008ef00000|  0%| F|  |TAMS 0x000000008ee00000, 0x000000008ee00000| Untracked 
| 239|0x000000008ef00000, 0x000000008ef00000, 0x000000008f000000|  0%| F|  |TAMS 0x000000008ef00000, 0x000000008ef00000| Untracked 
| 240|0x000000008f000000, 0x000000008f000000, 0x000000008f100000|  0%| F|  |TAMS 0x000000008f000000, 0x000000008f000000| Untracked 
| 241|0x000000008f100000, 0x000000008f100000, 0x000000008f200000|  0%| F|  |TAMS 0x000000008f100000, 0x000000008f100000| Untracked 
| 242|0x000000008f200000, 0x000000008f200000, 0x000000008f300000|  0%| F|  |TAMS 0x000000008f200000, 0x000000008f200000| Untracked 
| 243|0x000000008f300000, 0x000000008f300000, 0x000000008f400000|  0%| F|  |TAMS 0x000000008f300000, 0x000000008f300000| Untracked 
| 244|0x000000008f400000, 0x000000008f400000, 0x000000008f500000|  0%| F|  |TAMS 0x000000008f400000, 0x000000008f400000| Untracked 
| 245|0x000000008f500000, 0x000000008f500000, 0x000000008f600000|  0%| F|  |TAMS 0x000000008f500000, 0x000000008f500000| Untracked 
| 246|0x000000008f600000, 0x000000008f600000, 0x000000008f700000|  0%| F|  |TAMS 0x000000008f600000, 0x000000008f600000| Untracked 
| 247|0x000000008f700000, 0x000000008f700000, 0x000000008f800000|  0%| F|  |TAMS 0x000000008f700000, 0x000000008f700000| Untracked 
| 248|0x000000008f800000, 0x000000008f800000, 0x000000008f900000|  0%| F|  |TAMS 0x000000008f800000, 0x000000008f800000| Untracked 
| 249|0x000000008f900000, 0x000000008f900000, 0x000000008fa00000|  0%| F|  |TAMS 0x000000008f900000, 0x000000008f900000| Untracked 
| 250|0x000000008fa00000, 0x000000008fa00000, 0x000000008fb00000|  0%| F|  |TAMS 0x000000008fa00000, 0x000000008fa00000| Untracked 
| 251|0x000000008fb00000, 0x000000008fb00000, 0x000000008fc00000|  0%| F|  |TAMS 0x000000008fb00000, 0x000000008fb00000| Untracked 
| 252|0x000000008fc00000, 0x000000008fc00000, 0x000000008fd00000|  0%| F|  |TAMS 0x000000008fc00000, 0x000000008fc00000| Untracked 
| 253|0x000000008fd00000, 0x000000008fd00000, 0x000000008fe00000|  0%| F|  |TAMS 0x000000008fd00000, 0x000000008fd00000| Untracked 
| 254|0x000000008fe00000, 0x000000008fe00000, 0x000000008ff00000|  0%| F|  |TAMS 0x000000008fe00000, 0x000000008fe00000| Untracked 
| 255|0x000000008ff00000, 0x000000008ff00000, 0x0000000090000000|  0%| F|  |TAMS 0x000000008ff00000, 0x000000008ff00000| Untracked 
| 256|0x0000000090000000, 0x0000000090000000, 0x0000000090100000|  0%| F|  |TAMS 0x0000000090000000, 0x0000000090000000| Untracked 
| 257|0x0000000090100000, 0x0000000090100000, 0x0000000090200000|  0%| F|  |TAMS 0x0000000090100000, 0x0000000090100000| Untracked 
| 258|0x0000000090200000, 0x0000000090200000, 0x0000000090300000|  0%| F|  |TAMS 0x0000000090200000, 0x0000000090200000| Untracked 
| 259|0x0000000090300000, 0x0000000090300000, 0x0000000090400000|  0%| F|  |TAMS 0x0000000090300000, 0x0000000090300000| Untracked 
| 260|0x0000000090400000, 0x0000000090400000, 0x0000000090500000|  0%| F|  |TAMS 0x0000000090400000, 0x0000000090400000| Untracked 
| 261|0x0000000090500000, 0x0000000090500000, 0x0000000090600000|  0%| F|  |TAMS 0x0000000090500000, 0x0000000090500000| Untracked 
| 262|0x0000000090600000, 0x0000000090600000, 0x0000000090700000|  0%| F|  |TAMS 0x0000000090600000, 0x0000000090600000| Untracked 
| 263|0x0000000090700000, 0x0000000090700000, 0x0000000090800000|  0%| F|  |TAMS 0x0000000090700000, 0x0000000090700000| Untracked 
| 264|0x0000000090800000, 0x0000000090800000, 0x0000000090900000|  0%| F|  |TAMS 0x0000000090800000, 0x0000000090800000| Untracked 
| 265|0x0000000090900000, 0x0000000090900000, 0x0000000090a00000|  0%| F|  |TAMS 0x0000000090900000, 0x0000000090900000| Untracked 
| 266|0x0000000090a00000, 0x0000000090a00000, 0x0000000090b00000|  0%| F|  |TAMS 0x0000000090a00000, 0x0000000090a00000| Untracked 
| 267|0x0000000090b00000, 0x0000000090b00000, 0x0000000090c00000|  0%| F|  |TAMS 0x0000000090b00000, 0x0000000090b00000| Untracked 
| 268|0x0000000090c00000, 0x0000000090c00000, 0x0000000090d00000|  0%| F|  |TAMS 0x0000000090c00000, 0x0000000090c00000| Untracked 
| 269|0x0000000090d00000, 0x0000000090d00000, 0x0000000090e00000|  0%| F|  |TAMS 0x0000000090d00000, 0x0000000090d00000| Untracked 
| 270|0x0000000090e00000, 0x0000000090e00000, 0x0000000090f00000|  0%| F|  |TAMS 0x0000000090e00000, 0x0000000090e00000| Untracked 
| 271|0x0000000090f00000, 0x0000000090f00000, 0x0000000091000000|  0%| F|  |TAMS 0x0000000090f00000, 0x0000000090f00000| Untracked 
| 272|0x0000000091000000, 0x0000000091000000, 0x0000000091100000|  0%| F|  |TAMS 0x0000000091000000, 0x0000000091000000| Untracked 
| 273|0x0000000091100000, 0x000000009118b260, 0x0000000091200000| 54%| E|  |TAMS 0x0000000091100000, 0x0000000091100000| Complete 
| 274|0x0000000091200000, 0x0000000091300000, 0x0000000091300000|100%| E|CS|TAMS 0x0000000091200000, 0x0000000091200000| Complete 
| 275|0x0000000091300000, 0x0000000091400000, 0x0000000091400000|100%| E|CS|TAMS 0x0000000091300000, 0x0000000091300000| Complete 
| 276|0x0000000091400000, 0x0000000091500000, 0x0000000091500000|100%| E|CS|TAMS 0x0000000091400000, 0x0000000091400000| Complete 
| 277|0x0000000091500000, 0x0000000091600000, 0x0000000091600000|100%| E|CS|TAMS 0x0000000091500000, 0x0000000091500000| Complete 

Card table byte_map: [0x000001313daf0000,0x000001313def0000] _byte_map_base: 0x000001313d6f0000

Marking Bits (Prev, Next): (CMBitMap*) 0x000001312a5fd308, (CMBitMap*) 0x000001312a5fd340
 Prev Bits: [0x000001313e2f0000, 0x00000131402f0000)
 Next Bits: [0x00000131402f0000, 0x00000131422f0000)

Polling page: 0x0000013128d00000

Metaspace:

Usage:
  Non-class:     98.86 MB capacity,    97.15 MB ( 98%) used,     1.36 MB (  1%) free+waste,   356.56 KB ( <1%) overhead. 
      Class:     15.11 MB capacity,    14.01 MB ( 93%) used,   970.05 KB (  6%) free+waste,   161.38 KB (  1%) overhead. 
       Both:    113.97 MB capacity,   111.16 MB ( 98%) used,     2.30 MB (  2%) free+waste,   517.94 KB ( <1%) overhead. 

Virtual space:
  Non-class space:      100.00 MB reserved,      98.93 MB ( 99%) committed 
      Class space:        1.00 GB reserved,      15.20 MB (  1%) committed 
             Both:        1.10 GB reserved,     114.13 MB ( 10%) committed 

Chunk freelists:
   Non-Class:  10.00 KB
       Class:  0 bytes
        Both:  10.00 KB

MaxMetaspaceSize: 17179869184.00 GB
CompressedClassSpaceSize: 1.00 GB
Initial GC threshold: 20.80 MB
Current GC threshold: 165.43 MB
CDS: off

CodeHeap 'non-profiled nmethods': size=120064Kb used=10022Kb max_used=10022Kb free=110041Kb
 bounds [0x0000013135b90000, 0x0000013136560000, 0x000001313d0d0000]
CodeHeap 'profiled nmethods': size=120000Kb used=39647Kb max_used=39647Kb free=80352Kb
 bounds [0x000001312e660000, 0x0000013130d20000, 0x0000013135b90000]
CodeHeap 'non-nmethods': size=5696Kb used=2426Kb max_used=2489Kb free=3269Kb
 bounds [0x000001312e0d0000, 0x000001312e350000, 0x000001312e660000]
 total_blobs=17710 nmethods=16761 adapters=860
 compilation: enabled
              stopped_count=0, restarted_count=0
 full_count=0

Compilation events (20 events):
Event: 42.832 Thread 0x000001314518e000 nmethod 16874 0x0000013136556790 code [0x0000013136556940, 0x00000131365569d8]
Event: 42.832 Thread 0x000001314518e000 16875       3       com.android.tools.r8.internal.rt::l (43 bytes)
Event: 42.833 Thread 0x000001314518e000 nmethod 16875 0x0000013130cdea10 code [0x0000013130cdec00, 0x0000013130cdf0c8]
Event: 42.833 Thread 0x000001314518e000 16876       1       com.android.tools.r8.graph.q0::M0 (5 bytes)
Event: 42.833 Thread 0x000001314518e000 nmethod 16876 0x0000013136556a90 code [0x0000013136556c40, 0x0000013136556cf8]
Event: 42.834 Thread 0x000001314518e000 16877       1       com.android.tools.r8.graph.D1$e::o (2 bytes)
Event: 42.834 Thread 0x000001314518e000 nmethod 16877 0x0000013136556d90 code [0x0000013136556f40, 0x0000013136556ff8]
Event: 42.834 Thread 0x000001314518e000 16878       1       com.android.tools.r8.graph.D1$e::p (2 bytes)
Event: 42.834 Thread 0x000001314518e000 nmethod 16878 0x0000013136557090 code [0x0000013136557240, 0x00000131365572f8]
Event: 42.834 Thread 0x000001314518e000 16879       1       com.android.tools.r8.graph.D1$e::m (2 bytes)
Event: 42.834 Thread 0x000001314518e000 nmethod 16879 0x0000013136557390 code [0x0000013136557540, 0x00000131365575f8]
Event: 42.838 Thread 0x000001314518e000 16884       3       java.lang.invoke.MethodType::makeImpl (108 bytes)
Event: 42.839 Thread 0x000001314518e000 nmethod 16884 0x0000013130cdf290 code [0x0000013130cdf560, 0x0000013130ce0338]
Event: 42.851 Thread 0x000001314518e000 16890       3       com.android.tools.r8.internal.fX::a (42 bytes)
Event: 42.852 Thread 0x000001314518e000 nmethod 16890 0x0000013130ce0790 code [0x0000013130ce0960, 0x0000013130ce0c38]
Event: 42.852 Thread 0x000001314518e000 16891       3       com.android.tools.r8.internal.rs::c (12 bytes)
Event: 42.852 Thread 0x000001314518e000 nmethod 16891 0x0000013130ce0d90 code [0x0000013130ce0f40, 0x0000013130ce1038]
Event: 42.852 Thread 0x000001314518e000 16892       3       com.android.tools.r8.internal.rg::a (225 bytes)
Event: 42.856 Thread 0x000001314518e000 nmethod 16892 0x0000013130ce1110 code [0x0000013130ce15e0, 0x0000013130ce44a8]
Event: 42.856 Thread 0x000001314518e000 16894       3       com.android.tools.r8.internal.Sl::c (1148 bytes)

GC Heap History (20 events):
Event: 18.873 GC heap before
{Heap before GC invocations=14 (full 0):
 garbage-first heap   total 236544K, used 168182K [0x0000000080000000, 0x0000000100000000)
  region size 1024K, 114 young (116736K), 7 survivors (7168K)
 Metaspace       used 75430K, capacity 77062K, committed 77340K, reserved 1116160K
  class space    used 9799K, capacity 10444K, committed 10572K, reserved 1048576K
}
Event: 18.898 GC heap after
{Heap after GC invocations=15 (full 0):
 garbage-first heap   total 236544K, used 65510K [0x0000000080000000, 0x0000000100000000)
  region size 1024K, 14 young (14336K), 14 survivors (14336K)
 Metaspace       used 75430K, capacity 77062K, committed 77340K, reserved 1116160K
  class space    used 9799K, capacity 10444K, committed 10572K, reserved 1048576K
}
Event: 22.104 GC heap before
{Heap before GC invocations=15 (full 0):
 garbage-first heap   total 236544K, used 175078K [0x0000000080000000, 0x0000000100000000)
  region size 1024K, 122 young (124928K), 14 survivors (14336K)
 Metaspace       used 84769K, capacity 86856K, committed 86940K, reserved 1124352K
  class space    used 11122K, capacity 11931K, committed 11980K, reserved 1048576K
}
Event: 22.142 GC heap after
{Heap after GC invocations=16 (full 0):
 garbage-first heap   total 236544K, used 72969K [0x0000000080000000, 0x0000000100000000)
  region size 1024K, 15 young (15360K), 15 survivors (15360K)
 Metaspace       used 84769K, capacity 86856K, committed 86940K, reserved 1124352K
  class space    used 11122K, capacity 11931K, committed 11980K, reserved 1048576K
}
Event: 25.427 GC heap before
{Heap before GC invocations=16 (full 0):
 garbage-first heap   total 236544K, used 183561K [0x0000000080000000, 0x0000000100000000)
  region size 1024K, 121 young (123904K), 15 survivors (15360K)
 Metaspace       used 87233K, capacity 89296K, committed 89500K, reserved 1126400K
  class space    used 11298K, capacity 12116K, committed 12236K, reserved 1048576K
}
Event: 25.493 GC heap after
{Heap after GC invocations=17 (full 0):
 garbage-first heap   total 236544K, used 92410K [0x0000000080000000, 0x0000000100000000)
  region size 1024K, 16 young (16384K), 16 survivors (16384K)
 Metaspace       used 87233K, capacity 89296K, committed 89500K, reserved 1126400K
  class space    used 11298K, capacity 12116K, committed 12236K, reserved 1048576K
}
Event: 28.239 GC heap before
{Heap before GC invocations=17 (full 0):
 garbage-first heap   total 236544K, used 205050K [0x0000000080000000, 0x0000000100000000)
  region size 1024K, 102 young (104448K), 16 survivors (16384K)
 Metaspace       used 89431K, capacity 91553K, committed 91676K, reserved 1128448K
  class space    used 11507K, capacity 12321K, committed 12364K, reserved 1048576K
}
Event: 28.296 GC heap after
{Heap after GC invocations=18 (full 0):
 garbage-first heap   total 236544K, used 103936K [0x0000000080000000, 0x0000000100000000)
  region size 1024K, 11 young (11264K), 11 survivors (11264K)
 Metaspace       used 89431K, capacity 91553K, committed 91676K, reserved 1128448K
  class space    used 11507K, capacity 12321K, committed 12364K, reserved 1048576K
}
Event: 29.363 GC heap before
{Heap before GC invocations=18 (full 0):
 garbage-first heap   total 236544K, used 148992K [0x0000000080000000, 0x0000000100000000)
  region size 1024K, 56 young (57344K), 11 survivors (11264K)
 Metaspace       used 93042K, capacity 95205K, committed 95388K, reserved 1132544K
  class space    used 11780K, capacity 12612K, committed 12748K, reserved 1048576K
}
Event: 29.395 GC heap after
{Heap after GC invocations=19 (full 0):
 garbage-first heap   total 284672K, used 111104K [0x0000000080000000, 0x0000000100000000)
  region size 1024K, 7 young (7168K), 7 survivors (7168K)
 Metaspace       used 93042K, capacity 95205K, committed 95388K, reserved 1132544K
  class space    used 11780K, capacity 12612K, committed 12748K, reserved 1048576K
}
Event: 31.535 GC heap before
{Heap before GC invocations=19 (full 0):
 garbage-first heap   total 284672K, used 205312K [0x0000000080000000, 0x0000000100000000)
  region size 1024K, 99 young (101376K), 7 survivors (7168K)
 Metaspace       used 95606K, capacity 97822K, committed 98076K, reserved 1134592K
  class space    used 12024K, capacity 12871K, committed 12876K, reserved 1048576K
}
Event: 31.545 GC heap after
{Heap after GC invocations=20 (full 0):
 garbage-first heap   total 284672K, used 107395K [0x0000000080000000, 0x0000000100000000)
  region size 1024K, 4 young (4096K), 4 survivors (4096K)
 Metaspace       used 95606K, capacity 97822K, committed 98076K, reserved 1134592K
  class space    used 12024K, capacity 12871K, committed 12876K, reserved 1048576K
}
Event: 32.490 GC heap before
{Heap before GC invocations=20 (full 0):
 garbage-first heap   total 284672K, used 162691K [0x0000000080000000, 0x0000000100000000)
  region size 1024K, 60 young (61440K), 4 survivors (4096K)
 Metaspace       used 99063K, capacity 101222K, committed 101380K, reserved 1136640K
  class space    used 12473K, capacity 13319K, committed 13388K, reserved 1048576K
}
Event: 32.502 GC heap after
{Heap after GC invocations=21 (full 0):
 garbage-first heap   total 284672K, used 108428K [0x0000000080000000, 0x0000000100000000)
  region size 1024K, 5 young (5120K), 5 survivors (5120K)
 Metaspace       used 99063K, capacity 101222K, committed 101380K, reserved 1136640K
  class space    used 12473K, capacity 13319K, committed 13388K, reserved 1048576K
}
Event: 38.273 GC heap before
{Heap before GC invocations=22 (full 0):
 garbage-first heap   total 284672K, used 205708K [0x0000000080000000, 0x0000000100000000)
  region size 1024K, 113 young (115712K), 5 survivors (5120K)
 Metaspace       used 101359K, capacity 103579K, committed 103812K, reserved 1140736K
  class space    used 12627K, capacity 13467K, committed 13516K, reserved 1048576K
}
Event: 38.296 GC heap after
{Heap after GC invocations=23 (full 0):
 garbage-first heap   total 284672K, used 100864K [0x0000000080000000, 0x0000000100000000)
  region size 1024K, 9 young (9216K), 9 survivors (9216K)
 Metaspace       used 101359K, capacity 103579K, committed 103812K, reserved 1140736K
  class space    used 12627K, capacity 13467K, committed 13516K, reserved 1048576K
}
Event: 38.466 GC heap before
{Heap before GC invocations=23 (full 0):
 garbage-first heap   total 284672K, used 103936K [0x0000000080000000, 0x0000000100000000)
  region size 1024K, 13 young (13312K), 9 survivors (9216K)
 Metaspace       used 101413K, capacity 103595K, committed 103812K, reserved 1140736K
  class space    used 12627K, capacity 13467K, committed 13516K, reserved 1048576K
}
Event: 38.485 GC heap after
{Heap after GC invocations=24 (full 0):
 garbage-first heap   total 284672K, used 96688K [0x0000000080000000, 0x0000000100000000)
  region size 1024K, 2 young (2048K), 2 survivors (2048K)
 Metaspace       used 101413K, capacity 103595K, committed 103812K, reserved 1140736K
  class space    used 12627K, capacity 13467K, committed 13516K, reserved 1048576K
}
Event: 42.792 GC heap before
{Heap before GC invocations=24 (full 0):
 garbage-first heap   total 284672K, used 214448K [0x0000000080000000, 0x0000000100000000)
  region size 1024K, 118 young (120832K), 2 survivors (2048K)
 Metaspace       used 113197K, capacity 115937K, committed 116100K, reserved 1150976K
  class space    used 14227K, capacity 15301K, committed 15308K, reserved 1048576K
}
Event: 42.811 GC heap after
{Heap after GC invocations=25 (full 0):
 garbage-first heap   total 284672K, used 101754K [0x0000000080000000, 0x0000000100000000)
  region size 1024K, 7 young (7168K), 7 survivors (7168K)
 Metaspace       used 113197K, capacity 115937K, committed 116100K, reserved 1150976K
  class space    used 14227K, capacity 15301K, committed 15308K, reserved 1048576K
}

Deoptimization events (20 events):
Event: 42.651 Thread 0x000001314a685000 Uncommon trap: trap_request=0xffffffc6 fr.pc=0x000001313626d958 relative=0x0000000000000118
Event: 42.651 Thread 0x000001314a685000 Uncommon trap: reason=bimorphic_or_optimized_type_check action=maybe_recompile pc=0x000001313626d958 method=java.util.Collections$UnmodifiableList.get(I)Ljava/lang/Object; @ 5 c2
Event: 42.651 Thread 0x000001314a685000 DEOPT PACKING pc=0x000001313626d958 sp=0x00000030979f95b0
Event: 42.651 Thread 0x000001314a685000 DEOPT UNPACKING pc=0x000001312e11a1af sp=0x00000030979f9538 mode 2
Event: 42.651 Thread 0x000001314a685000 Uncommon trap: trap_request=0xffffffc6 fr.pc=0x000001313626d958 relative=0x0000000000000118
Event: 42.651 Thread 0x000001314a685000 Uncommon trap: reason=bimorphic_or_optimized_type_check action=maybe_recompile pc=0x000001313626d958 method=java.util.Collections$UnmodifiableList.get(I)Ljava/lang/Object; @ 5 c2
Event: 42.651 Thread 0x000001314a685000 DEOPT PACKING pc=0x000001313626d958 sp=0x00000030979f95b0
Event: 42.651 Thread 0x000001314a685000 DEOPT UNPACKING pc=0x000001312e11a1af sp=0x00000030979f9538 mode 2
Event: 42.651 Thread 0x000001314a685000 Uncommon trap: trap_request=0xffffffc6 fr.pc=0x000001313626d958 relative=0x0000000000000118
Event: 42.651 Thread 0x000001314a685000 Uncommon trap: reason=bimorphic_or_optimized_type_check action=maybe_recompile pc=0x000001313626d958 method=java.util.Collections$UnmodifiableList.get(I)Ljava/lang/Object; @ 5 c2
Event: 42.651 Thread 0x000001314a685000 DEOPT PACKING pc=0x000001313626d958 sp=0x00000030979f95b0
Event: 42.651 Thread 0x000001314a685000 DEOPT UNPACKING pc=0x000001312e11a1af sp=0x00000030979f9538 mode 2
Event: 42.651 Thread 0x000001314a685000 Uncommon trap: trap_request=0xffffffc6 fr.pc=0x000001313626d958 relative=0x0000000000000118
Event: 42.651 Thread 0x000001314a685000 Uncommon trap: reason=bimorphic_or_optimized_type_check action=maybe_recompile pc=0x000001313626d958 method=java.util.Collections$UnmodifiableList.get(I)Ljava/lang/Object; @ 5 c2
Event: 42.651 Thread 0x000001314a685000 DEOPT PACKING pc=0x000001313626d958 sp=0x00000030979f95b0
Event: 42.651 Thread 0x000001314a685000 DEOPT UNPACKING pc=0x000001312e11a1af sp=0x00000030979f9538 mode 2
Event: 42.813 Thread 0x000001314a722800 Uncommon trap: trap_request=0xffffff4d fr.pc=0x000001313605f7e0 relative=0x0000000000005ac0
Event: 42.813 Thread 0x000001314a722800 Uncommon trap: reason=unstable_if action=reinterpret pc=0x000001313605f7e0 method=java.lang.invoke.MethodType$ConcurrentWeakInternSet$WeakEntry.equals(Ljava/lang/Object;)Z @ 21 c2
Event: 42.813 Thread 0x000001314a722800 DEOPT PACKING pc=0x000001313605f7e0 sp=0x00000030984f94a0
Event: 42.813 Thread 0x000001314a722800 DEOPT UNPACKING pc=0x000001312e11a1af sp=0x00000030984f9348 mode 2

Classes redefined (0 events):
No events

Internal exceptions (20 events):
Event: 40.508 Thread 0x000001314a685000 Exception <a 'java/lang/NoSuchMethodError'{0x000000008de24a38}: 'java.lang.Object java.lang.invoke.DirectMethodHandle$Holder.invokeStatic(java.lang.Object, int, java.lang.Object, java.lang.Object)'> (0x000000008de24a38) thrown at [./src/hotspot/share/interpreter/linkResolver.cpp, line 773]
Event: 40.508 Thread 0x000001314a722800 Exception <a 'java/lang/NoSuchMethodError'{0x000000008de3fcb8}: 'java.lang.Object java.lang.invoke.DirectMethodHandle$Holder.invokeStatic(java.lang.Object, int, java.lang.Object, java.lang.Object)'> (0x000000008de3fcb8) thrown at [./src/hotspot/share/interpreter/linkResolver.cpp, line 773]
Event: 40.856 Thread 0x000001314a685000 Exception <a 'java/lang/NoSuchMethodError'{0x000000008d718310}: 'int java.lang.invoke.DirectMethodHandle$Holder.invokeSpecial(java.lang.Object, java.lang.Object, java.lang.Object, java.lang.Object, java.lang.Object)'> (0x000000008d718310) thrown at [./src/hotspot/share/interpreter/linkResolver.cpp, line 773]
Event: 40.856 Thread 0x000001314a722800 Exception <a 'java/lang/NoSuchMethodError'{0x000000008d24cef0}: 'int java.lang.invoke.DirectMethodHandle$Holder.invokeSpecial(java.lang.Object, java.lang.Object, java.lang.Object, java.lang.Object, java.lang.Object)'> (0x000000008d24cef0) thrown at [./src/hotspot/share/interpreter/linkResolver.cpp, line 773]
Event: 40.856 Thread 0x000001314a681800 Exception <a 'java/lang/NoSuchMethodError'{0x000000008d261248}: 'int java.lang.invoke.DirectMethodHandle$Holder.invokeSpecial(java.lang.Object, java.lang.Object, java.lang.Object, java.lang.Object, java.lang.Object)'> (0x000000008d261248) thrown at [./src/hotspot/share/interpreter/linkResolver.cpp, line 773]
Event: 40.895 Thread 0x000001314a681800 Exception <a 'java/lang/IncompatibleClassChangeError'{0x000000008d162170}: Found class java.lang.Object, but interface was expected> (0x000000008d162170) thrown at [./src/hotspot/share/interpreter/linkResolver.cpp, line 839]
Event: 40.895 Thread 0x000001314a722800 Exception <a 'java/lang/IncompatibleClassChangeError'{0x000000008d16a008}: Found class java.lang.Object, but interface was expected> (0x000000008d16a008) thrown at [./src/hotspot/share/interpreter/linkResolver.cpp, line 839]
Event: 40.896 Thread 0x000001314a681800 Exception <a 'java/lang/IncompatibleClassChangeError'{0x000000008d18b200}: Found class java.lang.Object, but interface was expected> (0x000000008d18b200) thrown at [./src/hotspot/share/interpreter/linkResolver.cpp, line 839]
Event: 41.012 Thread 0x000001314a685000 Exception <a 'java/lang/NoSuchMethodError'{0x000000008cfa4418}: 'void java.lang.invoke.DirectMethodHandle$Holder.invokeSpecial(java.lang.Object, java.lang.Object, int, java.lang.Object)'> (0x000000008cfa4418) thrown at [./src/hotspot/share/interpreter/linkResolver.cpp, line 773]
Event: 41.014 Thread 0x000001314a722800 Exception <a 'java/lang/NoSuchMethodError'{0x000000008cf6db00}: 'void java.lang.invoke.DirectMethodHandle$Holder.invokeSpecial(java.lang.Object, java.lang.Object, int, java.lang.Object)'> (0x000000008cf6db00) thrown at [./src/hotspot/share/interpreter/linkResolver.cpp, line 773]
Event: 41.015 Thread 0x000001314a681800 Exception <a 'java/lang/NoSuchMethodError'{0x000000008d0fc168}: 'void java.lang.invoke.DirectMethodHandle$Holder.invokeSpecial(java.lang.Object, java.lang.Object, int, java.lang.Object)'> (0x000000008d0fc168) thrown at [./src/hotspot/share/interpreter/linkResolver.cpp, line 773]
Event: 41.172 Thread 0x000001314a681800 Exception <a 'java/lang/NoSuchMethodError'{0x000000008cb2ae90}: 'java.lang.Object java.lang.invoke.DirectMethodHandle$Holder.newInvokeSpecial(java.lang.Object, int)'> (0x000000008cb2ae90) thrown at [./src/hotspot/share/interpreter/linkResolver.cpp, line 773]
Event: 41.172 Thread 0x000001314a722800 Exception <a 'java/lang/NoSuchMethodError'{0x000000008cb181d8}: 'java.lang.Object java.lang.invoke.DirectMethodHandle$Holder.newInvokeSpecial(java.lang.Object, int)'> (0x000000008cb181d8) thrown at [./src/hotspot/share/interpreter/linkResolver.cpp, line 773]
Event: 41.216 Thread 0x000001314a685000 Exception <a 'java/lang/NoSuchMethodError'{0x000000008cafc0a8}: 'java.lang.Object java.lang.invoke.DirectMethodHandle$Holder.invokeSpecial(java.lang.Object, java.lang.Object, java.lang.Object, java.lang.Object, java.lang.Object, java.lang.Object, java.lang.Object, java.lang.Object, java.lang.Object, java.lang.Object, java.lang.Object)'> (0x000000008cafc0a8) thrown at [./src/hotspot/share/interpreter/linkResolver.cpp, line 773]
Event: 41.217 Thread 0x000001314a685000 Exception <a 'java/lang/NoSuchMethodError'{0x000000008c9197b0}: 'java.lang.Object java.lang.invoke.Invokers$Holder.linkToTargetMethod(java.lang.Object, java.lang.Object, java.lang.Object, java.lang.Object, java.lang.Object, java.lang.Object, java.lang.Object, java.lang.Object, java.lang.Object, java.lang.Object)'> (0x000000008c9197b0) thrown at [./src/hotspot/share/interpreter/linkResolver.cpp, line 773]
Event: 41.237 Thread 0x000001314a685000 Exception <a 'java/lang/IncompatibleClassChangeError'{0x000000008c9b3ba8}: Found class java.lang.Object, but interface was expected> (0x000000008c9b3ba8) thrown at [./src/hotspot/share/interpreter/linkResolver.cpp, line 839]
Event: 42.813 Thread 0x000001314a722800 Implicit null exception at 0x000001313605a1c5 to 0x000001313605f798
Event: 42.839 Thread 0x000001314a722800 Exception <a 'java/lang/NoSuchMethodError'{0x0000000091437c98}: 'java.lang.Object java.lang.invoke.Invokers$Holder.linkToTargetMethod(java.lang.Object, int, java.lang.Object, java.lang.Object, java.lang.Object, java.lang.Object)'> (0x0000000091437c98) thrown at [./src/hotspot/share/interpreter/linkResolver.cpp, line 773]
Event: 42.843 Thread 0x000001314a722800 Exception <a 'java/lang/NoSuchMethodError'{0x000000009144bc88}: 'java.lang.Object java.lang.invoke.Invokers$Holder.linkToTargetMethod(java.lang.Object, java.lang.Object, java.lang.Object, int, java.lang.Object, java.lang.Object, java.lang.Object)'> (0x000000009144bc88) thrown at [./src/hotspot/share/interpreter/linkResolver.cpp, line 773]
Event: 42.847 Thread 0x000001314a722800 Exception <a 'java/lang/NoSuchMethodError'{0x00000000914a8e78}: 'void java.lang.invoke.DirectMethodHandle$Holder.invokeStatic(java.lang.Object, java.lang.Object, java.lang.Object, java.lang.Object, java.lang.Object, java.lang.Object, java.lang.Object, java.lang.Object)'> (0x00000000914a8e78) thrown at [./src/hotspot/share/interpreter/linkResolver.cpp, line 773]

Events (20 events):
Event: 42.864 loading class com/android/tools/r8/graph/Z0
Event: 42.864 loading class com/android/tools/r8/graph/Z0 done
Event: 42.864 loading class com/android/tools/r8/graph/Z0
Event: 42.864 loading class com/android/tools/r8/graph/Z0 done
Event: 42.865 loading class com/android/tools/r8/graph/Z0
Event: 42.865 loading class com/android/tools/r8/graph/Z0 done
Event: 42.865 loading class com/android/tools/r8/graph/Z0
Event: 42.865 loading class com/android/tools/r8/graph/Z0 done
Event: 42.865 loading class com/android/tools/r8/internal/lV
Event: 42.865 loading class com/android/tools/r8/internal/lV done
Event: 42.865 loading class com/android/tools/r8/internal/lV
Event: 42.865 loading class com/android/tools/r8/internal/lV done
Event: 42.865 loading class com/android/tools/r8/internal/kV
Event: 42.865 loading class com/android/tools/r8/internal/kV done
Event: 42.866 loading class com/android/tools/r8/graph/c
Event: 42.866 loading class com/android/tools/r8/graph/c done
Event: 42.866 loading class com/android/tools/r8/graph/c
Event: 42.866 loading class com/android/tools/r8/graph/c done
Event: 42.866 loading class com/android/tools/r8/graph/c
Event: 42.866 loading class com/android/tools/r8/graph/c done


Dynamic libraries:
0x00007ff68c300000 - 0x00007ff68c30a000 	C:\Program Files\Android\Android Studio\jre\bin\java.exe
0x00007ff9d5c90000 - 0x00007ff9d5e88000 	C:\Windows\SYSTEM32\ntdll.dll
0x00007ff9d55f0000 - 0x00007ff9d56af000 	C:\Windows\System32\KERNEL32.DLL
0x00007ff9d3a00000 - 0x00007ff9d3cd2000 	C:\Windows\System32\KERNELBASE.dll
0x00007ff9d37a0000 - 0x00007ff9d38a0000 	C:\Windows\System32\ucrtbase.dll
0x00007ff9b55f0000 - 0x00007ff9b5607000 	C:\Program Files\Android\Android Studio\jre\bin\VCRUNTIME140.dll
0x00007ff9b5710000 - 0x00007ff9b5729000 	C:\Program Files\Android\Android Studio\jre\bin\jli.dll
0x00007ff9d4ed0000 - 0x00007ff9d506d000 	C:\Windows\System32\USER32.dll
0x00007ff9d3470000 - 0x00007ff9d3492000 	C:\Windows\System32\win32u.dll
0x00007ff9d4ea0000 - 0x00007ff9d4ecb000 	C:\Windows\System32\GDI32.dll
0x00007ff9d34f0000 - 0x00007ff9d35ff000 	C:\Windows\System32\gdi32full.dll
0x00007ff9d3600000 - 0x00007ff9d369d000 	C:\Windows\System32\msvcp_win.dll
0x00007ff9c3790000 - 0x00007ff9c3a2a000 	C:\Windows\WinSxS\amd64_microsoft.windows.common-controls_6595b64144ccf1df_6.0.19041.1110_none_60b5254171f9507e\COMCTL32.dll
0x00007ff9d3ce0000 - 0x00007ff9d3d7e000 	C:\Windows\System32\msvcrt.dll
0x00007ff9d58b0000 - 0x00007ff9d58e2000 	C:\Windows\System32\IMM32.DLL
0x00007ff9b2960000 - 0x00007ff9b29fd000 	C:\Program Files\Android\Android Studio\jre\bin\msvcp140.dll
0x00007ff96b200000 - 0x00007ff96bce5000 	C:\Program Files\Android\Android Studio\jre\bin\server\jvm.dll
0x00007ff9d5800000 - 0x00007ff9d58ae000 	C:\Windows\System32\ADVAPI32.dll
0x00007ff9d3e60000 - 0x00007ff9d3efc000 	C:\Windows\System32\sechost.dll
0x00007ff9d52e0000 - 0x00007ff9d5405000 	C:\Windows\System32\RPCRT4.dll
0x00007ff9d4e20000 - 0x00007ff9d4e28000 	C:\Windows\System32\PSAPI.DLL
0x00007ff9c1b50000 - 0x00007ff9c1b77000 	C:\Windows\SYSTEM32\WINMM.dll
0x00007ff9be390000 - 0x00007ff9be399000 	C:\Windows\SYSTEM32\WSOCK32.dll
0x00007ff9c9df0000 - 0x00007ff9c9dfa000 	C:\Windows\SYSTEM32\VERSION.dll
0x00007ff9d4e30000 - 0x00007ff9d4e9b000 	C:\Windows\System32\WS2_32.dll
0x00007ff9d1280000 - 0x00007ff9d1292000 	C:\Windows\SYSTEM32\kernel.appcore.dll
0x00007ff9b5ba0000 - 0x00007ff9b5bb1000 	C:\Program Files\Android\Android Studio\jre\bin\verify.dll
0x00007ff9b3c50000 - 0x00007ff9b3e34000 	C:\Windows\SYSTEM32\DBGHELP.DLL
0x00007ff9c24b0000 - 0x00007ff9c24dc000 	C:\Windows\SYSTEM32\dbgcore.DLL
0x00007ff9d3710000 - 0x00007ff9d3792000 	C:\Windows\System32\bcryptPrimitives.dll
0x00007ff9b59a0000 - 0x00007ff9b59c9000 	C:\Program Files\Android\Android Studio\jre\bin\java.dll
0x00007ff9c3000000 - 0x00007ff9c300b000 	C:\Program Files\Android\Android Studio\jre\bin\jimage.dll
0x00007ff9b4fb0000 - 0x00007ff9b4fc8000 	C:\Program Files\Android\Android Studio\jre\bin\zip.dll
0x00007ff9d46d0000 - 0x00007ff9d4e13000 	C:\Windows\System32\SHELL32.dll
0x00007ff9d1410000 - 0x00007ff9d1ba2000 	C:\Windows\SYSTEM32\windows.storage.dll
0x00007ff9d58f0000 - 0x00007ff9d5c44000 	C:\Windows\System32\combase.dll
0x00007ff9d2c30000 - 0x00007ff9d2c60000 	C:\Windows\SYSTEM32\Wldp.dll
0x00007ff9d5410000 - 0x00007ff9d54bd000 	C:\Windows\System32\SHCORE.dll
0x00007ff9d5220000 - 0x00007ff9d5275000 	C:\Windows\System32\shlwapi.dll
0x00007ff9d32d0000 - 0x00007ff9d32ef000 	C:\Windows\SYSTEM32\profapi.dll
0x00007ff9b3640000 - 0x00007ff9b365a000 	C:\Program Files\Android\Android Studio\jre\bin\net.dll
0x00007ff9c9c30000 - 0x00007ff9c9d3c000 	C:\Windows\SYSTEM32\WINHTTP.dll
0x00007ff9d2a10000 - 0x00007ff9d2a7a000 	C:\Windows\system32\mswsock.dll
0x00007ff9b21d0000 - 0x00007ff9b21e4000 	C:\Program Files\Android\Android Studio\jre\bin\nio.dll
0x00007ff9b5920000 - 0x00007ff9b5947000 	C:\Users\user\.gradle\native\e1d6ef7f7dcc3fd88c89a11ec53ec762bb8ba0a96d01ffa2cd45eb1d1d8dd5c5\windows-amd64\native-platform.dll
0x00007ff99c850000 - 0x00007ff99c994000 	C:\Users\user\.gradle\native\5664cfc778a61ccfe75a443a1ab52a65af34e5dc3c78e0209fed803814484fcb\windows-amd64\native-platform-file-events.dll
0x00007ff9b5ea0000 - 0x00007ff9b5eaa000 	C:\Program Files\Android\Android Studio\jre\bin\management.dll
0x00007ff9b5c60000 - 0x00007ff9b5c6d000 	C:\Program Files\Android\Android Studio\jre\bin\management_ext.dll
0x00007ff9d2dd0000 - 0x00007ff9d2de8000 	C:\Windows\SYSTEM32\CRYPTSP.dll
0x00007ff9d2350000 - 0x00007ff9d2384000 	C:\Windows\system32\rsaenh.dll
0x00007ff9d3440000 - 0x00007ff9d3467000 	C:\Windows\System32\bcrypt.dll
0x00007ff9d3250000 - 0x00007ff9d327e000 	C:\Windows\SYSTEM32\USERENV.dll
0x00007ff9d2ba0000 - 0x00007ff9d2bac000 	C:\Windows\SYSTEM32\CRYPTBASE.dll
0x00007ff9d2720000 - 0x00007ff9d275b000 	C:\Windows\SYSTEM32\IPHLPAPI.DLL
0x00007ff9d56b0000 - 0x00007ff9d56b8000 	C:\Windows\System32\NSI.dll
0x00007ff9ca4b0000 - 0x00007ff9ca4c7000 	C:\Windows\SYSTEM32\dhcpcsvc6.DLL
0x00007ff9ca310000 - 0x00007ff9ca32d000 	C:\Windows\SYSTEM32\dhcpcsvc.DLL
0x00007ff9d2760000 - 0x00007ff9d282a000 	C:\Windows\SYSTEM32\DNSAPI.dll

dbghelp: loaded successfully - version: 4.0.5 - missing functions: none
symbol engine: initialized successfully - sym options: 0x614 - pdb path: .;C:\Program Files\Android\Android Studio\jre\bin;C:\Windows\SYSTEM32;C:\Windows\WinSxS\amd64_microsoft.windows.common-controls_6595b64144ccf1df_6.0.19041.1110_none_60b5254171f9507e;C:\Program Files\Android\Android Studio\jre\bin\server;C:\Users\user\.gradle\native\e1d6ef7f7dcc3fd88c89a11ec53ec762bb8ba0a96d01ffa2cd45eb1d1d8dd5c5\windows-amd64;C:\Users\user\.gradle\native\5664cfc778a61ccfe75a443a1ab52a65af34e5dc3c78e0209fed803814484fcb\windows-amd64

VM Arguments:
jvm_args: --add-opens=java.base/java.util=ALL-UNNAMED --add-opens=java.base/java.lang=ALL-UNNAMED --add-opens=java.base/java.lang.invoke=ALL-UNNAMED --add-opens=java.base/java.util=ALL-UNNAMED --add-opens=java.prefs/java.util.prefs=ALL-UNNAMED --add-opens=java.prefs/java.util.prefs=ALL-UNNAMED --add-opens=java.base/java.nio.charset=ALL-UNNAMED --add-opens=java.base/java.net=ALL-UNNAMED --add-opens=java.base/java.util.concurrent.atomic=ALL-UNNAMED -Xmx2048m -Dfile.encoding=UTF-8 -Duser.country=RU -Duser.language=ru -Duser.variant 
java_command: org.gradle.launcher.daemon.bootstrap.GradleDaemon 7.3.3
java_class_path (initial): C:\Users\user\.gradle\wrapper\dists\gradle-7.3.3-bin\6a41zxkdtcxs8rphpq6y0069z\gradle-7.3.3\lib\gradle-launcher-7.3.3.jar
Launcher Type: SUN_STANDARD

[Global flags]
     intx CICompilerCount                          = 3                                         {product} {ergonomic}
     uint ConcGCThreads                            = 1                                         {product} {ergonomic}
     uint G1ConcRefinementThreads                  = 4                                         {product} {ergonomic}
   size_t G1HeapRegionSize                         = 1048576                                   {product} {ergonomic}
    uintx GCDrainStackTargetSize                   = 64                                        {product} {ergonomic}
   size_t InitialHeapSize                          = 201326592                                 {product} {ergonomic}
   size_t MarkStackSize                            = 4194304                                   {product} {ergonomic}
   size_t MaxHeapSize                              = 2147483648                                {product} {command line}
   size_t MaxNewSize                               = 1287651328                                {product} {ergonomic}
   size_t MinHeapDeltaBytes                        = 1048576                                   {product} {ergonomic}
    uintx NonNMethodCodeHeapSize                   = 5830732                                {pd product} {ergonomic}
    uintx NonProfiledCodeHeapSize                  = 122913754                              {pd product} {ergonomic}
    uintx ProfiledCodeHeapSize                     = 122913754                              {pd product} {ergonomic}
    uintx ReservedCodeCacheSize                    = 251658240                              {pd product} {ergonomic}
     bool SegmentedCodeCache                       = true                                      {product} {ergonomic}
     bool UseCompressedClassPointers               = true                                 {lp64_product} {ergonomic}
     bool UseCompressedOops                        = true                                 {lp64_product} {ergonomic}
     bool UseG1GC                                  = true                                      {product} {ergonomic}
     bool UseLargePagesIndividualAllocation        = false                                  {pd product} {ergonomic}

Logging:
Log output configuration:
 #0: stdout all=warning uptime,level,tags
 #1: stderr all=off uptime,level,tags

Environment Variables:
PATH=C:\Program Files\Common Files\Oracle\Java\javapath;C:\Program Files\Eclipse Foundation\jdk-8.0.302.8-hotspot\bin;C:\Windows\system32;C:\Windows;C:\Windows\System32\Wbem;C:\Windows\System32\WindowsPowerShell\v1.0\;C:\Windows\System32\OpenSSH\;C:\Program Files\Microsoft\Web Platform Installer\;C:\Program Files (x86)\Microsoft ASP.NET\ASP.NET Web Pages\v1.0\;C:\Program Files\Microsoft SQL Server\110\Tools\Binn\;C:\Program Files\Docker\Docker\resources\bin;C:\ProgramData\DockerDesktop\version-bin;C:\Program Files\GitHub CLI\;C:\Program Files\Git\cmd;C:\Program Files\MariaDB\MariaDB Connector C 64-bit\lib\;C:\Program Files\MariaDB\MariaDB Connector C 64-bit\lib\plugin\;C:\Users\user\AppData\Local\Microsoft\WindowsApps;;C:\Users\user\AppData\Local\Programs\Microsoft VS Code\bin
USERNAME=user
OS=Windows_NT
PROCESSOR_IDENTIFIER=Intel64 Family 6 Model 42 Stepping 7, GenuineIntel



---------------  S Y S T E M  ---------------

OS: Windows 10 , 64 bit Build 19041 (10.0.19041.2251)
OS uptime: 0 days 2:46 hours
Hyper-V role detected

CPU:total 4 (initial active 4) (2 cores per cpu, 2 threads per core) family 6 model 42 stepping 7 microcode 0x2f, cmov, cx8, fxsr, mmx, sse, sse2, sse3, ssse3, sse4.1, sse4.2, popcnt, avx, aes, clmul, ht, tsc, tscinvbit

Memory: 4k page, system-wide physical 12202M (545M free)
TotalPageFile size 12202M (AvailPageFile size 5M)
current process WorkingSet (physical memory assigned to process): 608M, peak: 608M
current process commit charge ("private bytes"): 640M, peak: 641M

vm_info: OpenJDK 64-Bit Server VM (11.0.12+7-b1504.28-7817840) for windows-amd64 JRE (11.0.12+7-b1504.28-7817840), built on Oct 13 2021 22:12:33 by "builder" with MS VC++ 14.0 (VS2015)

END.
