#
# There is insufficient memory for the Java Runtime Environment to continue.
# Native memory allocation (malloc) failed to allocate 1830096 bytes for Chunk::new
# Possible reasons:
#   The system is out of physical RAM or swap space
#   The process is running with CompressedOops enabled, and the Java Heap may be blocking the growth of the native heap
# Possible solutions:
#   Reduce memory load on the system
#   Increase physical memory or swap space
#   Check if swap backing store is full
#   Decrease Java heap size (-Xmx/-Xms)
#   Decrease number of Java threads
#   Decrease Java thread stack sizes (-Xss)
#   Set larger code cache with -XX:ReservedCodeCacheSize=
#   JVM is running with Unscaled Compressed Oops mode in which the Java heap is
#     placed in the first 4GB address space. The Java Heap base address is the
#     maximum limit for the native heap growth. Please use -XX:HeapBaseMinAddress
#     to set the Java Heap base and to place the Java Heap above 4GB virtual address.
# This output file may be truncated or incomplete.
#
#  Out of Memory Error (./src/hotspot/share/memory/arena.cpp:197), pid=6604, tid=13880
#
# JRE version: OpenJDK Runtime Environment (11.0.12+7) (build 11.0.12+7-b1504.28-7817840)
# Java VM: OpenJDK 64-Bit Server VM (11.0.12+7-b1504.28-7817840, mixed mode, tiered, compressed oops, g1 gc, windows-amd64)
# No core dump will be written. Minidumps are not enabled by default on client versions of Windows
#

---------------  S U M M A R Y ------------

Command Line: --add-opens=java.base/java.util=ALL-UNNAMED --add-opens=java.base/java.lang=ALL-UNNAMED --add-opens=java.base/java.lang.invoke=ALL-UNNAMED --add-opens=java.base/java.util=ALL-UNNAMED --add-opens=java.prefs/java.util.prefs=ALL-UNNAMED --add-opens=java.prefs/java.util.prefs=ALL-UNNAMED --add-opens=java.base/java.nio.charset=ALL-UNNAMED --add-opens=java.base/java.net=ALL-UNNAMED --add-opens=java.base/java.util.concurrent.atomic=ALL-UNNAMED -Xmx2048m -Dfile.encoding=UTF-8 -Duser.country=RU -Duser.language=ru -Duser.variant org.gradle.launcher.daemon.bootstrap.GradleDaemon 7.3.3

Host: Intel(R) Core(TM) i5-2450M CPU @ 2.50GHz, 4 cores, 11G,  Windows 10 , 64 bit Build 19041 (10.0.19041.2251)
Time: Sun Nov 27 17:47:22 2022 RTZ 2 (зима) elapsed time: 42.035240 seconds (0d 0h 0m 42s)

---------------  T H R E A D  ---------------

Current thread (0x0000021e2af19800):  JavaThread "C2 CompilerThread1" daemon [_thread_in_native, id=13880, stack(0x000000a782900000,0x000000a782a00000)]


Current CompileTask:
C2:  42035 16091       4       com.android.tools.r8.graph.c0::a (1050 bytes)

Stack: [0x000000a782900000,0x000000a782a00000]
Native frames: (J=compiled Java code, j=interpreted, Vv=VM code, C=native code)
V  [jvm.dll+0x5fbcea]
V  [jvm.dll+0x731905]
V  [jvm.dll+0x732f1d]
V  [jvm.dll+0x7335d3]
V  [jvm.dll+0x247bf8]
V  [jvm.dll+0xc018c]
V  [jvm.dll+0xc06cc]
V  [jvm.dll+0x35b31d]
V  [jvm.dll+0x328803]
V  [jvm.dll+0x327cfa]
V  [jvm.dll+0x200602]
V  [jvm.dll+0x1ff794]
V  [jvm.dll+0x18868c]
V  [jvm.dll+0x20e0d7]
V  [jvm.dll+0x20c901]
V  [jvm.dll+0x6f9b7f]
V  [jvm.dll+0x6f26a5]
V  [jvm.dll+0x5fabf6]
C  [ucrtbase.dll+0x21bb2]
C  [KERNEL32.DLL+0x174b4]
C  [ntdll.dll+0x526a1]


---------------  P R O C E S S  ---------------

Threads class SMR info:
_java_thread_list=0x0000021e2cf94650, length=89, elements={
0x0000021e0e1a4000, 0x0000021e27dd2000, 0x0000021e27dd3000, 0x0000021e285f6800,
0x0000021e285f7800, 0x0000021e285f9000, 0x0000021e28641000, 0x0000021e28642000,
0x0000021e27ddc000, 0x0000021e287cb000, 0x0000021e287c8800, 0x0000021e287cc000,
0x0000021e287c9800, 0x0000021e287ca800, 0x0000021e287cc800, 0x0000021e287c7000,
0x0000021e287cd800, 0x0000021e287c8000, 0x0000021e29fb1800, 0x0000021e29fb8000,
0x0000021e29fb7000, 0x0000021e29fb4000, 0x0000021e29fb2800, 0x0000021e2af19800,
0x0000021e29fb3000, 0x0000021e29fb5800, 0x0000021e29fb4800, 0x0000021e29fb6800,
0x0000021e2c883000, 0x0000021e2c886800, 0x0000021e2c885000, 0x0000021e2c884000,
0x0000021e2c88a800, 0x0000021e2c88a000, 0x0000021e2c88b800, 0x0000021e2c885800,
0x0000021e2c88e000, 0x0000021e2c891000, 0x0000021e2c892000, 0x0000021e2c88f800,
0x0000021e2c88c000, 0x0000021e2c88e800, 0x0000021e2c890800, 0x0000021e2c88d000,
0x0000021e2e419000, 0x0000021e2e419800, 0x0000021e2e41b000, 0x0000021e2e417000,
0x0000021e2e418000, 0x0000021e2e41f800, 0x0000021e2e41c000, 0x0000021e2e41d000,
0x0000021e2e41d800, 0x0000021e2e41a800, 0x0000021e2e423800, 0x0000021e2e421000,
0x0000021e2e424000, 0x0000021e2e421800, 0x0000021e2e420000, 0x0000021e2e41e800,
0x0000021e2e422800, 0x0000021e2e425000, 0x0000021e2e426000, 0x0000021e2dd0e800,
0x0000021e2dd11000, 0x0000021e2dd10000, 0x0000021e2dd0f000, 0x0000021e2dd12800,
0x0000021e2dd11800, 0x0000021e2dd13000, 0x0000021e2dd0d800, 0x0000021e2dd18000,
0x0000021e2dd17800, 0x0000021e2dd15800, 0x0000021e2dd19000, 0x0000021e2dd14000,
0x0000021e2dd16800, 0x0000021e2dd19800, 0x0000021e2dd1a800, 0x0000021e2dd15000,
0x0000021e2dd1c000, 0x0000021e298ec000, 0x0000021e298e7000, 0x0000021e298ea800,
0x0000021e298eb800, 0x0000021e298e9800, 0x0000021e298e9000, 0x0000021e298e8000,
0x0000021e298f1000
}

Java Threads: ( => current thread )
  0x0000021e0e1a4000 JavaThread "main" [_thread_blocked, id=7660, stack(0x000000a780800000,0x000000a780900000)]
  0x0000021e27dd2000 JavaThread "Reference Handler" daemon [_thread_blocked, id=7044, stack(0x000000a780f00000,0x000000a781000000)]
  0x0000021e27dd3000 JavaThread "Finalizer" daemon [_thread_blocked, id=6440, stack(0x000000a781000000,0x000000a781100000)]
  0x0000021e285f6800 JavaThread "Signal Dispatcher" daemon [_thread_blocked, id=11668, stack(0x000000a781100000,0x000000a781200000)]
  0x0000021e285f7800 JavaThread "Attach Listener" daemon [_thread_blocked, id=5004, stack(0x000000a781200000,0x000000a781300000)]
  0x0000021e285f9000 JavaThread "Service Thread" daemon [_thread_blocked, id=13252, stack(0x000000a781300000,0x000000a781400000)]
  0x0000021e28641000 JavaThread "C2 CompilerThread0" daemon [_thread_in_native, id=13856, stack(0x000000a781400000,0x000000a781500000)]
  0x0000021e28642000 JavaThread "C1 CompilerThread0" daemon [_thread_in_native, id=2764, stack(0x000000a781500000,0x000000a781600000)]
  0x0000021e27ddc000 JavaThread "Sweeper thread" daemon [_thread_blocked, id=5476, stack(0x000000a781600000,0x000000a781700000)]
  0x0000021e287cb000 JavaThread "Common-Cleaner" daemon [_thread_blocked, id=1128, stack(0x000000a781700000,0x000000a781800000)]
  0x0000021e287c8800 JavaThread "Daemon health stats" [_thread_blocked, id=1204, stack(0x000000a781d00000,0x000000a781e00000)]
  0x0000021e287cc000 JavaThread "Incoming local TCP Connector on port 17141" [_thread_in_native, id=4296, stack(0x000000a781900000,0x000000a781a00000)]
  0x0000021e287c9800 JavaThread "Daemon periodic checks" [_thread_blocked, id=4444, stack(0x000000a781e00000,0x000000a781f00000)]
  0x0000021e287ca800 JavaThread "Daemon" [_thread_blocked, id=12796, stack(0x000000a781f00000,0x000000a782000000)]
  0x0000021e287cc800 JavaThread "Handler for socket connection from /127.0.0.1:17141 to /127.0.0.1:17142" [_thread_in_native, id=12076, stack(0x000000a782000000,0x000000a782100000)]
  0x0000021e287c7000 JavaThread "Cancel handler" [_thread_blocked, id=5812, stack(0x000000a782100000,0x000000a782200000)]
  0x0000021e287cd800 JavaThread "Daemon worker" [_thread_blocked, id=9388, stack(0x000000a782200000,0x000000a782300000)]
  0x0000021e287c8000 JavaThread "Asynchronous log dispatcher for DefaultDaemonConnection: socket connection from /127.0.0.1:17141 to /127.0.0.1:17142" [_thread_blocked, id=13692, stack(0x000000a782300000,0x000000a782400000)]
  0x0000021e29fb1800 JavaThread "Stdin handler" [_thread_blocked, id=11220, stack(0x000000a782400000,0x000000a782500000)]
  0x0000021e29fb8000 JavaThread "Daemon client event forwarder" [_thread_blocked, id=14068, stack(0x000000a782500000,0x000000a782600000)]
  0x0000021e29fb7000 JavaThread "Cache worker for journal cache (C:\Users\user\.gradle\caches\journal-1)" [_thread_blocked, id=1120, stack(0x000000a782600000,0x000000a782700000)]
  0x0000021e29fb4000 JavaThread "File lock request listener" [_thread_in_native, id=3200, stack(0x000000a782700000,0x000000a782800000)]
  0x0000021e29fb2800 JavaThread "Cache worker for file hash cache (C:\Users\user\.gradle\caches\7.3.3\fileHashes)" [_thread_blocked, id=11960, stack(0x000000a782800000,0x000000a782900000)]
=>0x0000021e2af19800 JavaThread "C2 CompilerThread1" daemon [_thread_in_native, id=13880, stack(0x000000a782900000,0x000000a782a00000)]
  0x0000021e29fb3000 JavaThread "Cache worker for file hash cache (C:\Users\user\AndroidStudioProjects\Kotlin_lv1_HW2\.gradle\7.3.3\fileHashes)" [_thread_blocked, id=6700, stack(0x000000a782a00000,0x000000a782b00000)]
  0x0000021e29fb5800 JavaThread "File watcher server" daemon [_thread_in_native, id=13300, stack(0x000000a782b00000,0x000000a782c00000)]
  0x0000021e29fb4800 JavaThread "File watcher consumer" daemon [_thread_blocked, id=6360, stack(0x000000a782c00000,0x000000a782d00000)]
  0x0000021e29fb6800 JavaThread "Cache worker for checksums cache (C:\Users\user\AndroidStudioProjects\Kotlin_lv1_HW2\.gradle\7.3.3\checksums)" [_thread_blocked, id=13796, stack(0x000000a782d00000,0x000000a782e00000)]
  0x0000021e2c883000 JavaThread "Cache worker for cache directory md-supplier (C:\Users\user\.gradle\caches\7.3.3\md-supplier)" [_thread_blocked, id=8732, stack(0x000000a782e00000,0x000000a782f00000)]
  0x0000021e2c886800 JavaThread "Cache worker for cache directory md-rule (C:\Users\user\.gradle\caches\7.3.3\md-rule)" [_thread_blocked, id=11940, stack(0x000000a782f00000,0x000000a783000000)]
  0x0000021e2c885000 JavaThread "Cache worker for execution history cache (C:\Users\user\.gradle\caches\7.3.3\executionHistory)" [_thread_blocked, id=3048, stack(0x000000a783000000,0x000000a783100000)]
  0x0000021e2c884000 JavaThread "jar transforms" [_thread_blocked, id=6640, stack(0x000000a783100000,0x000000a783200000)]
  0x0000021e2c88a800 JavaThread "Cache worker for file content cache (C:\Users\user\.gradle\caches\7.3.3\fileContent)" [_thread_blocked, id=7180, stack(0x000000a783200000,0x000000a783300000)]
  0x0000021e2c88a000 JavaThread "jar transforms Thread 2" [_thread_blocked, id=11788, stack(0x000000a783300000,0x000000a783400000)]
  0x0000021e2c88b800 JavaThread "Cache worker for dependencies-accessors (C:\Users\user\AndroidStudioProjects\Kotlin_lv1_HW2\.gradle\7.3.3\dependencies-accessors)" [_thread_blocked, id=6292, stack(0x000000a783400000,0x000000a783500000)]
  0x0000021e2c885800 JavaThread "jar transforms Thread 3" [_thread_blocked, id=3100, stack(0x000000a783500000,0x000000a783600000)]
  0x0000021e2c88e000 JavaThread "Cache worker for Build Output Cleanup Cache (C:\Users\user\AndroidStudioProjects\Kotlin_lv1_HW2\.gradle\buildOutputCleanup)" [_thread_blocked, id=7780, stack(0x000000a783600000,0x000000a783700000)]
  0x0000021e2c891000 JavaThread "Unconstrained build operations" [_thread_blocked, id=804, stack(0x000000a783700000,0x000000a783800000)]
  0x0000021e2c892000 JavaThread "Unconstrained build operations Thread 2" [_thread_blocked, id=13416, stack(0x000000a783800000,0x000000a783900000)]
  0x0000021e2c88f800 JavaThread "Unconstrained build operations Thread 3" [_thread_blocked, id=11376, stack(0x000000a783900000,0x000000a783a00000)]
  0x0000021e2c88c000 JavaThread "Unconstrained build operations Thread 4" [_thread_blocked, id=13948, stack(0x000000a783a00000,0x000000a783b00000)]
  0x0000021e2c88e800 JavaThread "Unconstrained build operations Thread 5" [_thread_blocked, id=10604, stack(0x000000a783b00000,0x000000a783c00000)]
  0x0000021e2c890800 JavaThread "Unconstrained build operations Thread 6" [_thread_blocked, id=5012, stack(0x000000a783c00000,0x000000a783d00000)]
  0x0000021e2c88d000 JavaThread "Unconstrained build operations Thread 7" [_thread_blocked, id=12620, stack(0x000000a783d00000,0x000000a783e00000)]
  0x0000021e2e419000 JavaThread "Unconstrained build operations Thread 8" [_thread_blocked, id=11988, stack(0x000000a783e00000,0x000000a783f00000)]
  0x0000021e2e419800 JavaThread "Unconstrained build operations Thread 9" [_thread_blocked, id=7704, stack(0x000000a783f00000,0x000000a784000000)]
  0x0000021e2e41b000 JavaThread "Unconstrained build operations Thread 10" [_thread_blocked, id=7636, stack(0x000000a784000000,0x000000a784100000)]
  0x0000021e2e417000 JavaThread "Unconstrained build operations Thread 11" [_thread_blocked, id=13588, stack(0x000000a784100000,0x000000a784200000)]
  0x0000021e2e418000 JavaThread "Unconstrained build operations Thread 12" [_thread_blocked, id=5496, stack(0x000000a784200000,0x000000a784300000)]
  0x0000021e2e41f800 JavaThread "Unconstrained build operations Thread 13" [_thread_blocked, id=7540, stack(0x000000a784300000,0x000000a784400000)]
  0x0000021e2e41c000 JavaThread "Unconstrained build operations Thread 14" [_thread_blocked, id=2660, stack(0x000000a784400000,0x000000a784500000)]
  0x0000021e2e41d000 JavaThread "Unconstrained build operations Thread 15" [_thread_blocked, id=10652, stack(0x000000a784500000,0x000000a784600000)]
  0x0000021e2e41d800 JavaThread "Unconstrained build operations Thread 16" [_thread_blocked, id=3444, stack(0x000000a784600000,0x000000a784700000)]
  0x0000021e2e41a800 JavaThread "Unconstrained build operations Thread 17" [_thread_in_Java, id=4604, stack(0x000000a784700000,0x000000a784800000)]
  0x0000021e2e423800 JavaThread "Unconstrained build operations Thread 18" [_thread_blocked, id=9188, stack(0x000000a784800000,0x000000a784900000)]
  0x0000021e2e421000 JavaThread "Unconstrained build operations Thread 19" [_thread_blocked, id=13000, stack(0x000000a784900000,0x000000a784a00000)]
  0x0000021e2e424000 JavaThread "Unconstrained build operations Thread 20" [_thread_blocked, id=13756, stack(0x000000a784a00000,0x000000a784b00000)]
  0x0000021e2e421800 JavaThread "Unconstrained build operations Thread 21" [_thread_blocked, id=12300, stack(0x000000a784b00000,0x000000a784c00000)]
  0x0000021e2e420000 JavaThread "Unconstrained build operations Thread 22" [_thread_blocked, id=9132, stack(0x000000a784c00000,0x000000a784d00000)]
  0x0000021e2e41e800 JavaThread "Unconstrained build operations Thread 23" [_thread_blocked, id=4280, stack(0x000000a784d00000,0x000000a784e00000)]
  0x0000021e2e422800 JavaThread "Unconstrained build operations Thread 24" [_thread_blocked, id=7740, stack(0x000000a784e00000,0x000000a784f00000)]
  0x0000021e2e425000 JavaThread "Unconstrained build operations Thread 25" [_thread_blocked, id=5916, stack(0x000000a784f00000,0x000000a785000000)]
  0x0000021e2e426000 JavaThread "Unconstrained build operations Thread 26" [_thread_blocked, id=14036, stack(0x000000a785000000,0x000000a785100000)]
  0x0000021e2dd0e800 JavaThread "Unconstrained build operations Thread 27" [_thread_blocked, id=7156, stack(0x000000a785100000,0x000000a785200000)]
  0x0000021e2dd11000 JavaThread "Unconstrained build operations Thread 28" [_thread_blocked, id=8688, stack(0x000000a785200000,0x000000a785300000)]
  0x0000021e2dd10000 JavaThread "Unconstrained build operations Thread 29" [_thread_blocked, id=3112, stack(0x000000a785300000,0x000000a785400000)]
  0x0000021e2dd0f000 JavaThread "Unconstrained build operations Thread 30" [_thread_blocked, id=13820, stack(0x000000a785400000,0x000000a785500000)]
  0x0000021e2dd12800 JavaThread "Unconstrained build operations Thread 31" [_thread_blocked, id=12592, stack(0x000000a785500000,0x000000a785600000)]
  0x0000021e2dd11800 JavaThread "Unconstrained build operations Thread 32" [_thread_in_Java, id=2228, stack(0x000000a785600000,0x000000a785700000)]
  0x0000021e2dd13000 JavaThread "Unconstrained build operations Thread 33" [_thread_blocked, id=10420, stack(0x000000a785700000,0x000000a785800000)]
  0x0000021e2dd0d800 JavaThread "Unconstrained build operations Thread 34" [_thread_blocked, id=9868, stack(0x000000a785800000,0x000000a785900000)]
  0x0000021e2dd18000 JavaThread "Unconstrained build operations Thread 35" [_thread_blocked, id=10052, stack(0x000000a785900000,0x000000a785a00000)]
  0x0000021e2dd17800 JavaThread "Unconstrained build operations Thread 36" [_thread_blocked, id=13532, stack(0x000000a785a00000,0x000000a785b00000)]
  0x0000021e2dd15800 JavaThread "Unconstrained build operations Thread 37" [_thread_blocked, id=2208, stack(0x000000a785b00000,0x000000a785c00000)]
  0x0000021e2dd19000 JavaThread "Unconstrained build operations Thread 38" [_thread_in_Java, id=3528, stack(0x000000a785c00000,0x000000a785d00000)]
  0x0000021e2dd14000 JavaThread "Unconstrained build operations Thread 39" [_thread_blocked, id=11256, stack(0x000000a785d00000,0x000000a785e00000)]
  0x0000021e2dd16800 JavaThread "Unconstrained build operations Thread 40" [_thread_blocked, id=8428, stack(0x000000a785e00000,0x000000a785f00000)]
  0x0000021e2dd19800 JavaThread "jar transforms Thread 4" [_thread_blocked, id=4980, stack(0x000000a785f00000,0x000000a786000000)]
  0x0000021e2dd1a800 JavaThread "Memory manager" [_thread_blocked, id=5008, stack(0x000000a786000000,0x000000a786100000)]
  0x0000021e2dd15000 JavaThread "build event listener" [_thread_blocked, id=1844, stack(0x000000a786100000,0x000000a786200000)]
  0x0000021e2dd1c000 JavaThread "build event listener" [_thread_blocked, id=1984, stack(0x000000a786200000,0x000000a786300000)]
  0x0000021e298ec000 JavaThread "Execution worker for ':'" [_thread_blocked, id=8468, stack(0x000000a786300000,0x000000a786400000)]
  0x0000021e298e7000 JavaThread "Execution worker for ':' Thread 2" [_thread_blocked, id=9688, stack(0x000000a786400000,0x000000a786500000)]
  0x0000021e298ea800 JavaThread "Execution worker for ':' Thread 3" [_thread_blocked, id=9304, stack(0x000000a786500000,0x000000a786600000)]
  0x0000021e298eb800 JavaThread "Cache worker for execution history cache (C:\Users\user\AndroidStudioProjects\Kotlin_lv1_HW2\.gradle\7.3.3\executionHistory)" [_thread_blocked, id=1228, stack(0x000000a786600000,0x000000a786700000)]
  0x0000021e298e9800 JavaThread "WorkerExecutor Queue" [_thread_blocked, id=7956, stack(0x000000a786700000,0x000000a786800000)]
  0x0000021e298e9000 JavaThread "pool-3-thread-1" [_thread_blocked, id=13572, stack(0x000000a786800000,0x000000a786900000)]
  0x0000021e298e8000 JavaThread "stderr" [_thread_in_native, id=10832, stack(0x000000a786900000,0x000000a786a00000)]
  0x0000021e298f1000 JavaThread "stdout" [_thread_in_native, id=1368, stack(0x000000a786a00000,0x000000a786b00000)]

Other Threads:
  0x0000021e285e4000 VMThread "VM Thread" [stack: 0x000000a780e00000,0x000000a780f00000] [id=2232]
  0x0000021e287e4800 WatcherThread [stack: 0x000000a781800000,0x000000a781900000] [id=13492]
  0x0000021e0e1b8000 GCTaskThread "GC Thread#0" [stack: 0x000000a780900000,0x000000a780a00000] [id=6500]
  0x0000021e28bcb000 GCTaskThread "GC Thread#1" [stack: 0x000000a781a00000,0x000000a781b00000] [id=12088]
  0x0000021e29229000 GCTaskThread "GC Thread#2" [stack: 0x000000a781b00000,0x000000a781c00000] [id=13100]
  0x0000021e288e8800 GCTaskThread "GC Thread#3" [stack: 0x000000a781c00000,0x000000a781d00000] [id=6392]
  0x0000021e0e1e7800 ConcurrentGCThread "G1 Main Marker" [stack: 0x000000a780a00000,0x000000a780b00000] [id=9356]
  0x0000021e0e1ea000 ConcurrentGCThread "G1 Conc#0" [stack: 0x000000a780b00000,0x000000a780c00000] [id=10736]
  0x0000021e0e27d800 ConcurrentGCThread "G1 Refine#0" [stack: 0x000000a780c00000,0x000000a780d00000] [id=4340]
  0x0000021e27c12800 ConcurrentGCThread "G1 Young RemSet Sampling" [stack: 0x000000a780d00000,0x000000a780e00000] [id=8832]

Threads with active compile tasks:
C2 CompilerThread0  42073 15897 %     4       com.android.tools.r8.ir.regalloc.b::a @ 1550 (1832 bytes)
C1 CompilerThread0  42073 16255 %     2       com.android.tools.r8.internal.xa::a @ 1694 (6068 bytes)
C2 CompilerThread1  42073 16091       4       com.android.tools.r8.graph.c0::a (1050 bytes)

VM state:not at safepoint (normal execution)

VM Mutex/Monitor currently owned by a thread: None

Heap address: 0x0000000080000000, size: 2048 MB, Compressed Oops mode: 32-bit
Narrow klass base: 0x0000000000000000, Narrow klass shift: 3
Compressed class space size: 1073741824 Address: 0x0000000100000000

Heap:
 garbage-first heap   total 284672K, used 218202K [0x0000000080000000, 0x0000000100000000)
  region size 1024K, 102 young (104448K), 7 survivors (7168K)
 Metaspace       used 106427K, capacity 109242K, committed 109424K, reserved 1144832K
  class space    used 13702K, capacity 14807K, committed 14924K, reserved 1048576K
Heap Regions: E=young(eden), S=young(survivor), O=old, HS=humongous(starts), HC=humongous(continues), CS=collection set, F=free, A=archive, TAMS=top-at-mark-start (previous, next)
|   0|0x0000000080000000, 0x0000000080100000, 0x0000000080100000|100%| O|  |TAMS 0x0000000080100000, 0x0000000080000000| Untracked 
|   1|0x0000000080100000, 0x0000000080200000, 0x0000000080200000|100%| O|  |TAMS 0x0000000080200000, 0x0000000080100000| Untracked 
|   2|0x0000000080200000, 0x0000000080300000, 0x0000000080300000|100%| O|  |TAMS 0x0000000080300000, 0x0000000080200000| Untracked 
|   3|0x0000000080300000, 0x0000000080400000, 0x0000000080400000|100%|HS|  |TAMS 0x0000000080400000, 0x0000000080300000| Complete 
|   4|0x0000000080400000, 0x0000000080500000, 0x0000000080500000|100%|HC|  |TAMS 0x0000000080500000, 0x0000000080400000| Complete 
|   5|0x0000000080500000, 0x0000000080600000, 0x0000000080600000|100%|HC|  |TAMS 0x0000000080600000, 0x0000000080500000| Complete 
|   6|0x0000000080600000, 0x0000000080700000, 0x0000000080700000|100%| O|  |TAMS 0x0000000080700000, 0x0000000080600000| Untracked 
|   7|0x0000000080700000, 0x0000000080800000, 0x0000000080800000|100%| O|  |TAMS 0x0000000080800000, 0x0000000080700000| Untracked 
|   8|0x0000000080800000, 0x0000000080900000, 0x0000000080900000|100%| O|  |TAMS 0x0000000080900000, 0x0000000080800000| Untracked 
|   9|0x0000000080900000, 0x0000000080a00000, 0x0000000080a00000|100%| O|  |TAMS 0x0000000080a00000, 0x0000000080900000| Untracked 
|  10|0x0000000080a00000, 0x0000000080b00000, 0x0000000080b00000|100%| O|  |TAMS 0x0000000080b00000, 0x0000000080a00000| Untracked 
|  11|0x0000000080b00000, 0x0000000080c00000, 0x0000000080c00000|100%| O|  |TAMS 0x0000000080c00000, 0x0000000080b00000| Untracked 
|  12|0x0000000080c00000, 0x0000000080d00000, 0x0000000080d00000|100%| O|  |TAMS 0x0000000080d00000, 0x0000000080c00000| Untracked 
|  13|0x0000000080d00000, 0x0000000080e00000, 0x0000000080e00000|100%| O|  |TAMS 0x0000000080e00000, 0x0000000080d00000| Untracked 
|  14|0x0000000080e00000, 0x0000000080f00000, 0x0000000080f00000|100%| O|  |TAMS 0x0000000080f00000, 0x0000000080e00000| Untracked 
|  15|0x0000000080f00000, 0x0000000081000000, 0x0000000081000000|100%| O|  |TAMS 0x0000000081000000, 0x0000000080f00000| Untracked 
|  16|0x0000000081000000, 0x0000000081100000, 0x0000000081100000|100%| O|  |TAMS 0x0000000081100000, 0x0000000081000000| Untracked 
|  17|0x0000000081100000, 0x0000000081200000, 0x0000000081200000|100%|HS|  |TAMS 0x0000000081200000, 0x0000000081100000| Complete 
|  18|0x0000000081200000, 0x0000000081300000, 0x0000000081300000|100%| O|  |TAMS 0x0000000081300000, 0x0000000081200000| Untracked 
|  19|0x0000000081300000, 0x0000000081400000, 0x0000000081400000|100%| O|  |TAMS 0x0000000081400000, 0x0000000081300000| Untracked 
|  20|0x0000000081400000, 0x0000000081500000, 0x0000000081500000|100%| O|  |TAMS 0x0000000081500000, 0x0000000081400000| Untracked 
|  21|0x0000000081500000, 0x0000000081600000, 0x0000000081600000|100%| O|  |TAMS 0x0000000081600000, 0x0000000081500000| Untracked 
|  22|0x0000000081600000, 0x0000000081700000, 0x0000000081700000|100%| O|  |TAMS 0x0000000081700000, 0x0000000081600000| Untracked 
|  23|0x0000000081700000, 0x0000000081800000, 0x0000000081800000|100%| O|  |TAMS 0x0000000081800000, 0x0000000081700000| Untracked 
|  24|0x0000000081800000, 0x0000000081900000, 0x0000000081900000|100%|HS|  |TAMS 0x0000000081900000, 0x0000000081800000| Complete 
|  25|0x0000000081900000, 0x0000000081a00000, 0x0000000081a00000|100%|HS|  |TAMS 0x0000000081a00000, 0x0000000081900000| Complete 
|  26|0x0000000081a00000, 0x0000000081b00000, 0x0000000081b00000|100%|HS|  |TAMS 0x0000000081b00000, 0x0000000081a00000| Complete 
|  27|0x0000000081b00000, 0x0000000081c00000, 0x0000000081c00000|100%|HC|  |TAMS 0x0000000081c00000, 0x0000000081b00000| Complete 
|  28|0x0000000081c00000, 0x0000000081d00000, 0x0000000081d00000|100%|HC|  |TAMS 0x0000000081d00000, 0x0000000081c00000| Complete 
|  29|0x0000000081d00000, 0x0000000081e00000, 0x0000000081e00000|100%|HS|  |TAMS 0x0000000081e00000, 0x0000000081d00000| Complete 
|  30|0x0000000081e00000, 0x0000000081f00000, 0x0000000081f00000|100%|HC|  |TAMS 0x0000000081f00000, 0x0000000081e00000| Complete 
|  31|0x0000000081f00000, 0x0000000082000000, 0x0000000082000000|100%| O|  |TAMS 0x0000000082000000, 0x0000000081f00000| Untracked 
|  32|0x0000000082000000, 0x0000000082100000, 0x0000000082100000|100%| O|  |TAMS 0x0000000082100000, 0x0000000082000000| Untracked 
|  33|0x0000000082100000, 0x0000000082200000, 0x0000000082200000|100%| O|  |TAMS 0x0000000082200000, 0x0000000082100000| Untracked 
|  34|0x0000000082200000, 0x0000000082300000, 0x0000000082300000|100%| O|  |TAMS 0x0000000082300000, 0x0000000082200000| Untracked 
|  35|0x0000000082300000, 0x0000000082400000, 0x0000000082400000|100%| O|  |TAMS 0x0000000082400000, 0x0000000082300000| Untracked 
|  36|0x0000000082400000, 0x0000000082500000, 0x0000000082500000|100%| O|  |TAMS 0x0000000082500000, 0x0000000082400000| Untracked 
|  37|0x0000000082500000, 0x0000000082600000, 0x0000000082600000|100%| O|  |TAMS 0x0000000082600000, 0x0000000082500000| Untracked 
|  38|0x0000000082600000, 0x0000000082700000, 0x0000000082700000|100%| O|  |TAMS 0x0000000082700000, 0x0000000082600000| Untracked 
|  39|0x0000000082700000, 0x0000000082800000, 0x0000000082800000|100%| O|  |TAMS 0x0000000082800000, 0x0000000082700000| Untracked 
|  40|0x0000000082800000, 0x0000000082900000, 0x0000000082900000|100%| O|  |TAMS 0x0000000082900000, 0x0000000082800000| Untracked 
|  41|0x0000000082900000, 0x0000000082a00000, 0x0000000082a00000|100%| O|  |TAMS 0x0000000082a00000, 0x0000000082900000| Untracked 
|  42|0x0000000082a00000, 0x0000000082b00000, 0x0000000082b00000|100%| O|  |TAMS 0x0000000082b00000, 0x0000000082a00000| Untracked 
|  43|0x0000000082b00000, 0x0000000082c00000, 0x0000000082c00000|100%| O|  |TAMS 0x0000000082c00000, 0x0000000082b00000| Untracked 
|  44|0x0000000082c00000, 0x0000000082d00000, 0x0000000082d00000|100%| O|  |TAMS 0x0000000082d00000, 0x0000000082c00000| Untracked 
|  45|0x0000000082d00000, 0x0000000082e00000, 0x0000000082e00000|100%| O|  |TAMS 0x0000000082e00000, 0x0000000082d00000| Untracked 
|  46|0x0000000082e00000, 0x0000000082f00000, 0x0000000082f00000|100%| O|  |TAMS 0x0000000082f00000, 0x0000000082e00000| Untracked 
|  47|0x0000000082f00000, 0x0000000083000000, 0x0000000083000000|100%| O|  |TAMS 0x0000000083000000, 0x0000000082f00000| Untracked 
|  48|0x0000000083000000, 0x0000000083100000, 0x0000000083100000|100%| O|  |TAMS 0x0000000083100000, 0x0000000083000000| Untracked 
|  49|0x0000000083100000, 0x0000000083200000, 0x0000000083200000|100%| O|  |TAMS 0x0000000083200000, 0x0000000083100000| Untracked 
|  50|0x0000000083200000, 0x0000000083300000, 0x0000000083300000|100%| O|  |TAMS 0x0000000083200000, 0x0000000083200000| Untracked 
|  51|0x0000000083300000, 0x0000000083400000, 0x0000000083400000|100%| O|  |TAMS 0x0000000083300000, 0x0000000083300000| Untracked 
|  52|0x0000000083400000, 0x0000000083500000, 0x0000000083500000|100%| O|  |TAMS 0x0000000083400000, 0x0000000083400000| Untracked 
|  53|0x0000000083500000, 0x0000000083600000, 0x0000000083600000|100%| O|  |TAMS 0x0000000083500000, 0x0000000083500000| Untracked 
|  54|0x0000000083600000, 0x0000000083700000, 0x0000000083700000|100%| O|  |TAMS 0x0000000083600000, 0x0000000083600000| Untracked 
|  55|0x0000000083700000, 0x0000000083800000, 0x0000000083800000|100%| O|  |TAMS 0x0000000083700000, 0x0000000083700000| Untracked 
|  56|0x0000000083800000, 0x0000000083900000, 0x0000000083900000|100%| O|  |TAMS 0x0000000083800000, 0x0000000083800000| Untracked 
|  57|0x0000000083900000, 0x0000000083a00000, 0x0000000083a00000|100%| O|  |TAMS 0x0000000083900000, 0x0000000083900000| Untracked 
|  58|0x0000000083a00000, 0x0000000083b00000, 0x0000000083b00000|100%| O|  |TAMS 0x0000000083a00000, 0x0000000083a00000| Untracked 
|  59|0x0000000083b00000, 0x0000000083c00000, 0x0000000083c00000|100%| O|  |TAMS 0x0000000083b00000, 0x0000000083b00000| Untracked 
|  60|0x0000000083c00000, 0x0000000083d00000, 0x0000000083d00000|100%| O|  |TAMS 0x0000000083c00000, 0x0000000083c00000| Untracked 
|  61|0x0000000083d00000, 0x0000000083e00000, 0x0000000083e00000|100%| O|  |TAMS 0x0000000083d00000, 0x0000000083d00000| Untracked 
|  62|0x0000000083e00000, 0x0000000083f00000, 0x0000000083f00000|100%| O|  |TAMS 0x0000000083e00000, 0x0000000083e00000| Untracked 
|  63|0x0000000083f00000, 0x0000000084000000, 0x0000000084000000|100%| O|  |TAMS 0x0000000083f00000, 0x0000000083f00000| Untracked 
|  64|0x0000000084000000, 0x0000000084100000, 0x0000000084100000|100%| O|  |TAMS 0x0000000084000000, 0x0000000084000000| Untracked 
|  65|0x0000000084100000, 0x0000000084200000, 0x0000000084200000|100%| O|  |TAMS 0x0000000084100000, 0x0000000084100000| Untracked 
|  66|0x0000000084200000, 0x0000000084300000, 0x0000000084300000|100%| O|  |TAMS 0x0000000084200000, 0x0000000084200000| Untracked 
|  67|0x0000000084300000, 0x0000000084400000, 0x0000000084400000|100%| O|  |TAMS 0x0000000084300000, 0x0000000084300000| Untracked 
|  68|0x0000000084400000, 0x0000000084500000, 0x0000000084500000|100%| O|  |TAMS 0x0000000084400000, 0x0000000084400000| Untracked 
|  69|0x0000000084500000, 0x0000000084600000, 0x0000000084600000|100%| O|  |TAMS 0x0000000084500000, 0x0000000084500000| Untracked 
|  70|0x0000000084600000, 0x0000000084700000, 0x0000000084700000|100%| O|  |TAMS 0x0000000084600000, 0x0000000084600000| Untracked 
|  71|0x0000000084700000, 0x0000000084800000, 0x0000000084800000|100%| O|  |TAMS 0x0000000084700000, 0x0000000084700000| Untracked 
|  72|0x0000000084800000, 0x0000000084900000, 0x0000000084900000|100%| O|  |TAMS 0x0000000084800000, 0x0000000084800000| Untracked 
|  73|0x0000000084900000, 0x0000000084a00000, 0x0000000084a00000|100%| O|  |TAMS 0x0000000084900000, 0x0000000084900000| Untracked 
|  74|0x0000000084a00000, 0x0000000084b00000, 0x0000000084b00000|100%| O|  |TAMS 0x0000000084a00000, 0x0000000084a00000| Untracked 
|  75|0x0000000084b00000, 0x0000000084c00000, 0x0000000084c00000|100%| O|  |TAMS 0x0000000084b00000, 0x0000000084b00000| Untracked 
|  76|0x0000000084c00000, 0x0000000084d00000, 0x0000000084d00000|100%| O|  |TAMS 0x0000000084c00000, 0x0000000084c00000| Untracked 
|  77|0x0000000084d00000, 0x0000000084e00000, 0x0000000084e00000|100%| O|  |TAMS 0x0000000084d00000, 0x0000000084d00000| Untracked 
|  78|0x0000000084e00000, 0x0000000084f00000, 0x0000000084f00000|100%| O|  |TAMS 0x0000000084e00000, 0x0000000084e00000| Untracked 
|  79|0x0000000084f00000, 0x0000000085000000, 0x0000000085000000|100%| O|  |TAMS 0x0000000084f00000, 0x0000000084f00000| Untracked 
|  80|0x0000000085000000, 0x0000000085100000, 0x0000000085100000|100%| O|  |TAMS 0x0000000085000000, 0x0000000085000000| Untracked 
|  81|0x0000000085100000, 0x0000000085200000, 0x0000000085200000|100%| O|  |TAMS 0x0000000085100000, 0x0000000085100000| Untracked 
|  82|0x0000000085200000, 0x0000000085300000, 0x0000000085300000|100%| O|  |TAMS 0x0000000085200000, 0x0000000085200000| Untracked 
|  83|0x0000000085300000, 0x0000000085400000, 0x0000000085400000|100%| O|  |TAMS 0x0000000085300000, 0x0000000085300000| Untracked 
|  84|0x0000000085400000, 0x0000000085500000, 0x0000000085500000|100%| O|  |TAMS 0x0000000085400000, 0x0000000085400000| Untracked 
|  85|0x0000000085500000, 0x0000000085600000, 0x0000000085600000|100%| O|  |TAMS 0x0000000085500000, 0x0000000085500000| Untracked 
|  86|0x0000000085600000, 0x0000000085700000, 0x0000000085700000|100%| O|  |TAMS 0x0000000085600000, 0x0000000085600000| Untracked 
|  87|0x0000000085700000, 0x0000000085800000, 0x0000000085800000|100%| O|  |TAMS 0x0000000085700000, 0x0000000085700000| Untracked 
|  88|0x0000000085800000, 0x0000000085900000, 0x0000000085900000|100%| O|  |TAMS 0x0000000085800000, 0x0000000085800000| Untracked 
|  89|0x0000000085900000, 0x0000000085a00000, 0x0000000085a00000|100%| O|  |TAMS 0x0000000085900000, 0x0000000085900000| Untracked 
|  90|0x0000000085a00000, 0x0000000085b00000, 0x0000000085b00000|100%| O|  |TAMS 0x0000000085a00000, 0x0000000085a00000| Untracked 
|  91|0x0000000085b00000, 0x0000000085c00000, 0x0000000085c00000|100%| O|  |TAMS 0x0000000085b00000, 0x0000000085b00000| Untracked 
|  92|0x0000000085c00000, 0x0000000085d00000, 0x0000000085d00000|100%| O|  |TAMS 0x0000000085c00000, 0x0000000085c00000| Untracked 
|  93|0x0000000085d00000, 0x0000000085e00000, 0x0000000085e00000|100%| O|  |TAMS 0x0000000085d00000, 0x0000000085d00000| Untracked 
|  94|0x0000000085e00000, 0x0000000085f00000, 0x0000000085f00000|100%| O|  |TAMS 0x0000000085e00000, 0x0000000085e00000| Untracked 
|  95|0x0000000085f00000, 0x0000000086000000, 0x0000000086000000|100%| O|  |TAMS 0x0000000085f00000, 0x0000000085f00000| Untracked 
|  96|0x0000000086000000, 0x0000000086100000, 0x0000000086100000|100%| O|  |TAMS 0x0000000086000000, 0x0000000086000000| Untracked 
|  97|0x0000000086100000, 0x0000000086200000, 0x0000000086200000|100%| O|  |TAMS 0x0000000086100000, 0x0000000086100000| Untracked 
|  98|0x0000000086200000, 0x0000000086300000, 0x0000000086300000|100%| O|  |TAMS 0x0000000086200000, 0x0000000086200000| Untracked 
|  99|0x0000000086300000, 0x0000000086400000, 0x0000000086400000|100%| O|  |TAMS 0x0000000086300000, 0x0000000086300000| Untracked 
| 100|0x0000000086400000, 0x0000000086500000, 0x0000000086500000|100%| O|  |TAMS 0x0000000086400000, 0x0000000086400000| Untracked 
| 101|0x0000000086500000, 0x0000000086600000, 0x0000000086600000|100%| O|  |TAMS 0x0000000086500000, 0x0000000086500000| Untracked 
| 102|0x0000000086600000, 0x0000000086700000, 0x0000000086700000|100%| O|  |TAMS 0x0000000086600000, 0x0000000086600000| Untracked 
| 103|0x0000000086700000, 0x0000000086800000, 0x0000000086800000|100%| O|  |TAMS 0x0000000086700000, 0x0000000086700000| Untracked 
| 104|0x0000000086800000, 0x0000000086900000, 0x0000000086900000|100%| O|  |TAMS 0x0000000086800000, 0x0000000086800000| Untracked 
| 105|0x0000000086900000, 0x0000000086a00000, 0x0000000086a00000|100%| O|  |TAMS 0x0000000086900000, 0x0000000086900000| Untracked 
| 106|0x0000000086a00000, 0x0000000086b00000, 0x0000000086b00000|100%| O|  |TAMS 0x0000000086a00000, 0x0000000086a00000| Untracked 
| 107|0x0000000086b00000, 0x0000000086c00000, 0x0000000086c00000|100%| O|  |TAMS 0x0000000086b00000, 0x0000000086b00000| Untracked 
| 108|0x0000000086c00000, 0x0000000086d00000, 0x0000000086d00000|100%| O|  |TAMS 0x0000000086c00000, 0x0000000086c00000| Untracked 
| 109|0x0000000086d00000, 0x0000000086e00000, 0x0000000086e00000|100%| O|  |TAMS 0x0000000086d00000, 0x0000000086d00000| Untracked 
| 110|0x0000000086e00000, 0x0000000086f00000, 0x0000000086f00000|100%| O|  |TAMS 0x0000000086e00000, 0x0000000086e00000| Untracked 
| 111|0x0000000086f00000, 0x0000000087000000, 0x0000000087000000|100%| O|  |TAMS 0x0000000086f00000, 0x0000000086f00000| Untracked 
| 112|0x0000000087000000, 0x0000000087100000, 0x0000000087100000|100%| O|  |TAMS 0x0000000087000000, 0x0000000087000000| Untracked 
| 113|0x0000000087100000, 0x0000000087164400, 0x0000000087200000| 39%| O|  |TAMS 0x0000000087100000, 0x0000000087100000| Untracked 
| 114|0x0000000087200000, 0x0000000087200000, 0x0000000087300000|  0%| F|  |TAMS 0x0000000087200000, 0x0000000087200000| Untracked 
| 115|0x0000000087300000, 0x0000000087300000, 0x0000000087400000|  0%| F|  |TAMS 0x0000000087300000, 0x0000000087300000| Untracked 
| 116|0x0000000087400000, 0x0000000087400000, 0x0000000087500000|  0%| F|  |TAMS 0x0000000087400000, 0x0000000087400000| Untracked 
| 117|0x0000000087500000, 0x0000000087500000, 0x0000000087600000|  0%| F|  |TAMS 0x0000000087500000, 0x0000000087500000| Untracked 
| 118|0x0000000087600000, 0x0000000087600000, 0x0000000087700000|  0%| F|  |TAMS 0x0000000087600000, 0x0000000087600000| Untracked 
| 119|0x0000000087700000, 0x0000000087700000, 0x0000000087800000|  0%| F|  |TAMS 0x0000000087700000, 0x0000000087700000| Untracked 
| 120|0x0000000087800000, 0x0000000087800000, 0x0000000087900000|  0%| F|  |TAMS 0x0000000087800000, 0x0000000087800000| Untracked 
| 121|0x0000000087900000, 0x0000000087900000, 0x0000000087a00000|  0%| F|  |TAMS 0x0000000087900000, 0x0000000087900000| Untracked 
| 122|0x0000000087a00000, 0x0000000087a00000, 0x0000000087b00000|  0%| F|  |TAMS 0x0000000087a00000, 0x0000000087a00000| Untracked 
| 123|0x0000000087b00000, 0x0000000087b00000, 0x0000000087c00000|  0%| F|  |TAMS 0x0000000087b00000, 0x0000000087b00000| Untracked 
| 124|0x0000000087c00000, 0x0000000087c00000, 0x0000000087d00000|  0%| F|  |TAMS 0x0000000087c00000, 0x0000000087c00000| Untracked 
| 125|0x0000000087d00000, 0x0000000087d00000, 0x0000000087e00000|  0%| F|  |TAMS 0x0000000087d00000, 0x0000000087d00000| Untracked 
| 126|0x0000000087e00000, 0x0000000087e00000, 0x0000000087f00000|  0%| F|  |TAMS 0x0000000087e00000, 0x0000000087e00000| Untracked 
| 127|0x0000000087f00000, 0x0000000087f00000, 0x0000000088000000|  0%| F|  |TAMS 0x0000000087f00000, 0x0000000087f00000| Untracked 
| 128|0x0000000088000000, 0x0000000088000000, 0x0000000088100000|  0%| F|  |TAMS 0x0000000088000000, 0x0000000088000000| Untracked 
| 129|0x0000000088100000, 0x0000000088100000, 0x0000000088200000|  0%| F|  |TAMS 0x0000000088100000, 0x0000000088100000| Untracked 
| 130|0x0000000088200000, 0x0000000088200000, 0x0000000088300000|  0%| F|  |TAMS 0x0000000088200000, 0x0000000088200000| Untracked 
| 131|0x0000000088300000, 0x0000000088300000, 0x0000000088400000|  0%| F|  |TAMS 0x0000000088300000, 0x0000000088300000| Untracked 
| 132|0x0000000088400000, 0x0000000088400000, 0x0000000088500000|  0%| F|  |TAMS 0x0000000088400000, 0x0000000088400000| Untracked 
| 133|0x0000000088500000, 0x0000000088500000, 0x0000000088600000|  0%| F|  |TAMS 0x0000000088500000, 0x0000000088500000| Untracked 
| 134|0x0000000088600000, 0x0000000088600000, 0x0000000088700000|  0%| F|  |TAMS 0x0000000088600000, 0x0000000088600000| Untracked 
| 135|0x0000000088700000, 0x0000000088700000, 0x0000000088800000|  0%| F|  |TAMS 0x0000000088700000, 0x0000000088700000| Untracked 
| 136|0x0000000088800000, 0x0000000088800000, 0x0000000088900000|  0%| F|  |TAMS 0x0000000088800000, 0x0000000088800000| Untracked 
| 137|0x0000000088900000, 0x0000000088900000, 0x0000000088a00000|  0%| F|  |TAMS 0x0000000088900000, 0x0000000088900000| Untracked 
| 138|0x0000000088a00000, 0x0000000088a00000, 0x0000000088b00000|  0%| F|  |TAMS 0x0000000088a00000, 0x0000000088a00000| Untracked 
| 139|0x0000000088b00000, 0x0000000088b00000, 0x0000000088c00000|  0%| F|  |TAMS 0x0000000088b00000, 0x0000000088b00000| Untracked 
| 140|0x0000000088c00000, 0x0000000088c00000, 0x0000000088d00000|  0%| F|  |TAMS 0x0000000088c00000, 0x0000000088c00000| Untracked 
| 141|0x0000000088d00000, 0x0000000088d00000, 0x0000000088e00000|  0%| F|  |TAMS 0x0000000088d00000, 0x0000000088d00000| Untracked 
| 142|0x0000000088e00000, 0x0000000088e00000, 0x0000000088f00000|  0%| F|  |TAMS 0x0000000088e00000, 0x0000000088e00000| Untracked 
| 143|0x0000000088f00000, 0x0000000088f00000, 0x0000000089000000|  0%| F|  |TAMS 0x0000000088f00000, 0x0000000088f00000| Untracked 
| 144|0x0000000089000000, 0x0000000089000000, 0x0000000089100000|  0%| F|  |TAMS 0x0000000089000000, 0x0000000089000000| Untracked 
| 145|0x0000000089100000, 0x0000000089100000, 0x0000000089200000|  0%| F|  |TAMS 0x0000000089100000, 0x0000000089100000| Untracked 
| 146|0x0000000089200000, 0x0000000089200000, 0x0000000089300000|  0%| F|  |TAMS 0x0000000089200000, 0x0000000089200000| Untracked 
| 147|0x0000000089300000, 0x0000000089300000, 0x0000000089400000|  0%| F|  |TAMS 0x0000000089300000, 0x0000000089300000| Untracked 
| 148|0x0000000089400000, 0x0000000089400000, 0x0000000089500000|  0%| F|  |TAMS 0x0000000089400000, 0x0000000089400000| Untracked 
| 149|0x0000000089500000, 0x0000000089500000, 0x0000000089600000|  0%| F|  |TAMS 0x0000000089500000, 0x0000000089500000| Untracked 
| 150|0x0000000089600000, 0x0000000089600000, 0x0000000089700000|  0%| F|  |TAMS 0x0000000089600000, 0x0000000089600000| Untracked 
| 151|0x0000000089700000, 0x0000000089700000, 0x0000000089800000|  0%| F|  |TAMS 0x0000000089700000, 0x0000000089700000| Untracked 
| 152|0x0000000089800000, 0x0000000089800000, 0x0000000089900000|  0%| F|  |TAMS 0x0000000089800000, 0x0000000089800000| Untracked 
| 153|0x0000000089900000, 0x0000000089900000, 0x0000000089a00000|  0%| F|  |TAMS 0x0000000089900000, 0x0000000089900000| Untracked 
| 154|0x0000000089a00000, 0x0000000089a00000, 0x0000000089b00000|  0%| F|  |TAMS 0x0000000089a00000, 0x0000000089a00000| Untracked 
| 155|0x0000000089b00000, 0x0000000089b00000, 0x0000000089c00000|  0%| F|  |TAMS 0x0000000089b00000, 0x0000000089b00000| Untracked 
| 156|0x0000000089c00000, 0x0000000089cb2600, 0x0000000089d00000| 69%| S|CS|TAMS 0x0000000089c00000, 0x0000000089c00000| Complete 
| 157|0x0000000089d00000, 0x0000000089e00000, 0x0000000089e00000|100%| S|CS|TAMS 0x0000000089d00000, 0x0000000089d00000| Complete 
| 158|0x0000000089e00000, 0x0000000089f00000, 0x0000000089f00000|100%| S|CS|TAMS 0x0000000089e00000, 0x0000000089e00000| Complete 
| 159|0x0000000089f00000, 0x000000008a000000, 0x000000008a000000|100%| S|CS|TAMS 0x0000000089f00000, 0x0000000089f00000| Complete 
| 160|0x000000008a000000, 0x000000008a100000, 0x000000008a100000|100%| S|CS|TAMS 0x000000008a000000, 0x000000008a000000| Complete 
| 161|0x000000008a100000, 0x000000008a200000, 0x000000008a200000|100%| S|CS|TAMS 0x000000008a100000, 0x000000008a100000| Complete 
| 162|0x000000008a200000, 0x000000008a200000, 0x000000008a300000|  0%| F|  |TAMS 0x000000008a200000, 0x000000008a200000| Untracked 
| 163|0x000000008a300000, 0x000000008a300000, 0x000000008a400000|  0%| F|  |TAMS 0x000000008a300000, 0x000000008a300000| Untracked 
| 164|0x000000008a400000, 0x000000008a500000, 0x000000008a500000|100%| S|CS|TAMS 0x000000008a400000, 0x000000008a400000| Complete 
| 165|0x000000008a500000, 0x000000008a500000, 0x000000008a600000|  0%| F|  |TAMS 0x000000008a500000, 0x000000008a500000| Untracked 
| 166|0x000000008a600000, 0x000000008a600000, 0x000000008a700000|  0%| F|  |TAMS 0x000000008a600000, 0x000000008a600000| Untracked 
| 167|0x000000008a700000, 0x000000008a700000, 0x000000008a800000|  0%| F|  |TAMS 0x000000008a700000, 0x000000008a700000| Untracked 
| 168|0x000000008a800000, 0x000000008a800000, 0x000000008a900000|  0%| F|  |TAMS 0x000000008a800000, 0x000000008a800000| Untracked 
| 169|0x000000008a900000, 0x000000008a900000, 0x000000008aa00000|  0%| F|  |TAMS 0x000000008a900000, 0x000000008a900000| Untracked 
| 170|0x000000008aa00000, 0x000000008aa00000, 0x000000008ab00000|  0%| F|  |TAMS 0x000000008aa00000, 0x000000008aa00000| Untracked 
| 171|0x000000008ab00000, 0x000000008ab00000, 0x000000008ac00000|  0%| F|  |TAMS 0x000000008ab00000, 0x000000008ab00000| Untracked 
| 172|0x000000008ac00000, 0x000000008ac00000, 0x000000008ad00000|  0%| F|  |TAMS 0x000000008ac00000, 0x000000008ac00000| Untracked 
| 173|0x000000008ad00000, 0x000000008ad00000, 0x000000008ae00000|  0%| F|  |TAMS 0x000000008ad00000, 0x000000008ad00000| Untracked 
| 174|0x000000008ae00000, 0x000000008ae00000, 0x000000008af00000|  0%| F|  |TAMS 0x000000008ae00000, 0x000000008ae00000| Untracked 
| 175|0x000000008af00000, 0x000000008af00000, 0x000000008b000000|  0%| F|  |TAMS 0x000000008af00000, 0x000000008af00000| Untracked 
| 176|0x000000008b000000, 0x000000008b000000, 0x000000008b100000|  0%| F|  |TAMS 0x000000008b000000, 0x000000008b000000| Untracked 
| 177|0x000000008b100000, 0x000000008b100000, 0x000000008b200000|  0%| F|  |TAMS 0x000000008b100000, 0x000000008b100000| Untracked 
| 178|0x000000008b200000, 0x000000008b200000, 0x000000008b300000|  0%| F|  |TAMS 0x000000008b200000, 0x000000008b200000| Untracked 
| 179|0x000000008b300000, 0x000000008b300000, 0x000000008b400000|  0%| F|  |TAMS 0x000000008b300000, 0x000000008b300000| Untracked 
| 180|0x000000008b400000, 0x000000008b400000, 0x000000008b500000|  0%| F|  |TAMS 0x000000008b400000, 0x000000008b400000| Untracked 
| 181|0x000000008b500000, 0x000000008b500000, 0x000000008b600000|  0%| F|  |TAMS 0x000000008b500000, 0x000000008b500000| Untracked 
| 182|0x000000008b600000, 0x000000008b661a40, 0x000000008b700000| 38%| E|  |TAMS 0x000000008b600000, 0x000000008b600000| Complete 
| 183|0x000000008b700000, 0x000000008b800000, 0x000000008b800000|100%| E|CS|TAMS 0x000000008b700000, 0x000000008b700000| Complete 
| 184|0x000000008b800000, 0x000000008b900000, 0x000000008b900000|100%| E|CS|TAMS 0x000000008b800000, 0x000000008b800000| Complete 
| 185|0x000000008b900000, 0x000000008ba00000, 0x000000008ba00000|100%| E|CS|TAMS 0x000000008b900000, 0x000000008b900000| Complete 
| 186|0x000000008ba00000, 0x000000008bb00000, 0x000000008bb00000|100%| E|CS|TAMS 0x000000008ba00000, 0x000000008ba00000| Complete 
| 187|0x000000008bb00000, 0x000000008bc00000, 0x000000008bc00000|100%| E|CS|TAMS 0x000000008bb00000, 0x000000008bb00000| Complete 
| 188|0x000000008bc00000, 0x000000008bd00000, 0x000000008bd00000|100%| E|CS|TAMS 0x000000008bc00000, 0x000000008bc00000| Complete 
| 189|0x000000008bd00000, 0x000000008be00000, 0x000000008be00000|100%| E|CS|TAMS 0x000000008bd00000, 0x000000008bd00000| Complete 
| 190|0x000000008be00000, 0x000000008bf00000, 0x000000008bf00000|100%| E|CS|TAMS 0x000000008be00000, 0x000000008be00000| Complete 
| 191|0x000000008bf00000, 0x000000008c000000, 0x000000008c000000|100%| E|CS|TAMS 0x000000008bf00000, 0x000000008bf00000| Complete 
| 192|0x000000008c000000, 0x000000008c100000, 0x000000008c100000|100%| E|CS|TAMS 0x000000008c000000, 0x000000008c000000| Complete 
| 193|0x000000008c100000, 0x000000008c200000, 0x000000008c200000|100%| E|CS|TAMS 0x000000008c100000, 0x000000008c100000| Complete 
| 194|0x000000008c200000, 0x000000008c300000, 0x000000008c300000|100%| E|CS|TAMS 0x000000008c200000, 0x000000008c200000| Complete 
| 195|0x000000008c300000, 0x000000008c400000, 0x000000008c400000|100%| E|CS|TAMS 0x000000008c300000, 0x000000008c300000| Complete 
| 196|0x000000008c400000, 0x000000008c500000, 0x000000008c500000|100%| E|CS|TAMS 0x000000008c400000, 0x000000008c400000| Complete 
| 197|0x000000008c500000, 0x000000008c600000, 0x000000008c600000|100%| E|CS|TAMS 0x000000008c500000, 0x000000008c500000| Complete 
| 198|0x000000008c600000, 0x000000008c700000, 0x000000008c700000|100%| E|CS|TAMS 0x000000008c600000, 0x000000008c600000| Complete 
| 199|0x000000008c700000, 0x000000008c800000, 0x000000008c800000|100%| E|CS|TAMS 0x000000008c700000, 0x000000008c700000| Complete 
| 200|0x000000008c800000, 0x000000008c900000, 0x000000008c900000|100%| E|CS|TAMS 0x000000008c800000, 0x000000008c800000| Complete 
| 201|0x000000008c900000, 0x000000008ca00000, 0x000000008ca00000|100%| E|CS|TAMS 0x000000008c900000, 0x000000008c900000| Complete 
| 202|0x000000008ca00000, 0x000000008cb00000, 0x000000008cb00000|100%| E|CS|TAMS 0x000000008ca00000, 0x000000008ca00000| Complete 
| 203|0x000000008cb00000, 0x000000008cc00000, 0x000000008cc00000|100%| E|CS|TAMS 0x000000008cb00000, 0x000000008cb00000| Complete 
| 204|0x000000008cc00000, 0x000000008cd00000, 0x000000008cd00000|100%| E|CS|TAMS 0x000000008cc00000, 0x000000008cc00000| Complete 
| 205|0x000000008cd00000, 0x000000008ce00000, 0x000000008ce00000|100%| E|CS|TAMS 0x000000008cd00000, 0x000000008cd00000| Complete 
| 206|0x000000008ce00000, 0x000000008cf00000, 0x000000008cf00000|100%| E|CS|TAMS 0x000000008ce00000, 0x000000008ce00000| Complete 
| 207|0x000000008cf00000, 0x000000008d000000, 0x000000008d000000|100%| E|CS|TAMS 0x000000008cf00000, 0x000000008cf00000| Complete 
| 208|0x000000008d000000, 0x000000008d100000, 0x000000008d100000|100%| E|CS|TAMS 0x000000008d000000, 0x000000008d000000| Complete 
| 209|0x000000008d100000, 0x000000008d200000, 0x000000008d200000|100%| E|CS|TAMS 0x000000008d100000, 0x000000008d100000| Complete 
| 210|0x000000008d200000, 0x000000008d300000, 0x000000008d300000|100%| E|CS|TAMS 0x000000008d200000, 0x000000008d200000| Complete 
| 211|0x000000008d300000, 0x000000008d400000, 0x000000008d400000|100%| E|CS|TAMS 0x000000008d300000, 0x000000008d300000| Complete 
| 212|0x000000008d400000, 0x000000008d500000, 0x000000008d500000|100%| E|CS|TAMS 0x000000008d400000, 0x000000008d400000| Complete 
| 213|0x000000008d500000, 0x000000008d600000, 0x000000008d600000|100%| E|CS|TAMS 0x000000008d500000, 0x000000008d500000| Complete 
| 214|0x000000008d600000, 0x000000008d700000, 0x000000008d700000|100%| E|CS|TAMS 0x000000008d600000, 0x000000008d600000| Complete 
| 215|0x000000008d700000, 0x000000008d800000, 0x000000008d800000|100%| E|CS|TAMS 0x000000008d700000, 0x000000008d700000| Complete 
| 216|0x000000008d800000, 0x000000008d900000, 0x000000008d900000|100%| E|CS|TAMS 0x000000008d800000, 0x000000008d800000| Complete 
| 217|0x000000008d900000, 0x000000008da00000, 0x000000008da00000|100%| E|CS|TAMS 0x000000008d900000, 0x000000008d900000| Complete 
| 218|0x000000008da00000, 0x000000008db00000, 0x000000008db00000|100%| E|CS|TAMS 0x000000008da00000, 0x000000008da00000| Complete 
| 219|0x000000008db00000, 0x000000008dc00000, 0x000000008dc00000|100%| E|CS|TAMS 0x000000008db00000, 0x000000008db00000| Complete 
| 220|0x000000008dc00000, 0x000000008dd00000, 0x000000008dd00000|100%| E|CS|TAMS 0x000000008dc00000, 0x000000008dc00000| Complete 
| 221|0x000000008dd00000, 0x000000008de00000, 0x000000008de00000|100%| E|CS|TAMS 0x000000008dd00000, 0x000000008dd00000| Complete 
| 222|0x000000008de00000, 0x000000008df00000, 0x000000008df00000|100%| E|CS|TAMS 0x000000008de00000, 0x000000008de00000| Complete 
| 223|0x000000008df00000, 0x000000008e000000, 0x000000008e000000|100%| E|CS|TAMS 0x000000008df00000, 0x000000008df00000| Complete 
| 224|0x000000008e000000, 0x000000008e100000, 0x000000008e100000|100%| E|CS|TAMS 0x000000008e000000, 0x000000008e000000| Complete 
| 225|0x000000008e100000, 0x000000008e200000, 0x000000008e200000|100%| E|CS|TAMS 0x000000008e100000, 0x000000008e100000| Complete 
| 226|0x000000008e200000, 0x000000008e300000, 0x000000008e300000|100%| E|CS|TAMS 0x000000008e200000, 0x000000008e200000| Complete 
| 227|0x000000008e300000, 0x000000008e400000, 0x000000008e400000|100%| E|CS|TAMS 0x000000008e300000, 0x000000008e300000| Complete 
| 228|0x000000008e400000, 0x000000008e500000, 0x000000008e500000|100%| E|CS|TAMS 0x000000008e400000, 0x000000008e400000| Complete 
| 229|0x000000008e500000, 0x000000008e600000, 0x000000008e600000|100%| E|CS|TAMS 0x000000008e500000, 0x000000008e500000| Complete 
| 230|0x000000008e600000, 0x000000008e700000, 0x000000008e700000|100%| E|CS|TAMS 0x000000008e600000, 0x000000008e600000| Complete 
| 231|0x000000008e700000, 0x000000008e800000, 0x000000008e800000|100%| E|CS|TAMS 0x000000008e700000, 0x000000008e700000| Complete 
| 232|0x000000008e800000, 0x000000008e900000, 0x000000008e900000|100%| E|CS|TAMS 0x000000008e800000, 0x000000008e800000| Complete 
| 233|0x000000008e900000, 0x000000008ea00000, 0x000000008ea00000|100%| E|CS|TAMS 0x000000008e900000, 0x000000008e900000| Complete 
| 234|0x000000008ea00000, 0x000000008eb00000, 0x000000008eb00000|100%| E|CS|TAMS 0x000000008ea00000, 0x000000008ea00000| Complete 
| 235|0x000000008eb00000, 0x000000008ec00000, 0x000000008ec00000|100%| E|CS|TAMS 0x000000008eb00000, 0x000000008eb00000| Complete 
| 236|0x000000008ec00000, 0x000000008ed00000, 0x000000008ed00000|100%| E|CS|TAMS 0x000000008ec00000, 0x000000008ec00000| Complete 
| 237|0x000000008ed00000, 0x000000008ee00000, 0x000000008ee00000|100%| E|CS|TAMS 0x000000008ed00000, 0x000000008ed00000| Complete 
| 238|0x000000008ee00000, 0x000000008ef00000, 0x000000008ef00000|100%| E|CS|TAMS 0x000000008ee00000, 0x000000008ee00000| Complete 
| 239|0x000000008ef00000, 0x000000008f000000, 0x000000008f000000|100%| E|CS|TAMS 0x000000008ef00000, 0x000000008ef00000| Complete 
| 240|0x000000008f000000, 0x000000008f100000, 0x000000008f100000|100%| E|CS|TAMS 0x000000008f000000, 0x000000008f000000| Complete 
| 241|0x000000008f100000, 0x000000008f200000, 0x000000008f200000|100%| E|CS|TAMS 0x000000008f100000, 0x000000008f100000| Complete 
| 242|0x000000008f200000, 0x000000008f300000, 0x000000008f300000|100%| E|CS|TAMS 0x000000008f200000, 0x000000008f200000| Complete 
| 243|0x000000008f300000, 0x000000008f400000, 0x000000008f400000|100%| E|CS|TAMS 0x000000008f300000, 0x000000008f300000| Complete 
| 244|0x000000008f400000, 0x000000008f500000, 0x000000008f500000|100%| E|CS|TAMS 0x000000008f400000, 0x000000008f400000| Complete 
| 245|0x000000008f500000, 0x000000008f600000, 0x000000008f600000|100%| E|CS|TAMS 0x000000008f500000, 0x000000008f500000| Complete 
| 246|0x000000008f600000, 0x000000008f700000, 0x000000008f700000|100%| E|CS|TAMS 0x000000008f600000, 0x000000008f600000| Complete 
| 247|0x000000008f700000, 0x000000008f800000, 0x000000008f800000|100%| E|CS|TAMS 0x000000008f700000, 0x000000008f700000| Complete 
| 248|0x000000008f800000, 0x000000008f900000, 0x000000008f900000|100%| E|CS|TAMS 0x000000008f800000, 0x000000008f800000| Complete 
| 249|0x000000008f900000, 0x000000008fa00000, 0x000000008fa00000|100%| E|CS|TAMS 0x000000008f900000, 0x000000008f900000| Complete 
| 250|0x000000008fa00000, 0x000000008fb00000, 0x000000008fb00000|100%| E|CS|TAMS 0x000000008fa00000, 0x000000008fa00000| Complete 
| 251|0x000000008fb00000, 0x000000008fc00000, 0x000000008fc00000|100%| E|CS|TAMS 0x000000008fb00000, 0x000000008fb00000| Complete 
| 252|0x000000008fc00000, 0x000000008fd00000, 0x000000008fd00000|100%| E|CS|TAMS 0x000000008fc00000, 0x000000008fc00000| Complete 
| 253|0x000000008fd00000, 0x000000008fe00000, 0x000000008fe00000|100%| E|CS|TAMS 0x000000008fd00000, 0x000000008fd00000| Complete 
| 254|0x000000008fe00000, 0x000000008ff00000, 0x000000008ff00000|100%| E|CS|TAMS 0x000000008fe00000, 0x000000008fe00000| Complete 
| 255|0x000000008ff00000, 0x0000000090000000, 0x0000000090000000|100%| E|CS|TAMS 0x000000008ff00000, 0x000000008ff00000| Complete 
| 256|0x0000000090000000, 0x0000000090100000, 0x0000000090100000|100%| E|CS|TAMS 0x0000000090000000, 0x0000000090000000| Complete 
| 257|0x0000000090100000, 0x0000000090200000, 0x0000000090200000|100%| E|CS|TAMS 0x0000000090100000, 0x0000000090100000| Complete 
| 258|0x0000000090200000, 0x0000000090300000, 0x0000000090300000|100%| E|CS|TAMS 0x0000000090200000, 0x0000000090200000| Complete 
| 259|0x0000000090300000, 0x0000000090400000, 0x0000000090400000|100%| E|CS|TAMS 0x0000000090300000, 0x0000000090300000| Complete 
| 260|0x0000000090400000, 0x0000000090500000, 0x0000000090500000|100%| E|CS|TAMS 0x0000000090400000, 0x0000000090400000| Complete 
| 261|0x0000000090500000, 0x0000000090600000, 0x0000000090600000|100%| E|  |TAMS 0x0000000090500000, 0x0000000090500000| Complete 
| 262|0x0000000090600000, 0x0000000090700000, 0x0000000090700000|100%| E|CS|TAMS 0x0000000090600000, 0x0000000090600000| Complete 
| 263|0x0000000090700000, 0x0000000090800000, 0x0000000090800000|100%| E|CS|TAMS 0x0000000090700000, 0x0000000090700000| Complete 
| 264|0x0000000090800000, 0x0000000090900000, 0x0000000090900000|100%| E|CS|TAMS 0x0000000090800000, 0x0000000090800000| Complete 
| 265|0x0000000090900000, 0x0000000090a00000, 0x0000000090a00000|100%| E|CS|TAMS 0x0000000090900000, 0x0000000090900000| Complete 
| 266|0x0000000090a00000, 0x0000000090b00000, 0x0000000090b00000|100%| E|CS|TAMS 0x0000000090a00000, 0x0000000090a00000| Complete 
| 267|0x0000000090b00000, 0x0000000090c00000, 0x0000000090c00000|100%| E|CS|TAMS 0x0000000090b00000, 0x0000000090b00000| Complete 
| 268|0x0000000090c00000, 0x0000000090d00000, 0x0000000090d00000|100%| E|CS|TAMS 0x0000000090c00000, 0x0000000090c00000| Complete 
| 269|0x0000000090d00000, 0x0000000090e00000, 0x0000000090e00000|100%| E|CS|TAMS 0x0000000090d00000, 0x0000000090d00000| Complete 
| 270|0x0000000090e00000, 0x0000000090f00000, 0x0000000090f00000|100%| E|CS|TAMS 0x0000000090e00000, 0x0000000090e00000| Complete 
| 271|0x0000000090f00000, 0x0000000091000000, 0x0000000091000000|100%| E|CS|TAMS 0x0000000090f00000, 0x0000000090f00000| Complete 
| 272|0x0000000091000000, 0x0000000091100000, 0x0000000091100000|100%| E|CS|TAMS 0x0000000091000000, 0x0000000091000000| Complete 
| 273|0x0000000091100000, 0x0000000091200000, 0x0000000091200000|100%| E|CS|TAMS 0x0000000091100000, 0x0000000091100000| Complete 
| 274|0x0000000091200000, 0x0000000091300000, 0x0000000091300000|100%| E|CS|TAMS 0x0000000091200000, 0x0000000091200000| Complete 
| 275|0x0000000091300000, 0x0000000091400000, 0x0000000091400000|100%| E|CS|TAMS 0x0000000091300000, 0x0000000091300000| Complete 
| 276|0x0000000091400000, 0x0000000091500000, 0x0000000091500000|100%| E|CS|TAMS 0x0000000091400000, 0x0000000091400000| Complete 
| 277|0x0000000091500000, 0x0000000091600000, 0x0000000091600000|100%| E|CS|TAMS 0x0000000091500000, 0x0000000091500000| Complete 

Card table byte_map: [0x0000021e210b0000,0x0000021e214b0000] _byte_map_base: 0x0000021e20cb0000

Marking Bits (Prev, Next): (CMBitMap*) 0x0000021e0e1dece8, (CMBitMap*) 0x0000021e0e1ded20
 Prev Bits: [0x0000021e218b0000, 0x0000021e238b0000)
 Next Bits: [0x0000021e238b0000, 0x0000021e258b0000)

Polling page: 0x0000021e0c1b0000

Metaspace:

Usage:
  Non-class:     92.22 MB capacity,    90.55 MB ( 98%) used,     1.32 MB (  1%) free+waste,   362.50 KB ( <1%) overhead. 
      Class:     14.46 MB capacity,    13.38 MB ( 93%) used,   944.32 KB (  6%) free+waste,   160.25 KB (  1%) overhead. 
       Both:    106.68 MB capacity,   103.93 MB ( 97%) used,     2.24 MB (  2%) free+waste,   522.75 KB ( <1%) overhead. 

Virtual space:
  Non-class space:       94.00 MB reserved,      92.29 MB ( 98%) committed 
      Class space:        1.00 GB reserved,      14.57 MB (  1%) committed 
             Both:        1.09 GB reserved,     106.86 MB ( 10%) committed 

Chunk freelists:
   Non-Class:  1.00 KB
       Class:  0 bytes
        Both:  1.00 KB

MaxMetaspaceSize: 17179869184.00 GB
CompressedClassSpaceSize: 1.00 GB
Initial GC threshold: 20.80 MB
Current GC threshold: 113.10 MB
CDS: off

CodeHeap 'non-profiled nmethods': size=120064Kb used=9294Kb max_used=9294Kb free=110770Kb
 bounds [0x0000021e19770000, 0x0000021e1a090000, 0x0000021e20cb0000]
CodeHeap 'profiled nmethods': size=120000Kb used=36638Kb max_used=36638Kb free=83362Kb
 bounds [0x0000021e12240000, 0x0000021e14610000, 0x0000021e19770000]
CodeHeap 'non-nmethods': size=5696Kb used=2410Kb max_used=2511Kb free=3285Kb
 bounds [0x0000021e11cb0000, 0x0000021e11f40000, 0x0000021e12240000]
 total_blobs=16895 nmethods=15965 adapters=840
 compilation: enabled
              stopped_count=0, restarted_count=0
 full_count=0

Compilation events (20 events):
Event: 41.516 Thread 0x0000021e28642000 16241       1       com.android.tools.r8.internal.hf::d (5 bytes)
Event: 41.516 Thread 0x0000021e28642000 nmethod 16241 0x0000021e1a07e310 code [0x0000021e1a07e4c0, 0x0000021e1a07e578]
Event: 41.524 Thread 0x0000021e2af19800 nmethod 16105 0x0000021e1a07e610 code [0x0000021e1a07ea40, 0x0000021e1a0816d8]
Event: 41.524 Thread 0x0000021e2af19800 16091       4       com.android.tools.r8.graph.c0::a (1050 bytes)
Event: 41.578 Thread 0x0000021e28642000 16243       2       com.android.tools.r8.internal.kY::Q (23 bytes)
Event: 41.578 Thread 0x0000021e28642000 nmethod 16243 0x0000021e145bea90 code [0x0000021e145bec40, 0x0000021e145bed58]
Event: 41.595 Thread 0x0000021e28642000 16244       3       com.android.tools.r8.internal.g8::c (360 bytes)
Event: 41.601 Thread 0x0000021e28642000 nmethod 16244 0x0000021e145bee10 code [0x0000021e145bf480, 0x0000021e145c3348]
Event: 41.815 Thread 0x0000021e28642000 16248       2       com.android.tools.r8.internal.C8::<init> (36 bytes)
Event: 41.815 Thread 0x0000021e28642000 nmethod 16248 0x0000021e145c4a90 code [0x0000021e145c4c40, 0x0000021e145c4eb8]
Event: 41.825 Thread 0x0000021e28642000 16249       3       com.android.tools.r8.internal.nf::a (519 bytes)
Event: 41.836 Thread 0x0000021e28642000 nmethod 16249 0x0000021e145c4f90 code [0x0000021e145c5940, 0x0000021e145cc488]
Event: 41.836 Thread 0x0000021e28642000 16251       3       com.android.tools.r8.internal.xa::a (6068 bytes)
Event: 41.891 Thread 0x0000021e28642000 nmethod 16251 0x0000021e145cec90 code [0x0000021e145d0520, 0x0000021e145e6098]
Event: 41.891 Thread 0x0000021e28642000 16252       2       com.android.tools.r8.internal.w7::<init> (86 bytes)
Event: 41.892 Thread 0x0000021e28642000 nmethod 16252 0x0000021e145f0990 code [0x0000021e145f0b40, 0x0000021e145f0cd8]
Event: 41.925 Thread 0x0000021e28642000 16253       2       com.android.tools.r8.internal.Ka::a (18 bytes)
Event: 41.926 Thread 0x0000021e28642000 nmethod 16253 0x0000021e145f0d90 code [0x0000021e145f0f40, 0x0000021e145f1088]
Event: 41.929 Thread 0x0000021e28642000 16254       2       com.android.tools.r8.ir.regalloc.c::b (38 bytes)
Event: 41.929 Thread 0x0000021e28642000 nmethod 16254 0x0000021e145f1110 code [0x0000021e145f1300, 0x0000021e145f1598]

GC Heap History (20 events):
Event: 30.350 GC heap before
{Heap before GC invocations=21 (full 0):
 garbage-first heap   total 284672K, used 213384K [0x0000000080000000, 0x0000000100000000)
  region size 1024K, 123 young (125952K), 16 survivors (16384K)
 Metaspace       used 102465K, capacity 104940K, committed 105328K, reserved 1140736K
  class space    used 13299K, capacity 14277K, committed 14412K, reserved 1048576K
}
Event: 30.403 GC heap after
{Heap after GC invocations=22 (full 0):
 garbage-first heap   total 284672K, used 115712K [0x0000000080000000, 0x0000000100000000)
  region size 1024K, 12 young (12288K), 12 survivors (12288K)
 Metaspace       used 102465K, capacity 104940K, committed 105328K, reserved 1140736K
  class space    used 13299K, capacity 14277K, committed 14412K, reserved 1048576K
}
Event: 32.186 GC heap before
{Heap before GC invocations=22 (full 0):
 garbage-first heap   total 284672K, used 220160K [0x0000000080000000, 0x0000000100000000)
  region size 1024K, 114 young (116736K), 12 survivors (12288K)
 Metaspace       used 103786K, capacity 106296K, committed 106352K, reserved 1140736K
  class space    used 13388K, capacity 14396K, committed 14412K, reserved 1048576K
}
Event: 32.212 GC heap after
{Heap after GC invocations=23 (full 0):
 garbage-first heap   total 284672K, used 117760K [0x0000000080000000, 0x0000000100000000)
  region size 1024K, 2 young (2048K), 2 survivors (2048K)
 Metaspace       used 103786K, capacity 106296K, committed 106352K, reserved 1140736K
  class space    used 13388K, capacity 14396K, committed 14412K, reserved 1048576K
}
Event: 33.288 GC heap before
{Heap before GC invocations=23 (full 0):
 garbage-first heap   total 284672K, used 225280K [0x0000000080000000, 0x0000000100000000)
  region size 1024K, 107 young (109568K), 2 survivors (2048K)
 Metaspace       used 103892K, capacity 106436K, committed 106608K, reserved 1142784K
  class space    used 13388K, capacity 14396K, committed 14412K, reserved 1048576K
}
Event: 33.297 GC heap after
{Heap after GC invocations=24 (full 0):
 garbage-first heap   total 284672K, used 117306K [0x0000000080000000, 0x0000000100000000)
  region size 1024K, 2 young (2048K), 2 survivors (2048K)
 Metaspace       used 103892K, capacity 106436K, committed 106608K, reserved 1142784K
  class space    used 13388K, capacity 14396K, committed 14412K, reserved 1048576K
}
Event: 34.281 GC heap before
{Heap before GC invocations=24 (full 0):
 garbage-first heap   total 284672K, used 228922K [0x0000000080000000, 0x0000000100000000)
  region size 1024K, 111 young (113664K), 2 survivors (2048K)
 Metaspace       used 103971K, capacity 106530K, committed 106608K, reserved 1142784K
  class space    used 13394K, capacity 14406K, committed 14412K, reserved 1048576K
}
Event: 34.290 GC heap after
{Heap after GC invocations=25 (full 0):
 garbage-first heap   total 284672K, used 117648K [0x0000000080000000, 0x0000000100000000)
  region size 1024K, 2 young (2048K), 2 survivors (2048K)
 Metaspace       used 103971K, capacity 106530K, committed 106608K, reserved 1142784K
  class space    used 13394K, capacity 14406K, committed 14412K, reserved 1048576K
}
Event: 35.251 GC heap before
{Heap before GC invocations=25 (full 0):
 garbage-first heap   total 284672K, used 231312K [0x0000000080000000, 0x0000000100000000)
  region size 1024K, 113 young (115712K), 2 survivors (2048K)
 Metaspace       used 104083K, capacity 106618K, committed 106864K, reserved 1142784K
  class space    used 13405K, capacity 14411K, committed 14412K, reserved 1048576K
}
Event: 35.259 GC heap after
{Heap after GC invocations=26 (full 0):
 garbage-first heap   total 284672K, used 118301K [0x0000000080000000, 0x0000000100000000)
  region size 1024K, 3 young (3072K), 3 survivors (3072K)
 Metaspace       used 104083K, capacity 106618K, committed 106864K, reserved 1142784K
  class space    used 13405K, capacity 14411K, committed 14412K, reserved 1048576K
}
Event: 36.919 GC heap before
{Heap before GC invocations=26 (full 0):
 garbage-first heap   total 284672K, used 235037K [0x0000000080000000, 0x0000000100000000)
  region size 1024K, 116 young (118784K), 3 survivors (3072K)
 Metaspace       used 106124K, capacity 108955K, committed 109040K, reserved 1144832K
  class space    used 13685K, capacity 14789K, committed 14796K, reserved 1048576K
}
Event: 36.936 GC heap after
{Heap after GC invocations=27 (full 0):
 garbage-first heap   total 284672K, used 120942K [0x0000000080000000, 0x0000000100000000)
  region size 1024K, 6 young (6144K), 6 survivors (6144K)
 Metaspace       used 106124K, capacity 108955K, committed 109040K, reserved 1144832K
  class space    used 13685K, capacity 14789K, committed 14796K, reserved 1048576K
}
Event: 37.996 GC heap before
{Heap before GC invocations=27 (full 0):
 garbage-first heap   total 284672K, used 234606K [0x0000000080000000, 0x0000000100000000)
  region size 1024K, 118 young (120832K), 6 survivors (6144K)
 Metaspace       used 106184K, capacity 108959K, committed 109040K, reserved 1144832K
  class space    used 13691K, capacity 14790K, committed 14796K, reserved 1048576K
}
Event: 38.014 GC heap after
{Heap after GC invocations=28 (full 0):
 garbage-first heap   total 284672K, used 123904K [0x0000000080000000, 0x0000000100000000)
  region size 1024K, 8 young (8192K), 8 survivors (8192K)
 Metaspace       used 106184K, capacity 108959K, committed 109040K, reserved 1144832K
  class space    used 13691K, capacity 14790K, committed 14796K, reserved 1048576K
}
Event: 39.267 GC heap before
{Heap before GC invocations=28 (full 0):
 garbage-first heap   total 284672K, used 238592K [0x0000000080000000, 0x0000000100000000)
  region size 1024K, 120 young (122880K), 8 survivors (8192K)
 Metaspace       used 106233K, capacity 109047K, committed 109424K, reserved 1144832K
  class space    used 13696K, capacity 14798K, committed 14924K, reserved 1048576K
}
Event: 39.284 GC heap after
{Heap after GC invocations=29 (full 0):
 garbage-first heap   total 284672K, used 123281K [0x0000000080000000, 0x0000000100000000)
  region size 1024K, 7 young (7168K), 7 survivors (7168K)
 Metaspace       used 106233K, capacity 109047K, committed 109424K, reserved 1144832K
  class space    used 13696K, capacity 14798K, committed 14924K, reserved 1048576K
}
Event: 40.403 GC heap before
{Heap before GC invocations=29 (full 0):
 garbage-first heap   total 284672K, used 238993K [0x0000000080000000, 0x0000000100000000)
  region size 1024K, 121 young (123904K), 7 survivors (7168K)
 Metaspace       used 106347K, capacity 109166K, committed 109424K, reserved 1144832K
  class space    used 13701K, capacity 14806K, committed 14924K, reserved 1048576K
}
Event: 40.420 GC heap after
{Heap after GC invocations=30 (full 0):
 garbage-first heap   total 284672K, used 124291K [0x0000000080000000, 0x0000000100000000)
  region size 1024K, 8 young (8192K), 8 survivors (8192K)
 Metaspace       used 106347K, capacity 109166K, committed 109424K, reserved 1144832K
  class space    used 13701K, capacity 14806K, committed 14924K, reserved 1048576K
}
Event: 41.380 GC heap before
{Heap before GC invocations=30 (full 0):
 garbage-first heap   total 284672K, used 240003K [0x0000000080000000, 0x0000000100000000)
  region size 1024K, 121 young (123904K), 8 survivors (8192K)
 Metaspace       used 106416K, capacity 109239K, committed 109424K, reserved 1144832K
  class space    used 13701K, capacity 14806K, committed 14924K, reserved 1048576K
}
Event: 41.395 GC heap after
{Heap after GC invocations=31 (full 0):
 garbage-first heap   total 284672K, used 122970K [0x0000000080000000, 0x0000000100000000)
  region size 1024K, 7 young (7168K), 7 survivors (7168K)
 Metaspace       used 106416K, capacity 109239K, committed 109424K, reserved 1144832K
  class space    used 13701K, capacity 14806K, committed 14924K, reserved 1048576K
}

Deoptimization events (20 events):
Event: 41.303 Thread 0x0000021e2dd17800 DEOPT PACKING pc=0x0000021e1348655c sp=0x000000a785afeec0
Event: 41.303 Thread 0x0000021e2dd17800 DEOPT UNPACKING pc=0x0000021e11cfa95e sp=0x000000a785afe490 mode 0
Event: 41.832 Thread 0x0000021e2dd11800 Uncommon trap: trap_request=0xffffff4d fr.pc=0x0000021e1a031cd4 relative=0x0000000000009bd4
Event: 41.832 Thread 0x0000021e2dd11800 Uncommon trap: reason=unstable_if action=reinterpret pc=0x0000021e1a031cd4 method=com.android.tools.r8.internal.xa.a(Lcom/android/tools/r8/internal/ZC;Lcom/android/tools/r8/internal/nd;I)V @ 2070 c2
Event: 41.832 Thread 0x0000021e2dd11800 DEOPT PACKING pc=0x0000021e1a031cd4 sp=0x000000a7856fa1b0
Event: 41.832 Thread 0x0000021e2dd11800 DEOPT UNPACKING pc=0x0000021e11cfa1af sp=0x000000a7856fa158 mode 2
Event: 41.905 Thread 0x0000021e2dd11800 DEOPT PACKING pc=0x0000021e144909ca sp=0x000000a7856f9d60
Event: 41.905 Thread 0x0000021e2dd11800 DEOPT UNPACKING pc=0x0000021e11cfa95e sp=0x000000a7856f92e0 mode 0
Event: 41.909 Thread 0x0000021e2dd11800 DEOPT PACKING pc=0x0000021e145e2ee5 sp=0x000000a7856f9ec0
Event: 41.909 Thread 0x0000021e2dd11800 DEOPT UNPACKING pc=0x0000021e11cfa95e sp=0x000000a7856f9650 mode 0
Event: 41.919 Thread 0x0000021e2dd11800 DEOPT PACKING pc=0x0000021e145e5026 sp=0x000000a7856f9ec0
Event: 41.919 Thread 0x0000021e2dd11800 DEOPT UNPACKING pc=0x0000021e11cfa95e sp=0x000000a7856f9648 mode 0
Event: 41.966 Thread 0x0000021e2dd11800 DEOPT PACKING pc=0x0000021e145e5026 sp=0x000000a7856f9ec0
Event: 41.966 Thread 0x0000021e2dd11800 DEOPT UNPACKING pc=0x0000021e11cfa95e sp=0x000000a7856f9648 mode 0
Event: 41.976 Thread 0x0000021e2dd11800 DEOPT PACKING pc=0x0000021e145e5026 sp=0x000000a7856f9ec0
Event: 41.976 Thread 0x0000021e2dd11800 DEOPT UNPACKING pc=0x0000021e11cfa95e sp=0x000000a7856f9648 mode 0
Event: 41.985 Thread 0x0000021e2dd11800 DEOPT PACKING pc=0x0000021e145e5026 sp=0x000000a7856f9ec0
Event: 41.985 Thread 0x0000021e2dd11800 DEOPT UNPACKING pc=0x0000021e11cfa95e sp=0x000000a7856f9648 mode 0
Event: 41.998 Thread 0x0000021e2dd11800 DEOPT PACKING pc=0x0000021e145e5026 sp=0x000000a7856f9ec0
Event: 41.998 Thread 0x0000021e2dd11800 DEOPT UNPACKING pc=0x0000021e11cfa95e sp=0x000000a7856f9648 mode 0

Classes redefined (0 events):
No events

Internal exceptions (20 events):
Event: 30.862 Thread 0x0000021e2e41a800 Exception <a 'java/lang/NoSuchMethodError'{0x00000000906ab3d0}: 'java.lang.Object java.lang.invoke.DirectMethodHandle$Holder.invokeSpecial(java.lang.Object, java.lang.Object, java.lang.Object, java.lang.Object, java.lang.Object, java.lang.Object, java.lang.Object, java.lang.Object, java.lang.Object, java.lang.Object, java.lang.Object)'> (0x00000000906ab3d0) thrown at [./src/hotspot/share/interpreter/linkResolver.cpp, line 773]
Event: 30.864 Thread 0x0000021e2e41a800 Exception <a 'java/lang/NoSuchMethodError'{0x00000000906b6d70}: 'java.lang.Object java.lang.invoke.Invokers$Holder.linkToTargetMethod(java.lang.Object, java.lang.Object, java.lang.Object, java.lang.Object, java.lang.Object, java.lang.Object, java.lang.Object, java.lang.Object, java.lang.Object, java.lang.Object)'> (0x00000000906b6d70) thrown at [./src/hotspot/share/interpreter/linkResolver.cpp, line 773]
Event: 30.885 Thread 0x0000021e2e41a800 Exception <a 'java/lang/IncompatibleClassChangeError'{0x00000000905357c0}: Found class java.lang.Object, but interface was expected> (0x00000000905357c0) thrown at [./src/hotspot/share/interpreter/linkResolver.cpp, line 839]
Event: 33.571 Thread 0x0000021e2e41a800 Exception <a 'java/lang/NoSuchMethodError'{0x000000008f4282c8}: 'int java.lang.invoke.DirectMethodHandle$Holder.invokeInterface(java.lang.Object, java.lang.Object, int)'> (0x000000008f4282c8) thrown at [./src/hotspot/share/interpreter/linkResolver.cpp, line 773]
Event: 35.436 Thread 0x0000021e2dd18000 Implicit null exception at 0x0000021e19deeb6f to 0x0000021e19deeca8
Event: 35.567 Thread 0x0000021e2dd18000 Exception <a 'java/lang/NoSuchMethodError'{0x000000008f908aa8}: 'java.lang.Object java.lang.invoke.Invokers$Holder.linkToTargetMethod(java.lang.Object, int, java.lang.Object, java.lang.Object, java.lang.Object, java.lang.Object)'> (0x000000008f908aa8) thrown at [./src/hotspot/share/interpreter/linkResolver.cpp, line 773]
Event: 35.574 Thread 0x0000021e2dd18000 Exception <a 'java/lang/NoSuchMethodError'{0x000000008f91ca98}: 'java.lang.Object java.lang.invoke.Invokers$Holder.linkToTargetMethod(java.lang.Object, java.lang.Object, java.lang.Object, int, java.lang.Object, java.lang.Object, java.lang.Object)'> (0x000000008f91ca98) thrown at [./src/hotspot/share/interpreter/linkResolver.cpp, line 773]
Event: 35.648 Thread 0x0000021e2dd18000 Exception <a 'java/lang/NoSuchMethodError'{0x000000008f68cc70}: 'void java.lang.invoke.DirectMethodHandle$Holder.invokeStatic(java.lang.Object, java.lang.Object, java.lang.Object, java.lang.Object, java.lang.Object, java.lang.Object, java.lang.Object, java.lang.Object)'> (0x000000008f68cc70) thrown at [./src/hotspot/share/interpreter/linkResolver.cpp, line 773]
Event: 35.943 Thread 0x0000021e2dd18000 Exception <a 'java/lang/IncompatibleClassChangeError'{0x000000008e332b68}: Found class java.lang.Object, but interface was expected> (0x000000008e332b68) thrown at [./src/hotspot/share/interpreter/linkResolver.cpp, line 839]
Event: 36.206 Thread 0x0000021e2dd18000 Exception <a 'java/lang/NoSuchMethodError'{0x000000008d580800}: 'void java.lang.invoke.DirectMethodHandle$Holder.invokeSpecial(java.lang.Object, java.lang.Object, int)'> (0x000000008d580800) thrown at [./src/hotspot/share/interpreter/linkResolver.cpp, line 773]
Event: 36.376 Thread 0x0000021e2dd18000 Exception <a 'sun/nio/fs/WindowsException'{0x000000008d030f30}> (0x000000008d030f30) thrown at [./src/hotspot/share/prims/jni.cpp, line 615]
Event: 36.432 Thread 0x0000021e2dd18000 Exception <a 'java/lang/NoSuchMethodError'{0x000000008cd9cf60}: 'java.lang.Object java.lang.invoke.DirectMethodHandle$Holder.newInvokeSpecial(java.lang.Object, java.lang.Object, java.lang.Object, java.lang.Object)'> (0x000000008cd9cf60) thrown at [./src/hotspot/share/interpreter/linkResolver.cpp, line 773]
Event: 36.792 Thread 0x0000021e2e41d000 Exception <a 'sun/nio/fs/WindowsException'{0x000000008b337f90}> (0x000000008b337f90) thrown at [./src/hotspot/share/prims/jni.cpp, line 615]
Event: 36.829 Thread 0x0000021e2c88f800 Exception <a 'sun/nio/fs/WindowsException'{0x000000008afa2148}> (0x000000008afa2148) thrown at [./src/hotspot/share/prims/jni.cpp, line 615]
Event: 36.868 Thread 0x0000021e2e41d000 Exception <a 'sun/nio/fs/WindowsException'{0x000000008ab1fe50}> (0x000000008ab1fe50) thrown at [./src/hotspot/share/prims/jni.cpp, line 615]
Event: 37.232 Thread 0x0000021e2dd14000 Exception <a 'sun/nio/fs/WindowsException'{0x000000008f6fd380}> (0x000000008f6fd380) thrown at [./src/hotspot/share/prims/jni.cpp, line 615]
Event: 39.714 Thread 0x0000021e2dd14000 Exception <a 'sun/nio/fs/WindowsException'{0x000000008f11c4e8}> (0x000000008f11c4e8) thrown at [./src/hotspot/share/prims/jni.cpp, line 615]
Event: 40.070 Thread 0x0000021e2dd19000 Exception <a 'sun/nio/fs/WindowsException'{0x000000008cf46160}> (0x000000008cf46160) thrown at [./src/hotspot/share/prims/jni.cpp, line 615]
Event: 41.099 Thread 0x0000021e2c88f800 Exception <a 'sun/nio/fs/WindowsException'{0x000000008c6b1378}> (0x000000008c6b1378) thrown at [./src/hotspot/share/prims/jni.cpp, line 615]
Event: 41.508 Thread 0x0000021e2dd11800 Exception <a 'sun/nio/fs/WindowsException'{0x00000000902000d8}> (0x00000000902000d8) thrown at [./src/hotspot/share/prims/jni.cpp, line 615]

Events (20 events):
Event: 39.647 loading class com/android/tools/r8/graph/U$d
Event: 39.647 loading class com/android/tools/r8/graph/U$d done
Event: 39.647 loading class com/android/tools/r8/graph/U$d
Event: 39.647 loading class com/android/tools/r8/graph/U$d done
Event: 39.648 loading class com/android/tools/r8/graph/U$d
Event: 39.648 loading class com/android/tools/r8/graph/U$d done
Event: 39.648 loading class com/android/tools/r8/graph/U$d
Event: 39.648 loading class com/android/tools/r8/graph/U$d done
Event: 39.648 loading class com/android/tools/r8/graph/U$d
Event: 39.648 loading class com/android/tools/r8/graph/U$d done
Event: 39.771 loading class org/gradle/internal/fingerprint/impl/AbsolutePathFingerprintingStrategy$1
Event: 39.771 loading class org/gradle/internal/fingerprint/impl/AbsolutePathFingerprintingStrategy$1 done
Event: 40.099 loading class com/android/tools/r8/internal/T6
Event: 40.099 loading class com/android/tools/r8/internal/T6 done
Event: 40.403 Executing VM operation: G1CollectForAllocation
Event: 40.420 Executing VM operation: G1CollectForAllocation done
Event: 41.380 Executing VM operation: G1CollectForAllocation
Event: 41.395 Executing VM operation: G1CollectForAllocation done
Event: 41.512 loading class com/android/tools/r8/graph/n2
Event: 41.512 loading class com/android/tools/r8/graph/n2 done


Dynamic libraries:
0x00007ff68c300000 - 0x00007ff68c30a000 	C:\Program Files\Android\Android Studio\jre\bin\java.exe
0x00007ff9d5c90000 - 0x00007ff9d5e88000 	C:\Windows\SYSTEM32\ntdll.dll
0x00007ff9d55f0000 - 0x00007ff9d56af000 	C:\Windows\System32\KERNEL32.DLL
0x00007ff9d3a00000 - 0x00007ff9d3cd2000 	C:\Windows\System32\KERNELBASE.dll
0x00007ff9d37a0000 - 0x00007ff9d38a0000 	C:\Windows\System32\ucrtbase.dll
0x00007ff9c9090000 - 0x00007ff9c90a7000 	C:\Program Files\Android\Android Studio\jre\bin\VCRUNTIME140.dll
0x00007ff9c4d10000 - 0x00007ff9c4d29000 	C:\Program Files\Android\Android Studio\jre\bin\jli.dll
0x00007ff9d4ed0000 - 0x00007ff9d506d000 	C:\Windows\System32\USER32.dll
0x00007ff9c3790000 - 0x00007ff9c3a2a000 	C:\Windows\WinSxS\amd64_microsoft.windows.common-controls_6595b64144ccf1df_6.0.19041.1110_none_60b5254171f9507e\COMCTL32.dll
0x00007ff9d3470000 - 0x00007ff9d3492000 	C:\Windows\System32\win32u.dll
0x00007ff9d3ce0000 - 0x00007ff9d3d7e000 	C:\Windows\System32\msvcrt.dll
0x00007ff9d4ea0000 - 0x00007ff9d4ecb000 	C:\Windows\System32\GDI32.dll
0x00007ff9d34f0000 - 0x00007ff9d35ff000 	C:\Windows\System32\gdi32full.dll
0x00007ff9d3600000 - 0x00007ff9d369d000 	C:\Windows\System32\msvcp_win.dll
0x00007ff9d58b0000 - 0x00007ff9d58e2000 	C:\Windows\System32\IMM32.DLL
0x00007ff9b5db0000 - 0x00007ff9b5e4d000 	C:\Program Files\Android\Android Studio\jre\bin\msvcp140.dll
0x00007ff96b200000 - 0x00007ff96bce5000 	C:\Program Files\Android\Android Studio\jre\bin\server\jvm.dll
0x00007ff9d5800000 - 0x00007ff9d58ae000 	C:\Windows\System32\ADVAPI32.dll
0x00007ff9d3e60000 - 0x00007ff9d3efc000 	C:\Windows\System32\sechost.dll
0x00007ff9d52e0000 - 0x00007ff9d5405000 	C:\Windows\System32\RPCRT4.dll
0x00007ff9d4e20000 - 0x00007ff9d4e28000 	C:\Windows\System32\PSAPI.DLL
0x00007ff9c1b50000 - 0x00007ff9c1b77000 	C:\Windows\SYSTEM32\WINMM.dll
0x00007ff9be390000 - 0x00007ff9be399000 	C:\Windows\SYSTEM32\WSOCK32.dll
0x00007ff9c9df0000 - 0x00007ff9c9dfa000 	C:\Windows\SYSTEM32\VERSION.dll
0x00007ff9d4e30000 - 0x00007ff9d4e9b000 	C:\Windows\System32\WS2_32.dll
0x00007ff9d1280000 - 0x00007ff9d1292000 	C:\Windows\SYSTEM32\kernel.appcore.dll
0x00007ff9b5ba0000 - 0x00007ff9b5bb1000 	C:\Program Files\Android\Android Studio\jre\bin\verify.dll
0x00007ff9b3c50000 - 0x00007ff9b3e34000 	C:\Windows\SYSTEM32\DBGHELP.DLL
0x00007ff9c24b0000 - 0x00007ff9c24dc000 	C:\Windows\SYSTEM32\dbgcore.DLL
0x00007ff9d3710000 - 0x00007ff9d3792000 	C:\Windows\System32\bcryptPrimitives.dll
0x00007ff9b59a0000 - 0x00007ff9b59c9000 	C:\Program Files\Android\Android Studio\jre\bin\java.dll
0x00007ff9c3000000 - 0x00007ff9c300b000 	C:\Program Files\Android\Android Studio\jre\bin\jimage.dll
0x00007ff9b4fb0000 - 0x00007ff9b4fc8000 	C:\Program Files\Android\Android Studio\jre\bin\zip.dll
0x00007ff9d46d0000 - 0x00007ff9d4e13000 	C:\Windows\System32\SHELL32.dll
0x00007ff9d1410000 - 0x00007ff9d1ba2000 	C:\Windows\SYSTEM32\windows.storage.dll
0x00007ff9d58f0000 - 0x00007ff9d5c44000 	C:\Windows\System32\combase.dll
0x00007ff9d2c30000 - 0x00007ff9d2c60000 	C:\Windows\SYSTEM32\Wldp.dll
0x00007ff9d5410000 - 0x00007ff9d54bd000 	C:\Windows\System32\SHCORE.dll
0x00007ff9d5220000 - 0x00007ff9d5275000 	C:\Windows\System32\shlwapi.dll
0x00007ff9d32d0000 - 0x00007ff9d32ef000 	C:\Windows\SYSTEM32\profapi.dll
0x00007ff9b3640000 - 0x00007ff9b365a000 	C:\Program Files\Android\Android Studio\jre\bin\net.dll
0x00007ff9c9c30000 - 0x00007ff9c9d3c000 	C:\Windows\SYSTEM32\WINHTTP.dll
0x00007ff9d2a10000 - 0x00007ff9d2a7a000 	C:\Windows\system32\mswsock.dll
0x00007ff9b21d0000 - 0x00007ff9b21e4000 	C:\Program Files\Android\Android Studio\jre\bin\nio.dll
0x00007ff9b5920000 - 0x00007ff9b5947000 	C:\Users\user\.gradle\native\e1d6ef7f7dcc3fd88c89a11ec53ec762bb8ba0a96d01ffa2cd45eb1d1d8dd5c5\windows-amd64\native-platform.dll
0x00007ff9a4960000 - 0x00007ff9a4aa4000 	C:\Users\user\.gradle\native\5664cfc778a61ccfe75a443a1ab52a65af34e5dc3c78e0209fed803814484fcb\windows-amd64\native-platform-file-events.dll
0x00007ff9b5ea0000 - 0x00007ff9b5eaa000 	C:\Program Files\Android\Android Studio\jre\bin\management.dll
0x00007ff9b5c60000 - 0x00007ff9b5c6d000 	C:\Program Files\Android\Android Studio\jre\bin\management_ext.dll
0x00007ff9d2dd0000 - 0x00007ff9d2de8000 	C:\Windows\SYSTEM32\CRYPTSP.dll
0x00007ff9d2350000 - 0x00007ff9d2384000 	C:\Windows\system32\rsaenh.dll
0x00007ff9d3440000 - 0x00007ff9d3467000 	C:\Windows\System32\bcrypt.dll
0x00007ff9d3250000 - 0x00007ff9d327e000 	C:\Windows\SYSTEM32\USERENV.dll
0x00007ff9d2ba0000 - 0x00007ff9d2bac000 	C:\Windows\SYSTEM32\CRYPTBASE.dll
0x00007ff9d2720000 - 0x00007ff9d275b000 	C:\Windows\SYSTEM32\IPHLPAPI.DLL
0x00007ff9d56b0000 - 0x00007ff9d56b8000 	C:\Windows\System32\NSI.dll
0x00007ff9ca4b0000 - 0x00007ff9ca4c7000 	C:\Windows\SYSTEM32\dhcpcsvc6.DLL
0x00007ff9ca310000 - 0x00007ff9ca32d000 	C:\Windows\SYSTEM32\dhcpcsvc.DLL
0x00007ff9d2760000 - 0x00007ff9d282a000 	C:\Windows\SYSTEM32\DNSAPI.dll

dbghelp: loaded successfully - version: 4.0.5 - missing functions: none
symbol engine: initialized successfully - sym options: 0x614 - pdb path: .;C:\Program Files\Android\Android Studio\jre\bin;C:\Windows\SYSTEM32;C:\Windows\WinSxS\amd64_microsoft.windows.common-controls_6595b64144ccf1df_6.0.19041.1110_none_60b5254171f9507e;C:\Program Files\Android\Android Studio\jre\bin\server;C:\Users\user\.gradle\native\e1d6ef7f7dcc3fd88c89a11ec53ec762bb8ba0a96d01ffa2cd45eb1d1d8dd5c5\windows-amd64;C:\Users\user\.gradle\native\5664cfc778a61ccfe75a443a1ab52a65af34e5dc3c78e0209fed803814484fcb\windows-amd64

VM Arguments:
jvm_args: --add-opens=java.base/java.util=ALL-UNNAMED --add-opens=java.base/java.lang=ALL-UNNAMED --add-opens=java.base/java.lang.invoke=ALL-UNNAMED --add-opens=java.base/java.util=ALL-UNNAMED --add-opens=java.prefs/java.util.prefs=ALL-UNNAMED --add-opens=java.prefs/java.util.prefs=ALL-UNNAMED --add-opens=java.base/java.nio.charset=ALL-UNNAMED --add-opens=java.base/java.net=ALL-UNNAMED --add-opens=java.base/java.util.concurrent.atomic=ALL-UNNAMED -Xmx2048m -Dfile.encoding=UTF-8 -Duser.country=RU -Duser.language=ru -Duser.variant 
java_command: org.gradle.launcher.daemon.bootstrap.GradleDaemon 7.3.3
java_class_path (initial): C:\Users\user\.gradle\wrapper\dists\gradle-7.3.3-bin\6a41zxkdtcxs8rphpq6y0069z\gradle-7.3.3\lib\gradle-launcher-7.3.3.jar
Launcher Type: SUN_STANDARD

[Global flags]
     intx CICompilerCount                          = 3                                         {product} {ergonomic}
     uint ConcGCThreads                            = 1                                         {product} {ergonomic}
     uint G1ConcRefinementThreads                  = 4                                         {product} {ergonomic}
   size_t G1HeapRegionSize                         = 1048576                                   {product} {ergonomic}
    uintx GCDrainStackTargetSize                   = 64                                        {product} {ergonomic}
   size_t InitialHeapSize                          = 201326592                                 {product} {ergonomic}
   size_t MarkStackSize                            = 4194304                                   {product} {ergonomic}
   size_t MaxHeapSize                              = 2147483648                                {product} {command line}
   size_t MaxNewSize                               = 1287651328                                {product} {ergonomic}
   size_t MinHeapDeltaBytes                        = 1048576                                   {product} {ergonomic}
    uintx NonNMethodCodeHeapSize                   = 5830732                                {pd product} {ergonomic}
    uintx NonProfiledCodeHeapSize                  = 122913754                              {pd product} {ergonomic}
    uintx ProfiledCodeHeapSize                     = 122913754                              {pd product} {ergonomic}
    uintx ReservedCodeCacheSize                    = 251658240                              {pd product} {ergonomic}
     bool SegmentedCodeCache                       = true                                      {product} {ergonomic}
     bool UseCompressedClassPointers               = true                                 {lp64_product} {ergonomic}
     bool UseCompressedOops                        = true                                 {lp64_product} {ergonomic}
     bool UseG1GC                                  = true                                      {product} {ergonomic}
     bool UseLargePagesIndividualAllocation        = false                                  {pd product} {ergonomic}

Logging:
Log output configuration:
 #0: stdout all=warning uptime,level,tags
 #1: stderr all=off uptime,level,tags

Environment Variables:
PATH=C:\Program Files\Common Files\Oracle\Java\javapath;C:\Program Files\Eclipse Foundation\jdk-8.0.302.8-hotspot\bin;C:\Windows\system32;C:\Windows;C:\Windows\System32\Wbem;C:\Windows\System32\WindowsPowerShell\v1.0\;C:\Windows\System32\OpenSSH\;C:\Program Files\Microsoft\Web Platform Installer\;C:\Program Files (x86)\Microsoft ASP.NET\ASP.NET Web Pages\v1.0\;C:\Program Files\Microsoft SQL Server\110\Tools\Binn\;C:\Program Files\Docker\Docker\resources\bin;C:\ProgramData\DockerDesktop\version-bin;C:\Program Files\GitHub CLI\;C:\Program Files\Git\cmd;C:\Program Files\MariaDB\MariaDB Connector C 64-bit\lib\;C:\Program Files\MariaDB\MariaDB Connector C 64-bit\lib\plugin\;C:\Users\user\AppData\Local\Microsoft\WindowsApps;;C:\Users\user\AppData\Local\Programs\Microsoft VS Code\bin
USERNAME=user
OS=Windows_NT
PROCESSOR_IDENTIFIER=Intel64 Family 6 Model 42 Stepping 7, GenuineIntel



---------------  S Y S T E M  ---------------

OS: Windows 10 , 64 bit Build 19041 (10.0.19041.2251)
OS uptime: 0 days 2:51 hours
Hyper-V role detected

CPU:total 4 (initial active 4) (2 cores per cpu, 2 threads per core) family 6 model 42 stepping 7 microcode 0x2f, cmov, cx8, fxsr, mmx, sse, sse2, sse3, ssse3, sse4.1, sse4.2, popcnt, avx, aes, clmul, ht, tsc, tscinvbit

Memory: 4k page, system-wide physical 12202M (573M free)
TotalPageFile size 12202M (AvailPageFile size 7M)
current process WorkingSet (physical memory assigned to process): 652M, peak: 657M
current process commit charge ("private bytes"): 700M, peak: 704M

vm_info: OpenJDK 64-Bit Server VM (11.0.12+7-b1504.28-7817840) for windows-amd64 JRE (11.0.12+7-b1504.28-7817840), built on Oct 13 2021 22:12:33 by "builder" with MS VC++ 14.0 (VS2015)

END.
