#
# There is insufficient memory for the Java Runtime Environment to continue.
# Native memory allocation (malloc) failed to allocate 1048576 bytes for AllocateHeap
# Possible reasons:
#   The system is out of physical RAM or swap space
#   The process is running with CompressedOops enabled, and the Java Heap may be blocking the growth of the native heap
# Possible solutions:
#   Reduce memory load on the system
#   Increase physical memory or swap space
#   Check if swap backing store is full
#   Decrease Java heap size (-Xmx/-Xms)
#   Decrease number of Java threads
#   Decrease Java thread stack sizes (-Xss)
#   Set larger code cache with -XX:ReservedCodeCacheSize=
#   JVM is running with Unscaled Compressed Oops mode in which the Java heap is
#     placed in the first 4GB address space. The Java Heap base address is the
#     maximum limit for the native heap growth. Please use -XX:HeapBaseMinAddress
#     to set the Java Heap base and to place the Java Heap above 4GB virtual address.
# This output file may be truncated or incomplete.
#
#  Out of Memory Error (./src/hotspot/share/memory/allocation.cpp:46), pid=11784, tid=13544
#
# JRE version: OpenJDK Runtime Environment (11.0.12+7) (build 11.0.12+7-b1504.28-7817840)
# Java VM: OpenJDK 64-Bit Server VM (11.0.12+7-b1504.28-7817840, mixed mode, tiered, compressed oops, g1 gc, windows-amd64)
# No core dump will be written. Minidumps are not enabled by default on client versions of Windows
#

---------------  S U M M A R Y ------------

Command Line: --add-opens=java.base/java.util=ALL-UNNAMED --add-opens=java.base/java.lang=ALL-UNNAMED --add-opens=java.base/java.lang.invoke=ALL-UNNAMED --add-opens=java.base/java.util=ALL-UNNAMED --add-opens=java.prefs/java.util.prefs=ALL-UNNAMED --add-opens=java.prefs/java.util.prefs=ALL-UNNAMED --add-opens=java.base/java.nio.charset=ALL-UNNAMED --add-opens=java.base/java.net=ALL-UNNAMED --add-opens=java.base/java.util.concurrent.atomic=ALL-UNNAMED -Xmx2048m -Dfile.encoding=UTF-8 -Duser.country=RU -Duser.language=ru -Duser.variant org.gradle.launcher.daemon.bootstrap.GradleDaemon 7.3.3

Host: Intel(R) Core(TM) i5-2450M CPU @ 2.50GHz, 4 cores, 11G,  Windows 10 , 64 bit Build 19041 (10.0.19041.2251)
Time: Sun Nov 27 17:44:32 2022 RTZ 2 (зима) elapsed time: 28.574458 seconds (0d 0h 0m 28s)

---------------  T H R E A D  ---------------

Current thread (0x0000022afae9c000):  VMThread "VM Thread" [stack: 0x0000006af6300000,0x0000006af6400000] [id=13544]

Stack: [0x0000006af6300000,0x0000006af6400000]
[error occurred during error reporting (printing stack bounds), id 0xc0000005, EXCEPTION_ACCESS_VIOLATION (0xc0000005) at pc=0x0000022ae4d9112d]

Native frames: (J=compiled Java code, j=interpreted, Vv=VM code, C=native code)
V  [jvm.dll+0x5fbcea]
V  [jvm.dll+0x731905]
V  [jvm.dll+0x732f1d]
V  [jvm.dll+0x733535]
V  [jvm.dll+0x7334eb]
V  [jvm.dll+0x5fb080]
V  [jvm.dll+0x5fb818]
C  [ntdll.dll+0xa241f]
C  [ntdll.dll+0x514a4]
C  [ntdll.dll+0xa0f4e]
C  0x0000022ae4d9112d

VM_Operation (0x0000006afbcf8610): CollectForMetadataAllocation, mode: safepoint, requested by thread 0x0000022afca16800


---------------  P R O C E S S  ---------------

Threads class SMR info:
_java_thread_list=0x0000022a85a2b0d0, length=86, elements={
0x0000022ae127e800, 0x0000022afaeaf800, 0x0000022afaeb5800, 0x0000022afb6cf000,
0x0000022afb6d0000, 0x0000022afb6d2000, 0x0000022afb717800, 0x0000022afb71c000,
0x0000022afb728800, 0x0000022afb873000, 0x0000022afda1f800, 0x0000022afc78f000,
0x0000022afc607000, 0x0000022afcd66000, 0x0000022afcd67000, 0x0000022afc5c5800,
0x0000022afb920800, 0x0000022afc72f800, 0x0000022afc730800, 0x0000022afe41c000,
0x0000022afe420000, 0x0000022afe41d000, 0x0000022afe41b000, 0x0000022afe41d800,
0x0000022afdfdc800, 0x0000022afe41e800, 0x0000022afe41f000, 0x0000022afe421000,
0x0000022afe421800, 0x0000022afe9f7800, 0x0000022afe9f8000, 0x0000022afe9fa000,
0x0000022afe9f4000, 0x0000022afe9fb800, 0x0000022afe9f5800, 0x0000022afe9f6800,
0x0000022afea01000, 0x0000022afea02000, 0x0000022afe9fd000, 0x0000022afea00800,
0x0000022afe9fe000, 0x0000022afe9fe800, 0x0000022afe9ff800, 0x0000022a8193a000,
0x0000022a8193c000, 0x0000022a8193c800, 0x0000022a81938000, 0x0000022a8193b000,
0x0000022a8193d800, 0x0000022a81938800, 0x0000022a8193f000, 0x0000022a81939800,
0x0000022a81942800, 0x0000022a81940800, 0x0000022a81944000, 0x0000022a8193e800,
0x0000022a81945000, 0x0000022a81943000, 0x0000022a81940000, 0x0000022a81945800,
0x0000022a81946800, 0x0000022a81941800, 0x0000022a8197c000, 0x0000022a8197d000,
0x0000022a8197d800, 0x0000022a8197e800, 0x0000022a8197f800, 0x0000022a81980000,
0x0000022a81981000, 0x0000022a8197b000, 0x0000022a81983800, 0x0000022a81984000,
0x0000022a81987800, 0x0000022a81982800, 0x0000022a81986800, 0x0000022a81982000,
0x0000022a81988800, 0x0000022a8198a000, 0x0000022a81989000, 0x0000022a81985000,
0x0000022afca12800, 0x0000022afca11800, 0x0000022afca15800, 0x0000022afca10800,
0x0000022afca10000, 0x0000022afca16800
}

Java Threads: ( => current thread )
  0x0000022ae127e800 JavaThread "main" [_thread_blocked, id=8428, stack(0x0000006af5d00000,0x0000006af5e00000)]
  0x0000022afaeaf800 JavaThread "Reference Handler" daemon [_thread_blocked, id=14036, stack(0x0000006af6400000,0x0000006af6500000)]
  0x0000022afaeb5800 JavaThread "Finalizer" daemon [_thread_blocked, id=7156, stack(0x0000006af6500000,0x0000006af6600000)]
  0x0000022afb6cf000 JavaThread "Signal Dispatcher" daemon [_thread_blocked, id=8688, stack(0x0000006af6600000,0x0000006af6700000)]
  0x0000022afb6d0000 JavaThread "Attach Listener" daemon [_thread_blocked, id=3112, stack(0x0000006af6700000,0x0000006af6800000)]
  0x0000022afb6d2000 JavaThread "Service Thread" daemon [_thread_blocked, id=13820, stack(0x0000006af6800000,0x0000006af6900000)]
  0x0000022afb717800 JavaThread "C2 CompilerThread0" daemon [_thread_blocked, id=12592, stack(0x0000006af6900000,0x0000006af6a00000)]
  0x0000022afb71c000 JavaThread "C1 CompilerThread0" daemon [_thread_blocked, id=2228, stack(0x0000006af6a00000,0x0000006af6b00000)]
  0x0000022afb728800 JavaThread "Sweeper thread" daemon [_thread_blocked, id=10420, stack(0x0000006af6b00000,0x0000006af6c00000)]
  0x0000022afb873000 JavaThread "Common-Cleaner" daemon [_thread_blocked, id=9868, stack(0x0000006af6c00000,0x0000006af6d00000)]
  0x0000022afda1f800 JavaThread "Daemon health stats" [_thread_blocked, id=11256, stack(0x0000006af7200000,0x0000006af7300000)]
  0x0000022afc78f000 JavaThread "Incoming local TCP Connector on port 17012" [_thread_in_native, id=4980, stack(0x0000006af6e00000,0x0000006af6f00000)]
  0x0000022afc607000 JavaThread "Daemon periodic checks" [_thread_blocked, id=14028, stack(0x0000006af7300000,0x0000006af7400000)]
  0x0000022afcd66000 JavaThread "Daemon" [_thread_blocked, id=1360, stack(0x0000006af7400000,0x0000006af7500000)]
  0x0000022afcd67000 JavaThread "Handler for socket connection from /127.0.0.1:17012 to /127.0.0.1:17013" [_thread_in_native, id=10000, stack(0x0000006af7500000,0x0000006af7600000)]
  0x0000022afc5c5800 JavaThread "Cancel handler" [_thread_blocked, id=5968, stack(0x0000006af7600000,0x0000006af7700000)]
  0x0000022afb920800 JavaThread "Daemon worker" [_thread_blocked, id=8796, stack(0x0000006af7700000,0x0000006af7800000)]
  0x0000022afc72f800 JavaThread "Asynchronous log dispatcher for DefaultDaemonConnection: socket connection from /127.0.0.1:17012 to /127.0.0.1:17013" [_thread_blocked, id=8620, stack(0x0000006af7800000,0x0000006af7900000)]
  0x0000022afc730800 JavaThread "Stdin handler" [_thread_blocked, id=5008, stack(0x0000006af7900000,0x0000006af7a00000)]
  0x0000022afe41c000 JavaThread "Daemon client event forwarder" [_thread_blocked, id=1180, stack(0x0000006af7a00000,0x0000006af7b00000)]
  0x0000022afe420000 JavaThread "Cache worker for journal cache (C:\Users\user\.gradle\caches\journal-1)" [_thread_blocked, id=12188, stack(0x0000006af7b00000,0x0000006af7c00000)]
  0x0000022afe41d000 JavaThread "File lock request listener" [_thread_in_native, id=1844, stack(0x0000006af7c00000,0x0000006af7d00000)]
  0x0000022afe41b000 JavaThread "Cache worker for file hash cache (C:\Users\user\.gradle\caches\7.3.3\fileHashes)" [_thread_blocked, id=932, stack(0x0000006af7d00000,0x0000006af7e00000)]
  0x0000022afe41d800 JavaThread "Cache worker for file hash cache (C:\Users\user\AndroidStudioProjects\Kotlin_lv1_HW2\.gradle\7.3.3\fileHashes)" [_thread_blocked, id=7544, stack(0x0000006af7e00000,0x0000006af7f00000)]
  0x0000022afdfdc800 JavaThread "C2 CompilerThread1" daemon [_thread_blocked, id=6044, stack(0x0000006af7f00000,0x0000006af8000000)]
  0x0000022afe41e800 JavaThread "File watcher server" daemon [_thread_blocked, id=8152, stack(0x0000006af8000000,0x0000006af8100000)]
  0x0000022afe41f000 JavaThread "File watcher consumer" daemon [_thread_blocked, id=1492, stack(0x0000006af8100000,0x0000006af8200000)]
  0x0000022afe421000 JavaThread "Cache worker for checksums cache (C:\Users\user\AndroidStudioProjects\Kotlin_lv1_HW2\.gradle\7.3.3\checksums)" [_thread_blocked, id=14072, stack(0x0000006af8200000,0x0000006af8300000)]
  0x0000022afe421800 JavaThread "Cache worker for cache directory md-supplier (C:\Users\user\.gradle\caches\7.3.3\md-supplier)" [_thread_blocked, id=3260, stack(0x0000006af8300000,0x0000006af8400000)]
  0x0000022afe9f7800 JavaThread "Cache worker for cache directory md-rule (C:\Users\user\.gradle\caches\7.3.3\md-rule)" [_thread_blocked, id=12892, stack(0x0000006af8400000,0x0000006af8500000)]
  0x0000022afe9f8000 JavaThread "Cache worker for execution history cache (C:\Users\user\.gradle\caches\7.3.3\executionHistory)" [_thread_blocked, id=14240, stack(0x0000006af8500000,0x0000006af8600000)]
  0x0000022afe9fa000 JavaThread "jar transforms" [_thread_blocked, id=3908, stack(0x0000006af8600000,0x0000006af8700000)]
  0x0000022afe9f4000 JavaThread "Cache worker for file content cache (C:\Users\user\.gradle\caches\7.3.3\fileContent)" [_thread_blocked, id=11632, stack(0x0000006af8700000,0x0000006af8800000)]
  0x0000022afe9fb800 JavaThread "jar transforms Thread 2" [_thread_blocked, id=9028, stack(0x0000006af8800000,0x0000006af8900000)]
  0x0000022afe9f5800 JavaThread "Cache worker for dependencies-accessors (C:\Users\user\AndroidStudioProjects\Kotlin_lv1_HW2\.gradle\7.3.3\dependencies-accessors)" [_thread_blocked, id=11612, stack(0x0000006af8900000,0x0000006af8a00000)]
  0x0000022afe9f6800 JavaThread "jar transforms Thread 3" [_thread_blocked, id=12604, stack(0x0000006af8a00000,0x0000006af8b00000)]
  0x0000022afea01000 JavaThread "Cache worker for Build Output Cleanup Cache (C:\Users\user\AndroidStudioProjects\Kotlin_lv1_HW2\.gradle\buildOutputCleanup)" [_thread_blocked, id=11636, stack(0x0000006af8b00000,0x0000006af8c00000)]
  0x0000022afea02000 JavaThread "Unconstrained build operations" [_thread_blocked, id=4968, stack(0x0000006af8c00000,0x0000006af8d00000)]
  0x0000022afe9fd000 JavaThread "Unconstrained build operations Thread 2" [_thread_blocked, id=14048, stack(0x0000006af8d00000,0x0000006af8e00000)]
  0x0000022afea00800 JavaThread "Unconstrained build operations Thread 3" [_thread_blocked, id=11036, stack(0x0000006af8e00000,0x0000006af8f00000)]
  0x0000022afe9fe000 JavaThread "Unconstrained build operations Thread 4" [_thread_blocked, id=7428, stack(0x0000006af8f00000,0x0000006af9000000)]
  0x0000022afe9fe800 JavaThread "Unconstrained build operations Thread 5" [_thread_blocked, id=1984, stack(0x0000006af9000000,0x0000006af9100000)]
  0x0000022afe9ff800 JavaThread "Unconstrained build operations Thread 6" [_thread_blocked, id=8468, stack(0x0000006af9100000,0x0000006af9200000)]
  0x0000022a8193a000 JavaThread "Unconstrained build operations Thread 7" [_thread_blocked, id=9688, stack(0x0000006af9200000,0x0000006af9300000)]
  0x0000022a8193c000 JavaThread "Unconstrained build operations Thread 8" [_thread_blocked, id=9304, stack(0x0000006af9300000,0x0000006af9400000)]
  0x0000022a8193c800 JavaThread "Unconstrained build operations Thread 9" [_thread_blocked, id=1228, stack(0x0000006af9400000,0x0000006af9500000)]
  0x0000022a81938000 JavaThread "Unconstrained build operations Thread 10" [_thread_blocked, id=8656, stack(0x0000006af9500000,0x0000006af9600000)]
  0x0000022a8193b000 JavaThread "Unconstrained build operations Thread 11" [_thread_blocked, id=1912, stack(0x0000006af9600000,0x0000006af9700000)]
  0x0000022a8193d800 JavaThread "Unconstrained build operations Thread 12" [_thread_blocked, id=9864, stack(0x0000006af9700000,0x0000006af9800000)]
  0x0000022a81938800 JavaThread "Unconstrained build operations Thread 13" [_thread_blocked, id=8476, stack(0x0000006af9800000,0x0000006af9900000)]
  0x0000022a8193f000 JavaThread "Unconstrained build operations Thread 14" [_thread_blocked, id=9848, stack(0x0000006af9900000,0x0000006af9a00000)]
  0x0000022a81939800 JavaThread "Unconstrained build operations Thread 15" [_thread_blocked, id=14004, stack(0x0000006af9a00000,0x0000006af9b00000)]
  0x0000022a81942800 JavaThread "Unconstrained build operations Thread 16" [_thread_blocked, id=7956, stack(0x0000006af9b00000,0x0000006af9c00000)]
  0x0000022a81940800 JavaThread "Unconstrained build operations Thread 17" [_thread_blocked, id=11424, stack(0x0000006af9c00000,0x0000006af9d00000)]
  0x0000022a81944000 JavaThread "Unconstrained build operations Thread 18" [_thread_blocked, id=13572, stack(0x0000006af9d00000,0x0000006af9e00000)]
  0x0000022a8193e800 JavaThread "Unconstrained build operations Thread 19" [_thread_blocked, id=9564, stack(0x0000006af9e00000,0x0000006af9f00000)]
  0x0000022a81945000 JavaThread "Unconstrained build operations Thread 20" [_thread_blocked, id=6976, stack(0x0000006af9f00000,0x0000006afa000000)]
  0x0000022a81943000 JavaThread "Unconstrained build operations Thread 21" [_thread_blocked, id=12920, stack(0x0000006afa000000,0x0000006afa100000)]
  0x0000022a81940000 JavaThread "Unconstrained build operations Thread 22" [_thread_blocked, id=9412, stack(0x0000006afa100000,0x0000006afa200000)]
  0x0000022a81945800 JavaThread "Unconstrained build operations Thread 23" [_thread_blocked, id=10832, stack(0x0000006afa200000,0x0000006afa300000)]
  0x0000022a81946800 JavaThread "Unconstrained build operations Thread 24" [_thread_blocked, id=1368, stack(0x0000006afa300000,0x0000006afa400000)]
  0x0000022a81941800 JavaThread "Unconstrained build operations Thread 25" [_thread_blocked, id=10504, stack(0x0000006afa400000,0x0000006afa500000)]
  0x0000022a8197c000 JavaThread "Unconstrained build operations Thread 26" [_thread_blocked, id=13320, stack(0x0000006afa500000,0x0000006afa600000)]
  0x0000022a8197d000 JavaThread "Unconstrained build operations Thread 27" [_thread_blocked, id=4236, stack(0x0000006afa600000,0x0000006afa700000)]
  0x0000022a8197d800 JavaThread "Unconstrained build operations Thread 28" [_thread_blocked, id=11408, stack(0x0000006afa700000,0x0000006afa800000)]
  0x0000022a8197e800 JavaThread "Unconstrained build operations Thread 29" [_thread_blocked, id=14124, stack(0x0000006afa800000,0x0000006afa900000)]
  0x0000022a8197f800 JavaThread "Unconstrained build operations Thread 30" [_thread_blocked, id=13428, stack(0x0000006afa900000,0x0000006afaa00000)]
  0x0000022a81980000 JavaThread "Unconstrained build operations Thread 31" [_thread_blocked, id=13704, stack(0x0000006afaa00000,0x0000006afab00000)]
  0x0000022a81981000 JavaThread "Unconstrained build operations Thread 32" [_thread_blocked, id=6824, stack(0x0000006afab00000,0x0000006afac00000)]
  0x0000022a8197b000 JavaThread "Unconstrained build operations Thread 33" [_thread_blocked, id=11120, stack(0x0000006afac00000,0x0000006afad00000)]
  0x0000022a81983800 JavaThread "Unconstrained build operations Thread 34" [_thread_blocked, id=12100, stack(0x0000006afad00000,0x0000006afae00000)]
  0x0000022a81984000 JavaThread "Unconstrained build operations Thread 35" [_thread_blocked, id=1344, stack(0x0000006afae00000,0x0000006afaf00000)]
  0x0000022a81987800 JavaThread "Unconstrained build operations Thread 36" [_thread_blocked, id=8684, stack(0x0000006afaf00000,0x0000006afb000000)]
  0x0000022a81982800 JavaThread "Unconstrained build operations Thread 37" [_thread_blocked, id=10856, stack(0x0000006afb000000,0x0000006afb100000)]
  0x0000022a81986800 JavaThread "Unconstrained build operations Thread 38" [_thread_blocked, id=460, stack(0x0000006afb100000,0x0000006afb200000)]
  0x0000022a81982000 JavaThread "Unconstrained build operations Thread 39" [_thread_blocked, id=7172, stack(0x0000006afb200000,0x0000006afb300000)]
  0x0000022a81988800 JavaThread "Unconstrained build operations Thread 40" [_thread_blocked, id=8544, stack(0x0000006afb300000,0x0000006afb400000)]
  0x0000022a8198a000 JavaThread "jar transforms Thread 4" [_thread_blocked, id=13256, stack(0x0000006afb400000,0x0000006afb500000)]
  0x0000022a81989000 JavaThread "Memory manager" [_thread_blocked, id=824, stack(0x0000006afb500000,0x0000006afb600000)]
  0x0000022a81985000 JavaThread "build event listener" [_thread_blocked, id=2444, stack(0x0000006afb600000,0x0000006afb700000)]
  0x0000022afca12800 JavaThread "build event listener" [_thread_blocked, id=7580, stack(0x0000006afb700000,0x0000006afb800000)]
  0x0000022afca11800 JavaThread "Execution worker for ':'" [_thread_blocked, id=9208, stack(0x0000006afb800000,0x0000006afb900000)]
  0x0000022afca15800 JavaThread "Execution worker for ':' Thread 2" [_thread_blocked, id=11572, stack(0x0000006afb900000,0x0000006afba00000)]
  0x0000022afca10800 JavaThread "Execution worker for ':' Thread 3" [_thread_blocked, id=8132, stack(0x0000006afba00000,0x0000006afbb00000)]
  0x0000022afca10000 JavaThread "Cache worker for execution history cache (C:\Users\user\AndroidStudioProjects\Kotlin_lv1_HW2\.gradle\7.3.3\executionHistory)" [_thread_blocked, id=8748, stack(0x0000006afbb00000,0x0000006afbc00000)]
  0x0000022afca16800 JavaThread "WorkerExecutor Queue" [_thread_blocked, id=1304, stack(0x0000006afbc00000,0x0000006afbd00000)]

Other Threads:
=>0x0000022afae9c000 VMThread "VM Thread" [stack: 0x0000006af6300000,0x0000006af6400000] [id=13544]
  0x0000022afb89c800 WatcherThread [stack: 0x0000006af6d00000,0x0000006af6e00000] [id=10052]
  0x0000022ae1296800 GCTaskThread "GC Thread#0" [stack: 0x0000006af5e00000,0x0000006af5f00000] [id=12300]
  0x0000022afbf80800 GCTaskThread "GC Thread#1" [stack: 0x0000006af6f00000,0x0000006af7000000] [id=13532]
  0x0000022afbf81000 GCTaskThread "GC Thread#2" [stack: 0x0000006af7000000,0x0000006af7100000] [id=2208]
  0x0000022afbf92000 GCTaskThread "GC Thread#3" [stack: 0x0000006af7100000,0x0000006af7200000] [id=3528]
  0x0000022ae12ca000 ConcurrentGCThread "G1 Main Marker" [stack: 0x0000006af5f00000,0x0000006af6000000] [id=9132]
  0x0000022ae12cb000 ConcurrentGCThread "G1 Conc#0" [stack: 0x0000006af6000000,0x0000006af6100000] [id=4280]
  0x0000022afacf0800 ConcurrentGCThread "G1 Refine#0" [stack: 0x0000006af6100000,0x0000006af6200000] [id=7740]
  0x0000022afacf1800 ConcurrentGCThread "G1 Young RemSet Sampling" [stack: 0x0000006af6200000,0x0000006af6300000] [id=5916]

Threads with active compile tasks:

VM state:at safepoint (normal execution)

VM Mutex/Monitor currently owned by a thread:  ([mutex/lock_event])
[0x0000022ae127b000] Threads_lock - owner thread: 0x0000022afae9c000
[0x0000022ae1279e90] Heap_lock - owner thread: 0x0000022afca16800

Heap address: 0x0000000080000000, size: 2048 MB, Compressed Oops mode: 32-bit
Narrow klass base: 0x0000000000000000, Narrow klass shift: 3
Compressed class space size: 1073741824 Address: 0x0000000100000000

Heap:
 garbage-first heap   total 284672K, used 95232K [0x0000000080000000, 0x0000000100000000)
  region size 1024K, 20 young (20480K), 13 survivors (13312K)
 Metaspace       used 91436K, capacity 93541K, committed 93680K, reserved 1144832K
  class space    used 11859K, capacity 12665K, committed 12748K, reserved 1048576K
Heap Regions: E=young(eden), S=young(survivor), O=old, HS=humongous(starts), HC=humongous(continues), CS=collection set, F=free, A=archive, TAMS=top-at-mark-start (previous, next)
|   0|0x0000000080000000, 0x0000000080100000, 0x0000000080100000|100%| O|  |TAMS 0x0000000080100000, 0x0000000080100000| Untracked 
|   1|0x0000000080100000, 0x0000000080200000, 0x0000000080200000|100%| O|  |TAMS 0x0000000080200000, 0x0000000080200000| Untracked 
|   2|0x0000000080200000, 0x0000000080300000, 0x0000000080300000|100%| O|  |TAMS 0x0000000080300000, 0x0000000080300000| Untracked 
|   3|0x0000000080300000, 0x0000000080400000, 0x0000000080400000|100%|HS|  |TAMS 0x0000000080400000, 0x0000000080400000| Complete 
|   4|0x0000000080400000, 0x0000000080500000, 0x0000000080500000|100%|HC|  |TAMS 0x0000000080500000, 0x0000000080500000| Complete 
|   5|0x0000000080500000, 0x0000000080600000, 0x0000000080600000|100%|HC|  |TAMS 0x0000000080600000, 0x0000000080600000| Complete 
|   6|0x0000000080600000, 0x0000000080700000, 0x0000000080700000|100%| O|  |TAMS 0x0000000080700000, 0x0000000080700000| Untracked 
|   7|0x0000000080700000, 0x0000000080800000, 0x0000000080800000|100%| O|  |TAMS 0x0000000080800000, 0x0000000080800000| Untracked 
|   8|0x0000000080800000, 0x0000000080900000, 0x0000000080900000|100%| O|  |TAMS 0x0000000080900000, 0x0000000080900000| Untracked 
|   9|0x0000000080900000, 0x0000000080a00000, 0x0000000080a00000|100%| O|  |TAMS 0x0000000080a00000, 0x0000000080a00000| Untracked 
|  10|0x0000000080a00000, 0x0000000080b00000, 0x0000000080b00000|100%| O|  |TAMS 0x0000000080b00000, 0x0000000080b00000| Untracked 
|  11|0x0000000080b00000, 0x0000000080c00000, 0x0000000080c00000|100%| O|  |TAMS 0x0000000080c00000, 0x0000000080c00000| Untracked 
|  12|0x0000000080c00000, 0x0000000080d00000, 0x0000000080d00000|100%| O|  |TAMS 0x0000000080d00000, 0x0000000080d00000| Untracked 
|  13|0x0000000080d00000, 0x0000000080e00000, 0x0000000080e00000|100%| O|  |TAMS 0x0000000080e00000, 0x0000000080e00000| Untracked 
|  14|0x0000000080e00000, 0x0000000080f00000, 0x0000000080f00000|100%| O|  |TAMS 0x0000000080f00000, 0x0000000080f00000| Untracked 
|  15|0x0000000080f00000, 0x0000000081000000, 0x0000000081000000|100%| O|  |TAMS 0x0000000081000000, 0x0000000081000000| Untracked 
|  16|0x0000000081000000, 0x0000000081100000, 0x0000000081100000|100%|HS|  |TAMS 0x0000000081100000, 0x0000000081100000| Complete 
|  17|0x0000000081100000, 0x0000000081200000, 0x0000000081200000|100%| O|  |TAMS 0x0000000081200000, 0x0000000081200000| Untracked 
|  18|0x0000000081200000, 0x0000000081300000, 0x0000000081300000|100%| O|  |TAMS 0x0000000081300000, 0x0000000081300000| Untracked 
|  19|0x0000000081300000, 0x0000000081400000, 0x0000000081400000|100%| O|  |TAMS 0x0000000081400000, 0x0000000081400000| Untracked 
|  20|0x0000000081400000, 0x0000000081500000, 0x0000000081500000|100%| O|  |TAMS 0x0000000081500000, 0x0000000081500000| Untracked 
|  21|0x0000000081500000, 0x0000000081600000, 0x0000000081600000|100%| O|  |TAMS 0x0000000081600000, 0x0000000081600000| Untracked 
|  22|0x0000000081600000, 0x0000000081700000, 0x0000000081700000|100%| O|  |TAMS 0x0000000081700000, 0x0000000081700000| Untracked 
|  23|0x0000000081700000, 0x0000000081800000, 0x0000000081800000|100%| O|  |TAMS 0x0000000081800000, 0x0000000081800000| Untracked 
|  24|0x0000000081800000, 0x0000000081900000, 0x0000000081900000|100%|HS|  |TAMS 0x0000000081900000, 0x0000000081900000| Complete 
|  25|0x0000000081900000, 0x0000000081a00000, 0x0000000081a00000|100%|HS|  |TAMS 0x0000000081a00000, 0x0000000081a00000| Complete 
|  26|0x0000000081a00000, 0x0000000081b00000, 0x0000000081b00000|100%|HS|  |TAMS 0x0000000081b00000, 0x0000000081b00000| Complete 
|  27|0x0000000081b00000, 0x0000000081c00000, 0x0000000081c00000|100%|HC|  |TAMS 0x0000000081c00000, 0x0000000081c00000| Complete 
|  28|0x0000000081c00000, 0x0000000081d00000, 0x0000000081d00000|100%|HC|  |TAMS 0x0000000081d00000, 0x0000000081d00000| Complete 
|  29|0x0000000081d00000, 0x0000000081e00000, 0x0000000081e00000|100%|HS|  |TAMS 0x0000000081e00000, 0x0000000081e00000| Complete 
|  30|0x0000000081e00000, 0x0000000081f00000, 0x0000000081f00000|100%|HC|  |TAMS 0x0000000081f00000, 0x0000000081f00000| Complete 
|  31|0x0000000081f00000, 0x0000000082000000, 0x0000000082000000|100%| O|  |TAMS 0x0000000082000000, 0x0000000082000000| Untracked 
|  32|0x0000000082000000, 0x0000000082100000, 0x0000000082100000|100%| O|  |TAMS 0x0000000082100000, 0x0000000082100000| Untracked 
|  33|0x0000000082100000, 0x0000000082200000, 0x0000000082200000|100%| O|  |TAMS 0x0000000082200000, 0x0000000082200000| Untracked 
|  34|0x0000000082200000, 0x0000000082300000, 0x0000000082300000|100%| O|  |TAMS 0x0000000082300000, 0x0000000082300000| Untracked 
|  35|0x0000000082300000, 0x0000000082400000, 0x0000000082400000|100%| O|  |TAMS 0x0000000082400000, 0x0000000082400000| Untracked 
|  36|0x0000000082400000, 0x0000000082500000, 0x0000000082500000|100%| O|  |TAMS 0x0000000082500000, 0x0000000082500000| Untracked 
|  37|0x0000000082500000, 0x0000000082600000, 0x0000000082600000|100%| O|  |TAMS 0x0000000082600000, 0x0000000082600000| Untracked 
|  38|0x0000000082600000, 0x0000000082700000, 0x0000000082700000|100%| O|  |TAMS 0x0000000082700000, 0x0000000082700000| Untracked 
|  39|0x0000000082700000, 0x0000000082800000, 0x0000000082800000|100%| O|  |TAMS 0x0000000082800000, 0x0000000082800000| Untracked 
|  40|0x0000000082800000, 0x0000000082900000, 0x0000000082900000|100%| O|  |TAMS 0x0000000082900000, 0x0000000082900000| Untracked 
|  41|0x0000000082900000, 0x0000000082a00000, 0x0000000082a00000|100%| O|  |TAMS 0x0000000082a00000, 0x0000000082a00000| Untracked 
|  42|0x0000000082a00000, 0x0000000082b00000, 0x0000000082b00000|100%| O|  |TAMS 0x0000000082b00000, 0x0000000082b00000| Untracked 
|  43|0x0000000082b00000, 0x0000000082c00000, 0x0000000082c00000|100%| O|  |TAMS 0x0000000082c00000, 0x0000000082c00000| Untracked 
|  44|0x0000000082c00000, 0x0000000082d00000, 0x0000000082d00000|100%| O|  |TAMS 0x0000000082d00000, 0x0000000082d00000| Untracked 
|  45|0x0000000082d00000, 0x0000000082e00000, 0x0000000082e00000|100%| O|  |TAMS 0x0000000082e00000, 0x0000000082e00000| Untracked 
|  46|0x0000000082e00000, 0x0000000082f00000, 0x0000000082f00000|100%| O|  |TAMS 0x0000000082f00000, 0x0000000082f00000| Untracked 
|  47|0x0000000082f00000, 0x0000000083000000, 0x0000000083000000|100%| O|  |TAMS 0x0000000083000000, 0x0000000083000000| Untracked 
|  48|0x0000000083000000, 0x0000000083100000, 0x0000000083100000|100%| O|  |TAMS 0x0000000083100000, 0x0000000083100000| Untracked 
|  49|0x0000000083100000, 0x0000000083200000, 0x0000000083200000|100%| O|  |TAMS 0x0000000083200000, 0x0000000083200000| Untracked 
|  50|0x0000000083200000, 0x0000000083300000, 0x0000000083300000|100%| O|  |TAMS 0x0000000083200000, 0x0000000083300000| Untracked 
|  51|0x0000000083300000, 0x0000000083400000, 0x0000000083400000|100%| O|  |TAMS 0x0000000083300000, 0x0000000083400000| Untracked 
|  52|0x0000000083400000, 0x0000000083500000, 0x0000000083500000|100%| O|  |TAMS 0x0000000083400000, 0x0000000083500000| Untracked 
|  53|0x0000000083500000, 0x0000000083600000, 0x0000000083600000|100%| O|  |TAMS 0x0000000083500000, 0x0000000083600000| Untracked 
|  54|0x0000000083600000, 0x0000000083700000, 0x0000000083700000|100%| O|  |TAMS 0x0000000083600000, 0x0000000083700000| Untracked 
|  55|0x0000000083700000, 0x0000000083800000, 0x0000000083800000|100%| O|  |TAMS 0x0000000083700000, 0x0000000083800000| Untracked 
|  56|0x0000000083800000, 0x0000000083900000, 0x0000000083900000|100%| O|  |TAMS 0x0000000083800000, 0x0000000083900000| Untracked 
|  57|0x0000000083900000, 0x0000000083a00000, 0x0000000083a00000|100%| O|  |TAMS 0x0000000083900000, 0x0000000083a00000| Untracked 
|  58|0x0000000083a00000, 0x0000000083b00000, 0x0000000083b00000|100%| O|  |TAMS 0x0000000083a00000, 0x0000000083b00000| Untracked 
|  59|0x0000000083b00000, 0x0000000083c00000, 0x0000000083c00000|100%| O|  |TAMS 0x0000000083b00000, 0x0000000083c00000| Untracked 
|  60|0x0000000083c00000, 0x0000000083d00000, 0x0000000083d00000|100%| O|  |TAMS 0x0000000083c00000, 0x0000000083d00000| Untracked 
|  61|0x0000000083d00000, 0x0000000083e00000, 0x0000000083e00000|100%| O|  |TAMS 0x0000000083d00000, 0x0000000083e00000| Untracked 
|  62|0x0000000083e00000, 0x0000000083f00000, 0x0000000083f00000|100%| O|  |TAMS 0x0000000083e00000, 0x0000000083f00000| Untracked 
|  63|0x0000000083f00000, 0x0000000084000000, 0x0000000084000000|100%| O|  |TAMS 0x0000000083f00000, 0x0000000084000000| Untracked 
|  64|0x0000000084000000, 0x0000000084100000, 0x0000000084100000|100%| O|  |TAMS 0x0000000084000000, 0x0000000084100000| Untracked 
|  65|0x0000000084100000, 0x0000000084200000, 0x0000000084200000|100%| O|  |TAMS 0x0000000084100000, 0x0000000084200000| Untracked 
|  66|0x0000000084200000, 0x0000000084300000, 0x0000000084300000|100%| O|  |TAMS 0x0000000084200000, 0x0000000084300000| Untracked 
|  67|0x0000000084300000, 0x0000000084400000, 0x0000000084400000|100%| O|  |TAMS 0x0000000084300000, 0x0000000084400000| Untracked 
|  68|0x0000000084400000, 0x0000000084500000, 0x0000000084500000|100%| O|  |TAMS 0x0000000084400000, 0x0000000084500000| Untracked 
|  69|0x0000000084500000, 0x0000000084600000, 0x0000000084600000|100%| O|  |TAMS 0x0000000084500000, 0x0000000084600000| Untracked 
|  70|0x0000000084600000, 0x0000000084700000, 0x0000000084700000|100%| O|  |TAMS 0x0000000084600000, 0x0000000084700000| Untracked 
|  71|0x0000000084700000, 0x0000000084800000, 0x0000000084800000|100%| O|  |TAMS 0x0000000084700000, 0x0000000084800000| Untracked 
|  72|0x0000000084800000, 0x0000000084900000, 0x0000000084900000|100%| O|  |TAMS 0x0000000084800000, 0x0000000084900000| Untracked 
|  73|0x0000000084900000, 0x0000000084a00000, 0x0000000084a00000|100%| O|  |TAMS 0x0000000084900000, 0x0000000084a00000| Untracked 
|  74|0x0000000084a00000, 0x0000000084b00000, 0x0000000084b00000|100%| O|  |TAMS 0x0000000084a00000, 0x0000000084b00000| Untracked 
|  75|0x0000000084b00000, 0x0000000084b00000, 0x0000000084c00000|  0%| F|  |TAMS 0x0000000084b00000, 0x0000000084b00000| Untracked 
|  76|0x0000000084c00000, 0x0000000084c00000, 0x0000000084d00000|  0%| F|  |TAMS 0x0000000084c00000, 0x0000000084c00000| Untracked 
|  77|0x0000000084d00000, 0x0000000084d00000, 0x0000000084e00000|  0%| F|  |TAMS 0x0000000084d00000, 0x0000000084d00000| Untracked 
|  78|0x0000000084e00000, 0x0000000084e00000, 0x0000000084f00000|  0%| F|  |TAMS 0x0000000084e00000, 0x0000000084e00000| Untracked 
|  79|0x0000000084f00000, 0x0000000084f00000, 0x0000000085000000|  0%| F|  |TAMS 0x0000000084f00000, 0x0000000084f00000| Untracked 
|  80|0x0000000085000000, 0x0000000085000000, 0x0000000085100000|  0%| F|  |TAMS 0x0000000085000000, 0x0000000085000000| Untracked 
|  81|0x0000000085100000, 0x0000000085100000, 0x0000000085200000|  0%| F|  |TAMS 0x0000000085100000, 0x0000000085100000| Untracked 
|  82|0x0000000085200000, 0x0000000085200000, 0x0000000085300000|  0%| F|  |TAMS 0x0000000085200000, 0x0000000085200000| Untracked 
|  83|0x0000000085300000, 0x0000000085300000, 0x0000000085400000|  0%| F|  |TAMS 0x0000000085300000, 0x0000000085300000| Untracked 
|  84|0x0000000085400000, 0x0000000085400000, 0x0000000085500000|  0%| F|  |TAMS 0x0000000085400000, 0x0000000085400000| Untracked 
|  85|0x0000000085500000, 0x0000000085500000, 0x0000000085600000|  0%| F|  |TAMS 0x0000000085500000, 0x0000000085500000| Untracked 
|  86|0x0000000085600000, 0x0000000085600000, 0x0000000085700000|  0%| F|  |TAMS 0x0000000085600000, 0x0000000085600000| Untracked 
|  87|0x0000000085700000, 0x0000000085700000, 0x0000000085800000|  0%| F|  |TAMS 0x0000000085700000, 0x0000000085700000| Untracked 
|  88|0x0000000085800000, 0x0000000085800000, 0x0000000085900000|  0%| F|  |TAMS 0x0000000085800000, 0x0000000085800000| Untracked 
|  89|0x0000000085900000, 0x0000000085900000, 0x0000000085a00000|  0%| F|  |TAMS 0x0000000085900000, 0x0000000085900000| Untracked 
|  90|0x0000000085a00000, 0x0000000085a00000, 0x0000000085b00000|  0%| F|  |TAMS 0x0000000085a00000, 0x0000000085a00000| Untracked 
|  91|0x0000000085b00000, 0x0000000085b00000, 0x0000000085c00000|  0%| F|  |TAMS 0x0000000085b00000, 0x0000000085b00000| Untracked 
|  92|0x0000000085c00000, 0x0000000085c00000, 0x0000000085d00000|  0%| F|  |TAMS 0x0000000085c00000, 0x0000000085c00000| Untracked 
|  93|0x0000000085d00000, 0x0000000085d00000, 0x0000000085e00000|  0%| F|  |TAMS 0x0000000085d00000, 0x0000000085d00000| Untracked 
|  94|0x0000000085e00000, 0x0000000085e00000, 0x0000000085f00000|  0%| F|  |TAMS 0x0000000085e00000, 0x0000000085e00000| Untracked 
|  95|0x0000000085f00000, 0x0000000085f00000, 0x0000000086000000|  0%| F|  |TAMS 0x0000000085f00000, 0x0000000085f00000| Untracked 
|  96|0x0000000086000000, 0x0000000086000000, 0x0000000086100000|  0%| F|  |TAMS 0x0000000086000000, 0x0000000086000000| Untracked 
|  97|0x0000000086100000, 0x0000000086100000, 0x0000000086200000|  0%| F|  |TAMS 0x0000000086100000, 0x0000000086100000| Untracked 
|  98|0x0000000086200000, 0x0000000086200000, 0x0000000086300000|  0%| F|  |TAMS 0x0000000086200000, 0x0000000086200000| Untracked 
|  99|0x0000000086300000, 0x0000000086300000, 0x0000000086400000|  0%| F|  |TAMS 0x0000000086300000, 0x0000000086300000| Untracked 
| 100|0x0000000086400000, 0x0000000086400000, 0x0000000086500000|  0%| F|  |TAMS 0x0000000086400000, 0x0000000086400000| Untracked 
| 101|0x0000000086500000, 0x0000000086500000, 0x0000000086600000|  0%| F|  |TAMS 0x0000000086500000, 0x0000000086500000| Untracked 
| 102|0x0000000086600000, 0x0000000086600000, 0x0000000086700000|  0%| F|  |TAMS 0x0000000086600000, 0x0000000086600000| Untracked 
| 103|0x0000000086700000, 0x0000000086700000, 0x0000000086800000|  0%| F|  |TAMS 0x0000000086700000, 0x0000000086700000| Untracked 
| 104|0x0000000086800000, 0x0000000086800000, 0x0000000086900000|  0%| F|  |TAMS 0x0000000086800000, 0x0000000086800000| Untracked 
| 105|0x0000000086900000, 0x0000000086900000, 0x0000000086a00000|  0%| F|  |TAMS 0x0000000086900000, 0x0000000086900000| Untracked 
| 106|0x0000000086a00000, 0x0000000086a00000, 0x0000000086b00000|  0%| F|  |TAMS 0x0000000086a00000, 0x0000000086a00000| Untracked 
| 107|0x0000000086b00000, 0x0000000086b00000, 0x0000000086c00000|  0%| F|  |TAMS 0x0000000086b00000, 0x0000000086b00000| Untracked 
| 108|0x0000000086c00000, 0x0000000086c00000, 0x0000000086d00000|  0%| F|  |TAMS 0x0000000086c00000, 0x0000000086c00000| Untracked 
| 109|0x0000000086d00000, 0x0000000086d00000, 0x0000000086e00000|  0%| F|  |TAMS 0x0000000086d00000, 0x0000000086d00000| Untracked 
| 110|0x0000000086e00000, 0x0000000086e00000, 0x0000000086f00000|  0%| F|  |TAMS 0x0000000086e00000, 0x0000000086e00000| Untracked 
| 111|0x0000000086f00000, 0x0000000086f00000, 0x0000000087000000|  0%| F|  |TAMS 0x0000000086f00000, 0x0000000086f00000| Untracked 
| 112|0x0000000087000000, 0x0000000087000000, 0x0000000087100000|  0%| F|  |TAMS 0x0000000087000000, 0x0000000087000000| Untracked 
| 113|0x0000000087100000, 0x0000000087100000, 0x0000000087200000|  0%| F|  |TAMS 0x0000000087100000, 0x0000000087100000| Untracked 
| 114|0x0000000087200000, 0x0000000087200000, 0x0000000087300000|  0%| F|  |TAMS 0x0000000087200000, 0x0000000087200000| Untracked 
| 115|0x0000000087300000, 0x0000000087300000, 0x0000000087400000|  0%| F|  |TAMS 0x0000000087300000, 0x0000000087300000| Untracked 
| 116|0x0000000087400000, 0x0000000087400000, 0x0000000087500000|  0%| F|  |TAMS 0x0000000087400000, 0x0000000087400000| Untracked 
| 117|0x0000000087500000, 0x0000000087500000, 0x0000000087600000|  0%| F|  |TAMS 0x0000000087500000, 0x0000000087500000| Untracked 
| 118|0x0000000087600000, 0x0000000087600000, 0x0000000087700000|  0%| F|  |TAMS 0x0000000087600000, 0x0000000087600000| Untracked 
| 119|0x0000000087700000, 0x0000000087700000, 0x0000000087800000|  0%| F|  |TAMS 0x0000000087700000, 0x0000000087700000| Untracked 
| 120|0x0000000087800000, 0x0000000087800000, 0x0000000087900000|  0%| F|  |TAMS 0x0000000087800000, 0x0000000087800000| Untracked 
| 121|0x0000000087900000, 0x0000000087900000, 0x0000000087a00000|  0%| F|  |TAMS 0x0000000087900000, 0x0000000087900000| Untracked 
| 122|0x0000000087a00000, 0x0000000087a00000, 0x0000000087b00000|  0%| F|  |TAMS 0x0000000087a00000, 0x0000000087a00000| Untracked 
| 123|0x0000000087b00000, 0x0000000087b00000, 0x0000000087c00000|  0%| F|  |TAMS 0x0000000087b00000, 0x0000000087b00000| Untracked 
| 124|0x0000000087c00000, 0x0000000087c00000, 0x0000000087d00000|  0%| F|  |TAMS 0x0000000087c00000, 0x0000000087c00000| Untracked 
| 125|0x0000000087d00000, 0x0000000087d00000, 0x0000000087e00000|  0%| F|  |TAMS 0x0000000087d00000, 0x0000000087d00000| Untracked 
| 126|0x0000000087e00000, 0x0000000087e00000, 0x0000000087f00000|  0%| F|  |TAMS 0x0000000087e00000, 0x0000000087e00000| Untracked 
| 127|0x0000000087f00000, 0x0000000087f00000, 0x0000000088000000|  0%| F|  |TAMS 0x0000000087f00000, 0x0000000087f00000| Untracked 
| 128|0x0000000088000000, 0x0000000088000000, 0x0000000088100000|  0%| F|  |TAMS 0x0000000088000000, 0x0000000088000000| Untracked 
| 129|0x0000000088100000, 0x0000000088100000, 0x0000000088200000|  0%| F|  |TAMS 0x0000000088100000, 0x0000000088100000| Untracked 
| 130|0x0000000088200000, 0x0000000088200000, 0x0000000088300000|  0%| F|  |TAMS 0x0000000088200000, 0x0000000088200000| Untracked 
| 131|0x0000000088300000, 0x0000000088300000, 0x0000000088400000|  0%| F|  |TAMS 0x0000000088300000, 0x0000000088300000| Untracked 
| 132|0x0000000088400000, 0x0000000088400000, 0x0000000088500000|  0%| F|  |TAMS 0x0000000088400000, 0x0000000088400000| Untracked 
| 133|0x0000000088500000, 0x0000000088500000, 0x0000000088600000|  0%| F|  |TAMS 0x0000000088500000, 0x0000000088500000| Untracked 
| 134|0x0000000088600000, 0x0000000088600000, 0x0000000088700000|  0%| F|  |TAMS 0x0000000088600000, 0x0000000088600000| Untracked 
| 135|0x0000000088700000, 0x0000000088700000, 0x0000000088800000|  0%| F|  |TAMS 0x0000000088700000, 0x0000000088700000| Untracked 
| 136|0x0000000088800000, 0x0000000088800000, 0x0000000088900000|  0%| F|  |TAMS 0x0000000088800000, 0x0000000088800000| Untracked 
| 137|0x0000000088900000, 0x0000000088900000, 0x0000000088a00000|  0%| F|  |TAMS 0x0000000088900000, 0x0000000088900000| Untracked 
| 138|0x0000000088a00000, 0x0000000088a00000, 0x0000000088b00000|  0%| F|  |TAMS 0x0000000088a00000, 0x0000000088a00000| Untracked 
| 139|0x0000000088b00000, 0x0000000088b00000, 0x0000000088c00000|  0%| F|  |TAMS 0x0000000088b00000, 0x0000000088b00000| Untracked 
| 140|0x0000000088c00000, 0x0000000088c00000, 0x0000000088d00000|  0%| F|  |TAMS 0x0000000088c00000, 0x0000000088c00000| Untracked 
| 141|0x0000000088d00000, 0x0000000088d00000, 0x0000000088e00000|  0%| F|  |TAMS 0x0000000088d00000, 0x0000000088d00000| Untracked 
| 142|0x0000000088e00000, 0x0000000088e00000, 0x0000000088f00000|  0%| F|  |TAMS 0x0000000088e00000, 0x0000000088e00000| Untracked 
| 143|0x0000000088f00000, 0x0000000088f00000, 0x0000000089000000|  0%| F|  |TAMS 0x0000000088f00000, 0x0000000088f00000| Untracked 
| 144|0x0000000089000000, 0x0000000089000000, 0x0000000089100000|  0%| F|  |TAMS 0x0000000089000000, 0x0000000089000000| Untracked 
| 145|0x0000000089100000, 0x0000000089100000, 0x0000000089200000|  0%| F|  |TAMS 0x0000000089100000, 0x0000000089100000| Untracked 
| 146|0x0000000089200000, 0x0000000089200000, 0x0000000089300000|  0%| F|  |TAMS 0x0000000089200000, 0x0000000089200000| Untracked 
| 147|0x0000000089300000, 0x0000000089300000, 0x0000000089400000|  0%| F|  |TAMS 0x0000000089300000, 0x0000000089300000| Untracked 
| 148|0x0000000089400000, 0x0000000089400000, 0x0000000089500000|  0%| F|  |TAMS 0x0000000089400000, 0x0000000089400000| Untracked 
| 149|0x0000000089500000, 0x0000000089500000, 0x0000000089600000|  0%| F|  |TAMS 0x0000000089500000, 0x0000000089500000| Untracked 
| 150|0x0000000089600000, 0x0000000089600000, 0x0000000089700000|  0%| F|  |TAMS 0x0000000089600000, 0x0000000089600000| Untracked 
| 151|0x0000000089700000, 0x0000000089700000, 0x0000000089800000|  0%| F|  |TAMS 0x0000000089700000, 0x0000000089700000| Untracked 
| 152|0x0000000089800000, 0x0000000089800000, 0x0000000089900000|  0%| F|  |TAMS 0x0000000089800000, 0x0000000089800000| Untracked 
| 153|0x0000000089900000, 0x0000000089900000, 0x0000000089a00000|  0%| F|  |TAMS 0x0000000089900000, 0x0000000089900000| Untracked 
| 154|0x0000000089a00000, 0x0000000089a00000, 0x0000000089b00000|  0%| F|  |TAMS 0x0000000089a00000, 0x0000000089a00000| Untracked 
| 155|0x0000000089b00000, 0x0000000089b00000, 0x0000000089c00000|  0%| F|  |TAMS 0x0000000089b00000, 0x0000000089b00000| Untracked 
| 156|0x0000000089c00000, 0x0000000089c00000, 0x0000000089d00000|  0%| F|  |TAMS 0x0000000089c00000, 0x0000000089c00000| Untracked 
| 157|0x0000000089d00000, 0x0000000089d00000, 0x0000000089e00000|  0%| F|  |TAMS 0x0000000089d00000, 0x0000000089d00000| Untracked 
| 158|0x0000000089e00000, 0x0000000089e00000, 0x0000000089f00000|  0%| F|  |TAMS 0x0000000089e00000, 0x0000000089e00000| Untracked 
| 159|0x0000000089f00000, 0x0000000089f00000, 0x000000008a000000|  0%| F|  |TAMS 0x0000000089f00000, 0x0000000089f00000| Untracked 
| 160|0x000000008a000000, 0x000000008a000000, 0x000000008a100000|  0%| F|  |TAMS 0x000000008a000000, 0x000000008a000000| Untracked 
| 161|0x000000008a100000, 0x000000008a100000, 0x000000008a200000|  0%| F|  |TAMS 0x000000008a100000, 0x000000008a100000| Untracked 
| 162|0x000000008a200000, 0x000000008a200000, 0x000000008a300000|  0%| F|  |TAMS 0x000000008a200000, 0x000000008a200000| Untracked 
| 163|0x000000008a300000, 0x000000008a300000, 0x000000008a400000|  0%| F|  |TAMS 0x000000008a300000, 0x000000008a300000| Untracked 
| 164|0x000000008a400000, 0x000000008a400000, 0x000000008a500000|  0%| F|  |TAMS 0x000000008a400000, 0x000000008a400000| Untracked 
| 165|0x000000008a500000, 0x000000008a500000, 0x000000008a600000|  0%| F|  |TAMS 0x000000008a500000, 0x000000008a500000| Untracked 
| 166|0x000000008a600000, 0x000000008a600000, 0x000000008a700000|  0%| F|  |TAMS 0x000000008a600000, 0x000000008a600000| Untracked 
| 167|0x000000008a700000, 0x000000008a700000, 0x000000008a800000|  0%| F|  |TAMS 0x000000008a700000, 0x000000008a700000| Untracked 
| 168|0x000000008a800000, 0x000000008a800000, 0x000000008a900000|  0%| F|  |TAMS 0x000000008a800000, 0x000000008a800000| Untracked 
| 169|0x000000008a900000, 0x000000008a900000, 0x000000008aa00000|  0%| F|  |TAMS 0x000000008a900000, 0x000000008a900000| Untracked 
| 170|0x000000008aa00000, 0x000000008aa00000, 0x000000008ab00000|  0%| F|  |TAMS 0x000000008aa00000, 0x000000008aa00000| Untracked 
| 171|0x000000008ab00000, 0x000000008ab00000, 0x000000008ac00000|  0%| F|  |TAMS 0x000000008ab00000, 0x000000008ab00000| Untracked 
| 172|0x000000008ac00000, 0x000000008ac00000, 0x000000008ad00000|  0%| F|  |TAMS 0x000000008ac00000, 0x000000008ac00000| Untracked 
| 173|0x000000008ad00000, 0x000000008ad00000, 0x000000008ae00000|  0%| F|  |TAMS 0x000000008ad00000, 0x000000008ad00000| Untracked 
| 174|0x000000008ae00000, 0x000000008ae00000, 0x000000008af00000|  0%| F|  |TAMS 0x000000008ae00000, 0x000000008ae00000| Untracked 
| 175|0x000000008af00000, 0x000000008af00000, 0x000000008b000000|  0%| F|  |TAMS 0x000000008af00000, 0x000000008af00000| Untracked 
| 176|0x000000008b000000, 0x000000008b000000, 0x000000008b100000|  0%| F|  |TAMS 0x000000008b000000, 0x000000008b000000| Untracked 
| 177|0x000000008b100000, 0x000000008b100000, 0x000000008b200000|  0%| F|  |TAMS 0x000000008b100000, 0x000000008b100000| Untracked 
| 178|0x000000008b200000, 0x000000008b200000, 0x000000008b300000|  0%| F|  |TAMS 0x000000008b200000, 0x000000008b200000| Untracked 
| 179|0x000000008b300000, 0x000000008b300000, 0x000000008b400000|  0%| F|  |TAMS 0x000000008b300000, 0x000000008b300000| Untracked 
| 180|0x000000008b400000, 0x000000008b400000, 0x000000008b500000|  0%| F|  |TAMS 0x000000008b400000, 0x000000008b400000| Untracked 
| 181|0x000000008b500000, 0x000000008b500000, 0x000000008b600000|  0%| F|  |TAMS 0x000000008b500000, 0x000000008b500000| Untracked 
| 182|0x000000008b600000, 0x000000008b600000, 0x000000008b700000|  0%| F|  |TAMS 0x000000008b600000, 0x000000008b600000| Untracked 
| 183|0x000000008b700000, 0x000000008b700000, 0x000000008b800000|  0%| F|  |TAMS 0x000000008b700000, 0x000000008b700000| Untracked 
| 184|0x000000008b800000, 0x000000008b800000, 0x000000008b900000|  0%| F|  |TAMS 0x000000008b800000, 0x000000008b800000| Untracked 
| 185|0x000000008b900000, 0x000000008b900000, 0x000000008ba00000|  0%| F|  |TAMS 0x000000008b900000, 0x000000008b900000| Untracked 
| 186|0x000000008ba00000, 0x000000008ba00000, 0x000000008bb00000|  0%| F|  |TAMS 0x000000008ba00000, 0x000000008ba00000| Untracked 
| 187|0x000000008bb00000, 0x000000008bb00000, 0x000000008bc00000|  0%| F|  |TAMS 0x000000008bb00000, 0x000000008bb00000| Untracked 
| 188|0x000000008bc00000, 0x000000008bc00000, 0x000000008bd00000|  0%| F|  |TAMS 0x000000008bc00000, 0x000000008bc00000| Untracked 
| 189|0x000000008bd00000, 0x000000008bd00000, 0x000000008be00000|  0%| F|  |TAMS 0x000000008bd00000, 0x000000008bd00000| Untracked 
| 190|0x000000008be00000, 0x000000008be00000, 0x000000008bf00000|  0%| F|  |TAMS 0x000000008be00000, 0x000000008be00000| Untracked 
| 191|0x000000008bf00000, 0x000000008bf00000, 0x000000008c000000|  0%| F|  |TAMS 0x000000008bf00000, 0x000000008bf00000| Untracked 
| 192|0x000000008c000000, 0x000000008c000000, 0x000000008c100000|  0%| F|  |TAMS 0x000000008c000000, 0x000000008c000000| Untracked 
| 193|0x000000008c100000, 0x000000008c100000, 0x000000008c200000|  0%| F|  |TAMS 0x000000008c100000, 0x000000008c100000| Untracked 
| 194|0x000000008c200000, 0x000000008c200000, 0x000000008c300000|  0%| F|  |TAMS 0x000000008c200000, 0x000000008c200000| Untracked 
| 195|0x000000008c300000, 0x000000008c300000, 0x000000008c400000|  0%| F|  |TAMS 0x000000008c300000, 0x000000008c300000| Untracked 
| 196|0x000000008c400000, 0x000000008c400000, 0x000000008c500000|  0%| F|  |TAMS 0x000000008c400000, 0x000000008c400000| Untracked 
| 197|0x000000008c500000, 0x000000008c500000, 0x000000008c600000|  0%| F|  |TAMS 0x000000008c500000, 0x000000008c500000| Untracked 
| 198|0x000000008c600000, 0x000000008c600000, 0x000000008c700000|  0%| F|  |TAMS 0x000000008c600000, 0x000000008c600000| Untracked 
| 199|0x000000008c700000, 0x000000008c700000, 0x000000008c800000|  0%| F|  |TAMS 0x000000008c700000, 0x000000008c700000| Untracked 
| 200|0x000000008c800000, 0x000000008c800000, 0x000000008c900000|  0%| F|  |TAMS 0x000000008c800000, 0x000000008c800000| Untracked 
| 201|0x000000008c900000, 0x000000008c900000, 0x000000008ca00000|  0%| F|  |TAMS 0x000000008c900000, 0x000000008c900000| Untracked 
| 202|0x000000008ca00000, 0x000000008ca00000, 0x000000008cb00000|  0%| F|  |TAMS 0x000000008ca00000, 0x000000008ca00000| Untracked 
| 203|0x000000008cb00000, 0x000000008cb00000, 0x000000008cc00000|  0%| F|  |TAMS 0x000000008cb00000, 0x000000008cb00000| Untracked 
| 204|0x000000008cc00000, 0x000000008cc00000, 0x000000008cd00000|  0%| F|  |TAMS 0x000000008cc00000, 0x000000008cc00000| Untracked 
| 205|0x000000008cd00000, 0x000000008cd00000, 0x000000008ce00000|  0%| F|  |TAMS 0x000000008cd00000, 0x000000008cd00000| Untracked 
| 206|0x000000008ce00000, 0x000000008ce00000, 0x000000008cf00000|  0%| F|  |TAMS 0x000000008ce00000, 0x000000008ce00000| Untracked 
| 207|0x000000008cf00000, 0x000000008cf00000, 0x000000008d000000|  0%| F|  |TAMS 0x000000008cf00000, 0x000000008cf00000| Untracked 
| 208|0x000000008d000000, 0x000000008d000000, 0x000000008d100000|  0%| F|  |TAMS 0x000000008d000000, 0x000000008d000000| Untracked 
| 209|0x000000008d100000, 0x000000008d100000, 0x000000008d200000|  0%| F|  |TAMS 0x000000008d100000, 0x000000008d100000| Untracked 
| 210|0x000000008d200000, 0x000000008d300000, 0x000000008d300000|100%| S|CS|TAMS 0x000000008d200000, 0x000000008d200000| Complete 
| 211|0x000000008d300000, 0x000000008d400000, 0x000000008d400000|100%| S|CS|TAMS 0x000000008d300000, 0x000000008d300000| Complete 
| 212|0x000000008d400000, 0x000000008d500000, 0x000000008d500000|100%| S|CS|TAMS 0x000000008d400000, 0x000000008d400000| Complete 
| 213|0x000000008d500000, 0x000000008d600000, 0x000000008d600000|100%| S|CS|TAMS 0x000000008d500000, 0x000000008d500000| Complete 
| 214|0x000000008d600000, 0x000000008d700000, 0x000000008d700000|100%| S|CS|TAMS 0x000000008d600000, 0x000000008d600000| Complete 
| 215|0x000000008d700000, 0x000000008d800000, 0x000000008d800000|100%| S|CS|TAMS 0x000000008d700000, 0x000000008d700000| Complete 
| 216|0x000000008d800000, 0x000000008d900000, 0x000000008d900000|100%| S|CS|TAMS 0x000000008d800000, 0x000000008d800000| Complete 
| 217|0x000000008d900000, 0x000000008da00000, 0x000000008da00000|100%| S|CS|TAMS 0x000000008d900000, 0x000000008d900000| Complete 
| 218|0x000000008da00000, 0x000000008db00000, 0x000000008db00000|100%| S|CS|TAMS 0x000000008da00000, 0x000000008da00000| Complete 
| 219|0x000000008db00000, 0x000000008dc00000, 0x000000008dc00000|100%| S|CS|TAMS 0x000000008db00000, 0x000000008db00000| Complete 
| 220|0x000000008dc00000, 0x000000008dd00000, 0x000000008dd00000|100%| S|CS|TAMS 0x000000008dc00000, 0x000000008dc00000| Complete 
| 221|0x000000008dd00000, 0x000000008de00000, 0x000000008de00000|100%| S|CS|TAMS 0x000000008dd00000, 0x000000008dd00000| Complete 
| 222|0x000000008de00000, 0x000000008df00000, 0x000000008df00000|100%| S|CS|TAMS 0x000000008de00000, 0x000000008de00000| Complete 
| 223|0x000000008df00000, 0x000000008df00000, 0x000000008e000000|  0%| F|  |TAMS 0x000000008df00000, 0x000000008df00000| Untracked 
| 224|0x000000008e000000, 0x000000008e000000, 0x000000008e100000|  0%| F|  |TAMS 0x000000008e000000, 0x000000008e000000| Untracked 
| 225|0x000000008e100000, 0x000000008e100000, 0x000000008e200000|  0%| F|  |TAMS 0x000000008e100000, 0x000000008e100000| Untracked 
| 226|0x000000008e200000, 0x000000008e200000, 0x000000008e300000|  0%| F|  |TAMS 0x000000008e200000, 0x000000008e200000| Untracked 
| 227|0x000000008e300000, 0x000000008e300000, 0x000000008e400000|  0%| F|  |TAMS 0x000000008e300000, 0x000000008e300000| Untracked 
| 228|0x000000008e400000, 0x000000008e400000, 0x000000008e500000|  0%| F|  |TAMS 0x000000008e400000, 0x000000008e400000| Untracked 
| 229|0x000000008e500000, 0x000000008e500000, 0x000000008e600000|  0%| F|  |TAMS 0x000000008e500000, 0x000000008e500000| Untracked 
| 230|0x000000008e600000, 0x000000008e600000, 0x000000008e700000|  0%| F|  |TAMS 0x000000008e600000, 0x000000008e600000| Untracked 
| 231|0x000000008e700000, 0x000000008e700000, 0x000000008e800000|  0%| F|  |TAMS 0x000000008e700000, 0x000000008e700000| Untracked 
| 232|0x000000008e800000, 0x000000008e800000, 0x000000008e900000|  0%| F|  |TAMS 0x000000008e800000, 0x000000008e800000| Untracked 
| 233|0x000000008e900000, 0x000000008e900000, 0x000000008ea00000|  0%| F|  |TAMS 0x000000008e900000, 0x000000008e900000| Untracked 
| 234|0x000000008ea00000, 0x000000008ea00000, 0x000000008eb00000|  0%| F|  |TAMS 0x000000008ea00000, 0x000000008ea00000| Untracked 
| 235|0x000000008eb00000, 0x000000008eb00000, 0x000000008ec00000|  0%| F|  |TAMS 0x000000008eb00000, 0x000000008eb00000| Untracked 
| 236|0x000000008ec00000, 0x000000008ec00000, 0x000000008ed00000|  0%| F|  |TAMS 0x000000008ec00000, 0x000000008ec00000| Untracked 
| 237|0x000000008ed00000, 0x000000008ed00000, 0x000000008ee00000|  0%| F|  |TAMS 0x000000008ed00000, 0x000000008ed00000| Untracked 
| 238|0x000000008ee00000, 0x000000008ee00000, 0x000000008ef00000|  0%| F|  |TAMS 0x000000008ee00000, 0x000000008ee00000| Untracked 
| 239|0x000000008ef00000, 0x000000008ef00000, 0x000000008f000000|  0%| F|  |TAMS 0x000000008ef00000, 0x000000008ef00000| Untracked 
| 240|0x000000008f000000, 0x000000008f000000, 0x000000008f100000|  0%| F|  |TAMS 0x000000008f000000, 0x000000008f000000| Untracked 
| 241|0x000000008f100000, 0x000000008f100000, 0x000000008f200000|  0%| F|  |TAMS 0x000000008f100000, 0x000000008f100000| Untracked 
| 242|0x000000008f200000, 0x000000008f200000, 0x000000008f300000|  0%| F|  |TAMS 0x000000008f200000, 0x000000008f200000| Untracked 
| 243|0x000000008f300000, 0x000000008f300000, 0x000000008f400000|  0%| F|  |TAMS 0x000000008f300000, 0x000000008f300000| Untracked 
| 244|0x000000008f400000, 0x000000008f400000, 0x000000008f500000|  0%| F|  |TAMS 0x000000008f400000, 0x000000008f400000| Untracked 
| 245|0x000000008f500000, 0x000000008f500000, 0x000000008f600000|  0%| F|  |TAMS 0x000000008f500000, 0x000000008f500000| Untracked 
| 246|0x000000008f600000, 0x000000008f600000, 0x000000008f700000|  0%| F|  |TAMS 0x000000008f600000, 0x000000008f600000| Untracked 
| 247|0x000000008f700000, 0x000000008f700000, 0x000000008f800000|  0%| F|  |TAMS 0x000000008f700000, 0x000000008f700000| Untracked 
| 248|0x000000008f800000, 0x000000008f800000, 0x000000008f900000|  0%| F|  |TAMS 0x000000008f800000, 0x000000008f800000| Untracked 
| 249|0x000000008f900000, 0x000000008f900000, 0x000000008fa00000|  0%| F|  |TAMS 0x000000008f900000, 0x000000008f900000| Untracked 
| 250|0x000000008fa00000, 0x000000008fa00000, 0x000000008fb00000|  0%| F|  |TAMS 0x000000008fa00000, 0x000000008fa00000| Untracked 
| 251|0x000000008fb00000, 0x000000008fb00000, 0x000000008fc00000|  0%| F|  |TAMS 0x000000008fb00000, 0x000000008fb00000| Untracked 
| 252|0x000000008fc00000, 0x000000008fc00000, 0x000000008fd00000|  0%| F|  |TAMS 0x000000008fc00000, 0x000000008fc00000| Untracked 
| 253|0x000000008fd00000, 0x000000008fd00000, 0x000000008fe00000|  0%| F|  |TAMS 0x000000008fd00000, 0x000000008fd00000| Untracked 
| 254|0x000000008fe00000, 0x000000008fe00000, 0x000000008ff00000|  0%| F|  |TAMS 0x000000008fe00000, 0x000000008fe00000| Untracked 
| 255|0x000000008ff00000, 0x000000008ff00000, 0x0000000090000000|  0%| F|  |TAMS 0x000000008ff00000, 0x000000008ff00000| Untracked 
| 256|0x0000000090000000, 0x0000000090000000, 0x0000000090100000|  0%| F|  |TAMS 0x0000000090000000, 0x0000000090000000| Untracked 
| 257|0x0000000090100000, 0x0000000090100000, 0x0000000090200000|  0%| F|  |TAMS 0x0000000090100000, 0x0000000090100000| Untracked 
| 258|0x0000000090200000, 0x0000000090200000, 0x0000000090300000|  0%| F|  |TAMS 0x0000000090200000, 0x0000000090200000| Untracked 
| 259|0x0000000090300000, 0x0000000090300000, 0x0000000090400000|  0%| F|  |TAMS 0x0000000090300000, 0x0000000090300000| Untracked 
| 260|0x0000000090400000, 0x0000000090400000, 0x0000000090500000|  0%| F|  |TAMS 0x0000000090400000, 0x0000000090400000| Untracked 
| 261|0x0000000090500000, 0x0000000090500000, 0x0000000090600000|  0%| F|  |TAMS 0x0000000090500000, 0x0000000090500000| Untracked 
| 262|0x0000000090600000, 0x0000000090600000, 0x0000000090700000|  0%| F|  |TAMS 0x0000000090600000, 0x0000000090600000| Untracked 
| 263|0x0000000090700000, 0x0000000090700000, 0x0000000090800000|  0%| F|  |TAMS 0x0000000090700000, 0x0000000090700000| Untracked 
| 264|0x0000000090800000, 0x0000000090800000, 0x0000000090900000|  0%| F|  |TAMS 0x0000000090800000, 0x0000000090800000| Untracked 
| 265|0x0000000090900000, 0x0000000090900000, 0x0000000090a00000|  0%| F|  |TAMS 0x0000000090900000, 0x0000000090900000| Untracked 
| 266|0x0000000090a00000, 0x0000000090a00000, 0x0000000090b00000|  0%| F|  |TAMS 0x0000000090a00000, 0x0000000090a00000| Untracked 
| 267|0x0000000090b00000, 0x0000000090b00000, 0x0000000090c00000|  0%| F|  |TAMS 0x0000000090b00000, 0x0000000090b00000| Untracked 
| 268|0x0000000090c00000, 0x0000000090c00000, 0x0000000090d00000|  0%| F|  |TAMS 0x0000000090c00000, 0x0000000090c00000| Untracked 
| 269|0x0000000090d00000, 0x0000000090d00000, 0x0000000090e00000|  0%| F|  |TAMS 0x0000000090d00000, 0x0000000090d00000| Untracked 
| 270|0x0000000090e00000, 0x0000000090e00000, 0x0000000090f00000|  0%| F|  |TAMS 0x0000000090e00000, 0x0000000090e00000| Untracked 
| 271|0x0000000090f00000, 0x0000000090f6ea40, 0x0000000091000000| 43%| E|  |TAMS 0x0000000090f00000, 0x0000000090f00000| Complete 
| 272|0x0000000091000000, 0x0000000091100000, 0x0000000091100000|100%| E|CS|TAMS 0x0000000091000000, 0x0000000091000000| Complete 
| 273|0x0000000091100000, 0x0000000091200000, 0x0000000091200000|100%| E|CS|TAMS 0x0000000091100000, 0x0000000091100000| Complete 
| 274|0x0000000091200000, 0x0000000091300000, 0x0000000091300000|100%| E|CS|TAMS 0x0000000091200000, 0x0000000091200000| Complete 
| 275|0x0000000091300000, 0x0000000091400000, 0x0000000091400000|100%| E|  |TAMS 0x0000000091300000, 0x0000000091300000| Complete 
| 276|0x0000000091400000, 0x0000000091500000, 0x0000000091500000|100%| E|CS|TAMS 0x0000000091400000, 0x0000000091400000| Complete 
| 277|0x0000000091500000, 0x0000000091600000, 0x0000000091600000|100%| E|CS|TAMS 0x0000000091500000, 0x0000000091500000| Complete 

Card table byte_map: [0x0000022af4190000,0x0000022af4590000] _byte_map_base: 0x0000022af3d90000

Marking Bits (Prev, Next): (CMBitMap*) 0x0000022ae12c1208, (CMBitMap*) 0x0000022ae12c1240
 Prev Bits: [0x0000022af4990000, 0x0000022af6990000)
 Next Bits: [0x0000022af6990000, 0x0000022af8990000)

Polling page: 0x0000022adf430000

Metaspace:

Usage:
  Non-class:     78.98 MB capacity,    77.71 MB ( 98%) used,     1.02 MB (  1%) free+waste,   259.44 KB ( <1%) overhead. 
      Class:     12.37 MB capacity,    11.58 MB ( 94%) used,   689.94 KB (  5%) free+waste,   115.50 KB ( <1%) overhead. 
       Both:     91.35 MB capacity,    89.29 MB ( 98%) used,     1.69 MB (  2%) free+waste,   374.94 KB ( <1%) overhead. 

Virtual space:
  Non-class space:       94.00 MB reserved,      79.04 MB ( 84%) committed 
      Class space:        1.00 GB reserved,      12.45 MB (  1%) committed 
             Both:        1.09 GB reserved,      91.48 MB (  8%) committed 

Chunk freelists:
   Non-Class:  56.00 KB
       Class:  7.00 KB
        Both:  63.00 KB

MaxMetaspaceSize: 17179869184.00 GB
CompressedClassSpaceSize: 1.00 GB
Initial GC threshold: 20.80 MB
Current GC threshold: 112.71 MB
CDS: off

CodeHeap 'non-profiled nmethods': size=120064Kb used=6234Kb max_used=6234Kb free=113829Kb
 bounds [0x0000022aec850000, 0x0000022aece70000, 0x0000022af3d90000]
CodeHeap 'profiled nmethods': size=120000Kb used=22911Kb max_used=22911Kb free=97088Kb
 bounds [0x0000022ae5320000, 0x0000022ae6980000, 0x0000022aec850000]
CodeHeap 'non-nmethods': size=5696Kb used=2376Kb max_used=2442Kb free=3319Kb
 bounds [0x0000022ae4d90000, 0x0000022ae5000000, 0x0000022ae5320000]
 total_blobs=11568 nmethods=10676 adapters=804
 compilation: enabled
              stopped_count=0, restarted_count=0
 full_count=0

Compilation events (20 events):
Event: 28.455 Thread 0x0000022afdfdc800 10724       4       java.io.BufferedInputStream::fill (236 bytes)
Event: 28.457 Thread 0x0000022afdfdc800 nmethod 10724 0x0000022aece63010 code [0x0000022aece631a0, 0x0000022aece63298]
Event: 28.482 Thread 0x0000022afb71c000 10725       3       kotlin.reflect.jvm.internal.impl.name.FqName::isRoot (8 bytes)
Event: 28.482 Thread 0x0000022afb71c000 nmethod 10725 0x0000022ae697c910 code [0x0000022ae697cae0, 0x0000022ae697cd18]
Event: 28.486 Thread 0x0000022afb717800 10726       4       sun.net.www.protocol.jar.Handler::indexOfBangSlash (52 bytes)
Event: 28.486 Thread 0x0000022afdfdc800 10727       4       sun.net.www.protocol.jar.Handler::parseContextSpec (150 bytes)
Event: 28.494 Thread 0x0000022afb717800 nmethod 10726 0x0000022aece63410 code [0x0000022aece635c0, 0x0000022aece63858]
Event: 28.494 Thread 0x0000022afb717800 10729       4       java.net.URLStreamHandler::setURL (159 bytes)
Event: 28.505 Thread 0x0000022afdfdc800 nmethod 10727 0x0000022aece63a90 code [0x0000022aece63c60, 0x0000022aece642b8]
Event: 28.505 Thread 0x0000022afdfdc800 10728       4       sun.net.www.ParseUtil::canonizeString (38 bytes)
Event: 28.509 Thread 0x0000022afdfdc800 nmethod 10728 0x0000022aece64710 code [0x0000022aece648a0, 0x0000022aece64a38]
Event: 28.510 Thread 0x0000022afb71c000 10730   !   3       java.util.concurrent.ConcurrentHashMap::putVal (432 bytes)
Event: 28.511 Thread 0x0000022afdfdc800 10731       4       java.io.BufferedInputStream::getInIfOpen (21 bytes)
Event: 28.511 Thread 0x0000022afdfdc800 nmethod 10731 0x0000022aece64c10 code [0x0000022aece64da0, 0x0000022aece64e18]
Event: 28.543 Thread 0x0000022afb71c000 nmethod 10730 0x0000022ae697ce90 code [0x0000022ae697d220, 0x0000022ae697f358]
Event: 28.544 Thread 0x0000022afdfdc800 10732       4       jdk.internal.misc.InnocuousThread::eraseThreadLocals (23 bytes)
Event: 28.545 Thread 0x0000022afdfdc800 nmethod 10732 0x0000022aece64f10 code [0x0000022aece650a0, 0x0000022aece65198]
Event: 28.552 Thread 0x0000022afdfdc800 10733       4       sun.nio.fs.WindowsFileAttributes::<init> (57 bytes)
Event: 28.553 Thread 0x0000022afdfdc800 nmethod 10733 0x0000022aece65210 code [0x0000022aece653a0, 0x0000022aece65438]
Event: 28.558 Thread 0x0000022afb717800 nmethod 10729 0x0000022aece65510 code [0x0000022aece656e0, 0x0000022aece66328]

GC Heap History (20 events):
Event: 12.519 GC heap before
{Heap before GC invocations=9 (full 0):
 garbage-first heap   total 196608K, used 106496K [0x0000000080000000, 0x0000000100000000)
  region size 1024K, 86 young (88064K), 6 survivors (6144K)
 Metaspace       used 41665K, capacity 42696K, committed 42824K, reserved 1087488K
  class space    used 5348K, capacity 5721K, committed 5836K, reserved 1048576K
}
Event: 12.541 GC heap after
{Heap after GC invocations=10 (full 0):
 garbage-first heap   total 196608K, used 29143K [0x0000000080000000, 0x0000000100000000)
  region size 1024K, 11 young (11264K), 11 survivors (11264K)
 Metaspace       used 41665K, capacity 42696K, committed 42824K, reserved 1087488K
  class space    used 5348K, capacity 5721K, committed 5836K, reserved 1048576K
}
Event: 14.481 GC heap before
{Heap before GC invocations=10 (full 0):
 garbage-first heap   total 196608K, used 120279K [0x0000000080000000, 0x0000000100000000)
  region size 1024K, 100 young (102400K), 11 survivors (11264K)
 Metaspace       used 48176K, capacity 49390K, committed 49608K, reserved 1091584K
  class space    used 6176K, capacity 6649K, committed 6732K, reserved 1048576K
}
Event: 14.506 GC heap after
{Heap after GC invocations=11 (full 0):
 garbage-first heap   total 196608K, used 32894K [0x0000000080000000, 0x0000000100000000)
  region size 1024K, 10 young (10240K), 10 survivors (10240K)
 Metaspace       used 48176K, capacity 49390K, committed 49608K, reserved 1091584K
  class space    used 6176K, capacity 6649K, committed 6732K, reserved 1048576K
}
Event: 16.951 GC heap before
{Heap before GC invocations=11 (full 0):
 garbage-first heap   total 196608K, used 138366K [0x0000000080000000, 0x0000000100000000)
  region size 1024K, 106 young (108544K), 10 survivors (10240K)
 Metaspace       used 58049K, capacity 59438K, committed 59592K, reserved 1101824K
  class space    used 7398K, capacity 7929K, committed 8012K, reserved 1048576K
}
Event: 16.993 GC heap after
{Heap after GC invocations=12 (full 0):
 garbage-first heap   total 236544K, used 51200K [0x0000000080000000, 0x0000000100000000)
  region size 1024K, 14 young (14336K), 14 survivors (14336K)
 Metaspace       used 58049K, capacity 59438K, committed 59592K, reserved 1101824K
  class space    used 7398K, capacity 7929K, committed 8012K, reserved 1048576K
}
Event: 17.042 GC heap before
{Heap before GC invocations=12 (full 0):
 garbage-first heap   total 236544K, used 51200K [0x0000000080000000, 0x0000000100000000)
  region size 1024K, 15 young (15360K), 14 survivors (14336K)
 Metaspace       used 58489K, capacity 59898K, committed 60068K, reserved 1101824K
  class space    used 7452K, capacity 7997K, committed 8012K, reserved 1048576K
}
Event: 17.097 GC heap after
{Heap after GC invocations=13 (full 0):
 garbage-first heap   total 236544K, used 53248K [0x0000000080000000, 0x0000000100000000)
  region size 1024K, 2 young (2048K), 2 survivors (2048K)
 Metaspace       used 58489K, capacity 59898K, committed 60068K, reserved 1101824K
  class space    used 7452K, capacity 7997K, committed 8012K, reserved 1048576K
}
Event: 19.235 GC heap before
{Heap before GC invocations=14 (full 0):
 garbage-first heap   total 236544K, used 140288K [0x0000000080000000, 0x0000000100000000)
  region size 1024K, 87 young (89088K), 2 survivors (2048K)
 Metaspace       used 67108K, capacity 68619K, committed 68848K, reserved 1110016K
  class space    used 8539K, capacity 9119K, committed 9164K, reserved 1048576K
}
Event: 19.249 GC heap after
{Heap after GC invocations=15 (full 0):
 garbage-first heap   total 236544K, used 57344K [0x0000000080000000, 0x0000000100000000)
  region size 1024K, 6 young (6144K), 6 survivors (6144K)
 Metaspace       used 67108K, capacity 68619K, committed 68848K, reserved 1110016K
  class space    used 8539K, capacity 9119K, committed 9164K, reserved 1048576K
}
Event: 21.139 GC heap before
{Heap before GC invocations=16 (full 0):
 garbage-first heap   total 236544K, used 149504K [0x0000000080000000, 0x0000000100000000)
  region size 1024K, 96 young (98304K), 6 survivors (6144K)
 Metaspace       used 73350K, capacity 74928K, committed 75248K, reserved 1114112K
  class space    used 9501K, capacity 10103K, committed 10188K, reserved 1048576K
}
Event: 21.161 GC heap after
{Heap after GC invocations=17 (full 0):
 garbage-first heap   total 236544K, used 63940K [0x0000000080000000, 0x0000000100000000)
  region size 1024K, 12 young (12288K), 12 survivors (12288K)
 Metaspace       used 73350K, capacity 74928K, committed 75248K, reserved 1114112K
  class space    used 9501K, capacity 10103K, committed 10188K, reserved 1048576K
}
Event: 23.543 GC heap before
{Heap before GC invocations=17 (full 0):
 garbage-first heap   total 236544K, used 157124K [0x0000000080000000, 0x0000000100000000)
  region size 1024K, 103 young (105472K), 12 survivors (12288K)
 Metaspace       used 82081K, capacity 83833K, committed 83952K, reserved 1122304K
  class space    used 10687K, capacity 11372K, committed 11468K, reserved 1048576K
}
Event: 23.573 GC heap after
{Heap after GC invocations=18 (full 0):
 garbage-first heap   total 236544K, used 70922K [0x0000000080000000, 0x0000000100000000)
  region size 1024K, 13 young (13312K), 13 survivors (13312K)
 Metaspace       used 82081K, capacity 83833K, committed 83952K, reserved 1122304K
  class space    used 10687K, capacity 11372K, committed 11468K, reserved 1048576K
}
Event: 26.085 GC heap before
{Heap before GC invocations=18 (full 0):
 garbage-first heap   total 236544K, used 164106K [0x0000000080000000, 0x0000000100000000)
  region size 1024K, 105 young (107520K), 13 survivors (13312K)
 Metaspace       used 85460K, capacity 87499K, committed 87792K, reserved 1126400K
  class space    used 11158K, capacity 11935K, committed 11980K, reserved 1048576K
}
Event: 26.127 GC heap after
{Heap after GC invocations=19 (full 0):
 garbage-first heap   total 236544K, used 77477K [0x0000000080000000, 0x0000000100000000)
  region size 1024K, 13 young (13312K), 13 survivors (13312K)
 Metaspace       used 85460K, capacity 87499K, committed 87792K, reserved 1126400K
  class space    used 11158K, capacity 11935K, committed 11980K, reserved 1048576K
}
Event: 27.990 GC heap before
{Heap before GC invocations=19 (full 0):
 garbage-first heap   total 236544K, used 170661K [0x0000000080000000, 0x0000000100000000)
  region size 1024K, 105 young (107520K), 13 survivors (13312K)
 Metaspace       used 88594K, capacity 90692K, committed 90992K, reserved 1128448K
  class space    used 11476K, capacity 12250K, committed 12364K, reserved 1048576K
}
Event: 28.029 GC heap after
{Heap after GC invocations=20 (full 0):
 garbage-first heap   total 284672K, used 83006K [0x0000000080000000, 0x0000000100000000)
  region size 1024K, 13 young (13312K), 13 survivors (13312K)
 Metaspace       used 88594K, capacity 90692K, committed 90992K, reserved 1128448K
  class space    used 11476K, capacity 12250K, committed 12364K, reserved 1048576K
}
Event: 28.513 GC heap before
{Heap before GC invocations=20 (full 0):
 garbage-first heap   total 284672K, used 137278K [0x0000000080000000, 0x0000000100000000)
  region size 1024K, 68 young (69632K), 13 survivors (13312K)
 Metaspace       used 91159K, capacity 93253K, committed 93424K, reserved 1136640K
  class space    used 11824K, capacity 12633K, committed 12748K, reserved 1048576K
}
Event: 28.543 GC heap after
{Heap after GC invocations=21 (full 0):
 garbage-first heap   total 284672K, used 90112K [0x0000000080000000, 0x0000000100000000)
  region size 1024K, 13 young (13312K), 13 survivors (13312K)
 Metaspace       used 91159K, capacity 93253K, committed 93424K, reserved 1136640K
  class space    used 11824K, capacity 12633K, committed 12748K, reserved 1048576K
}

Deoptimization events (20 events):
Event: 28.255 Thread 0x0000022a8193b000 Uncommon trap: trap_request=0xffffffc6 fr.pc=0x0000022aecc14d0c relative=0x00000000000013cc
Event: 28.255 Thread 0x0000022a8193b000 Uncommon trap: reason=bimorphic_or_optimized_type_check action=maybe_recompile pc=0x0000022aecc14d0c method=java.util.zip.ZipFile.getZipEntry(Ljava/lang/String;[BILjava/util/function/Function;)Ljava/util/zip/ZipEntry; @ 108 c2
Event: 28.255 Thread 0x0000022a8193b000 DEOPT PACKING pc=0x0000022aecc14d0c sp=0x0000006af96fb200
Event: 28.255 Thread 0x0000022a8193b000 DEOPT UNPACKING pc=0x0000022ae4dda1af sp=0x0000006af96fb1b8 mode 2
Event: 28.289 Thread 0x0000022a8193b000 Uncommon trap: trap_request=0xffffff4d fr.pc=0x0000022aec882160 relative=0x0000000000000780
Event: 28.289 Thread 0x0000022a8193b000 Uncommon trap: reason=unstable_if action=reinterpret pc=0x0000022aec882160 method=java.util.zip.ZipFile$Source.getEntryPos([BZ)I @ 105 c2
Event: 28.289 Thread 0x0000022a8193b000 DEOPT PACKING pc=0x0000022aec882160 sp=0x0000006af96f7740
Event: 28.289 Thread 0x0000022a8193b000 DEOPT UNPACKING pc=0x0000022ae4dda1af sp=0x0000006af96f76e0 mode 2
Event: 28.491 Thread 0x0000022a8197e800 Uncommon trap: trap_request=0xffffff4d fr.pc=0x0000022aece31f7c relative=0x000000000000149c
Event: 28.491 Thread 0x0000022a8197e800 Uncommon trap: reason=unstable_if action=reinterpret pc=0x0000022aece31f7c method=java.util.concurrent.ConcurrentHashMap.putVal(Ljava/lang/Object;Ljava/lang/Object;Z)Ljava/lang/Object; @ 162 c2
Event: 28.491 Thread 0x0000022a8197e800 DEOPT PACKING pc=0x0000022aece31f7c sp=0x0000006afa8f8cb0
Event: 28.491 Thread 0x0000022a8197e800 DEOPT UNPACKING pc=0x0000022ae4dda1af sp=0x0000006afa8f8c48 mode 2
Event: 28.491 Thread 0x0000022a8197e800 Uncommon trap: trap_request=0xffffff4d fr.pc=0x0000022aecd4d6c8 relative=0x0000000000000168
Event: 28.491 Thread 0x0000022a8197e800 Uncommon trap: reason=unstable_if action=reinterpret pc=0x0000022aecd4d6c8 method=com.google.common.collect.MapMakerInternalMap$Segment.getEntry(Ljava/lang/Object;I)Lcom/google/common/collect/MapMakerInternalMap$InternalEntry; @ 63 c2
Event: 28.491 Thread 0x0000022a8197e800 DEOPT PACKING pc=0x0000022aecd4d6c8 sp=0x0000006afa8f8b70
Event: 28.491 Thread 0x0000022a8197e800 DEOPT UNPACKING pc=0x0000022ae4dda1af sp=0x0000006afa8f8b28 mode 2
Event: 28.491 Thread 0x0000022a8197e800 Uncommon trap: trap_request=0xffffff4d fr.pc=0x0000022aecd52bd4 relative=0x0000000000001c14
Event: 28.491 Thread 0x0000022a8197e800 Uncommon trap: reason=unstable_if action=reinterpret pc=0x0000022aecd52bd4 method=com.google.common.collect.MapMakerInternalMap$Segment.put(Ljava/lang/Object;ILjava/lang/Object;Z)Ljava/lang/Object; @ 92 c2
Event: 28.491 Thread 0x0000022a8197e800 DEOPT PACKING pc=0x0000022aecd52bd4 sp=0x0000006afa8f8bb0
Event: 28.491 Thread 0x0000022a8197e800 DEOPT UNPACKING pc=0x0000022ae4dda1af sp=0x0000006afa8f8b58 mode 2

Classes redefined (0 events):
No events

Internal exceptions (20 events):
Event: 26.235 Thread 0x0000022afca10800 Exception <a 'java/lang/NoSuchMethodError'{0x000000008e134828}: <clinit>> (0x000000008e134828) thrown at [./src/hotspot/share/prims/jni.cpp, line 1365]
Event: 26.235 Thread 0x0000022afca10800 Exception <a 'java/lang/NoSuchMethodError'{0x000000008e137428}: <clinit>> (0x000000008e137428) thrown at [./src/hotspot/share/prims/jni.cpp, line 1365]
Event: 26.239 Thread 0x0000022afca10800 Exception <a 'java/lang/NoSuchMethodError'{0x000000008e14e498}: <clinit>> (0x000000008e14e498) thrown at [./src/hotspot/share/prims/jni.cpp, line 1365]
Event: 26.239 Thread 0x0000022afca10800 Exception <a 'java/lang/NoSuchMethodError'{0x000000008e14f6d0}: <clinit>> (0x000000008e14f6d0) thrown at [./src/hotspot/share/prims/jni.cpp, line 1365]
Event: 26.797 Thread 0x0000022afca10800 Exception <a 'java/lang/NoSuchMethodError'{0x000000008c552950}: 'void java.lang.invoke.DirectMethodHandle$Holder.invokeVirtual(java.lang.Object, java.lang.Object)'> (0x000000008c552950) thrown at [./src/hotspot/share/interpreter/linkResolver.cpp, line 773]
Event: 26.859 Thread 0x0000022afca10800 Exception <a 'sun/nio/fs/WindowsException'{0x000000008c3dd3a8}> (0x000000008c3dd3a8) thrown at [./src/hotspot/share/prims/jni.cpp, line 615]
Event: 26.859 Thread 0x0000022afca10800 Exception <a 'sun/nio/fs/WindowsException'{0x000000008c3de270}> (0x000000008c3de270) thrown at [./src/hotspot/share/prims/jni.cpp, line 615]
Event: 26.860 Thread 0x0000022afca10800 Exception <a 'sun/nio/fs/WindowsException'{0x000000008c3de6b8}> (0x000000008c3de6b8) thrown at [./src/hotspot/share/prims/jni.cpp, line 615]
Event: 26.860 Thread 0x0000022afca10800 Exception <a 'sun/nio/fs/WindowsException'{0x000000008c3df560}> (0x000000008c3df560) thrown at [./src/hotspot/share/prims/jni.cpp, line 615]
Event: 26.860 Thread 0x0000022afca10800 Exception <a 'sun/nio/fs/WindowsException'{0x000000008c3df8c0}> (0x000000008c3df8c0) thrown at [./src/hotspot/share/prims/jni.cpp, line 615]
Event: 26.860 Thread 0x0000022afca10800 Exception <a 'sun/nio/fs/WindowsException'{0x000000008c3e0780}> (0x000000008c3e0780) thrown at [./src/hotspot/share/prims/jni.cpp, line 615]
Event: 26.860 Thread 0x0000022afca10800 Exception <a 'sun/nio/fs/WindowsException'{0x000000008c3e0a80}> (0x000000008c3e0a80) thrown at [./src/hotspot/share/prims/jni.cpp, line 615]
Event: 26.860 Thread 0x0000022afca10800 Exception <a 'sun/nio/fs/WindowsException'{0x000000008c3e1910}> (0x000000008c3e1910) thrown at [./src/hotspot/share/prims/jni.cpp, line 615]
Event: 26.887 Thread 0x0000022afca10800 Exception <a 'java/lang/NoSuchMethodError'{0x000000008c16c2e0}: <clinit>> (0x000000008c16c2e0) thrown at [./src/hotspot/share/prims/jni.cpp, line 1365]
Event: 26.892 Thread 0x0000022afca10800 Exception <a 'java/lang/NoSuchMethodError'{0x000000008c1a00c8}: <clinit>> (0x000000008c1a00c8) thrown at [./src/hotspot/share/prims/jni.cpp, line 1365]
Event: 26.896 Thread 0x0000022afca10800 Exception <a 'java/lang/NoSuchMethodError'{0x000000008c1cf6e8}: <clinit>> (0x000000008c1cf6e8) thrown at [./src/hotspot/share/prims/jni.cpp, line 1365]
Event: 26.898 Thread 0x0000022afca10800 Exception <a 'java/lang/NoSuchMethodError'{0x000000008c1e20f8}: <clinit>> (0x000000008c1e20f8) thrown at [./src/hotspot/share/prims/jni.cpp, line 1365]
Event: 28.086 Thread 0x0000022a8193b000 Exception <a 'java/lang/NoSuchMethodError'{0x00000000912f5140}: 'java.lang.Object java.lang.invoke.DirectMethodHandle$Holder.newInvokeSpecial(java.lang.Object, java.lang.Object, java.lang.Object, java.lang.Object)'> (0x00000000912f5140) thrown at [./src/hotspot/share/interpreter/linkResolver.cpp, line 773]
Event: 28.469 Thread 0x0000022a8197e800 Exception <a 'sun/nio/fs/WindowsException'{0x000000008e8f6bf0}> (0x000000008e8f6bf0) thrown at [./src/hotspot/share/prims/jni.cpp, line 615]
Event: 28.469 Thread 0x0000022a81945000 Exception <a 'sun/nio/fs/WindowsException'{0x000000008e756120}> (0x000000008e756120) thrown at [./src/hotspot/share/prims/jni.cpp, line 615]

Events (20 events):
Event: 28.565 loading class com/android/tools/r8/internal/YP done
Event: 28.566 loading class com/android/tools/r8/internal/WP
Event: 28.566 loading class com/android/tools/r8/internal/WP done
Event: 28.566 loading class com/android/tools/r8/internal/tn
Event: 28.566 loading class com/android/tools/r8/internal/tn done
Event: 28.567 loading class kotlin/reflect/jvm/internal/impl/protobuf/BoundedByteString
Event: 28.567 loading class kotlin/reflect/jvm/internal/impl/protobuf/BoundedByteString done
Event: 28.567 loading class com/android/tools/r8/internal/Om
Event: 28.567 loading class com/android/tools/r8/internal/Om done
Event: 28.568 loading class com/android/tools/r8/internal/um
Event: 28.568 loading class com/android/tools/r8/internal/um done
Event: 28.569 loading class com/android/tools/r8/internal/t0
Event: 28.569 loading class com/android/tools/r8/internal/t0 done
Event: 28.570 loading class kotlin/reflect/jvm/internal/impl/protobuf/CodedOutputStream
Event: 28.570 loading class kotlin/reflect/jvm/internal/impl/protobuf/CodedOutputStream done
Event: 28.570 loading class com/android/tools/r8/internal/Nm
Event: 28.570 loading class com/android/tools/r8/internal/Nm done
Event: 28.571 loading class com/android/tools/r8/internal/XP
Event: 28.571 loading class com/android/tools/r8/internal/XP done
Event: 28.571 Executing VM operation: CollectForMetadataAllocation


Dynamic libraries:
0x00007ff68c300000 - 0x00007ff68c30a000 	C:\Program Files\Android\Android Studio\jre\bin\java.exe
0x00007ff9d5c90000 - 0x00007ff9d5e88000 	C:\Windows\SYSTEM32\ntdll.dll
0x00007ff9d55f0000 - 0x00007ff9d56af000 	C:\Windows\System32\KERNEL32.DLL
0x00007ff9d3a00000 - 0x00007ff9d3cd2000 	C:\Windows\System32\KERNELBASE.dll
0x00007ff9d37a0000 - 0x00007ff9d38a0000 	C:\Windows\System32\ucrtbase.dll
0x00007ff9bd090000 - 0x00007ff9bd0a7000 	C:\Program Files\Android\Android Studio\jre\bin\VCRUNTIME140.dll
0x00007ff9bd070000 - 0x00007ff9bd089000 	C:\Program Files\Android\Android Studio\jre\bin\jli.dll
0x00007ff9d4ed0000 - 0x00007ff9d506d000 	C:\Windows\System32\USER32.dll
0x00007ff9c3790000 - 0x00007ff9c3a2a000 	C:\Windows\WinSxS\amd64_microsoft.windows.common-controls_6595b64144ccf1df_6.0.19041.1110_none_60b5254171f9507e\COMCTL32.dll
0x00007ff9d3470000 - 0x00007ff9d3492000 	C:\Windows\System32\win32u.dll
0x00007ff9d3ce0000 - 0x00007ff9d3d7e000 	C:\Windows\System32\msvcrt.dll
0x00007ff9d4ea0000 - 0x00007ff9d4ecb000 	C:\Windows\System32\GDI32.dll
0x00007ff9d34f0000 - 0x00007ff9d35ff000 	C:\Windows\System32\gdi32full.dll
0x00007ff9d3600000 - 0x00007ff9d369d000 	C:\Windows\System32\msvcp_win.dll
0x00007ff9d58b0000 - 0x00007ff9d58e2000 	C:\Windows\System32\IMM32.DLL
0x00007ff9b5db0000 - 0x00007ff9b5e4d000 	C:\Program Files\Android\Android Studio\jre\bin\msvcp140.dll
0x00007ff96b200000 - 0x00007ff96bce5000 	C:\Program Files\Android\Android Studio\jre\bin\server\jvm.dll
0x00007ff9d5800000 - 0x00007ff9d58ae000 	C:\Windows\System32\ADVAPI32.dll
0x00007ff9d3e60000 - 0x00007ff9d3efc000 	C:\Windows\System32\sechost.dll
0x00007ff9d52e0000 - 0x00007ff9d5405000 	C:\Windows\System32\RPCRT4.dll
0x00007ff9d4e20000 - 0x00007ff9d4e28000 	C:\Windows\System32\PSAPI.DLL
0x00007ff9c1b50000 - 0x00007ff9c1b77000 	C:\Windows\SYSTEM32\WINMM.dll
0x00007ff9be390000 - 0x00007ff9be399000 	C:\Windows\SYSTEM32\WSOCK32.dll
0x00007ff9c9df0000 - 0x00007ff9c9dfa000 	C:\Windows\SYSTEM32\VERSION.dll
0x00007ff9d4e30000 - 0x00007ff9d4e9b000 	C:\Windows\System32\WS2_32.dll
0x00007ff9d1280000 - 0x00007ff9d1292000 	C:\Windows\SYSTEM32\kernel.appcore.dll
0x00007ff9b5ba0000 - 0x00007ff9b5bb1000 	C:\Program Files\Android\Android Studio\jre\bin\verify.dll
0x00007ff9b3c50000 - 0x00007ff9b3e34000 	C:\Windows\SYSTEM32\DBGHELP.DLL
0x00007ff9c24b0000 - 0x00007ff9c24dc000 	C:\Windows\SYSTEM32\dbgcore.DLL
0x00007ff9d3710000 - 0x00007ff9d3792000 	C:\Windows\System32\bcryptPrimitives.dll
0x00007ff9b59a0000 - 0x00007ff9b59c9000 	C:\Program Files\Android\Android Studio\jre\bin\java.dll
0x00007ff9c3000000 - 0x00007ff9c300b000 	C:\Program Files\Android\Android Studio\jre\bin\jimage.dll
0x00007ff9b4fb0000 - 0x00007ff9b4fc8000 	C:\Program Files\Android\Android Studio\jre\bin\zip.dll
0x00007ff9d46d0000 - 0x00007ff9d4e13000 	C:\Windows\System32\SHELL32.dll
0x00007ff9d1410000 - 0x00007ff9d1ba2000 	C:\Windows\SYSTEM32\windows.storage.dll
0x00007ff9d58f0000 - 0x00007ff9d5c44000 	C:\Windows\System32\combase.dll
0x00007ff9d2c30000 - 0x00007ff9d2c60000 	C:\Windows\SYSTEM32\Wldp.dll
0x00007ff9d5410000 - 0x00007ff9d54bd000 	C:\Windows\System32\SHCORE.dll
0x00007ff9d5220000 - 0x00007ff9d5275000 	C:\Windows\System32\shlwapi.dll
0x00007ff9d32d0000 - 0x00007ff9d32ef000 	C:\Windows\SYSTEM32\profapi.dll
0x00007ff9b3640000 - 0x00007ff9b365a000 	C:\Program Files\Android\Android Studio\jre\bin\net.dll
0x00007ff9c9c30000 - 0x00007ff9c9d3c000 	C:\Windows\SYSTEM32\WINHTTP.dll
0x00007ff9d2a10000 - 0x00007ff9d2a7a000 	C:\Windows\system32\mswsock.dll
0x00007ff9b21d0000 - 0x00007ff9b21e4000 	C:\Program Files\Android\Android Studio\jre\bin\nio.dll
0x00007ff9b5920000 - 0x00007ff9b5947000 	C:\Users\user\.gradle\native\e1d6ef7f7dcc3fd88c89a11ec53ec762bb8ba0a96d01ffa2cd45eb1d1d8dd5c5\windows-amd64\native-platform.dll
0x00007ff99c850000 - 0x00007ff99c994000 	C:\Users\user\.gradle\native\5664cfc778a61ccfe75a443a1ab52a65af34e5dc3c78e0209fed803814484fcb\windows-amd64\native-platform-file-events.dll
0x00007ff9b5ea0000 - 0x00007ff9b5eaa000 	C:\Program Files\Android\Android Studio\jre\bin\management.dll
0x00007ff9b5c60000 - 0x00007ff9b5c6d000 	C:\Program Files\Android\Android Studio\jre\bin\management_ext.dll
0x00007ff9d2dd0000 - 0x00007ff9d2de8000 	C:\Windows\SYSTEM32\CRYPTSP.dll
0x00007ff9d2350000 - 0x00007ff9d2384000 	C:\Windows\system32\rsaenh.dll
0x00007ff9d3440000 - 0x00007ff9d3467000 	C:\Windows\System32\bcrypt.dll
0x00007ff9d3250000 - 0x00007ff9d327e000 	C:\Windows\SYSTEM32\USERENV.dll
0x00007ff9d2ba0000 - 0x00007ff9d2bac000 	C:\Windows\SYSTEM32\CRYPTBASE.dll
0x00007ff9d2720000 - 0x00007ff9d275b000 	C:\Windows\SYSTEM32\IPHLPAPI.DLL
0x00007ff9d56b0000 - 0x00007ff9d56b8000 	C:\Windows\System32\NSI.dll
0x00007ff9ca4b0000 - 0x00007ff9ca4c7000 	C:\Windows\SYSTEM32\dhcpcsvc6.DLL
0x00007ff9ca310000 - 0x00007ff9ca32d000 	C:\Windows\SYSTEM32\dhcpcsvc.DLL
0x00007ff9d2760000 - 0x00007ff9d282a000 	C:\Windows\SYSTEM32\DNSAPI.dll

dbghelp: loaded successfully - version: 4.0.5 - missing functions: none
symbol engine: initialized successfully - sym options: 0x614 - pdb path: .;C:\Program Files\Android\Android Studio\jre\bin;C:\Windows\SYSTEM32;C:\Windows\WinSxS\amd64_microsoft.windows.common-controls_6595b64144ccf1df_6.0.19041.1110_none_60b5254171f9507e;C:\Program Files\Android\Android Studio\jre\bin\server;C:\Users\user\.gradle\native\e1d6ef7f7dcc3fd88c89a11ec53ec762bb8ba0a96d01ffa2cd45eb1d1d8dd5c5\windows-amd64;C:\Users\user\.gradle\native\5664cfc778a61ccfe75a443a1ab52a65af34e5dc3c78e0209fed803814484fcb\windows-amd64

VM Arguments:
jvm_args: --add-opens=java.base/java.util=ALL-UNNAMED --add-opens=java.base/java.lang=ALL-UNNAMED --add-opens=java.base/java.lang.invoke=ALL-UNNAMED --add-opens=java.base/java.util=ALL-UNNAMED --add-opens=java.prefs/java.util.prefs=ALL-UNNAMED --add-opens=java.prefs/java.util.prefs=ALL-UNNAMED --add-opens=java.base/java.nio.charset=ALL-UNNAMED --add-opens=java.base/java.net=ALL-UNNAMED --add-opens=java.base/java.util.concurrent.atomic=ALL-UNNAMED -Xmx2048m -Dfile.encoding=UTF-8 -Duser.country=RU -Duser.language=ru -Duser.variant 
java_command: org.gradle.launcher.daemon.bootstrap.GradleDaemon 7.3.3
java_class_path (initial): C:\Users\user\.gradle\wrapper\dists\gradle-7.3.3-bin\6a41zxkdtcxs8rphpq6y0069z\gradle-7.3.3\lib\gradle-launcher-7.3.3.jar
Launcher Type: SUN_STANDARD

[Global flags]
     intx CICompilerCount                          = 3                                         {product} {ergonomic}
     uint ConcGCThreads                            = 1                                         {product} {ergonomic}
     uint G1ConcRefinementThreads                  = 4                                         {product} {ergonomic}
   size_t G1HeapRegionSize                         = 1048576                                   {product} {ergonomic}
    uintx GCDrainStackTargetSize                   = 64                                        {product} {ergonomic}
   size_t InitialHeapSize                          = 201326592                                 {product} {ergonomic}
   size_t MarkStackSize                            = 4194304                                   {product} {ergonomic}
   size_t MaxHeapSize                              = 2147483648                                {product} {command line}
   size_t MaxNewSize                               = 1287651328                                {product} {ergonomic}
   size_t MinHeapDeltaBytes                        = 1048576                                   {product} {ergonomic}
    uintx NonNMethodCodeHeapSize                   = 5830732                                {pd product} {ergonomic}
    uintx NonProfiledCodeHeapSize                  = 122913754                              {pd product} {ergonomic}
    uintx ProfiledCodeHeapSize                     = 122913754                              {pd product} {ergonomic}
    uintx ReservedCodeCacheSize                    = 251658240                              {pd product} {ergonomic}
     bool SegmentedCodeCache                       = true                                      {product} {ergonomic}
     bool UseCompressedClassPointers               = true                                 {lp64_product} {ergonomic}
     bool UseCompressedOops                        = true                                 {lp64_product} {ergonomic}
     bool UseG1GC                                  = true                                      {product} {ergonomic}
     bool UseLargePagesIndividualAllocation        = false                                  {pd product} {ergonomic}

Logging:
Log output configuration:
 #0: stdout all=warning uptime,level,tags
 #1: stderr all=off uptime,level,tags

Environment Variables:
PATH=C:\Program Files\Common Files\Oracle\Java\javapath;C:\Program Files\Eclipse Foundation\jdk-8.0.302.8-hotspot\bin;C:\Windows\system32;C:\Windows;C:\Windows\System32\Wbem;C:\Windows\System32\WindowsPowerShell\v1.0\;C:\Windows\System32\OpenSSH\;C:\Program Files\Microsoft\Web Platform Installer\;C:\Program Files (x86)\Microsoft ASP.NET\ASP.NET Web Pages\v1.0\;C:\Program Files\Microsoft SQL Server\110\Tools\Binn\;C:\Program Files\Docker\Docker\resources\bin;C:\ProgramData\DockerDesktop\version-bin;C:\Program Files\GitHub CLI\;C:\Program Files\Git\cmd;C:\Program Files\MariaDB\MariaDB Connector C 64-bit\lib\;C:\Program Files\MariaDB\MariaDB Connector C 64-bit\lib\plugin\;C:\Users\user\AppData\Local\Microsoft\WindowsApps;;C:\Users\user\AppData\Local\Programs\Microsoft VS Code\bin
USERNAME=user
OS=Windows_NT
PROCESSOR_IDENTIFIER=Intel64 Family 6 Model 42 Stepping 7, GenuineIntel



---------------  S Y S T E M  ---------------

OS: Windows 10 , 64 bit Build 19041 (10.0.19041.2251)
OS uptime: 0 days 2:48 hours
Hyper-V role detected

CPU:total 4 (initial active 4) (2 cores per cpu, 2 threads per core) family 6 model 42 stepping 7 microcode 0x2f, cmov, cx8, fxsr, mmx, sse, sse2, sse3, ssse3, sse4.1, sse4.2, popcnt, avx, aes, clmul, ht, tsc, tscinvbit

Memory: 4k page, system-wide physical 12202M (610M free)
TotalPageFile size 12202M (AvailPageFile size 5M)
current process WorkingSet (physical memory assigned to process): 552M, peak: 552M
current process commit charge ("private bytes"): 598M, peak: 599M

vm_info: OpenJDK 64-Bit Server VM (11.0.12+7-b1504.28-7817840) for windows-amd64 JRE (11.0.12+7-b1504.28-7817840), built on Oct 13 2021 22:12:33 by "builder" with MS VC++ 14.0 (VS2015)

END.
