#
# There is insufficient memory for the Java Runtime Environment to continue.
# Native memory allocation (malloc) failed to allocate 262160 bytes for Chunk::new
# Possible reasons:
#   The system is out of physical RAM or swap space
#   The process is running with CompressedOops enabled, and the Java Heap may be blocking the growth of the native heap
# Possible solutions:
#   Reduce memory load on the system
#   Increase physical memory or swap space
#   Check if swap backing store is full
#   Decrease Java heap size (-Xmx/-Xms)
#   Decrease number of Java threads
#   Decrease Java thread stack sizes (-Xss)
#   Set larger code cache with -XX:ReservedCodeCacheSize=
#   JVM is running with Unscaled Compressed Oops mode in which the Java heap is
#     placed in the first 4GB address space. The Java Heap base address is the
#     maximum limit for the native heap growth. Please use -XX:HeapBaseMinAddress
#     to set the Java Heap base and to place the Java Heap above 4GB virtual address.
# This output file may be truncated or incomplete.
#
#  Out of Memory Error (./src/hotspot/share/memory/arena.cpp:197), pid=13340, tid=5548
#
# JRE version: OpenJDK Runtime Environment (11.0.12+7) (build 11.0.12+7-b1504.28-7817840)
# Java VM: OpenJDK 64-Bit Server VM (11.0.12+7-b1504.28-7817840, mixed mode, tiered, compressed oops, g1 gc, windows-amd64)
# No core dump will be written. Minidumps are not enabled by default on client versions of Windows
#

---------------  S U M M A R Y ------------

Command Line: --add-opens=java.base/java.util=ALL-UNNAMED --add-opens=java.base/java.lang=ALL-UNNAMED --add-opens=java.base/java.lang.invoke=ALL-UNNAMED --add-opens=java.base/java.util=ALL-UNNAMED --add-opens=java.prefs/java.util.prefs=ALL-UNNAMED --add-opens=java.prefs/java.util.prefs=ALL-UNNAMED --add-opens=java.base/java.nio.charset=ALL-UNNAMED --add-opens=java.base/java.net=ALL-UNNAMED --add-opens=java.base/java.util.concurrent.atomic=ALL-UNNAMED -Xmx2048m -Dfile.encoding=UTF-8 -Duser.country=RU -Duser.language=ru -Duser.variant org.gradle.launcher.daemon.bootstrap.GradleDaemon 7.3.3

Host: Intel(R) Core(TM) i5-2450M CPU @ 2.50GHz, 4 cores, 11G,  Windows 10 , 64 bit Build 19041 (10.0.19041.2251)
Time: Sun Nov 27 17:43:48 2022 RTZ 2 (зима) elapsed time: 32.192467 seconds (0d 0h 0m 32s)

---------------  T H R E A D  ---------------

Current thread (0x00000165558ff000):  JavaThread "C2 CompilerThread0" daemon [_thread_in_native, id=5548, stack(0x000000027df00000,0x000000027e000000)]


Current CompileTask:
C2:  32192 14735       4       com.android.tools.r8.internal.tJ::a (447 bytes)

Stack: [0x000000027df00000,0x000000027e000000]
Native frames: (J=compiled Java code, j=interpreted, Vv=VM code, C=native code)
V  [jvm.dll+0x5fbcea]
V  [jvm.dll+0x731905]
V  [jvm.dll+0x732f1d]
V  [jvm.dll+0x7335d3]
V  [jvm.dll+0x247bf8]
V  [jvm.dll+0xc018c]
V  [jvm.dll+0xc06cc]
V  [jvm.dll+0xc02cc]
V  [jvm.dll+0x6282e0]
V  [jvm.dll+0x4ff62e]
V  [jvm.dll+0x4fe913]
V  [jvm.dll+0x4fe8c1]
V  [jvm.dll+0x5016f0]
V  [jvm.dll+0x50134b]
V  [jvm.dll+0x500b1f]
V  [jvm.dll+0x500b33]
V  [jvm.dll+0x500b33]
V  [jvm.dll+0x500b33]
V  [jvm.dll+0x500b33]
V  [jvm.dll+0x500b33]
V  [jvm.dll+0x500b33]
V  [jvm.dll+0x500b33]
V  [jvm.dll+0x500b33]
V  [jvm.dll+0x500b33]
V  [jvm.dll+0x500b33]
V  [jvm.dll+0x511906]
V  [jvm.dll+0x208303]
V  [jvm.dll+0x201fe0]
V  [jvm.dll+0x1ff71f]
V  [jvm.dll+0x18868c]
V  [jvm.dll+0x20e0d7]
V  [jvm.dll+0x20c901]
V  [jvm.dll+0x6f9b7f]
V  [jvm.dll+0x6f26a5]
V  [jvm.dll+0x5fabf6]
C  [ucrtbase.dll+0x21bb2]
C  [KERNEL32.DLL+0x174b4]
C  [ntdll.dll+0x526a1]


---------------  P R O C E S S  ---------------

Threads class SMR info:
_java_thread_list=0x000001655cb4fa20, length=89, elements={
0x000001653b4ae000, 0x00000165550e5800, 0x00000165550ec000, 0x00000165558f8800,
0x00000165558f9800, 0x00000165558fb000, 0x00000165558ff000, 0x0000016555948000,
0x0000016555949800, 0x0000016555aae000, 0x00000165570fe800, 0x0000016555c87000,
0x0000016556668000, 0x00000165567ad800, 0x0000016557f88000, 0x00000165568cf000,
0x0000016557376800, 0x0000016557f85000, 0x00000165570db800, 0x00000165571f8000,
0x00000165571f3000, 0x00000165571f7000, 0x00000165571f9800, 0x00000165571f4800,
0x00000165571f6000, 0x00000165571f8800, 0x00000165571f4000, 0x00000165571f5800,
0x00000165569ab000, 0x00000165569ac000, 0x00000165569ad000, 0x00000165569ad800,
0x00000165569af000, 0x00000165569b0000, 0x00000165569b2800, 0x00000165569b5800,
0x00000165569b1000, 0x00000165569b6800, 0x00000165569b1800, 0x00000165569b3800,
0x00000165569b7800, 0x00000165569b5000, 0x00000165569b4000, 0x0000016558335000,
0x000001655833a000, 0x0000016558336000, 0x000001655833c800, 0x0000016558338000,
0x0000016558336800, 0x000001655833d000, 0x0000016558337800, 0x000001655833f000,
0x0000016558339000, 0x000001655833e000, 0x000001655833f800, 0x0000016558340800,
0x000001655833a800, 0x0000016558341000, 0x000001655833b800, 0x0000016558342000,
0x0000016558343000, 0x0000016558343800, 0x000001655a0a1800, 0x000001655a09c800,
0x000001655a09d000, 0x000001655a09b800, 0x000001655a09f000, 0x000001655a0a2000,
0x000001655a0a3000, 0x000001655a0a4000, 0x000001655a09f800, 0x000001655a0a0800,
0x000001655a09e000, 0x000001655a0a8800, 0x000001655a0a4800, 0x000001655a0aa800,
0x000001655a0a9800, 0x00000165587fa000, 0x000001655a0a5800, 0x000001655a0a6000,
0x000001655d189800, 0x000001655d18a000, 0x000001655d18d800, 0x000001655d18b000,
0x000001655d18e000, 0x000001655d18f000, 0x000001655d190000, 0x000001655d18b800,
0x000001655d18c800
}

Java Threads: ( => current thread )
  0x000001653b4ae000 JavaThread "main" [_thread_blocked, id=13396, stack(0x000000027d300000,0x000000027d400000)]
  0x00000165550e5800 JavaThread "Reference Handler" daemon [_thread_blocked, id=14032, stack(0x000000027da00000,0x000000027db00000)]
  0x00000165550ec000 JavaThread "Finalizer" daemon [_thread_blocked, id=2444, stack(0x000000027db00000,0x000000027dc00000)]
  0x00000165558f8800 JavaThread "Signal Dispatcher" daemon [_thread_blocked, id=10904, stack(0x000000027dc00000,0x000000027dd00000)]
  0x00000165558f9800 JavaThread "Attach Listener" daemon [_thread_blocked, id=9076, stack(0x000000027dd00000,0x000000027de00000)]
  0x00000165558fb000 JavaThread "Service Thread" daemon [_thread_blocked, id=7760, stack(0x000000027de00000,0x000000027df00000)]
=>0x00000165558ff000 JavaThread "C2 CompilerThread0" daemon [_thread_in_native, id=5548, stack(0x000000027df00000,0x000000027e000000)]
  0x0000016555948000 JavaThread "C1 CompilerThread0" daemon [_thread_blocked, id=12168, stack(0x000000027e000000,0x000000027e100000)]
  0x0000016555949800 JavaThread "Sweeper thread" daemon [_thread_blocked, id=7580, stack(0x000000027e100000,0x000000027e200000)]
  0x0000016555aae000 JavaThread "Common-Cleaner" daemon [_thread_blocked, id=9208, stack(0x000000027e200000,0x000000027e300000)]
  0x00000165570fe800 JavaThread "Daemon health stats" [_thread_blocked, id=13464, stack(0x000000027e800000,0x000000027e900000)]
  0x0000016555c87000 JavaThread "Incoming local TCP Connector on port 16967" [_thread_in_native, id=1304, stack(0x000000027e400000,0x000000027e500000)]
  0x0000016556668000 JavaThread "Daemon periodic checks" [_thread_blocked, id=13364, stack(0x000000027e900000,0x000000027ea00000)]
  0x00000165567ad800 JavaThread "Daemon" [_thread_blocked, id=5284, stack(0x000000027ea00000,0x000000027eb00000)]
  0x0000016557f88000 JavaThread "Handler for socket connection from /127.0.0.1:16967 to /127.0.0.1:16968" [_thread_in_native, id=13564, stack(0x000000027eb00000,0x000000027ec00000)]
  0x00000165568cf000 JavaThread "Cancel handler" [_thread_blocked, id=11312, stack(0x000000027ec00000,0x000000027ed00000)]
  0x0000016557376800 JavaThread "Daemon worker" [_thread_blocked, id=8952, stack(0x000000027ed00000,0x000000027ee00000)]
  0x0000016557f85000 JavaThread "Asynchronous log dispatcher for DefaultDaemonConnection: socket connection from /127.0.0.1:16967 to /127.0.0.1:16968" [_thread_blocked, id=8016, stack(0x000000027ee00000,0x000000027ef00000)]
  0x00000165570db800 JavaThread "Stdin handler" [_thread_blocked, id=10992, stack(0x000000027ef00000,0x000000027f000000)]
  0x00000165571f8000 JavaThread "Daemon client event forwarder" [_thread_blocked, id=5512, stack(0x000000027f000000,0x000000027f100000)]
  0x00000165571f3000 JavaThread "Cache worker for journal cache (C:\Users\user\.gradle\caches\journal-1)" [_thread_blocked, id=8312, stack(0x000000027f100000,0x000000027f200000)]
  0x00000165571f7000 JavaThread "File lock request listener" [_thread_in_native, id=1144, stack(0x000000027f200000,0x000000027f300000)]
  0x00000165571f9800 JavaThread "Cache worker for file hash cache (C:\Users\user\.gradle\caches\7.3.3\fileHashes)" [_thread_blocked, id=8236, stack(0x000000027f300000,0x000000027f400000)]
  0x00000165571f4800 JavaThread "Cache worker for file hash cache (C:\Users\user\AndroidStudioProjects\Kotlin_lv1_HW2\.gradle\7.3.3\fileHashes)" [_thread_blocked, id=3156, stack(0x000000027f500000,0x000000027f600000)]
  0x00000165571f6000 JavaThread "File watcher server" daemon [_thread_in_native, id=11828, stack(0x000000027f600000,0x000000027f700000)]
  0x00000165571f8800 JavaThread "File watcher consumer" daemon [_thread_blocked, id=12152, stack(0x000000027f700000,0x000000027f800000)]
  0x00000165571f4000 JavaThread "Cache worker for checksums cache (C:\Users\user\AndroidStudioProjects\Kotlin_lv1_HW2\.gradle\7.3.3\checksums)" [_thread_blocked, id=7252, stack(0x000000027f800000,0x000000027f900000)]
  0x00000165571f5800 JavaThread "Cache worker for cache directory md-supplier (C:\Users\user\.gradle\caches\7.3.3\md-supplier)" [_thread_blocked, id=12104, stack(0x000000027f900000,0x000000027fa00000)]
  0x00000165569ab000 JavaThread "Cache worker for cache directory md-rule (C:\Users\user\.gradle\caches\7.3.3\md-rule)" [_thread_blocked, id=11580, stack(0x000000027fa00000,0x000000027fb00000)]
  0x00000165569ac000 JavaThread "Cache worker for execution history cache (C:\Users\user\.gradle\caches\7.3.3\executionHistory)" [_thread_blocked, id=12944, stack(0x000000027fb00000,0x000000027fc00000)]
  0x00000165569ad000 JavaThread "jar transforms" [_thread_blocked, id=10476, stack(0x000000027fc00000,0x000000027fd00000)]
  0x00000165569ad800 JavaThread "Cache worker for file content cache (C:\Users\user\.gradle\caches\7.3.3\fileContent)" [_thread_blocked, id=1164, stack(0x000000027fd00000,0x000000027fe00000)]
  0x00000165569af000 JavaThread "jar transforms Thread 2" [_thread_blocked, id=8120, stack(0x000000027fe00000,0x000000027ff00000)]
  0x00000165569b0000 JavaThread "Cache worker for dependencies-accessors (C:\Users\user\AndroidStudioProjects\Kotlin_lv1_HW2\.gradle\7.3.3\dependencies-accessors)" [_thread_blocked, id=11980, stack(0x000000027ff00000,0x0000000280000000)]
  0x00000165569b2800 JavaThread "jar transforms Thread 3" [_thread_blocked, id=6780, stack(0x0000000200000000,0x0000000200100000)]
  0x00000165569b5800 JavaThread "Cache worker for Build Output Cleanup Cache (C:\Users\user\AndroidStudioProjects\Kotlin_lv1_HW2\.gradle\buildOutputCleanup)" [_thread_blocked, id=10108, stack(0x0000000200100000,0x0000000200200000)]
  0x00000165569b1000 JavaThread "Unconstrained build operations" [_thread_blocked, id=14248, stack(0x0000000200200000,0x0000000200300000)]
  0x00000165569b6800 JavaThread "Unconstrained build operations Thread 2" [_thread_in_vm, id=3304, stack(0x0000000200300000,0x0000000200400000)]
  0x00000165569b1800 JavaThread "Unconstrained build operations Thread 3" [_thread_blocked, id=13236, stack(0x0000000200400000,0x0000000200500000)]
  0x00000165569b3800 JavaThread "Unconstrained build operations Thread 4" [_thread_blocked, id=7568, stack(0x0000000200500000,0x0000000200600000)]
  0x00000165569b7800 JavaThread "Unconstrained build operations Thread 5" [_thread_blocked, id=13928, stack(0x0000000200600000,0x0000000200700000)]
  0x00000165569b5000 JavaThread "Unconstrained build operations Thread 6" [_thread_in_Java, id=13884, stack(0x0000000200700000,0x0000000200800000)]
  0x00000165569b4000 JavaThread "Unconstrained build operations Thread 7" [_thread_blocked, id=8584, stack(0x0000000200800000,0x0000000200900000)]
  0x0000016558335000 JavaThread "Unconstrained build operations Thread 8" [_thread_blocked, id=11756, stack(0x0000000200900000,0x0000000200a00000)]
  0x000001655833a000 JavaThread "Unconstrained build operations Thread 9" [_thread_blocked, id=5356, stack(0x0000000200a00000,0x0000000200b00000)]
  0x0000016558336000 JavaThread "Unconstrained build operations Thread 10" [_thread_blocked, id=10892, stack(0x0000000200b00000,0x0000000200c00000)]
  0x000001655833c800 JavaThread "Unconstrained build operations Thread 11" [_thread_blocked, id=7584, stack(0x0000000200c00000,0x0000000200d00000)]
  0x0000016558338000 JavaThread "Unconstrained build operations Thread 12" [_thread_blocked, id=14060, stack(0x0000000200d00000,0x0000000200e00000)]
  0x0000016558336800 JavaThread "Unconstrained build operations Thread 13" [_thread_blocked, id=11224, stack(0x0000000200e00000,0x0000000200f00000)]
  0x000001655833d000 JavaThread "Unconstrained build operations Thread 14" [_thread_blocked, id=9024, stack(0x0000000200f00000,0x0000000201000000)]
  0x0000016558337800 JavaThread "Unconstrained build operations Thread 15" [_thread_blocked, id=2364, stack(0x0000000201000000,0x0000000201100000)]
  0x000001655833f000 JavaThread "Unconstrained build operations Thread 16" [_thread_blocked, id=12348, stack(0x0000000201100000,0x0000000201200000)]
  0x0000016558339000 JavaThread "Unconstrained build operations Thread 17" [_thread_blocked, id=10684, stack(0x0000000201200000,0x0000000201300000)]
  0x000001655833e000 JavaThread "Unconstrained build operations Thread 18" [_thread_blocked, id=8948, stack(0x0000000201300000,0x0000000201400000)]
  0x000001655833f800 JavaThread "Unconstrained build operations Thread 19" [_thread_blocked, id=5628, stack(0x0000000201400000,0x0000000201500000)]
  0x0000016558340800 JavaThread "Unconstrained build operations Thread 20" [_thread_blocked, id=13908, stack(0x0000000201500000,0x0000000201600000)]
  0x000001655833a800 JavaThread "Unconstrained build operations Thread 21" [_thread_blocked, id=9988, stack(0x0000000201600000,0x0000000201700000)]
  0x0000016558341000 JavaThread "Unconstrained build operations Thread 22" [_thread_blocked, id=6280, stack(0x0000000201700000,0x0000000201800000)]
  0x000001655833b800 JavaThread "Unconstrained build operations Thread 23" [_thread_blocked, id=2940, stack(0x0000000201800000,0x0000000201900000)]
  0x0000016558342000 JavaThread "Unconstrained build operations Thread 24" [_thread_blocked, id=11320, stack(0x0000000201900000,0x0000000201a00000)]
  0x0000016558343000 JavaThread "Unconstrained build operations Thread 25" [_thread_blocked, id=7436, stack(0x0000000201a00000,0x0000000201b00000)]
  0x0000016558343800 JavaThread "Unconstrained build operations Thread 26" [_thread_blocked, id=6716, stack(0x0000000201b00000,0x0000000201c00000)]
  0x000001655a0a1800 JavaThread "Unconstrained build operations Thread 27" [_thread_blocked, id=12440, stack(0x0000000201c00000,0x0000000201d00000)]
  0x000001655a09c800 JavaThread "Unconstrained build operations Thread 28" [_thread_blocked, id=1256, stack(0x0000000201d00000,0x0000000201e00000)]
  0x000001655a09d000 JavaThread "Unconstrained build operations Thread 29" [_thread_blocked, id=4576, stack(0x0000000201e00000,0x0000000201f00000)]
  0x000001655a09b800 JavaThread "Unconstrained build operations Thread 30" [_thread_blocked, id=3452, stack(0x0000000201f00000,0x0000000202000000)]
  0x000001655a09f000 JavaThread "Unconstrained build operations Thread 31" [_thread_blocked, id=2688, stack(0x0000000202000000,0x0000000202100000)]
  0x000001655a0a2000 JavaThread "Unconstrained build operations Thread 32" [_thread_in_Java, id=2668, stack(0x0000000202100000,0x0000000202200000)]
  0x000001655a0a3000 JavaThread "Unconstrained build operations Thread 33" [_thread_blocked, id=9280, stack(0x0000000202200000,0x0000000202300000)]
  0x000001655a0a4000 JavaThread "Unconstrained build operations Thread 34" [_thread_blocked, id=4240, stack(0x0000000202300000,0x0000000202400000)]
  0x000001655a09f800 JavaThread "Unconstrained build operations Thread 35" [_thread_blocked, id=2284, stack(0x0000000202400000,0x0000000202500000)]
  0x000001655a0a0800 JavaThread "Unconstrained build operations Thread 36" [_thread_blocked, id=8752, stack(0x0000000202500000,0x0000000202600000)]
  0x000001655a09e000 JavaThread "Unconstrained build operations Thread 37" [_thread_blocked, id=14088, stack(0x0000000202600000,0x0000000202700000)]
  0x000001655a0a8800 JavaThread "Unconstrained build operations Thread 38" [_thread_blocked, id=7152, stack(0x0000000202700000,0x0000000202800000)]
  0x000001655a0a4800 JavaThread "Unconstrained build operations Thread 39" [_thread_blocked, id=32, stack(0x0000000202800000,0x0000000202900000)]
  0x000001655a0aa800 JavaThread "Unconstrained build operations Thread 40" [_thread_blocked, id=3516, stack(0x0000000202900000,0x0000000202a00000)]
  0x000001655a0a9800 JavaThread "jar transforms Thread 4" [_thread_blocked, id=1992, stack(0x0000000202a00000,0x0000000202b00000)]
  0x00000165587fa000 JavaThread "C2 CompilerThread1" daemon [_thread_in_native, id=5520, stack(0x0000000202c00000,0x0000000202d00000)]
  0x000001655a0a5800 JavaThread "Memory manager" [_thread_blocked, id=496, stack(0x0000000202d00000,0x0000000202e00000)]
  0x000001655a0a6000 JavaThread "build event listener" [_thread_blocked, id=7752, stack(0x0000000202e00000,0x0000000202f00000)]
  0x000001655d189800 JavaThread "build event listener" [_thread_blocked, id=11964, stack(0x0000000202f00000,0x0000000203000000)]
  0x000001655d18a000 JavaThread "Execution worker for ':'" [_thread_blocked, id=1432, stack(0x0000000203000000,0x0000000203100000)]
  0x000001655d18d800 JavaThread "Execution worker for ':' Thread 2" [_thread_blocked, id=6992, stack(0x0000000203100000,0x0000000203200000)]
  0x000001655d18b000 JavaThread "Execution worker for ':' Thread 3" [_thread_blocked, id=6868, stack(0x0000000203200000,0x0000000203300000)]
  0x000001655d18e000 JavaThread "Cache worker for execution history cache (C:\Users\user\AndroidStudioProjects\Kotlin_lv1_HW2\.gradle\7.3.3\executionHistory)" [_thread_blocked, id=11504, stack(0x0000000203300000,0x0000000203400000)]
  0x000001655d18f000 JavaThread "WorkerExecutor Queue" [_thread_blocked, id=7096, stack(0x0000000203400000,0x0000000203500000)]
  0x000001655d190000 JavaThread "pool-3-thread-1" [_thread_blocked, id=9032, stack(0x0000000203500000,0x0000000203600000)]
  0x000001655d18b800 JavaThread "stderr" [_thread_in_native, id=8076, stack(0x0000000203600000,0x0000000203700000)]
  0x000001655d18c800 JavaThread "stdout" [_thread_in_native, id=3352, stack(0x0000000203700000,0x0000000203800000)]

Other Threads:
  0x00000165550d0000 VMThread "VM Thread" [stack: 0x000000027d900000,0x000000027da00000] [id=824]
  0x0000016555adf000 WatcherThread [stack: 0x000000027e300000,0x000000027e400000] [id=11572]
  0x000001653b4c7000 GCTaskThread "GC Thread#0" [stack: 0x000000027d400000,0x000000027d500000] [id=7172]
  0x0000016555ef9800 GCTaskThread "GC Thread#1" [stack: 0x000000027e500000,0x000000027e600000] [id=8132]
  0x0000016555bc4000 GCTaskThread "GC Thread#2" [stack: 0x000000027e600000,0x000000027e700000] [id=8748]
  0x0000016556395000 GCTaskThread "GC Thread#3" [stack: 0x000000027e700000,0x000000027e800000] [id=2456]
  0x000001653b4f8000 ConcurrentGCThread "G1 Main Marker" [stack: 0x000000027d500000,0x000000027d600000] [id=8544]
  0x000001653b4f9000 ConcurrentGCThread "G1 Conc#0" [stack: 0x000000027d600000,0x000000027d700000] [id=13256]
  0x000001653b58e000 ConcurrentGCThread "G1 Refine#0" [stack: 0x000000027d700000,0x000000027d800000] [id=9804]
  0x000001655a5f3800 ConcurrentGCThread "G1 Refine#1" [stack: 0x0000000202b00000,0x0000000202c00000] [id=8260]
  0x0000016554f22800 ConcurrentGCThread "G1 Young RemSet Sampling" [stack: 0x000000027d800000,0x000000027d900000] [id=3780]

Threads with active compile tasks:
C2 CompilerThread0  32246 14735       4       com.android.tools.r8.internal.tJ::a (447 bytes)
C1 CompilerThread0  32246 14844 % !   3       com.android.tools.r8.graph.d1::h0 @ 71 (125 bytes)
C2 CompilerThread1  32246 14349 %     4       com.android.tools.r8.ir.regalloc.b::c @ 2064 (3963 bytes)

VM state:not at safepoint (normal execution)

VM Mutex/Monitor currently owned by a thread: None

Heap address: 0x0000000080000000, size: 2048 MB, Compressed Oops mode: 32-bit
Narrow klass base: 0x0000000000000000, Narrow klass shift: 3
Compressed class space size: 1073741824 Address: 0x0000000100000000

Heap:
 garbage-first heap   total 236544K, used 119436K [0x0000000080000000, 0x0000000100000000)
  region size 1024K, 35 young (35840K), 9 survivors (9216K)
 Metaspace       used 106202K, capacity 109071K, committed 109296K, reserved 1144832K
  class space    used 13754K, capacity 14915K, committed 15000K, reserved 1048576K
Heap Regions: E=young(eden), S=young(survivor), O=old, HS=humongous(starts), HC=humongous(continues), CS=collection set, F=free, A=archive, TAMS=top-at-mark-start (previous, next)
|   0|0x0000000080000000, 0x0000000080100000, 0x0000000080100000|100%| O|  |TAMS 0x0000000080100000, 0x0000000080000000| Untracked 
|   1|0x0000000080100000, 0x0000000080200000, 0x0000000080200000|100%| O|  |TAMS 0x0000000080200000, 0x0000000080100000| Untracked 
|   2|0x0000000080200000, 0x0000000080300000, 0x0000000080300000|100%| O|  |TAMS 0x0000000080300000, 0x0000000080200000| Untracked 
|   3|0x0000000080300000, 0x0000000080400000, 0x0000000080400000|100%|HS|  |TAMS 0x0000000080400000, 0x0000000080300000| Complete 
|   4|0x0000000080400000, 0x0000000080500000, 0x0000000080500000|100%|HC|  |TAMS 0x0000000080500000, 0x0000000080400000| Complete 
|   5|0x0000000080500000, 0x0000000080600000, 0x0000000080600000|100%|HC|  |TAMS 0x0000000080600000, 0x0000000080500000| Complete 
|   6|0x0000000080600000, 0x0000000080700000, 0x0000000080700000|100%| O|  |TAMS 0x0000000080700000, 0x0000000080600000| Untracked 
|   7|0x0000000080700000, 0x0000000080800000, 0x0000000080800000|100%| O|  |TAMS 0x0000000080800000, 0x0000000080700000| Untracked 
|   8|0x0000000080800000, 0x0000000080900000, 0x0000000080900000|100%| O|  |TAMS 0x0000000080900000, 0x0000000080800000| Untracked 
|   9|0x0000000080900000, 0x0000000080a00000, 0x0000000080a00000|100%| O|  |TAMS 0x0000000080a00000, 0x0000000080900000| Untracked 
|  10|0x0000000080a00000, 0x0000000080b00000, 0x0000000080b00000|100%| O|  |TAMS 0x0000000080b00000, 0x0000000080a00000| Untracked 
|  11|0x0000000080b00000, 0x0000000080c00000, 0x0000000080c00000|100%| O|  |TAMS 0x0000000080c00000, 0x0000000080b00000| Untracked 
|  12|0x0000000080c00000, 0x0000000080d00000, 0x0000000080d00000|100%| O|  |TAMS 0x0000000080d00000, 0x0000000080c00000| Untracked 
|  13|0x0000000080d00000, 0x0000000080e00000, 0x0000000080e00000|100%| O|  |TAMS 0x0000000080e00000, 0x0000000080d00000| Untracked 
|  14|0x0000000080e00000, 0x0000000080f00000, 0x0000000080f00000|100%| O|  |TAMS 0x0000000080f00000, 0x0000000080e00000| Untracked 
|  15|0x0000000080f00000, 0x0000000081000000, 0x0000000081000000|100%| O|  |TAMS 0x0000000081000000, 0x0000000080f00000| Untracked 
|  16|0x0000000081000000, 0x0000000081100000, 0x0000000081100000|100%|HS|  |TAMS 0x0000000081100000, 0x0000000081000000| Complete 
|  17|0x0000000081100000, 0x0000000081200000, 0x0000000081200000|100%|HS|  |TAMS 0x0000000081200000, 0x0000000081100000| Complete 
|  18|0x0000000081200000, 0x0000000081300000, 0x0000000081300000|100%|HS|  |TAMS 0x0000000081300000, 0x0000000081200000| Complete 
|  19|0x0000000081300000, 0x0000000081400000, 0x0000000081400000|100%|HS|  |TAMS 0x0000000081400000, 0x0000000081300000| Complete 
|  20|0x0000000081400000, 0x0000000081500000, 0x0000000081500000|100%|HC|  |TAMS 0x0000000081500000, 0x0000000081400000| Complete 
|  21|0x0000000081500000, 0x0000000081600000, 0x0000000081600000|100%|HC|  |TAMS 0x0000000081600000, 0x0000000081500000| Complete 
|  22|0x0000000081600000, 0x0000000081700000, 0x0000000081700000|100%|HS|  |TAMS 0x0000000081700000, 0x0000000081600000| Complete 
|  23|0x0000000081700000, 0x0000000081800000, 0x0000000081800000|100%|HC|  |TAMS 0x0000000081800000, 0x0000000081700000| Complete 
|  24|0x0000000081800000, 0x0000000081900000, 0x0000000081900000|100%| O|  |TAMS 0x0000000081900000, 0x0000000081800000| Untracked 
|  25|0x0000000081900000, 0x0000000081a00000, 0x0000000081a00000|100%| O|  |TAMS 0x0000000081a00000, 0x0000000081900000| Untracked 
|  26|0x0000000081a00000, 0x0000000081b00000, 0x0000000081b00000|100%| O|  |TAMS 0x0000000081b00000, 0x0000000081a00000| Untracked 
|  27|0x0000000081b00000, 0x0000000081c00000, 0x0000000081c00000|100%| O|  |TAMS 0x0000000081c00000, 0x0000000081b00000| Untracked 
|  28|0x0000000081c00000, 0x0000000081d00000, 0x0000000081d00000|100%| O|  |TAMS 0x0000000081d00000, 0x0000000081c00000| Untracked 
|  29|0x0000000081d00000, 0x0000000081e00000, 0x0000000081e00000|100%| O|  |TAMS 0x0000000081e00000, 0x0000000081d00000| Untracked 
|  30|0x0000000081e00000, 0x0000000081f00000, 0x0000000081f00000|100%| O|  |TAMS 0x0000000081f00000, 0x0000000081e00000| Untracked 
|  31|0x0000000081f00000, 0x0000000082000000, 0x0000000082000000|100%| O|  |TAMS 0x0000000082000000, 0x0000000081f00000| Untracked 
|  32|0x0000000082000000, 0x0000000082100000, 0x0000000082100000|100%| O|  |TAMS 0x0000000082100000, 0x0000000082000000| Untracked 
|  33|0x0000000082100000, 0x0000000082200000, 0x0000000082200000|100%| O|  |TAMS 0x0000000082200000, 0x0000000082100000| Untracked 
|  34|0x0000000082200000, 0x0000000082300000, 0x0000000082300000|100%| O|  |TAMS 0x0000000082300000, 0x0000000082200000| Untracked 
|  35|0x0000000082300000, 0x0000000082400000, 0x0000000082400000|100%| O|  |TAMS 0x0000000082400000, 0x0000000082300000| Untracked 
|  36|0x0000000082400000, 0x0000000082500000, 0x0000000082500000|100%| O|  |TAMS 0x0000000082500000, 0x0000000082400000| Untracked 
|  37|0x0000000082500000, 0x0000000082600000, 0x0000000082600000|100%| O|  |TAMS 0x0000000082600000, 0x0000000082500000| Untracked 
|  38|0x0000000082600000, 0x0000000082700000, 0x0000000082700000|100%| O|  |TAMS 0x0000000082700000, 0x0000000082600000| Untracked 
|  39|0x0000000082700000, 0x0000000082800000, 0x0000000082800000|100%| O|  |TAMS 0x0000000082800000, 0x0000000082700000| Untracked 
|  40|0x0000000082800000, 0x0000000082900000, 0x0000000082900000|100%| O|  |TAMS 0x0000000082900000, 0x0000000082800000| Untracked 
|  41|0x0000000082900000, 0x0000000082a00000, 0x0000000082a00000|100%| O|  |TAMS 0x0000000082a00000, 0x0000000082900000| Untracked 
|  42|0x0000000082a00000, 0x0000000082b00000, 0x0000000082b00000|100%| O|  |TAMS 0x0000000082b00000, 0x0000000082a00000| Untracked 
|  43|0x0000000082b00000, 0x0000000082c00000, 0x0000000082c00000|100%| O|  |TAMS 0x0000000082c00000, 0x0000000082b00000| Untracked 
|  44|0x0000000082c00000, 0x0000000082d00000, 0x0000000082d00000|100%| O|  |TAMS 0x0000000082d00000, 0x0000000082c00000| Untracked 
|  45|0x0000000082d00000, 0x0000000082e00000, 0x0000000082e00000|100%| O|  |TAMS 0x0000000082e00000, 0x0000000082d00000| Untracked 
|  46|0x0000000082e00000, 0x0000000082f00000, 0x0000000082f00000|100%| O|  |TAMS 0x0000000082f00000, 0x0000000082e00000| Untracked 
|  47|0x0000000082f00000, 0x0000000083000000, 0x0000000083000000|100%| O|  |TAMS 0x0000000082f00000, 0x0000000082f00000| Untracked 
|  48|0x0000000083000000, 0x0000000083100000, 0x0000000083100000|100%| O|  |TAMS 0x0000000083000000, 0x0000000083000000| Untracked 
|  49|0x0000000083100000, 0x0000000083200000, 0x0000000083200000|100%| O|  |TAMS 0x0000000083100000, 0x0000000083100000| Untracked 
|  50|0x0000000083200000, 0x0000000083300000, 0x0000000083300000|100%| O|  |TAMS 0x0000000083200000, 0x0000000083200000| Untracked 
|  51|0x0000000083300000, 0x0000000083400000, 0x0000000083400000|100%| O|  |TAMS 0x0000000083300000, 0x0000000083300000| Untracked 
|  52|0x0000000083400000, 0x0000000083500000, 0x0000000083500000|100%| O|  |TAMS 0x0000000083400000, 0x0000000083400000| Untracked 
|  53|0x0000000083500000, 0x0000000083600000, 0x0000000083600000|100%| O|  |TAMS 0x0000000083500000, 0x0000000083500000| Untracked 
|  54|0x0000000083600000, 0x0000000083700000, 0x0000000083700000|100%| O|  |TAMS 0x0000000083600000, 0x0000000083600000| Untracked 
|  55|0x0000000083700000, 0x0000000083800000, 0x0000000083800000|100%| O|  |TAMS 0x0000000083700000, 0x0000000083700000| Untracked 
|  56|0x0000000083800000, 0x0000000083900000, 0x0000000083900000|100%| O|  |TAMS 0x0000000083800000, 0x0000000083800000| Untracked 
|  57|0x0000000083900000, 0x0000000083a00000, 0x0000000083a00000|100%| O|  |TAMS 0x0000000083900000, 0x0000000083900000| Untracked 
|  58|0x0000000083a00000, 0x0000000083b00000, 0x0000000083b00000|100%| O|  |TAMS 0x0000000083a00000, 0x0000000083a00000| Untracked 
|  59|0x0000000083b00000, 0x0000000083c00000, 0x0000000083c00000|100%| O|  |TAMS 0x0000000083b00000, 0x0000000083b00000| Untracked 
|  60|0x0000000083c00000, 0x0000000083d00000, 0x0000000083d00000|100%| O|  |TAMS 0x0000000083c00000, 0x0000000083c00000| Untracked 
|  61|0x0000000083d00000, 0x0000000083e00000, 0x0000000083e00000|100%| O|  |TAMS 0x0000000083d00000, 0x0000000083d00000| Untracked 
|  62|0x0000000083e00000, 0x0000000083f00000, 0x0000000083f00000|100%| O|  |TAMS 0x0000000083e00000, 0x0000000083e00000| Untracked 
|  63|0x0000000083f00000, 0x0000000084000000, 0x0000000084000000|100%| O|  |TAMS 0x0000000083f00000, 0x0000000083f00000| Untracked 
|  64|0x0000000084000000, 0x0000000084100000, 0x0000000084100000|100%| O|  |TAMS 0x0000000084000000, 0x0000000084000000| Untracked 
|  65|0x0000000084100000, 0x0000000084200000, 0x0000000084200000|100%| O|  |TAMS 0x0000000084100000, 0x0000000084100000| Untracked 
|  66|0x0000000084200000, 0x0000000084300000, 0x0000000084300000|100%| O|  |TAMS 0x0000000084200000, 0x0000000084200000| Untracked 
|  67|0x0000000084300000, 0x0000000084400000, 0x0000000084400000|100%| O|  |TAMS 0x0000000084300000, 0x0000000084300000| Untracked 
|  68|0x0000000084400000, 0x0000000084500000, 0x0000000084500000|100%| O|  |TAMS 0x0000000084400000, 0x0000000084400000| Untracked 
|  69|0x0000000084500000, 0x0000000084600000, 0x0000000084600000|100%| O|  |TAMS 0x0000000084500000, 0x0000000084500000| Untracked 
|  70|0x0000000084600000, 0x0000000084700000, 0x0000000084700000|100%| O|  |TAMS 0x0000000084600000, 0x0000000084600000| Untracked 
|  71|0x0000000084700000, 0x0000000084800000, 0x0000000084800000|100%| O|  |TAMS 0x0000000084700000, 0x0000000084700000| Untracked 
|  72|0x0000000084800000, 0x0000000084900000, 0x0000000084900000|100%| O|  |TAMS 0x0000000084800000, 0x0000000084800000| Untracked 
|  73|0x0000000084900000, 0x0000000084a00000, 0x0000000084a00000|100%| O|  |TAMS 0x0000000084900000, 0x0000000084900000| Untracked 
|  74|0x0000000084a00000, 0x0000000084b00000, 0x0000000084b00000|100%| O|  |TAMS 0x0000000084a00000, 0x0000000084a00000| Untracked 
|  75|0x0000000084b00000, 0x0000000084c00000, 0x0000000084c00000|100%| O|  |TAMS 0x0000000084b00000, 0x0000000084b00000| Untracked 
|  76|0x0000000084c00000, 0x0000000084d00000, 0x0000000084d00000|100%| O|  |TAMS 0x0000000084c00000, 0x0000000084c00000| Untracked 
|  77|0x0000000084d00000, 0x0000000084e00000, 0x0000000084e00000|100%| O|  |TAMS 0x0000000084d00000, 0x0000000084d00000| Untracked 
|  78|0x0000000084e00000, 0x0000000084f00000, 0x0000000084f00000|100%| O|  |TAMS 0x0000000084e00000, 0x0000000084e00000| Untracked 
|  79|0x0000000084f00000, 0x0000000085000000, 0x0000000085000000|100%| O|  |TAMS 0x0000000084f00000, 0x0000000084f00000| Untracked 
|  80|0x0000000085000000, 0x0000000085100000, 0x0000000085100000|100%| O|  |TAMS 0x0000000085000000, 0x0000000085000000| Untracked 
|  81|0x0000000085100000, 0x0000000085200000, 0x0000000085200000|100%| O|  |TAMS 0x0000000085100000, 0x0000000085100000| Untracked 
|  82|0x0000000085200000, 0x0000000085300000, 0x0000000085300000|100%| O|  |TAMS 0x0000000085200000, 0x0000000085200000| Untracked 
|  83|0x0000000085300000, 0x0000000085400000, 0x0000000085400000|100%| O|  |TAMS 0x0000000085300000, 0x0000000085300000| Untracked 
|  84|0x0000000085400000, 0x000000008543d600, 0x0000000085500000| 23%| O|  |TAMS 0x0000000085400000, 0x0000000085400000| Untracked 
|  85|0x0000000085500000, 0x0000000085500000, 0x0000000085600000|  0%| F|  |TAMS 0x0000000085500000, 0x0000000085500000| Untracked 
|  86|0x0000000085600000, 0x0000000085600000, 0x0000000085700000|  0%| F|  |TAMS 0x0000000085600000, 0x0000000085600000| Untracked 
|  87|0x0000000085700000, 0x0000000085700000, 0x0000000085800000|  0%| F|  |TAMS 0x0000000085700000, 0x0000000085700000| Untracked 
|  88|0x0000000085800000, 0x0000000085800000, 0x0000000085900000|  0%| F|  |TAMS 0x0000000085800000, 0x0000000085800000| Untracked 
|  89|0x0000000085900000, 0x0000000085900000, 0x0000000085a00000|  0%| F|  |TAMS 0x0000000085900000, 0x0000000085900000| Untracked 
|  90|0x0000000085a00000, 0x0000000085a00000, 0x0000000085b00000|  0%| F|  |TAMS 0x0000000085a00000, 0x0000000085a00000| Untracked 
|  91|0x0000000085b00000, 0x0000000085b00000, 0x0000000085c00000|  0%| F|  |TAMS 0x0000000085b00000, 0x0000000085b00000| Untracked 
|  92|0x0000000085c00000, 0x0000000085c00000, 0x0000000085d00000|  0%| F|  |TAMS 0x0000000085c00000, 0x0000000085c00000| Untracked 
|  93|0x0000000085d00000, 0x0000000085d00000, 0x0000000085e00000|  0%| F|  |TAMS 0x0000000085d00000, 0x0000000085d00000| Untracked 
|  94|0x0000000085e00000, 0x0000000085e00000, 0x0000000085f00000|  0%| F|  |TAMS 0x0000000085e00000, 0x0000000085e00000| Untracked 
|  95|0x0000000085f00000, 0x0000000085f00000, 0x0000000086000000|  0%| F|  |TAMS 0x0000000085f00000, 0x0000000085f00000| Untracked 
|  96|0x0000000086000000, 0x0000000086000000, 0x0000000086100000|  0%| F|  |TAMS 0x0000000086000000, 0x0000000086000000| Untracked 
|  97|0x0000000086100000, 0x0000000086100000, 0x0000000086200000|  0%| F|  |TAMS 0x0000000086100000, 0x0000000086100000| Untracked 
|  98|0x0000000086200000, 0x0000000086200000, 0x0000000086300000|  0%| F|  |TAMS 0x0000000086200000, 0x0000000086200000| Untracked 
|  99|0x0000000086300000, 0x0000000086300000, 0x0000000086400000|  0%| F|  |TAMS 0x0000000086300000, 0x0000000086300000| Untracked 
| 100|0x0000000086400000, 0x0000000086400000, 0x0000000086500000|  0%| F|  |TAMS 0x0000000086400000, 0x0000000086400000| Untracked 
| 101|0x0000000086500000, 0x0000000086500000, 0x0000000086600000|  0%| F|  |TAMS 0x0000000086500000, 0x0000000086500000| Untracked 
| 102|0x0000000086600000, 0x0000000086600000, 0x0000000086700000|  0%| F|  |TAMS 0x0000000086600000, 0x0000000086600000| Untracked 
| 103|0x0000000086700000, 0x0000000086700000, 0x0000000086800000|  0%| F|  |TAMS 0x0000000086700000, 0x0000000086700000| Untracked 
| 104|0x0000000086800000, 0x0000000086800000, 0x0000000086900000|  0%| F|  |TAMS 0x0000000086800000, 0x0000000086800000| Untracked 
| 105|0x0000000086900000, 0x0000000086900000, 0x0000000086a00000|  0%| F|  |TAMS 0x0000000086900000, 0x0000000086900000| Untracked 
| 106|0x0000000086a00000, 0x0000000086a00000, 0x0000000086b00000|  0%| F|  |TAMS 0x0000000086a00000, 0x0000000086a00000| Untracked 
| 107|0x0000000086b00000, 0x0000000086b00000, 0x0000000086c00000|  0%| F|  |TAMS 0x0000000086b00000, 0x0000000086b00000| Untracked 
| 108|0x0000000086c00000, 0x0000000086c00000, 0x0000000086d00000|  0%| F|  |TAMS 0x0000000086c00000, 0x0000000086c00000| Untracked 
| 109|0x0000000086d00000, 0x0000000086d00000, 0x0000000086e00000|  0%| F|  |TAMS 0x0000000086d00000, 0x0000000086d00000| Untracked 
| 110|0x0000000086e00000, 0x0000000086e00000, 0x0000000086f00000|  0%| F|  |TAMS 0x0000000086e00000, 0x0000000086e00000| Untracked 
| 111|0x0000000086f00000, 0x0000000086f00000, 0x0000000087000000|  0%| F|  |TAMS 0x0000000086f00000, 0x0000000086f00000| Untracked 
| 112|0x0000000087000000, 0x0000000087000000, 0x0000000087100000|  0%| F|  |TAMS 0x0000000087000000, 0x0000000087000000| Untracked 
| 113|0x0000000087100000, 0x0000000087100000, 0x0000000087200000|  0%| F|  |TAMS 0x0000000087100000, 0x0000000087100000| Untracked 
| 114|0x0000000087200000, 0x0000000087200000, 0x0000000087300000|  0%| F|  |TAMS 0x0000000087200000, 0x0000000087200000| Untracked 
| 115|0x0000000087300000, 0x0000000087300000, 0x0000000087400000|  0%| F|  |TAMS 0x0000000087300000, 0x0000000087300000| Untracked 
| 116|0x0000000087400000, 0x0000000087400000, 0x0000000087500000|  0%| F|  |TAMS 0x0000000087400000, 0x0000000087400000| Untracked 
| 117|0x0000000087500000, 0x0000000087500000, 0x0000000087600000|  0%| F|  |TAMS 0x0000000087500000, 0x0000000087500000| Untracked 
| 118|0x0000000087600000, 0x0000000087600000, 0x0000000087700000|  0%| F|  |TAMS 0x0000000087600000, 0x0000000087600000| Untracked 
| 119|0x0000000087700000, 0x0000000087700000, 0x0000000087800000|  0%| F|  |TAMS 0x0000000087700000, 0x0000000087700000| Untracked 
| 120|0x0000000087800000, 0x0000000087800000, 0x0000000087900000|  0%| F|  |TAMS 0x0000000087800000, 0x0000000087800000| Untracked 
| 121|0x0000000087900000, 0x0000000087965c80, 0x0000000087a00000| 39%| S|CS|TAMS 0x0000000087900000, 0x0000000087900000| Complete 
| 122|0x0000000087a00000, 0x0000000087b00000, 0x0000000087b00000|100%| S|CS|TAMS 0x0000000087a00000, 0x0000000087a00000| Complete 
| 123|0x0000000087b00000, 0x0000000087c00000, 0x0000000087c00000|100%| S|CS|TAMS 0x0000000087b00000, 0x0000000087b00000| Complete 
| 124|0x0000000087c00000, 0x0000000087d00000, 0x0000000087d00000|100%| S|CS|TAMS 0x0000000087c00000, 0x0000000087c00000| Complete 
| 125|0x0000000087d00000, 0x0000000087e00000, 0x0000000087e00000|100%| S|CS|TAMS 0x0000000087d00000, 0x0000000087d00000| Complete 
| 126|0x0000000087e00000, 0x0000000087f00000, 0x0000000087f00000|100%| S|CS|TAMS 0x0000000087e00000, 0x0000000087e00000| Complete 
| 127|0x0000000087f00000, 0x0000000088000000, 0x0000000088000000|100%| S|CS|TAMS 0x0000000087f00000, 0x0000000087f00000| Complete 
| 128|0x0000000088000000, 0x0000000088100000, 0x0000000088100000|100%| S|CS|TAMS 0x0000000088000000, 0x0000000088000000| Complete 
| 129|0x0000000088100000, 0x0000000088200000, 0x0000000088200000|100%| S|CS|TAMS 0x0000000088100000, 0x0000000088100000| Complete 
| 130|0x0000000088200000, 0x0000000088200000, 0x0000000088300000|  0%| F|  |TAMS 0x0000000088200000, 0x0000000088200000| Untracked 
| 131|0x0000000088300000, 0x0000000088300000, 0x0000000088400000|  0%| F|  |TAMS 0x0000000088300000, 0x0000000088300000| Untracked 
| 132|0x0000000088400000, 0x0000000088400000, 0x0000000088500000|  0%| F|  |TAMS 0x0000000088400000, 0x0000000088400000| Untracked 
| 133|0x0000000088500000, 0x0000000088500000, 0x0000000088600000|  0%| F|  |TAMS 0x0000000088500000, 0x0000000088500000| Untracked 
| 134|0x0000000088600000, 0x0000000088600000, 0x0000000088700000|  0%| F|  |TAMS 0x0000000088600000, 0x0000000088600000| Untracked 
| 135|0x0000000088700000, 0x0000000088700000, 0x0000000088800000|  0%| F|  |TAMS 0x0000000088700000, 0x0000000088700000| Untracked 
| 136|0x0000000088800000, 0x0000000088800000, 0x0000000088900000|  0%| F|  |TAMS 0x0000000088800000, 0x0000000088800000| Untracked 
| 137|0x0000000088900000, 0x0000000088900000, 0x0000000088a00000|  0%| F|  |TAMS 0x0000000088900000, 0x0000000088900000| Untracked 
| 138|0x0000000088a00000, 0x0000000088a00000, 0x0000000088b00000|  0%| F|  |TAMS 0x0000000088a00000, 0x0000000088a00000| Untracked 
| 139|0x0000000088b00000, 0x0000000088b00000, 0x0000000088c00000|  0%| F|  |TAMS 0x0000000088b00000, 0x0000000088b00000| Untracked 
| 140|0x0000000088c00000, 0x0000000088c00000, 0x0000000088d00000|  0%| F|  |TAMS 0x0000000088c00000, 0x0000000088c00000| Untracked 
| 141|0x0000000088d00000, 0x0000000088d00000, 0x0000000088e00000|  0%| F|  |TAMS 0x0000000088d00000, 0x0000000088d00000| Untracked 
| 142|0x0000000088e00000, 0x0000000088e00000, 0x0000000088f00000|  0%| F|  |TAMS 0x0000000088e00000, 0x0000000088e00000| Untracked 
| 143|0x0000000088f00000, 0x0000000088f00000, 0x0000000089000000|  0%| F|  |TAMS 0x0000000088f00000, 0x0000000088f00000| Untracked 
| 144|0x0000000089000000, 0x0000000089000000, 0x0000000089100000|  0%| F|  |TAMS 0x0000000089000000, 0x0000000089000000| Untracked 
| 145|0x0000000089100000, 0x0000000089100000, 0x0000000089200000|  0%| F|  |TAMS 0x0000000089100000, 0x0000000089100000| Untracked 
| 146|0x0000000089200000, 0x0000000089200000, 0x0000000089300000|  0%| F|  |TAMS 0x0000000089200000, 0x0000000089200000| Untracked 
| 147|0x0000000089300000, 0x0000000089300000, 0x0000000089400000|  0%| F|  |TAMS 0x0000000089300000, 0x0000000089300000| Untracked 
| 148|0x0000000089400000, 0x0000000089400000, 0x0000000089500000|  0%| F|  |TAMS 0x0000000089400000, 0x0000000089400000| Untracked 
| 149|0x0000000089500000, 0x0000000089500000, 0x0000000089600000|  0%| F|  |TAMS 0x0000000089500000, 0x0000000089500000| Untracked 
| 150|0x0000000089600000, 0x0000000089600000, 0x0000000089700000|  0%| F|  |TAMS 0x0000000089600000, 0x0000000089600000| Untracked 
| 151|0x0000000089700000, 0x0000000089700000, 0x0000000089800000|  0%| F|  |TAMS 0x0000000089700000, 0x0000000089700000| Untracked 
| 152|0x0000000089800000, 0x0000000089800000, 0x0000000089900000|  0%| F|  |TAMS 0x0000000089800000, 0x0000000089800000| Untracked 
| 153|0x0000000089900000, 0x0000000089900000, 0x0000000089a00000|  0%| F|  |TAMS 0x0000000089900000, 0x0000000089900000| Untracked 
| 154|0x0000000089a00000, 0x0000000089a00000, 0x0000000089b00000|  0%| F|  |TAMS 0x0000000089a00000, 0x0000000089a00000| Untracked 
| 155|0x0000000089b00000, 0x0000000089b00000, 0x0000000089c00000|  0%| F|  |TAMS 0x0000000089b00000, 0x0000000089b00000| Untracked 
| 156|0x0000000089c00000, 0x0000000089c00000, 0x0000000089d00000|  0%| F|  |TAMS 0x0000000089c00000, 0x0000000089c00000| Untracked 
| 157|0x0000000089d00000, 0x0000000089d00000, 0x0000000089e00000|  0%| F|  |TAMS 0x0000000089d00000, 0x0000000089d00000| Untracked 
| 158|0x0000000089e00000, 0x0000000089e00000, 0x0000000089f00000|  0%| F|  |TAMS 0x0000000089e00000, 0x0000000089e00000| Untracked 
| 159|0x0000000089f00000, 0x0000000089f00000, 0x000000008a000000|  0%| F|  |TAMS 0x0000000089f00000, 0x0000000089f00000| Untracked 
| 160|0x000000008a000000, 0x000000008a000000, 0x000000008a100000|  0%| F|  |TAMS 0x000000008a000000, 0x000000008a000000| Untracked 
| 161|0x000000008a100000, 0x000000008a100000, 0x000000008a200000|  0%| F|  |TAMS 0x000000008a100000, 0x000000008a100000| Untracked 
| 162|0x000000008a200000, 0x000000008a200000, 0x000000008a300000|  0%| F|  |TAMS 0x000000008a200000, 0x000000008a200000| Untracked 
| 163|0x000000008a300000, 0x000000008a300000, 0x000000008a400000|  0%| F|  |TAMS 0x000000008a300000, 0x000000008a300000| Untracked 
| 164|0x000000008a400000, 0x000000008a400000, 0x000000008a500000|  0%| F|  |TAMS 0x000000008a400000, 0x000000008a400000| Untracked 
| 165|0x000000008a500000, 0x000000008a500000, 0x000000008a600000|  0%| F|  |TAMS 0x000000008a500000, 0x000000008a500000| Untracked 
| 166|0x000000008a600000, 0x000000008a600000, 0x000000008a700000|  0%| F|  |TAMS 0x000000008a600000, 0x000000008a600000| Untracked 
| 167|0x000000008a700000, 0x000000008a700000, 0x000000008a800000|  0%| F|  |TAMS 0x000000008a700000, 0x000000008a700000| Untracked 
| 168|0x000000008a800000, 0x000000008a800000, 0x000000008a900000|  0%| F|  |TAMS 0x000000008a800000, 0x000000008a800000| Untracked 
| 169|0x000000008a900000, 0x000000008a900000, 0x000000008aa00000|  0%| F|  |TAMS 0x000000008a900000, 0x000000008a900000| Untracked 
| 170|0x000000008aa00000, 0x000000008aa00000, 0x000000008ab00000|  0%| F|  |TAMS 0x000000008aa00000, 0x000000008aa00000| Untracked 
| 171|0x000000008ab00000, 0x000000008ab00000, 0x000000008ac00000|  0%| F|  |TAMS 0x000000008ab00000, 0x000000008ab00000| Untracked 
| 172|0x000000008ac00000, 0x000000008ac00000, 0x000000008ad00000|  0%| F|  |TAMS 0x000000008ac00000, 0x000000008ac00000| Untracked 
| 173|0x000000008ad00000, 0x000000008ad00000, 0x000000008ae00000|  0%| F|  |TAMS 0x000000008ad00000, 0x000000008ad00000| Untracked 
| 174|0x000000008ae00000, 0x000000008ae00000, 0x000000008af00000|  0%| F|  |TAMS 0x000000008ae00000, 0x000000008ae00000| Untracked 
| 175|0x000000008af00000, 0x000000008af00000, 0x000000008b000000|  0%| F|  |TAMS 0x000000008af00000, 0x000000008af00000| Untracked 
| 176|0x000000008b000000, 0x000000008b000000, 0x000000008b100000|  0%| F|  |TAMS 0x000000008b000000, 0x000000008b000000| Untracked 
| 177|0x000000008b100000, 0x000000008b100000, 0x000000008b200000|  0%| F|  |TAMS 0x000000008b100000, 0x000000008b100000| Untracked 
| 178|0x000000008b200000, 0x000000008b200000, 0x000000008b300000|  0%| F|  |TAMS 0x000000008b200000, 0x000000008b200000| Untracked 
| 179|0x000000008b300000, 0x000000008b300000, 0x000000008b400000|  0%| F|  |TAMS 0x000000008b300000, 0x000000008b300000| Untracked 
| 180|0x000000008b400000, 0x000000008b400000, 0x000000008b500000|  0%| F|  |TAMS 0x000000008b400000, 0x000000008b400000| Untracked 
| 181|0x000000008b500000, 0x000000008b500000, 0x000000008b600000|  0%| F|  |TAMS 0x000000008b500000, 0x000000008b500000| Untracked 
| 182|0x000000008b600000, 0x000000008b600000, 0x000000008b700000|  0%| F|  |TAMS 0x000000008b600000, 0x000000008b600000| Untracked 
| 183|0x000000008b700000, 0x000000008b700000, 0x000000008b800000|  0%| F|  |TAMS 0x000000008b700000, 0x000000008b700000| Untracked 
| 184|0x000000008b800000, 0x000000008b800000, 0x000000008b900000|  0%| F|  |TAMS 0x000000008b800000, 0x000000008b800000| Untracked 
| 185|0x000000008b900000, 0x000000008b900000, 0x000000008ba00000|  0%| F|  |TAMS 0x000000008b900000, 0x000000008b900000| Untracked 
| 186|0x000000008ba00000, 0x000000008ba00000, 0x000000008bb00000|  0%| F|  |TAMS 0x000000008ba00000, 0x000000008ba00000| Untracked 
| 187|0x000000008bb00000, 0x000000008bb00000, 0x000000008bc00000|  0%| F|  |TAMS 0x000000008bb00000, 0x000000008bb00000| Untracked 
| 188|0x000000008bc00000, 0x000000008bc00000, 0x000000008bd00000|  0%| F|  |TAMS 0x000000008bc00000, 0x000000008bc00000| Untracked 
| 189|0x000000008bd00000, 0x000000008bd00000, 0x000000008be00000|  0%| F|  |TAMS 0x000000008bd00000, 0x000000008bd00000| Untracked 
| 190|0x000000008be00000, 0x000000008be00000, 0x000000008bf00000|  0%| F|  |TAMS 0x000000008be00000, 0x000000008be00000| Untracked 
| 191|0x000000008bf00000, 0x000000008bf00000, 0x000000008c000000|  0%| F|  |TAMS 0x000000008bf00000, 0x000000008bf00000| Untracked 
| 192|0x000000008c000000, 0x000000008c000000, 0x000000008c100000|  0%| F|  |TAMS 0x000000008c000000, 0x000000008c000000| Untracked 
| 193|0x000000008c100000, 0x000000008c100000, 0x000000008c200000|  0%| F|  |TAMS 0x000000008c100000, 0x000000008c100000| Untracked 
| 194|0x000000008c200000, 0x000000008c200000, 0x000000008c300000|  0%| F|  |TAMS 0x000000008c200000, 0x000000008c200000| Untracked 
| 195|0x000000008c300000, 0x000000008c300000, 0x000000008c400000|  0%| F|  |TAMS 0x000000008c300000, 0x000000008c300000| Untracked 
| 196|0x000000008c400000, 0x000000008c400000, 0x000000008c500000|  0%| F|  |TAMS 0x000000008c400000, 0x000000008c400000| Untracked 
| 197|0x000000008c500000, 0x000000008c500000, 0x000000008c600000|  0%| F|  |TAMS 0x000000008c500000, 0x000000008c500000| Untracked 
| 198|0x000000008c600000, 0x000000008c600000, 0x000000008c700000|  0%| F|  |TAMS 0x000000008c600000, 0x000000008c600000| Untracked 
| 199|0x000000008c700000, 0x000000008c700000, 0x000000008c800000|  0%| F|  |TAMS 0x000000008c700000, 0x000000008c700000| Untracked 
| 200|0x000000008c800000, 0x000000008c800000, 0x000000008c900000|  0%| F|  |TAMS 0x000000008c800000, 0x000000008c800000| Untracked 
| 201|0x000000008c900000, 0x000000008c900000, 0x000000008ca00000|  0%| F|  |TAMS 0x000000008c900000, 0x000000008c900000| Untracked 
| 202|0x000000008ca00000, 0x000000008ca00000, 0x000000008cb00000|  0%| F|  |TAMS 0x000000008ca00000, 0x000000008ca00000| Untracked 
| 203|0x000000008cb00000, 0x000000008cb00000, 0x000000008cc00000|  0%| F|  |TAMS 0x000000008cb00000, 0x000000008cb00000| Untracked 
| 204|0x000000008cc00000, 0x000000008cccdd00, 0x000000008cd00000| 82%| E|  |TAMS 0x000000008cc00000, 0x000000008cc00000| Complete 
| 205|0x000000008cd00000, 0x000000008ce00000, 0x000000008ce00000|100%| E|CS|TAMS 0x000000008cd00000, 0x000000008cd00000| Complete 
| 206|0x000000008ce00000, 0x000000008cf00000, 0x000000008cf00000|100%| E|CS|TAMS 0x000000008ce00000, 0x000000008ce00000| Complete 
| 207|0x000000008cf00000, 0x000000008d000000, 0x000000008d000000|100%| E|CS|TAMS 0x000000008cf00000, 0x000000008cf00000| Complete 
| 208|0x000000008d000000, 0x000000008d100000, 0x000000008d100000|100%| E|CS|TAMS 0x000000008d000000, 0x000000008d000000| Complete 
| 209|0x000000008d100000, 0x000000008d200000, 0x000000008d200000|100%| E|CS|TAMS 0x000000008d100000, 0x000000008d100000| Complete 
| 210|0x000000008d200000, 0x000000008d300000, 0x000000008d300000|100%| E|CS|TAMS 0x000000008d200000, 0x000000008d200000| Complete 
| 211|0x000000008d300000, 0x000000008d400000, 0x000000008d400000|100%| E|CS|TAMS 0x000000008d300000, 0x000000008d300000| Complete 
| 212|0x000000008d400000, 0x000000008d500000, 0x000000008d500000|100%| E|  |TAMS 0x000000008d400000, 0x000000008d400000| Complete 
| 213|0x000000008d500000, 0x000000008d600000, 0x000000008d600000|100%| E|CS|TAMS 0x000000008d500000, 0x000000008d500000| Complete 
| 214|0x000000008d600000, 0x000000008d700000, 0x000000008d700000|100%| E|CS|TAMS 0x000000008d600000, 0x000000008d600000| Complete 
| 215|0x000000008d700000, 0x000000008d800000, 0x000000008d800000|100%| E|CS|TAMS 0x000000008d700000, 0x000000008d700000| Complete 
| 216|0x000000008d800000, 0x000000008d900000, 0x000000008d900000|100%| E|CS|TAMS 0x000000008d800000, 0x000000008d800000| Complete 
| 217|0x000000008d900000, 0x000000008da00000, 0x000000008da00000|100%| E|CS|TAMS 0x000000008d900000, 0x000000008d900000| Complete 
| 218|0x000000008da00000, 0x000000008db00000, 0x000000008db00000|100%| E|CS|TAMS 0x000000008da00000, 0x000000008da00000| Complete 
| 219|0x000000008db00000, 0x000000008dc00000, 0x000000008dc00000|100%| E|CS|TAMS 0x000000008db00000, 0x000000008db00000| Complete 
| 220|0x000000008dc00000, 0x000000008dd00000, 0x000000008dd00000|100%| E|CS|TAMS 0x000000008dc00000, 0x000000008dc00000| Complete 
| 221|0x000000008dd00000, 0x000000008de00000, 0x000000008de00000|100%| E|CS|TAMS 0x000000008dd00000, 0x000000008dd00000| Complete 
| 222|0x000000008de00000, 0x000000008df00000, 0x000000008df00000|100%| E|CS|TAMS 0x000000008de00000, 0x000000008de00000| Complete 
| 223|0x000000008df00000, 0x000000008e000000, 0x000000008e000000|100%| E|CS|TAMS 0x000000008df00000, 0x000000008df00000| Complete 
| 224|0x000000008e000000, 0x000000008e100000, 0x000000008e100000|100%| E|CS|TAMS 0x000000008e000000, 0x000000008e000000| Complete 
| 225|0x000000008e100000, 0x000000008e200000, 0x000000008e200000|100%| E|CS|TAMS 0x000000008e100000, 0x000000008e100000| Complete 
| 226|0x000000008e200000, 0x000000008e300000, 0x000000008e300000|100%| E|CS|TAMS 0x000000008e200000, 0x000000008e200000| Complete 
| 227|0x000000008e300000, 0x000000008e400000, 0x000000008e400000|100%| E|CS|TAMS 0x000000008e300000, 0x000000008e300000| Complete 
| 228|0x000000008e400000, 0x000000008e500000, 0x000000008e500000|100%| E|CS|TAMS 0x000000008e400000, 0x000000008e400000| Complete 
| 229|0x000000008e500000, 0x000000008e600000, 0x000000008e600000|100%| E|CS|TAMS 0x000000008e500000, 0x000000008e500000| Complete 
| 230|0x000000008e600000, 0x000000008e700000, 0x000000008e700000|100%| E|CS|TAMS 0x000000008e600000, 0x000000008e600000| Complete 

Card table byte_map: [0x000001654e3c0000,0x000001654e7c0000] _byte_map_base: 0x000001654dfc0000

Marking Bits (Prev, Next): (CMBitMap*) 0x000001653b4ef0b8, (CMBitMap*) 0x000001653b4ef0f0
 Prev Bits: [0x000001654ebc0000, 0x0000016550bc0000)
 Next Bits: [0x0000016550bc0000, 0x0000016552bc0000)

Polling page: 0x00000165394a0000

Metaspace:

Usage:
  Non-class:     91.95 MB capacity,    90.28 MB ( 98%) used,     1.31 MB (  1%) free+waste,   368.75 KB ( <1%) overhead. 
      Class:     14.57 MB capacity,    13.43 MB ( 92%) used,   993.18 KB (  7%) free+waste,   167.00 KB (  1%) overhead. 
       Both:    106.52 MB capacity,   103.72 MB ( 97%) used,     2.28 MB (  2%) free+waste,   535.75 KB ( <1%) overhead. 

Virtual space:
  Non-class space:       94.00 MB reserved,      92.09 MB ( 98%) committed 
      Class space:        1.00 GB reserved,      14.65 MB (  1%) committed 
             Both:        1.09 GB reserved,     106.73 MB ( 10%) committed 

Chunk freelists:
   Non-Class:  11.00 KB
       Class:  0 bytes
        Both:  11.00 KB

MaxMetaspaceSize: 17179869184.00 GB
CompressedClassSpaceSize: 1.00 GB
Initial GC threshold: 20.80 MB
Current GC threshold: 111.23 MB
CDS: off

CodeHeap 'non-profiled nmethods': size=120064Kb used=8029Kb max_used=8029Kb free=112034Kb
 bounds [0x0000016546a80000, 0x0000016547260000, 0x000001654dfc0000]
CodeHeap 'profiled nmethods': size=120000Kb used=33615Kb max_used=33615Kb free=86384Kb
 bounds [0x000001653f550000, 0x0000016541630000, 0x0000016546a80000]
CodeHeap 'non-nmethods': size=5696Kb used=2409Kb max_used=2474Kb free=3286Kb
 bounds [0x000001653efc0000, 0x000001653f230000, 0x000001653f550000]
 total_blobs=15657 nmethods=14728 adapters=840
 compilation: enabled
              stopped_count=0, restarted_count=0
 full_count=0

Compilation events (20 events):
Event: 32.178 Thread 0x0000016555948000 14812       2       com.android.tools.r8.internal.el::<init> (10 bytes)
Event: 32.178 Thread 0x0000016555948000 nmethod 14812 0x0000016541611810 code [0x00000165416119c0, 0x0000016541611af8]
Event: 32.178 Thread 0x0000016555948000 14814 %     3       com.android.tools.r8.internal.xa::a @ 103 (131 bytes)
Event: 32.179 Thread 0x0000016555948000 nmethod 14814% 0x0000016541611b90 code [0x0000016541611de0, 0x0000016541612718]
Event: 32.180 Thread 0x0000016555948000 14815       2       com.android.tools.r8.graph.o2::b (25 bytes)
Event: 32.181 Thread 0x0000016555948000 nmethod 14815 0x0000016541612b90 code [0x0000016541612d40, 0x0000016541612f78]
Event: 32.181 Thread 0x0000016555948000 14816       2       com.android.tools.r8.internal.kY::v (16 bytes)
Event: 32.182 Thread 0x0000016555948000 nmethod 14816 0x0000016541613010 code [0x00000165416131c0, 0x0000016541613318]
Event: 32.182 Thread 0x0000016555948000 14817       2       com.android.tools.r8.ir.regalloc.b::a (262 bytes)
Event: 32.184 Thread 0x0000016555948000 nmethod 14817 0x0000016541613410 code [0x00000165416136c0, 0x0000016541614078]
Event: 32.184 Thread 0x0000016555948000 14818       2       com.android.tools.r8.graph.G1::e (220 bytes)
Event: 32.185 Thread 0x0000016555948000 nmethod 14818 0x0000016541614790 code [0x0000016541614a00, 0x0000016541615208]
Event: 32.186 Thread 0x0000016555948000 14819       2       com.android.tools.r8.graph.D1$b::g (4 bytes)
Event: 32.186 Thread 0x0000016555948000 nmethod 14819 0x0000016541615610 code [0x00000165416157c0, 0x0000016541615898]
Event: 32.187 Thread 0x0000016555948000 14820       2       com.android.tools.r8.graph.r2::b (17 bytes)
Event: 32.188 Thread 0x0000016555948000 nmethod 14820 0x0000016541615910 code [0x0000016541615ae0, 0x0000016541615e98]
Event: 32.188 Thread 0x0000016555948000 14821       2       com.android.tools.r8.graph.r2$$Lambda$1099/0x0000000100c99440::get$Lambda (11 bytes)
Event: 32.188 Thread 0x0000016555948000 nmethod 14821 0x0000016541616110 code [0x00000165416162c0, 0x0000016541616518]
Event: 32.188 Thread 0x0000016555948000 14822       2       com.android.tools.r8.graph.r2$$Lambda$1099/0x0000000100c99440::<init> (20 bytes)
Event: 32.188 Thread 0x0000016555948000 nmethod 14822 0x0000016541616610 code [0x00000165416167c0, 0x00000165416169d8]

GC Heap History (20 events):
Event: 11.945 GC heap before
{Heap before GC invocations=10 (full 0):
 garbage-first heap   total 196608K, used 140274K [0x0000000080000000, 0x0000000100000000)
  region size 1024K, 115 young (117760K), 14 survivors (14336K)
 Metaspace       used 50059K, capacity 51359K, committed 51656K, reserved 1093632K
  class space    used 6400K, capacity 6883K, committed 6988K, reserved 1048576K
}
Event: 11.977 GC heap after
{Heap after GC invocations=11 (full 0):
 garbage-first heap   total 196608K, used 47233K [0x0000000080000000, 0x0000000100000000)
  region size 1024K, 15 young (15360K), 15 survivors (15360K)
 Metaspace       used 50059K, capacity 51359K, committed 51656K, reserved 1093632K
  class space    used 6400K, capacity 6883K, committed 6988K, reserved 1048576K
}
Event: 13.540 GC heap before
{Heap before GC invocations=11 (full 0):
 garbage-first heap   total 196608K, used 106625K [0x0000000080000000, 0x0000000100000000)
  region size 1024K, 74 young (75776K), 15 survivors (15360K)
 Metaspace       used 58625K, capacity 60009K, committed 60068K, reserved 1101824K
  class space    used 7459K, capacity 7992K, committed 8012K, reserved 1048576K
}
Event: 13.572 GC heap after
{Heap after GC invocations=12 (full 0):
 garbage-first heap   total 196608K, used 51200K [0x0000000080000000, 0x0000000100000000)
  region size 1024K, 3 young (3072K), 3 survivors (3072K)
 Metaspace       used 58625K, capacity 60009K, committed 60068K, reserved 1101824K
  class space    used 7459K, capacity 7992K, committed 8012K, reserved 1048576K
}
Event: 15.447 GC heap before
{Heap before GC invocations=13 (full 0):
 garbage-first heap   total 196608K, used 132096K [0x0000000080000000, 0x0000000100000000)
  region size 1024K, 82 young (83968K), 3 survivors (3072K)
 Metaspace       used 66293K, capacity 67748K, committed 68080K, reserved 1107968K
  class space    used 8438K, capacity 8982K, committed 9112K, reserved 1048576K
}
Event: 15.467 GC heap after
{Heap after GC invocations=14 (full 0):
 garbage-first heap   total 236544K, used 56257K [0x0000000080000000, 0x0000000100000000)
  region size 1024K, 8 young (8192K), 8 survivors (8192K)
 Metaspace       used 66293K, capacity 67748K, committed 68080K, reserved 1107968K
  class space    used 8438K, capacity 8982K, committed 9112K, reserved 1048576K
}
Event: 17.613 GC heap before
{Heap before GC invocations=15 (full 0):
 garbage-first heap   total 236544K, used 155585K [0x0000000080000000, 0x0000000100000000)
  region size 1024K, 105 young (107520K), 8 survivors (8192K)
 Metaspace       used 73345K, capacity 74925K, committed 74992K, reserved 1114112K
  class space    used 9500K, capacity 10103K, committed 10136K, reserved 1048576K
}
Event: 17.638 GC heap after
{Heap after GC invocations=16 (full 0):
 garbage-first heap   total 236544K, used 62807K [0x0000000080000000, 0x0000000100000000)
  region size 1024K, 13 young (13312K), 13 survivors (13312K)
 Metaspace       used 73345K, capacity 74925K, committed 74992K, reserved 1114112K
  class space    used 9500K, capacity 10103K, committed 10136K, reserved 1048576K
}
Event: 20.271 GC heap before
{Heap before GC invocations=16 (full 0):
 garbage-first heap   total 236544K, used 163159K [0x0000000080000000, 0x0000000100000000)
  region size 1024K, 111 young (113664K), 13 survivors (13312K)
 Metaspace       used 82567K, capacity 84343K, committed 84592K, reserved 1122304K
  class space    used 10767K, capacity 11455K, committed 11544K, reserved 1048576K
}
Event: 20.302 GC heap after
{Heap after GC invocations=17 (full 0):
 garbage-first heap   total 236544K, used 69735K [0x0000000080000000, 0x0000000100000000)
  region size 1024K, 14 young (14336K), 14 survivors (14336K)
 Metaspace       used 82567K, capacity 84343K, committed 84592K, reserved 1122304K
  class space    used 10767K, capacity 11455K, committed 11544K, reserved 1048576K
}
Event: 23.081 GC heap before
{Heap before GC invocations=17 (full 0):
 garbage-first heap   total 236544K, used 168039K [0x0000000080000000, 0x0000000100000000)
  region size 1024K, 111 young (113664K), 14 survivors (14336K)
 Metaspace       used 85604K, capacity 87675K, committed 87920K, reserved 1126400K
  class space    used 11176K, capacity 11958K, committed 12056K, reserved 1048576K
}
Event: 23.120 GC heap after
{Heap after GC invocations=18 (full 0):
 garbage-first heap   total 236544K, used 77267K [0x0000000080000000, 0x0000000100000000)
  region size 1024K, 14 young (14336K), 14 survivors (14336K)
 Metaspace       used 85604K, capacity 87675K, committed 87920K, reserved 1126400K
  class space    used 11176K, capacity 11958K, committed 12056K, reserved 1048576K
}
Event: 25.187 GC heap before
{Heap before GC invocations=18 (full 0):
 garbage-first heap   total 236544K, used 174547K [0x0000000080000000, 0x0000000100000000)
  region size 1024K, 110 young (112640K), 14 survivors (14336K)
 Metaspace       used 90369K, capacity 92475K, committed 92656K, reserved 1130496K
  class space    used 11731K, capacity 12547K, committed 12696K, reserved 1048576K
}
Event: 25.221 GC heap after
{Heap after GC invocations=19 (full 0):
 garbage-first heap   total 236544K, used 81920K [0x0000000080000000, 0x0000000100000000)
  region size 1024K, 12 young (12288K), 12 survivors (12288K)
 Metaspace       used 90369K, capacity 92475K, committed 92656K, reserved 1130496K
  class space    used 11731K, capacity 12547K, committed 12696K, reserved 1048576K
}
Event: 27.772 GC heap before
{Heap before GC invocations=19 (full 0):
 garbage-first heap   total 236544K, used 180224K [0x0000000080000000, 0x0000000100000000)
  region size 1024K, 109 young (111616K), 12 survivors (12288K)
 Metaspace       used 102525K, capacity 105037K, committed 105200K, reserved 1140736K
  class space    used 13429K, capacity 14420K, committed 14488K, reserved 1048576K
}
Event: 27.809 GC heap after
{Heap after GC invocations=20 (full 0):
 garbage-first heap   total 236544K, used 89600K [0x0000000080000000, 0x0000000100000000)
  region size 1024K, 13 young (13312K), 13 survivors (13312K)
 Metaspace       used 102525K, capacity 105037K, committed 105200K, reserved 1140736K
  class space    used 13429K, capacity 14420K, committed 14488K, reserved 1048576K
}
Event: 30.390 GC heap before
{Heap before GC invocations=20 (full 0):
 garbage-first heap   total 236544K, used 183808K [0x0000000080000000, 0x0000000100000000)
  region size 1024K, 106 young (108544K), 13 survivors (13312K)
 Metaspace       used 105505K, capacity 108354K, committed 108400K, reserved 1142784K
  class space    used 13721K, capacity 14872K, committed 14872K, reserved 1048576K
}
Event: 30.426 GC heap after
{Heap after GC invocations=21 (full 0):
 garbage-first heap   total 236544K, used 90086K [0x0000000080000000, 0x0000000100000000)
  region size 1024K, 8 young (8192K), 8 survivors (8192K)
 Metaspace       used 105505K, capacity 108354K, committed 108400K, reserved 1142784K
  class space    used 13721K, capacity 14872K, committed 14872K, reserved 1048576K
}
Event: 31.938 GC heap before
{Heap before GC invocations=21 (full 0):
 garbage-first heap   total 236544K, used 187366K [0x0000000080000000, 0x0000000100000000)
  region size 1024K, 104 young (106496K), 8 survivors (8192K)
 Metaspace       used 106122K, capacity 108976K, committed 109296K, reserved 1144832K
  class space    used 13747K, capacity 14906K, committed 15000K, reserved 1048576K
}
Event: 31.961 GC heap after
{Heap after GC invocations=22 (full 0):
 garbage-first heap   total 236544K, used 94860K [0x0000000080000000, 0x0000000100000000)
  region size 1024K, 9 young (9216K), 9 survivors (9216K)
 Metaspace       used 106122K, capacity 108976K, committed 109296K, reserved 1144832K
  class space    used 13747K, capacity 14906K, committed 15000K, reserved 1048576K
}

Deoptimization events (20 events):
Event: 32.155 Thread 0x00000165569b6800 Uncommon trap: trap_request=0xffffff4d fr.pc=0x0000016547181cec relative=0x00000000000000ec
Event: 32.155 Thread 0x00000165569b6800 Uncommon trap: reason=unstable_if action=reinterpret pc=0x0000016547181cec method=com.android.tools.r8.internal.kY.a(Lcom/android/tools/r8/internal/uY;)Lcom/android/tools/r8/internal/lX; @ 371 c2
Event: 32.155 Thread 0x00000165569b6800 DEOPT PACKING pc=0x0000016547181cec sp=0x00000002003f9190
Event: 32.155 Thread 0x00000165569b6800 DEOPT UNPACKING pc=0x000001653f00a1af sp=0x00000002003f9120 mode 2
Event: 32.159 Thread 0x00000165569b6800 Uncommon trap: trap_request=0xffffffc6 fr.pc=0x0000016547204188 relative=0x00000000000041a8
Event: 32.159 Thread 0x00000165569b6800 Uncommon trap: reason=bimorphic_or_optimized_type_check action=maybe_recompile pc=0x0000016547204188 method=com.android.tools.r8.ir.regalloc.b.a(Lcom/android/tools/r8/internal/kY;Lcom/android/tools/r8/internal/h4;ILjava/util/List;Lcom/android/tools/r8/int
Event: 32.159 Thread 0x00000165569b6800 DEOPT PACKING pc=0x0000016547204188 sp=0x00000002003f92d0
Event: 32.159 Thread 0x00000165569b6800 DEOPT UNPACKING pc=0x000001653f00a1af sp=0x00000002003f9378 mode 2
Event: 32.159 Thread 0x00000165569b6800 Uncommon trap: trap_request=0xffffffc6 fr.pc=0x0000016547204188 relative=0x00000000000041a8
Event: 32.159 Thread 0x00000165569b6800 Uncommon trap: reason=bimorphic_or_optimized_type_check action=maybe_recompile pc=0x0000016547204188 method=com.android.tools.r8.ir.regalloc.b.a(Lcom/android/tools/r8/internal/kY;Lcom/android/tools/r8/internal/h4;ILjava/util/List;Lcom/android/tools/r8/int
Event: 32.159 Thread 0x00000165569b6800 DEOPT PACKING pc=0x0000016547204188 sp=0x00000002003f92d0
Event: 32.159 Thread 0x00000165569b6800 DEOPT UNPACKING pc=0x000001653f00a1af sp=0x00000002003f9378 mode 2
Event: 32.159 Thread 0x00000165569b6800 Uncommon trap: trap_request=0xffffffc6 fr.pc=0x0000016547204188 relative=0x00000000000041a8
Event: 32.159 Thread 0x00000165569b6800 Uncommon trap: reason=bimorphic_or_optimized_type_check action=maybe_recompile pc=0x0000016547204188 method=com.android.tools.r8.ir.regalloc.b.a(Lcom/android/tools/r8/internal/kY;Lcom/android/tools/r8/internal/h4;ILjava/util/List;Lcom/android/tools/r8/int
Event: 32.159 Thread 0x00000165569b6800 DEOPT PACKING pc=0x0000016547204188 sp=0x00000002003f92d0
Event: 32.159 Thread 0x00000165569b6800 DEOPT UNPACKING pc=0x000001653f00a1af sp=0x00000002003f9378 mode 2
Event: 32.159 Thread 0x00000165569b6800 Uncommon trap: trap_request=0xffffffc6 fr.pc=0x0000016547204188 relative=0x00000000000041a8
Event: 32.159 Thread 0x00000165569b6800 Uncommon trap: reason=bimorphic_or_optimized_type_check action=maybe_recompile pc=0x0000016547204188 method=com.android.tools.r8.ir.regalloc.b.a(Lcom/android/tools/r8/internal/kY;Lcom/android/tools/r8/internal/h4;ILjava/util/List;Lcom/android/tools/r8/int
Event: 32.159 Thread 0x00000165569b6800 DEOPT PACKING pc=0x0000016547204188 sp=0x00000002003f92d0
Event: 32.159 Thread 0x00000165569b6800 DEOPT UNPACKING pc=0x000001653f00a1af sp=0x00000002003f9378 mode 2

Classes redefined (0 events):
No events

Internal exceptions (20 events):
Event: 26.839 Thread 0x00000165569b1800 Exception <a 'java/lang/NoSuchMethodError'{0x0000000089e430f0}: 'java.lang.Object java.lang.invoke.Invokers$Holder.linkToTargetMethod(java.lang.Object, java.lang.Object, java.lang.Object, java.lang.Object, java.lang.Object, java.lang.Object, java.lang.Object, java.lang.Object, java.lang.Object, java.lang.Object)'> (0x0000000089e430f0) thrown at [./src/hotspot/share/interpreter/linkResolver.cpp, line 773]
Event: 26.908 Thread 0x00000165569b1800 Exception <a 'java/lang/IncompatibleClassChangeError'{0x0000000089d062e8}: Found class java.lang.Object, but interface was expected> (0x0000000089d062e8) thrown at [./src/hotspot/share/interpreter/linkResolver.cpp, line 839]
Event: 28.372 Thread 0x00000165569b1000 Exception <a 'java/lang/NoSuchMethodError'{0x000000008d1dff68}: 'java.lang.Object java.lang.invoke.Invokers$Holder.linkToTargetMethod(java.lang.Object, int, java.lang.Object, java.lang.Object, java.lang.Object, java.lang.Object)'> (0x000000008d1dff68) thrown at [./src/hotspot/share/interpreter/linkResolver.cpp, line 773]
Event: 28.384 Thread 0x00000165569b1000 Exception <a 'java/lang/NoSuchMethodError'{0x000000008d1f3f08}: 'java.lang.Object java.lang.invoke.Invokers$Holder.linkToTargetMethod(java.lang.Object, java.lang.Object, java.lang.Object, int, java.lang.Object, java.lang.Object, java.lang.Object)'> (0x000000008d1f3f08) thrown at [./src/hotspot/share/interpreter/linkResolver.cpp, line 773]
Event: 28.385 Thread 0x00000165569b1800 Exception <a 'java/lang/NoSuchMethodError'{0x000000008d3ee350}: 'java.lang.Object java.lang.invoke.Invokers$Holder.linkToTargetMethod(java.lang.Object, java.lang.Object, java.lang.Object, int, java.lang.Object, java.lang.Object, java.lang.Object)'> (0x000000008d3ee350) thrown at [./src/hotspot/share/interpreter/linkResolver.cpp, line 773]
Event: 28.388 Thread 0x00000165569b1000 Exception <a 'java/lang/NoSuchMethodError'{0x000000008d03e548}: 'void java.lang.invoke.DirectMethodHandle$Holder.invokeStatic(java.lang.Object, java.lang.Object, java.lang.Object, java.lang.Object, java.lang.Object, java.lang.Object, java.lang.Object, java.lang.Object)'> (0x000000008d03e548) thrown at [./src/hotspot/share/interpreter/linkResolver.cpp, line 773]
Event: 28.744 Thread 0x00000165569b1800 Exception <a 'java/lang/IncompatibleClassChangeError'{0x000000008caa7b48}: Found class java.lang.Object, but interface was expected> (0x000000008caa7b48) thrown at [./src/hotspot/share/interpreter/linkResolver.cpp, line 839]
Event: 28.969 Thread 0x00000165569b1800 Exception <a 'java/lang/NoSuchMethodError'{0x000000008c570cf8}: 'void java.lang.invoke.DirectMethodHandle$Holder.invokeSpecial(java.lang.Object, java.lang.Object, int)'> (0x000000008c570cf8) thrown at [./src/hotspot/share/interpreter/linkResolver.cpp, line 773]
Event: 29.078 Thread 0x00000165569b1800 Exception <a 'sun/nio/fs/WindowsException'{0x000000008c5ee1d8}> (0x000000008c5ee1d8) thrown at [./src/hotspot/share/prims/jni.cpp, line 615]
Event: 29.140 Thread 0x00000165569b1000 Exception <a 'sun/nio/fs/WindowsException'{0x000000008c34d988}> (0x000000008c34d988) thrown at [./src/hotspot/share/prims/jni.cpp, line 615]
Event: 29.626 Thread 0x00000165569b1800 Exception <a 'sun/nio/fs/WindowsException'{0x000000008b36a300}> (0x000000008b36a300) thrown at [./src/hotspot/share/prims/jni.cpp, line 615]
Event: 29.860 Thread 0x00000165569b1800 Exception <a 'sun/nio/fs/WindowsException'{0x000000008a70f908}> (0x000000008a70f908) thrown at [./src/hotspot/share/prims/jni.cpp, line 615]
Event: 29.879 Thread 0x00000165569b1800 Implicit null exception at 0x00000165470f9b9b to 0x00000165470fa35c
Event: 29.880 Thread 0x00000165569b1800 Implicit null exception at 0x00000165470faba0 to 0x00000165470fb314
Event: 30.226 Thread 0x000001655a0a2000 Exception <a 'sun/nio/fs/WindowsException'{0x00000000891ff4f0}> (0x00000000891ff4f0) thrown at [./src/hotspot/share/prims/jni.cpp, line 615]
Event: 30.553 Thread 0x000001655833a000 Exception <a 'sun/nio/fs/WindowsException'{0x000000008dbb48f8}> (0x000000008dbb48f8) thrown at [./src/hotspot/share/prims/jni.cpp, line 615]
Event: 31.331 Thread 0x0000016558338000 Exception <a 'sun/nio/fs/WindowsException'{0x000000008acca7d0}> (0x000000008acca7d0) thrown at [./src/hotspot/share/prims/jni.cpp, line 615]
Event: 31.563 Thread 0x000001655833a000 Exception <a 'sun/nio/fs/WindowsException'{0x0000000089f96c80}> (0x0000000089f96c80) thrown at [./src/hotspot/share/prims/jni.cpp, line 615]
Event: 31.673 Thread 0x00000165569b6800 Exception <a 'sun/nio/fs/WindowsException'{0x00000000898e60b0}> (0x00000000898e60b0) thrown at [./src/hotspot/share/prims/jni.cpp, line 615]
Event: 32.172 Thread 0x00000165569b5000 Exception <a 'sun/nio/fs/WindowsException'{0x000000008d4ff1c0}> (0x000000008d4ff1c0) thrown at [./src/hotspot/share/prims/jni.cpp, line 615]

Events (20 events):
Event: 31.380 loading class com/android/tools/r8/code/S1
Event: 31.380 loading class com/android/tools/r8/code/S1 done
Event: 31.398 loading class com/android/tools/r8/internal/T6
Event: 31.398 loading class com/android/tools/r8/internal/T6 done
Event: 31.406 loading class com/android/tools/r8/code/R1
Event: 31.406 loading class com/android/tools/r8/code/R1 done
Event: 31.444 Executing VM operation: ICBufferFull
Event: 31.444 Executing VM operation: ICBufferFull done
Event: 31.807 loading class com/android/tools/r8/internal/K6
Event: 31.807 loading class com/android/tools/r8/internal/K6 done
Event: 31.938 Executing VM operation: G1CollectForAllocation
Event: 31.961 Executing VM operation: G1CollectForAllocation done
Event: 32.157 loading class com/android/tools/r8/internal/fX
Event: 32.157 loading class com/android/tools/r8/internal/fX done
Event: 32.163 loading class com/android/tools/r8/code/M2
Event: 32.163 loading class com/android/tools/r8/code/M2 done
Event: 32.164 loading class com/android/tools/r8/code/L2
Event: 32.164 loading class com/android/tools/r8/code/L2 done
Event: 32.170 loading class com/android/tools/r8/internal/vF
Event: 32.170 loading class com/android/tools/r8/internal/vF done


Dynamic libraries:
0x00007ff68c300000 - 0x00007ff68c30a000 	C:\Program Files\Android\Android Studio\jre\bin\java.exe
0x00007ff9d5c90000 - 0x00007ff9d5e88000 	C:\Windows\SYSTEM32\ntdll.dll
0x00007ff9d55f0000 - 0x00007ff9d56af000 	C:\Windows\System32\KERNEL32.DLL
0x00007ff9d3a00000 - 0x00007ff9d3cd2000 	C:\Windows\System32\KERNELBASE.dll
0x00007ff9d37a0000 - 0x00007ff9d38a0000 	C:\Windows\System32\ucrtbase.dll
0x00007ff9c9090000 - 0x00007ff9c90a7000 	C:\Program Files\Android\Android Studio\jre\bin\VCRUNTIME140.dll
0x00007ff9bd090000 - 0x00007ff9bd0a9000 	C:\Program Files\Android\Android Studio\jre\bin\jli.dll
0x00007ff9d4ed0000 - 0x00007ff9d506d000 	C:\Windows\System32\USER32.dll
0x00007ff9c3790000 - 0x00007ff9c3a2a000 	C:\Windows\WinSxS\amd64_microsoft.windows.common-controls_6595b64144ccf1df_6.0.19041.1110_none_60b5254171f9507e\COMCTL32.dll
0x00007ff9d3470000 - 0x00007ff9d3492000 	C:\Windows\System32\win32u.dll
0x00007ff9d4ea0000 - 0x00007ff9d4ecb000 	C:\Windows\System32\GDI32.dll
0x00007ff9d3ce0000 - 0x00007ff9d3d7e000 	C:\Windows\System32\msvcrt.dll
0x00007ff9d34f0000 - 0x00007ff9d35ff000 	C:\Windows\System32\gdi32full.dll
0x00007ff9d3600000 - 0x00007ff9d369d000 	C:\Windows\System32\msvcp_win.dll
0x00007ff9d58b0000 - 0x00007ff9d58e2000 	C:\Windows\System32\IMM32.DLL
0x00007ff9b5db0000 - 0x00007ff9b5e4d000 	C:\Program Files\Android\Android Studio\jre\bin\msvcp140.dll
0x00007ff96b200000 - 0x00007ff96bce5000 	C:\Program Files\Android\Android Studio\jre\bin\server\jvm.dll
0x00007ff9d5800000 - 0x00007ff9d58ae000 	C:\Windows\System32\ADVAPI32.dll
0x00007ff9d3e60000 - 0x00007ff9d3efc000 	C:\Windows\System32\sechost.dll
0x00007ff9d52e0000 - 0x00007ff9d5405000 	C:\Windows\System32\RPCRT4.dll
0x00007ff9d4e20000 - 0x00007ff9d4e28000 	C:\Windows\System32\PSAPI.DLL
0x00007ff9c1b50000 - 0x00007ff9c1b77000 	C:\Windows\SYSTEM32\WINMM.dll
0x00007ff9c9df0000 - 0x00007ff9c9dfa000 	C:\Windows\SYSTEM32\VERSION.dll
0x00007ff9be390000 - 0x00007ff9be399000 	C:\Windows\SYSTEM32\WSOCK32.dll
0x00007ff9d4e30000 - 0x00007ff9d4e9b000 	C:\Windows\System32\WS2_32.dll
0x00007ff9d1280000 - 0x00007ff9d1292000 	C:\Windows\SYSTEM32\kernel.appcore.dll
0x00007ff9b5ba0000 - 0x00007ff9b5bb1000 	C:\Program Files\Android\Android Studio\jre\bin\verify.dll
0x00007ff9b3c50000 - 0x00007ff9b3e34000 	C:\Windows\SYSTEM32\DBGHELP.DLL
0x00007ff9c24b0000 - 0x00007ff9c24dc000 	C:\Windows\SYSTEM32\dbgcore.DLL
0x00007ff9d3710000 - 0x00007ff9d3792000 	C:\Windows\System32\bcryptPrimitives.dll
0x00007ff9b59a0000 - 0x00007ff9b59c9000 	C:\Program Files\Android\Android Studio\jre\bin\java.dll
0x00007ff9c3000000 - 0x00007ff9c300b000 	C:\Program Files\Android\Android Studio\jre\bin\jimage.dll
0x00007ff9b4fb0000 - 0x00007ff9b4fc8000 	C:\Program Files\Android\Android Studio\jre\bin\zip.dll
0x00007ff9d46d0000 - 0x00007ff9d4e13000 	C:\Windows\System32\SHELL32.dll
0x00007ff9d1410000 - 0x00007ff9d1ba2000 	C:\Windows\SYSTEM32\windows.storage.dll
0x00007ff9d58f0000 - 0x00007ff9d5c44000 	C:\Windows\System32\combase.dll
0x00007ff9d2c30000 - 0x00007ff9d2c60000 	C:\Windows\SYSTEM32\Wldp.dll
0x00007ff9d5410000 - 0x00007ff9d54bd000 	C:\Windows\System32\SHCORE.dll
0x00007ff9d5220000 - 0x00007ff9d5275000 	C:\Windows\System32\shlwapi.dll
0x00007ff9d32d0000 - 0x00007ff9d32ef000 	C:\Windows\SYSTEM32\profapi.dll
0x00007ff9b3640000 - 0x00007ff9b365a000 	C:\Program Files\Android\Android Studio\jre\bin\net.dll
0x00007ff9c9c30000 - 0x00007ff9c9d3c000 	C:\Windows\SYSTEM32\WINHTTP.dll
0x00007ff9d2a10000 - 0x00007ff9d2a7a000 	C:\Windows\system32\mswsock.dll
0x00007ff9b21d0000 - 0x00007ff9b21e4000 	C:\Program Files\Android\Android Studio\jre\bin\nio.dll
0x00007ff9b5920000 - 0x00007ff9b5947000 	C:\Users\user\.gradle\native\e1d6ef7f7dcc3fd88c89a11ec53ec762bb8ba0a96d01ffa2cd45eb1d1d8dd5c5\windows-amd64\native-platform.dll
0x00007ff99c850000 - 0x00007ff99c994000 	C:\Users\user\.gradle\native\5664cfc778a61ccfe75a443a1ab52a65af34e5dc3c78e0209fed803814484fcb\windows-amd64\native-platform-file-events.dll
0x00007ff9b5ea0000 - 0x00007ff9b5eaa000 	C:\Program Files\Android\Android Studio\jre\bin\management.dll
0x00007ff9b5c60000 - 0x00007ff9b5c6d000 	C:\Program Files\Android\Android Studio\jre\bin\management_ext.dll
0x00007ff9d2dd0000 - 0x00007ff9d2de8000 	C:\Windows\SYSTEM32\CRYPTSP.dll
0x00007ff9d2350000 - 0x00007ff9d2384000 	C:\Windows\system32\rsaenh.dll
0x00007ff9d3440000 - 0x00007ff9d3467000 	C:\Windows\System32\bcrypt.dll
0x00007ff9d3250000 - 0x00007ff9d327e000 	C:\Windows\SYSTEM32\USERENV.dll
0x00007ff9d2ba0000 - 0x00007ff9d2bac000 	C:\Windows\SYSTEM32\CRYPTBASE.dll
0x00007ff9d2720000 - 0x00007ff9d275b000 	C:\Windows\SYSTEM32\IPHLPAPI.DLL
0x00007ff9d56b0000 - 0x00007ff9d56b8000 	C:\Windows\System32\NSI.dll
0x00007ff9ca4b0000 - 0x00007ff9ca4c7000 	C:\Windows\SYSTEM32\dhcpcsvc6.DLL
0x00007ff9ca310000 - 0x00007ff9ca32d000 	C:\Windows\SYSTEM32\dhcpcsvc.DLL
0x00007ff9d2760000 - 0x00007ff9d282a000 	C:\Windows\SYSTEM32\DNSAPI.dll

dbghelp: loaded successfully - version: 4.0.5 - missing functions: none
symbol engine: initialized successfully - sym options: 0x614 - pdb path: .;C:\Program Files\Android\Android Studio\jre\bin;C:\Windows\SYSTEM32;C:\Windows\WinSxS\amd64_microsoft.windows.common-controls_6595b64144ccf1df_6.0.19041.1110_none_60b5254171f9507e;C:\Program Files\Android\Android Studio\jre\bin\server;C:\Users\user\.gradle\native\e1d6ef7f7dcc3fd88c89a11ec53ec762bb8ba0a96d01ffa2cd45eb1d1d8dd5c5\windows-amd64;C:\Users\user\.gradle\native\5664cfc778a61ccfe75a443a1ab52a65af34e5dc3c78e0209fed803814484fcb\windows-amd64

VM Arguments:
jvm_args: --add-opens=java.base/java.util=ALL-UNNAMED --add-opens=java.base/java.lang=ALL-UNNAMED --add-opens=java.base/java.lang.invoke=ALL-UNNAMED --add-opens=java.base/java.util=ALL-UNNAMED --add-opens=java.prefs/java.util.prefs=ALL-UNNAMED --add-opens=java.prefs/java.util.prefs=ALL-UNNAMED --add-opens=java.base/java.nio.charset=ALL-UNNAMED --add-opens=java.base/java.net=ALL-UNNAMED --add-opens=java.base/java.util.concurrent.atomic=ALL-UNNAMED -Xmx2048m -Dfile.encoding=UTF-8 -Duser.country=RU -Duser.language=ru -Duser.variant 
java_command: org.gradle.launcher.daemon.bootstrap.GradleDaemon 7.3.3
java_class_path (initial): C:\Users\user\.gradle\wrapper\dists\gradle-7.3.3-bin\6a41zxkdtcxs8rphpq6y0069z\gradle-7.3.3\lib\gradle-launcher-7.3.3.jar
Launcher Type: SUN_STANDARD

[Global flags]
     intx CICompilerCount                          = 3                                         {product} {ergonomic}
     uint ConcGCThreads                            = 1                                         {product} {ergonomic}
     uint G1ConcRefinementThreads                  = 4                                         {product} {ergonomic}
   size_t G1HeapRegionSize                         = 1048576                                   {product} {ergonomic}
    uintx GCDrainStackTargetSize                   = 64                                        {product} {ergonomic}
   size_t InitialHeapSize                          = 201326592                                 {product} {ergonomic}
   size_t MarkStackSize                            = 4194304                                   {product} {ergonomic}
   size_t MaxHeapSize                              = 2147483648                                {product} {command line}
   size_t MaxNewSize                               = 1287651328                                {product} {ergonomic}
   size_t MinHeapDeltaBytes                        = 1048576                                   {product} {ergonomic}
    uintx NonNMethodCodeHeapSize                   = 5830732                                {pd product} {ergonomic}
    uintx NonProfiledCodeHeapSize                  = 122913754                              {pd product} {ergonomic}
    uintx ProfiledCodeHeapSize                     = 122913754                              {pd product} {ergonomic}
    uintx ReservedCodeCacheSize                    = 251658240                              {pd product} {ergonomic}
     bool SegmentedCodeCache                       = true                                      {product} {ergonomic}
     bool UseCompressedClassPointers               = true                                 {lp64_product} {ergonomic}
     bool UseCompressedOops                        = true                                 {lp64_product} {ergonomic}
     bool UseG1GC                                  = true                                      {product} {ergonomic}
     bool UseLargePagesIndividualAllocation        = false                                  {pd product} {ergonomic}

Logging:
Log output configuration:
 #0: stdout all=warning uptime,level,tags
 #1: stderr all=off uptime,level,tags

Environment Variables:
PATH=C:\Program Files\Common Files\Oracle\Java\javapath;C:\Program Files\Eclipse Foundation\jdk-8.0.302.8-hotspot\bin;C:\Windows\system32;C:\Windows;C:\Windows\System32\Wbem;C:\Windows\System32\WindowsPowerShell\v1.0\;C:\Windows\System32\OpenSSH\;C:\Program Files\Microsoft\Web Platform Installer\;C:\Program Files (x86)\Microsoft ASP.NET\ASP.NET Web Pages\v1.0\;C:\Program Files\Microsoft SQL Server\110\Tools\Binn\;C:\Program Files\Docker\Docker\resources\bin;C:\ProgramData\DockerDesktop\version-bin;C:\Program Files\GitHub CLI\;C:\Program Files\Git\cmd;C:\Program Files\MariaDB\MariaDB Connector C 64-bit\lib\;C:\Program Files\MariaDB\MariaDB Connector C 64-bit\lib\plugin\;C:\Users\user\AppData\Local\Microsoft\WindowsApps;;C:\Users\user\AppData\Local\Programs\Microsoft VS Code\bin
USERNAME=user
OS=Windows_NT
PROCESSOR_IDENTIFIER=Intel64 Family 6 Model 42 Stepping 7, GenuineIntel



---------------  S Y S T E M  ---------------

OS: Windows 10 , 64 bit Build 19041 (10.0.19041.2251)
OS uptime: 0 days 2:47 hours
Hyper-V role detected

CPU:total 4 (initial active 4) (2 cores per cpu, 2 threads per core) family 6 model 42 stepping 7 microcode 0x2f, cmov, cx8, fxsr, mmx, sse, sse2, sse3, ssse3, sse4.1, sse4.2, popcnt, avx, aes, clmul, ht, tsc, tscinvbit

Memory: 4k page, system-wide physical 12202M (569M free)
TotalPageFile size 12202M (AvailPageFile size 6M)
current process WorkingSet (physical memory assigned to process): 566M, peak: 569M
current process commit charge ("private bytes"): 601M, peak: 605M

vm_info: OpenJDK 64-Bit Server VM (11.0.12+7-b1504.28-7817840) for windows-amd64 JRE (11.0.12+7-b1504.28-7817840), built on Oct 13 2021 22:12:33 by "builder" with MS VC++ 14.0 (VS2015)

END.
